[INFO] Error stacktraces are turned on.
[INFO] Scanning for projects...
[INFO] 
[INFO] ------------------------< com.dotweblabs:twirl >------------------------
[INFO] Building twirl 0-SNAPSHOT
[INFO] --------------------------------[ jar ]---------------------------------
[INFO] 
[INFO] --- jacoco-maven-plugin:0.8.5:prepare-agent (default) @ twirl ---
[INFO] argLine set to -javaagent:/home/jdbl/.m2/repository/org/jacoco/org.jacoco.agent/0.8.5/org.jacoco.agent-0.8.5-runtime.jar=destfile=/tmp/tmp0mlqukd2/twirl/target/jacoco.exec
[INFO] 
[INFO] --- maven-resources-plugin:2.6:resources (default-resources) @ twirl ---
[INFO] Using 'UTF-8' encoding to copy filtered resources.
[INFO] Copying 3 resources
[INFO] 
[INFO] --- maven-compiler-plugin:3.0:compile (default-compile) @ twirl ---
[INFO] Changes detected - recompiling the module!
[INFO] Compiling 60 source files to /tmp/tmp0mlqukd2/twirl/target/classes
[WARNING] /tmp/tmp0mlqukd2/twirl/src/main/java/com/dotweblabs/twirl/types/Find.java: Some input files use unchecked or unsafe operations.
[WARNING] /tmp/tmp0mlqukd2/twirl/src/main/java/com/dotweblabs/twirl/types/Find.java: Recompile with -Xlint:unchecked for details.
[INFO] 
[INFO] --- maven-resources-plugin:2.6:testResources (default-testResources) @ twirl ---
[INFO] Using 'UTF-8' encoding to copy filtered resources.
[INFO] Copying 2 resources
[INFO] 
[INFO] --- maven-compiler-plugin:3.0:testCompile (default-testCompile) @ twirl ---
[INFO] Changes detected - recompiling the module!
[INFO] Compiling 37 source files to /tmp/tmp0mlqukd2/twirl/target/test-classes
[WARNING] /tmp/tmp0mlqukd2/twirl/src/test/java/com/dotweblabs/twirl/object/ObjectStoreTest.java: /tmp/tmp0mlqukd2/twirl/src/test/java/com/dotweblabs/twirl/object/ObjectStoreTest.java uses unchecked or unsafe operations.
[WARNING] /tmp/tmp0mlqukd2/twirl/src/test/java/com/dotweblabs/twirl/object/ObjectStoreTest.java: Recompile with -Xlint:unchecked for details.
[INFO] 
[INFO] --- maven-surefire-plugin:2.19.1:test (default-test) @ twirl ---
[INFO] Surefire report directory: /tmp/tmp0mlqukd2/twirl/target/surefire-reports

-------------------------------------------------------
 T E S T S
-------------------------------------------------------
Running com.dotweblabs.twirl.AutoGeneratedIdTest
Jul 30, 2020 10:21:19 PM com.google.appengine.api.datastore.dev.LocalDatastoreService init
INFO: Local Datastore initialized: 
	Type: High Replication
	Storage: In-memory
DEBUG GaeObjectStore - Create a new DatastoreService instance
Jul 30, 2020 10:21:20 PM com.google.appengine.api.datastore.dev.LocalDatastoreService init
INFO: Local Datastore initialized: 
	Type: High Replication
	Storage: In-memory
DEBUG GaeObjectStore - Create a new DatastoreService instance
Jul 30, 2020 10:21:20 PM com.google.appengine.api.datastore.dev.LocalDatastoreService init
INFO: Local Datastore initialized: 
	Type: High Replication
	Storage: In-memory
DEBUG GaeObjectStore - Create a new DatastoreService instance
Tests run: 3, Failures: 0, Errors: 2, Skipped: 0, Time elapsed: 1.466 sec <<< FAILURE! - in com.dotweblabs.twirl.AutoGeneratedIdTest
missingStringFieldWithPrefix(com.dotweblabs.twirl.AutoGeneratedIdTest)  Time elapsed: 1.288 sec  <<< ERROR!
java.lang.RuntimeException: POJO's must be annotated with @Embedded, @Parent or @Child annotations for field $jacocoData
	at com.dotweblabs.twirl.AutoGeneratedIdTest.missingStringFieldWithPrefix(AutoGeneratedIdTest.java:63)

missingLongField(com.dotweblabs.twirl.AutoGeneratedIdTest)  Time elapsed: 0.018 sec  <<< ERROR!
java.lang.RuntimeException: POJO's must be annotated with @Embedded, @Parent or @Child annotations for field $jacocoData
	at com.dotweblabs.twirl.AutoGeneratedIdTest.missingLongField(AutoGeneratedIdTest.java:101)

Running com.dotweblabs.twirl.object.EntityTest
Jul 30, 2020 10:21:20 PM com.google.appengine.api.datastore.dev.LocalDatastoreService init
INFO: Local Datastore initialized: 
	Type: High Replication
	Storage: In-memory
Tests run: 1, Failures: 0, Errors: 0, Skipped: 0, Time elapsed: 0.159 sec - in com.dotweblabs.twirl.object.EntityTest
Running com.dotweblabs.twirl.object.MarshallerTest
Jul 30, 2020 10:21:20 PM com.google.appengine.api.datastore.dev.LocalDatastoreService init
INFO: Local Datastore initialized: 
	Type: High Replication
	Storage: In-memory
Jul 30, 2020 10:21:20 PM com.google.appengine.api.datastore.dev.LocalDatastoreService init
INFO: Local Datastore initialized: 
	Type: High Replication
	Storage: In-memory
Jul 30, 2020 10:21:20 PM com.google.appengine.api.datastore.dev.LocalDatastoreService init
INFO: Local Datastore initialized: 
	Type: High Replication
	Storage: In-memory
Jul 30, 2020 10:21:20 PM com.google.appengine.api.datastore.dev.LocalDatastoreService init
INFO: Local Datastore initialized: 
	Type: High Replication
	Storage: In-memory
Jul 30, 2020 10:21:20 PM com.google.appengine.api.datastore.dev.LocalDatastoreService init
INFO: Local Datastore initialized: 
	Type: High Replication
	Storage: In-memory
Jul 30, 2020 10:21:20 PM com.google.appengine.api.datastore.dev.LocalDatastoreService init
INFO: Local Datastore initialized: 
	Type: High Replication
	Storage: In-memory
Jul 30, 2020 10:21:20 PM com.google.appengine.api.datastore.dev.LocalDatastoreService init
INFO: Local Datastore initialized: 
	Type: High Replication
	Storage: In-memory
DEBUG GaeMarshaller - Processing Map valueType
Jul 30, 2020 10:21:20 PM com.google.appengine.api.datastore.dev.LocalDatastoreService init
INFO: Local Datastore initialized: 
	Type: High Replication
	Storage: In-memory
DEBUG GaeMarshaller - Processing List valueType
Jul 30, 2020 10:21:20 PM com.google.appengine.api.datastore.dev.LocalDatastoreService init
INFO: Local Datastore initialized: 
	Type: High Replication
	Storage: In-memory
DEBUG GaeMarshaller - Processing List valueType
Jul 30, 2020 10:21:20 PM com.google.appengine.api.datastore.dev.LocalDatastoreService init
INFO: Local Datastore initialized: 
	Type: High Replication
	Storage: In-memory
Tests run: 10, Failures: 0, Errors: 6, Skipped: 0, Time elapsed: 0.182 sec <<< FAILURE! - in com.dotweblabs.twirl.object.MarshallerTest
testMarshall_Child_first(com.dotweblabs.twirl.object.MarshallerTest)  Time elapsed: 0.007 sec  <<< ERROR!
java.lang.RuntimeException: POJO's must be annotated with @Embedded, @Parent or @Child annotations for field $jacocoData
	at com.dotweblabs.twirl.object.MarshallerTest.testMarshall_Child_first(MarshallerTest.java:76)

testMarshall_Child(com.dotweblabs.twirl.object.MarshallerTest)  Time elapsed: 0.023 sec  <<< ERROR!
java.lang.RuntimeException: POJO's must be annotated with @Embedded, @Parent or @Child annotations for field $jacocoData
	at com.dotweblabs.twirl.object.MarshallerTest.testMarshall_Child(MarshallerTest.java:93)

testMarshall_Embedded(com.dotweblabs.twirl.object.MarshallerTest)  Time elapsed: 0.063 sec  <<< ERROR!
java.lang.RuntimeException: POJO's must be annotated with @Embedded, @Parent or @Child annotations for field $jacocoData
	at com.dotweblabs.twirl.object.MarshallerTest.testMarshall_Embedded(MarshallerTest.java:121)

testMarshall_ChildChild(com.dotweblabs.twirl.object.MarshallerTest)  Time elapsed: 0.004 sec  <<< ERROR!
java.lang.RuntimeException: POJO's must be annotated with @Embedded, @Parent or @Child annotations for field $jacocoData
	at com.dotweblabs.twirl.object.MarshallerTest.testMarshall_ChildChild(MarshallerTest.java:151)

testMarshall_JSONEntity(com.dotweblabs.twirl.object.MarshallerTest)  Time elapsed: 0.005 sec  <<< ERROR!
java.lang.RuntimeException: POJO's must be annotated with @Embedded, @Parent or @Child annotations for field $jacocoData
	at com.dotweblabs.twirl.object.MarshallerTest.testMarshall_JSONEntity(MarshallerTest.java:166)

test_Marshall_List(com.dotweblabs.twirl.object.MarshallerTest)  Time elapsed: 0.017 sec  <<< ERROR!
java.lang.RuntimeException: POJO's must be annotated with @Embedded, @Parent or @Child annotations for field $jacocoData
	at com.dotweblabs.twirl.object.MarshallerTest.test_Marshall_List(MarshallerTest.java:206)

Running com.dotweblabs.twirl.object.UnmarshallerTest
Jul 30, 2020 10:21:20 PM com.google.appengine.api.datastore.dev.LocalDatastoreService init
INFO: Local Datastore initialized: 
	Type: High Replication
	Storage: In-memory
DEBUG GaeObjectStore - Create a new DatastoreService instance
Jul 30, 2020 10:21:20 PM com.google.appengine.api.datastore.dev.LocalDatastoreService init
INFO: Local Datastore initialized: 
	Type: High Replication
	Storage: In-memory
DEBUG GaeObjectStore - Create a new DatastoreService instance
Jul 30, 2020 10:21:20 PM com.google.appengine.api.datastore.dev.LocalDatastoreService init
INFO: Local Datastore initialized: 
	Type: High Replication
	Storage: In-memory
DEBUG GaeObjectStore - Create a new DatastoreService instance
Jul 30, 2020 10:21:20 PM com.google.appengine.api.datastore.dev.LocalDatastoreService init
INFO: Local Datastore initialized: 
	Type: High Replication
	Storage: In-memory
DEBUG GaeObjectStore - Create a new DatastoreService instance
Tests run: 4, Failures: 0, Errors: 0, Skipped: 0, Time elapsed: 0.06 sec - in com.dotweblabs.twirl.object.UnmarshallerTest
Running com.dotweblabs.twirl.object.ObjecstoreServiceTest
Jul 30, 2020 10:21:20 PM com.google.appengine.api.datastore.dev.LocalDatastoreService init
INFO: Local Datastore initialized: 
	Type: High Replication
	Storage: In-memory
DEBUG GaeObjectStore - Create a new DatastoreService instance
Tests run: 1, Failures: 0, Errors: 1, Skipped: 0, Time elapsed: 0.008 sec <<< FAILURE! - in com.dotweblabs.twirl.object.ObjecstoreServiceTest
testStore(com.dotweblabs.twirl.object.ObjecstoreServiceTest)  Time elapsed: 0.008 sec  <<< ERROR!
java.lang.RuntimeException: POJO's must be annotated with @Embedded, @Parent or @Child annotations for field $jacocoData
	at com.dotweblabs.twirl.object.ObjecstoreServiceTest.testStore(ObjecstoreServiceTest.java:40)

Running com.dotweblabs.twirl.object.JSONObjectStoreTest
DEBUG GaeObjectStore - Create a new DatastoreService instance
Jul 30, 2020 10:21:20 PM com.google.appengine.api.datastore.dev.LocalDatastoreService init
INFO: Local Datastore initialized: 
	Type: High Replication
	Storage: In-memory
DEBUG GaeMarshaller - Processing Map valueType
DEBUG GaeMarshaller - Warning method is returning null valueType
DEBUG GaeObjectStore - Create a new DatastoreService instance
Jul 30, 2020 10:21:20 PM com.google.appengine.api.datastore.dev.LocalDatastoreService init
INFO: Local Datastore initialized: 
	Type: High Replication
	Storage: In-memory
DEBUG GaeObjectStore - Create a new DatastoreService instance
Jul 30, 2020 10:21:20 PM com.google.appengine.api.datastore.dev.LocalDatastoreService init
INFO: Local Datastore initialized: 
	Type: High Replication
	Storage: In-memory
DEBUG GaeMarshaller - Processing Map valueType
DEBUG GaeObjectStore - Create a new DatastoreService instance
Jul 30, 2020 10:21:20 PM com.google.appengine.api.datastore.dev.LocalDatastoreService init
INFO: Local Datastore initialized: 
	Type: High Replication
	Storage: In-memory
DEBUG GaeObjectStore - Create a new DatastoreService instance
Jul 30, 2020 10:21:20 PM com.google.appengine.api.datastore.dev.LocalDatastoreService init
INFO: Local Datastore initialized: 
	Type: High Replication
	Storage: In-memory
DEBUG GaeObjectStore - Create a new DatastoreService instance
Jul 30, 2020 10:21:20 PM com.google.appengine.api.datastore.dev.LocalDatastoreService init
INFO: Local Datastore initialized: 
	Type: High Replication
	Storage: In-memory
DEBUG GaeObjectStore - Create a new DatastoreService instance
Jul 30, 2020 10:21:20 PM com.google.appengine.api.datastore.dev.LocalDatastoreService init
INFO: Local Datastore initialized: 
	Type: High Replication
	Storage: In-memory
DEBUG GaeObjectStore - Create a new DatastoreService instance
Jul 30, 2020 10:21:20 PM com.google.appengine.api.datastore.dev.LocalDatastoreService init
INFO: Local Datastore initialized: 
	Type: High Replication
	Storage: In-memory
Tests run: 8, Failures: 0, Errors: 2, Skipped: 0, Time elapsed: 0.018 sec <<< FAILURE! - in com.dotweblabs.twirl.object.JSONObjectStoreTest
testGetByKey(com.dotweblabs.twirl.object.JSONObjectStoreTest)  Time elapsed: 0.002 sec  <<< ERROR!
java.lang.RuntimeException: POJO's must be annotated with @Embedded, @Parent or @Child annotations for field $jacocoData
	at com.dotweblabs.twirl.object.JSONObjectStoreTest.testGetByKey(JSONObjectStoreTest.java:79)

testPut_notRegistered(com.dotweblabs.twirl.object.JSONObjectStoreTest)  Time elapsed: 0.003 sec  <<< ERROR!
java.lang.RuntimeException: POJO's must be annotated with @Embedded, @Parent or @Child annotations for field $jacocoData
	at com.dotweblabs.twirl.object.JSONObjectStoreTest.testPut_notRegistered(JSONObjectStoreTest.java:55)

Running com.dotweblabs.twirl.object.KeyStructureTest
Jul 30, 2020 10:21:20 PM com.google.appengine.api.datastore.dev.LocalDatastoreService init
INFO: Local Datastore initialized: 
	Type: Master/Slave
	Storage: In-memory
Jul 30, 2020 10:21:20 PM com.google.appengine.api.datastore.dev.LocalDatastoreService init
INFO: Local Datastore initialized: 
	Type: Master/Slave
	Storage: In-memory
Jul 30, 2020 10:21:20 PM com.google.appengine.api.datastore.dev.LocalDatastoreService init
INFO: Local Datastore initialized: 
	Type: Master/Slave
	Storage: In-memory
Jul 30, 2020 10:21:20 PM com.google.appengine.api.datastore.dev.LocalDatastoreService init
INFO: Local Datastore initialized: 
	Type: Master/Slave
	Storage: In-memory
Tests run: 4, Failures: 0, Errors: 0, Skipped: 0, Time elapsed: 0.01 sec - in com.dotweblabs.twirl.object.KeyStructureTest
Running com.dotweblabs.twirl.object.ObjectStoreTest
DEBUG GaeObjectStore - Create a new DatastoreService instance
Jul 30, 2020 10:21:20 PM com.google.appengine.api.datastore.dev.LocalDatastoreService init
INFO: Local Datastore initialized: 
	Type: High Replication
	Storage: In-memory
DEBUG GaeObjectStore - Create a new DatastoreService instance
Jul 30, 2020 10:21:20 PM com.google.appengine.api.datastore.dev.LocalDatastoreService init
INFO: Local Datastore initialized: 
	Type: High Replication
	Storage: In-memory
DEBUG GaeObjectStore - Create a new DatastoreService instance
Jul 30, 2020 10:21:20 PM com.google.appengine.api.datastore.dev.LocalDatastoreService init
INFO: Local Datastore initialized: 
	Type: High Replication
	Storage: In-memory
DEBUG GaeObjectStore - Create a new DatastoreService instance
Jul 30, 2020 10:21:20 PM com.google.appengine.api.datastore.dev.LocalDatastoreService init
INFO: Local Datastore initialized: 
	Type: High Replication
	Storage: In-memory
DEBUG GaeObjectStore - Create a new DatastoreService instance
Jul 30, 2020 10:21:20 PM com.google.appengine.api.datastore.dev.LocalDatastoreService init
INFO: Local Datastore initialized: 
	Type: High Replication
	Storage: In-memory
DEBUG GaeMarshaller - Warning method is returning null valueType
DEBUG GaeObjectStore - Create a new DatastoreService instance
Jul 30, 2020 10:21:20 PM com.google.appengine.api.datastore.dev.LocalDatastoreService init
INFO: Local Datastore initialized: 
	Type: High Replication
	Storage: In-memory
DEBUG GaeObjectStore - Create a new DatastoreService instance
Jul 30, 2020 10:21:20 PM com.google.appengine.api.datastore.dev.LocalDatastoreService init
INFO: Local Datastore initialized: 
	Type: High Replication
	Storage: In-memory
DEBUG GaeObjectStore - Create a new DatastoreService instance
Jul 30, 2020 10:21:20 PM com.google.appengine.api.datastore.dev.LocalDatastoreService init
INFO: Local Datastore initialized: 
	Type: High Replication
	Storage: In-memory
INFO  GaeObjectStore - com.dotweblabs.twirl.entity.Post is not registered. Registering now.
DEBUG GaeObjectStore - Create a new DatastoreService instance
Jul 30, 2020 10:21:21 PM com.google.appengine.api.datastore.dev.LocalDatastoreService init
INFO: Local Datastore initialized: 
	Type: High Replication
	Storage: In-memory
DEBUG GaeObjectStore - Create a new DatastoreService instance
Jul 30, 2020 10:21:21 PM com.google.appengine.api.datastore.dev.LocalDatastoreService init
INFO: Local Datastore initialized: 
	Type: High Replication
	Storage: In-memory
DEBUG GaeObjectStore - Create a new DatastoreService instance
Jul 30, 2020 10:21:21 PM com.google.appengine.api.datastore.dev.LocalDatastoreService init
INFO: Local Datastore initialized: 
	Type: High Replication
	Storage: In-memory
DEBUG GaeObjectStore - Create a new DatastoreService instance
Jul 30, 2020 10:21:21 PM com.google.appengine.api.datastore.dev.LocalDatastoreService init
INFO: Local Datastore initialized: 
	Type: High Replication
	Storage: In-memory
DEBUG GaeObjectStore - Create a new DatastoreService instance
Jul 30, 2020 10:21:21 PM com.google.appengine.api.datastore.dev.LocalDatastoreService init
INFO: Local Datastore initialized: 
	Type: High Replication
	Storage: In-memory
java.lang.RuntimeException: POJO's must be annotated with @Embedded, @Parent or @Child annotations for field $jacocoData
	at com.dotweblabs.twirl.gae.GaeMarshaller.marshall(GaeMarshaller.java:321)
	at com.dotweblabs.twirl.gae.GaeMarshaller.marshall(GaeMarshaller.java:314)
	at com.dotweblabs.twirl.GaeObjectStore.marshall(GaeObjectStore.java:540)
	at com.dotweblabs.twirl.GaeObjectStore.put(GaeObjectStore.java:433)
	at com.dotweblabs.twirl.GaeObjectStore.putInTransaction(GaeObjectStore.java:479)
	at com.dotweblabs.twirl.object.ObjectStoreTest.testPutParentInTranscation(ObjectStoreTest.java:199)
	at sun.reflect.NativeMethodAccessorImpl.invoke0(Native Method)
	at sun.reflect.NativeMethodAccessorImpl.invoke(NativeMethodAccessorImpl.java:62)
	at sun.reflect.DelegatingMethodAccessorImpl.invoke(DelegatingMethodAccessorImpl.java:43)
	at java.lang.reflect.Method.invoke(Method.java:498)
	at org.junit.runners.model.FrameworkMethod$1.runReflectiveCall(FrameworkMethod.java:45)
	at org.junit.internal.runners.model.ReflectiveCallable.run(ReflectiveCallable.java:15)
	at org.junit.runners.model.FrameworkMethod.invokeExplosively(FrameworkMethod.java:42)
	at org.junit.internal.runners.statements.InvokeMethod.evaluate(InvokeMethod.java:20)
	at org.junit.internal.runners.statements.RunBefores.evaluate(RunBefores.java:28)
	at org.junit.internal.runners.statements.RunAfters.evaluate(RunAfters.java:30)
	at org.junit.rules.ExpectedException$ExpectedExceptionStatement.evaluate(ExpectedException.java:110)
	at org.junit.rules.RunRules.evaluate(RunRules.java:18)
	at org.junit.runners.ParentRunner.runLeaf(ParentRunner.java:263)
	at org.junit.runners.BlockJUnit4ClassRunner.runChild(BlockJUnit4ClassRunner.java:68)
	at org.junit.runners.BlockJUnit4ClassRunner.runChild(BlockJUnit4ClassRunner.java:47)
	at org.junit.runners.ParentRunner$3.run(ParentRunner.java:231)
	at org.junit.runners.ParentRunner$1.schedule(ParentRunner.java:60)
	at org.junit.runners.ParentRunner.runChildren(ParentRunner.java:229)
	at org.junit.runners.ParentRunner.access$000(ParentRunner.java:50)
	at org.junit.runners.ParentRunner$2.evaluate(ParentRunner.java:222)
	at org.junit.runners.ParentRunner.run(ParentRunner.java:300)
	at org.apache.maven.surefire.junit4.JUnit4Provider.execute(JUnit4Provider.java:367)
	at org.apache.maven.surefire.junit4.JUnit4Provider.executeWithRerun(JUnit4Provider.java:274)
	at org.apache.maven.surefire.junit4.JUnit4Provider.executeTestSet(JUnit4Provider.java:238)
	at org.apache.maven.surefire.junit4.JUnit4Provider.invoke(JUnit4Provider.java:161)
	at org.apache.maven.surefire.booter.ForkedBooter.invokeProviderInSameClassLoader(ForkedBooter.java:290)
	at org.apache.maven.surefire.booter.ForkedBooter.runSuitesInProcess(ForkedBooter.java:242)
	at org.apache.maven.surefire.booter.ForkedBooter.main(ForkedBooter.java:121)
DEBUG GaeObjectStore - Create a new DatastoreService instance
Jul 30, 2020 10:21:21 PM com.google.appengine.api.datastore.dev.LocalDatastoreService init
INFO: Local Datastore initialized: 
	Type: High Replication
	Storage: In-memory
DEBUG GaeObjectStore - Create a new DatastoreService instance
Jul 30, 2020 10:21:21 PM com.google.appengine.api.datastore.dev.LocalDatastoreService init
INFO: Local Datastore initialized: 
	Type: High Replication
	Storage: In-memory
INFO  GaeMarshaller - Enum marshalled as "ONE"
DEBUG GaeObjectStore - Create a new DatastoreService instance
Jul 30, 2020 10:21:21 PM com.google.appengine.api.datastore.dev.LocalDatastoreService init
INFO: Local Datastore initialized: 
	Type: High Replication
	Storage: In-memory
DEBUG GaeObjectStore - Create a new DatastoreService instance
Jul 30, 2020 10:21:21 PM com.google.appengine.api.datastore.dev.LocalDatastoreService init
INFO: Local Datastore initialized: 
	Type: High Replication
	Storage: In-memory
DEBUG GaeObjectStore - Create a new DatastoreService instance
Jul 30, 2020 10:21:21 PM com.google.appengine.api.datastore.dev.LocalDatastoreService init
INFO: Local Datastore initialized: 
	Type: High Replication
	Storage: In-memory
DEBUG GaeObjectStore - Create a new DatastoreService instance
Jul 30, 2020 10:21:21 PM com.google.appengine.api.datastore.dev.LocalDatastoreService init
INFO: Local Datastore initialized: 
	Type: High Replication
	Storage: In-memory
DEBUG GaeObjectStore - Create a new DatastoreService instance
Jul 30, 2020 10:21:21 PM com.google.appengine.api.datastore.dev.LocalDatastoreService init
INFO: Local Datastore initialized: 
	Type: High Replication
	Storage: In-memory
DEBUG GaeObjectStore - Create a new DatastoreService instance
Jul 30, 2020 10:21:21 PM com.google.appengine.api.datastore.dev.LocalDatastoreService init
INFO: Local Datastore initialized: 
	Type: High Replication
	Storage: In-memory
DEBUG GaeObjectStore - Create a new DatastoreService instance
Jul 30, 2020 10:21:21 PM com.google.appengine.api.datastore.dev.LocalDatastoreService init
INFO: Local Datastore initialized: 
	Type: High Replication
	Storage: In-memory
DEBUG GaeObjectStore - Create a new DatastoreService instance
Jul 30, 2020 10:21:21 PM com.google.appengine.api.datastore.dev.LocalDatastoreService init
INFO: Local Datastore initialized: 
	Type: High Replication
	Storage: In-memory
DEBUG GaeObjectStore - Create a new DatastoreService instance
Jul 30, 2020 10:21:21 PM com.google.appengine.api.datastore.dev.LocalDatastoreService init
INFO: Local Datastore initialized: 
	Type: High Replication
	Storage: In-memory
DEBUG GaeObjectStore - Create a new DatastoreService instance
Jul 30, 2020 10:21:21 PM com.google.appengine.api.datastore.dev.LocalDatastoreService init
INFO: Local Datastore initialized: 
	Type: High Replication
	Storage: In-memory
DEBUG GaeObjectStore - Create a new DatastoreService instance
Jul 30, 2020 10:21:21 PM com.google.appengine.api.datastore.dev.LocalDatastoreService init
INFO: Local Datastore initialized: 
	Type: High Replication
	Storage: In-memory
DEBUG GaeMarshaller - Processing Map valueType
DEBUG GaeMarshaller - Warning method is returning null valueType
DEBUG GaeMarshaller - Warning method is returning null valueType
DEBUG GaeObjectStore - Create a new DatastoreService instance
Jul 30, 2020 10:21:21 PM com.google.appengine.api.datastore.dev.LocalDatastoreService init
INFO: Local Datastore initialized: 
	Type: High Replication
	Storage: In-memory
DEBUG GaeObjectStore - Create a new DatastoreService instance
Jul 30, 2020 10:21:21 PM com.google.appengine.api.datastore.dev.LocalDatastoreService init
INFO: Local Datastore initialized: 
	Type: High Replication
	Storage: In-memory
DEBUG GaeObjectStore - Create a new DatastoreService instance
Jul 30, 2020 10:21:21 PM com.google.appengine.api.datastore.dev.LocalDatastoreService init
INFO: Local Datastore initialized: 
	Type: High Replication
	Storage: In-memory
DEBUG GaeMarshaller - Processing List valueType
DEBUG GaeObjectStore - Create a new DatastoreService instance
Jul 30, 2020 10:21:21 PM com.google.appengine.api.datastore.dev.LocalDatastoreService init
INFO: Local Datastore initialized: 
	Type: High Replication
	Storage: In-memory
DEBUG GaeMarshaller - Processing List valueType
DEBUG GaeObjectStore - Create a new DatastoreService instance
Jul 30, 2020 10:21:21 PM com.google.appengine.api.datastore.dev.LocalDatastoreService init
INFO: Local Datastore initialized: 
	Type: High Replication
	Storage: In-memory
INFO  GaeObjectStore - com.dotweblabs.twirl.entity.EntityWithDate is not registered. Registering now.
DEBUG GaeObjectStore - Create a new DatastoreService instance
Jul 30, 2020 10:21:21 PM com.google.appengine.api.datastore.dev.LocalDatastoreService init
INFO: Local Datastore initialized: 
	Type: High Replication
	Storage: In-memory
DEBUG GaeObjectStore - Create a new DatastoreService instance
Jul 30, 2020 10:21:21 PM com.google.appengine.api.datastore.dev.LocalDatastoreService init
INFO: Local Datastore initialized: 
	Type: High Replication
	Storage: In-memory
DEBUG GaeObjectStore - Create a new DatastoreService instance
Jul 30, 2020 10:21:21 PM com.google.appengine.api.datastore.dev.LocalDatastoreService init
INFO: Local Datastore initialized: 
	Type: High Replication
	Storage: In-memory
DEBUG GaeObjectStore - Create a new DatastoreService instance
Jul 30, 2020 10:21:21 PM com.google.appengine.api.datastore.dev.LocalDatastoreService init
INFO: Local Datastore initialized: 
	Type: High Replication
	Storage: In-memory
DEBUG GaeObjectStore - Create a new DatastoreService instance
Jul 30, 2020 10:21:21 PM com.google.appengine.api.datastore.dev.LocalDatastoreService init
INFO: Local Datastore initialized: 
	Type: High Replication
	Storage: In-memory
DEBUG GaeObjectStore - Create a new DatastoreService instance
Jul 30, 2020 10:21:21 PM com.google.appengine.api.datastore.dev.LocalDatastoreService init
INFO: Local Datastore initialized: 
	Type: High Replication
	Storage: In-memory
DEBUG GaeObjectStore - Create a new DatastoreService instance
Jul 30, 2020 10:21:21 PM com.google.appengine.api.datastore.dev.LocalDatastoreService init
INFO: Local Datastore initialized: 
	Type: High Replication
	Storage: In-memory
DEBUG GaeMarshaller - Processing Map valueType
DEBUG GaeObjectStore - Create a new DatastoreService instance
Jul 30, 2020 10:21:21 PM com.google.appengine.api.datastore.dev.LocalDatastoreService init
INFO: Local Datastore initialized: 
	Type: High Replication
	Storage: In-memory
DEBUG GaeObjectStore - Create a new DatastoreService instance
Jul 30, 2020 10:21:21 PM com.google.appengine.api.datastore.dev.LocalDatastoreService init
INFO: Local Datastore initialized: 
	Type: High Replication
	Storage: In-memory
DEBUG GaeObjectStore - Create a new DatastoreService instance
Jul 30, 2020 10:21:21 PM com.google.appengine.api.datastore.dev.LocalDatastoreService init
INFO: Local Datastore initialized: 
	Type: High Replication
	Storage: In-memory
DEBUG GaeObjectStore - Create a new DatastoreService instance
Jul 30, 2020 10:21:21 PM com.google.appengine.api.datastore.dev.LocalDatastoreService init
INFO: Local Datastore initialized: 
	Type: High Replication
	Storage: In-memory
Tests run: 42, Failures: 0, Errors: 34, Skipped: 0, Time elapsed: 0.709 sec <<< FAILURE! - in com.dotweblabs.twirl.object.ObjectStoreTest
testGetByKey(com.dotweblabs.twirl.object.ObjectStoreTest)  Time elapsed: 0.01 sec  <<< ERROR!
java.lang.RuntimeException: POJO's must be annotated with @Embedded, @Parent or @Child annotations for field $jacocoData
	at com.dotweblabs.twirl.object.ObjectStoreTest.testGetByKey(ObjectStoreTest.java:431)

testPut_noIdwithParentKeyAncestor(com.dotweblabs.twirl.object.ObjectStoreTest)  Time elapsed: 0.006 sec  <<< ERROR!
java.lang.RuntimeException: POJO's must be annotated with @Embedded, @Parent or @Child annotations for field $jacocoData
	at com.dotweblabs.twirl.object.ObjectStoreTest.testPut_noIdwithParentKeyAncestor(ObjectStoreTest.java:244)

testPut_objectId(com.dotweblabs.twirl.object.ObjectStoreTest)  Time elapsed: 0.016 sec  <<< ERROR!
java.lang.RuntimeException: POJO's must be annotated with @Embedded, @Parent or @Child annotations for field $jacocoData
	at com.dotweblabs.twirl.object.ObjectStoreTest.testPut_objectId(ObjectStoreTest.java:280)

testPut_cached(com.dotweblabs.twirl.object.ObjectStoreTest)  Time elapsed: 0.003 sec  <<< ERROR!
java.lang.RuntimeException: POJO's must be annotated with @Embedded, @Parent or @Child annotations for field $jacocoData
	at com.dotweblabs.twirl.object.ObjectStoreTest.testPut_cached(ObjectStoreTest.java:368)

testPut_long_String(com.dotweblabs.twirl.object.ObjectStoreTest)  Time elapsed: 0.011 sec  <<< ERROR!
java.lang.RuntimeException: POJO's must be annotated with @Embedded, @Parent or @Child annotations for field $jacocoData
	at com.dotweblabs.twirl.object.ObjectStoreTest.testPut_long_String(ObjectStoreTest.java:382)

testPut_entityWithBytes(com.dotweblabs.twirl.object.ObjectStoreTest)  Time elapsed: 0.011 sec  <<< ERROR!
java.lang.RuntimeException: POJO's must be annotated with @Embedded, @Parent or @Child annotations for field $jacocoData
	at com.dotweblabs.twirl.object.ObjectStoreTest.testPut_entityWithBytes(ObjectStoreTest.java:394)

testPut_child(com.dotweblabs.twirl.object.ObjectStoreTest)  Time elapsed: 0.006 sec  <<< ERROR!
java.lang.RuntimeException: POJO's must be annotated with @Embedded, @Parent or @Child annotations for field $jacocoData
	at com.dotweblabs.twirl.object.ObjectStoreTest.testPut_child(ObjectStoreTest.java:134)

testPutParentInTranscation(com.dotweblabs.twirl.object.ObjectStoreTest)  Time elapsed: 0.025 sec  <<< ERROR!
java.lang.NullPointerException: key cannot be null
	at com.dotweblabs.twirl.object.ObjectStoreTest.testPutParentInTranscation(ObjectStoreTest.java:201)

testPut_aliasedField(com.dotweblabs.twirl.object.ObjectStoreTest)  Time elapsed: 0.004 sec  <<< ERROR!
java.lang.RuntimeException: POJO's must be annotated with @Embedded, @Parent or @Child annotations for field $jacocoData
	at com.dotweblabs.twirl.object.ObjectStoreTest.testPut_aliasedField(ObjectStoreTest.java:108)

testPut_withEnumField(com.dotweblabs.twirl.object.ObjectStoreTest)  Time elapsed: 0.009 sec  <<< ERROR!
java.lang.RuntimeException: POJO's must be annotated with @Embedded, @Parent or @Child annotations for field $jacocoData
	at com.dotweblabs.twirl.object.ObjectStoreTest.testPut_withEnumField(ObjectStoreTest.java:99)

testPut_noIdGiven(com.dotweblabs.twirl.object.ObjectStoreTest)  Time elapsed: 0.01 sec  <<< ERROR!
java.lang.RuntimeException: POJO's must be annotated with @Embedded, @Parent or @Child annotations for field $jacocoData
	at com.dotweblabs.twirl.object.ObjectStoreTest.testPut_noIdGiven(ObjectStoreTest.java:70)

testPut_aliasedField_NULL_reference(com.dotweblabs.twirl.object.ObjectStoreTest)  Time elapsed: 0.004 sec  <<< ERROR!
java.lang.RuntimeException: POJO's must be annotated with @Embedded, @Parent or @Child annotations for field $jacocoData
	at com.dotweblabs.twirl.object.ObjectStoreTest.testPut_aliasedField_NULL_reference(ObjectStoreTest.java:118)

testPut_parent(com.dotweblabs.twirl.object.ObjectStoreTest)  Time elapsed: 0.003 sec  <<< ERROR!
java.lang.RuntimeException: POJO's must be annotated with @Embedded, @Parent or @Child annotations for field $jacocoData
	at com.dotweblabs.twirl.object.ObjectStoreTest.testPut_parent(ObjectStoreTest.java:154)

testPut_noIdwithParentKey(com.dotweblabs.twirl.object.ObjectStoreTest)  Time elapsed: 0.006 sec  <<< ERROR!
java.lang.RuntimeException: POJO's must be annotated with @Embedded, @Parent or @Child annotations for field $jacocoData
	at com.dotweblabs.twirl.object.ObjectStoreTest.testPut_noIdwithParentKey(ObjectStoreTest.java:230)

testPut_notRegistered(com.dotweblabs.twirl.object.ObjectStoreTest)  Time elapsed: 0.001 sec  <<< ERROR!
java.lang.RuntimeException: POJO's must be annotated with @Embedded, @Parent or @Child annotations for field $jacocoData
	at com.dotweblabs.twirl.object.ObjectStoreTest.testPut_notRegistered(ObjectStoreTest.java:89)

testGetById(com.dotweblabs.twirl.object.ObjectStoreTest)  Time elapsed: 0 sec  <<< ERROR!
java.lang.RuntimeException: POJO's must be annotated with @Embedded, @Parent or @Child annotations for field $jacocoData
	at com.dotweblabs.twirl.object.ObjectStoreTest.testGetById(ObjectStoreTest.java:551)

testDelete(com.dotweblabs.twirl.object.ObjectStoreTest)  Time elapsed: 0.013 sec  <<< ERROR!
java.lang.RuntimeException: POJO's must be annotated with @Embedded, @Parent or @Child annotations for field $jacocoData
	at com.dotweblabs.twirl.object.ObjectStoreTest.testDelete(ObjectStoreTest.java:581)

testFind(com.dotweblabs.twirl.object.ObjectStoreTest)  Time elapsed: 0.001 sec  <<< ERROR!
java.lang.RuntimeException: POJO's must be annotated with @Embedded, @Parent or @Child annotations for field $jacocoData
	at com.dotweblabs.twirl.object.ObjectStoreTest.testFind(ObjectStoreTest.java:606)

testUpdate(com.dotweblabs.twirl.object.ObjectStoreTest)  Time elapsed: 0.002 sec  <<< ERROR!
java.lang.RuntimeException: POJO's must be annotated with @Embedded, @Parent or @Child annotations for field $jacocoData
	at com.dotweblabs.twirl.object.ObjectStoreTest.testUpdate(ObjectStoreTest.java:881)

testPut_GetJSONEntityWithMap(com.dotweblabs.twirl.object.ObjectStoreTest)  Time elapsed: 0.014 sec  <<< ERROR!
java.lang.RuntimeException: POJO's must be annotated with @Embedded, @Parent or @Child annotations for field $jacocoData
	at com.dotweblabs.twirl.object.ObjectStoreTest.testPut_GetJSONEntityWithMap(ObjectStoreTest.java:913)

testPut_entityWithBlob(com.dotweblabs.twirl.object.ObjectStoreTest)  Time elapsed: 0.011 sec  <<< ERROR!
java.lang.RuntimeException: POJO's must be annotated with @Embedded, @Parent or @Child annotations for field $jacocoData
	at com.dotweblabs.twirl.object.ObjectStoreTest.testPut_entityWithBlob(ObjectStoreTest.java:408)

testPut_entityWithGeoPoint(com.dotweblabs.twirl.object.ObjectStoreTest)  Time elapsed: 0.011 sec  <<< ERROR!
java.lang.RuntimeException: POJO's must be annotated with @Embedded, @Parent or @Child annotations for field $jacocoData
	at com.dotweblabs.twirl.object.ObjectStoreTest.testPut_entityWithGeoPoint(ObjectStoreTest.java:421)

testPut_List(com.dotweblabs.twirl.object.ObjectStoreTest)  Time elapsed: 0.007 sec  <<< ERROR!
java.lang.RuntimeException: POJO's must be annotated with @Embedded, @Parent or @Child annotations for field $jacocoData
	at com.dotweblabs.twirl.object.ObjectStoreTest.testPut_List(ObjectStoreTest.java:451)

testFind_List(com.dotweblabs.twirl.object.ObjectStoreTest)  Time elapsed: 0.004 sec  <<< ERROR!
java.lang.RuntimeException: POJO's must be annotated with @Embedded, @Parent or @Child annotations for field $jacocoData
	at com.dotweblabs.twirl.object.ObjectStoreTest.testFind_List(ObjectStoreTest.java:463)

tesdFindByPropertyKeysOnly(com.dotweblabs.twirl.object.ObjectStoreTest)  Time elapsed: 0.001 sec  <<< ERROR!
java.lang.RuntimeException: POJO's must be annotated with @Embedded, @Parent or @Child annotations for field $jacocoData
	at com.dotweblabs.twirl.object.ObjectStoreTest.tesdFindByPropertyKeysOnly(ObjectStoreTest.java:530)

testGetByLongId(com.dotweblabs.twirl.object.ObjectStoreTest)  Time elapsed: 0.046 sec  <<< ERROR!
java.lang.RuntimeException: POJO's must be annotated with @Embedded, @Parent or @Child annotations for field $jacocoData
	at com.dotweblabs.twirl.object.ObjectStoreTest.testGetByLongId(ObjectStoreTest.java:569)

testFindFirst(com.dotweblabs.twirl.object.ObjectStoreTest)  Time elapsed: 0.001 sec  <<< ERROR!
java.lang.RuntimeException: POJO's must be annotated with @Embedded, @Parent or @Child annotations for field $jacocoData
	at com.dotweblabs.twirl.object.ObjectStoreTest.testFindFirst(ObjectStoreTest.java:661)

testFindMultiFilter(com.dotweblabs.twirl.object.ObjectStoreTest)  Time elapsed: 0.002 sec  <<< ERROR!
java.lang.RuntimeException: POJO's must be annotated with @Embedded, @Parent or @Child annotations for field $jacocoData
	at com.dotweblabs.twirl.object.ObjectStoreTest.testFindMultiFilter(ObjectStoreTest.java:670)

testFind_withSort(com.dotweblabs.twirl.object.ObjectStoreTest)  Time elapsed: 0.005 sec  <<< ERROR!
java.lang.RuntimeException: POJO's must be annotated with @Embedded, @Parent or @Child annotations for field $jacocoData
	at com.dotweblabs.twirl.object.ObjectStoreTest.testFind_withSort(ObjectStoreTest.java:691)

testFindKind(com.dotweblabs.twirl.object.ObjectStoreTest)  Time elapsed: 0.002 sec  <<< ERROR!
java.lang.RuntimeException: POJO's must be annotated with @Embedded, @Parent or @Child annotations for field $jacocoData
	at com.dotweblabs.twirl.object.ObjectStoreTest.testFindKind(ObjectStoreTest.java:712)

testFind_asList(com.dotweblabs.twirl.object.ObjectStoreTest)  Time elapsed: 0.001 sec  <<< ERROR!
java.lang.RuntimeException: POJO's must be annotated with @Embedded, @Parent or @Child annotations for field $jacocoData
	at com.dotweblabs.twirl.object.ObjectStoreTest.testFind_asList(ObjectStoreTest.java:733)

testFind_asIterable(com.dotweblabs.twirl.object.ObjectStoreTest)  Time elapsed: 0.001 sec  <<< ERROR!
java.lang.RuntimeException: POJO's must be annotated with @Embedded, @Parent or @Child annotations for field $jacocoData
	at com.dotweblabs.twirl.object.ObjectStoreTest.testFind_asIterable(ObjectStoreTest.java:750)

testFind_asList_withCursor(com.dotweblabs.twirl.object.ObjectStoreTest)  Time elapsed: 0.002 sec  <<< ERROR!
java.lang.RuntimeException: POJO's must be annotated with @Embedded, @Parent or @Child annotations for field $jacocoData
	at com.dotweblabs.twirl.object.ObjectStoreTest.testFind_asList_withCursor(ObjectStoreTest.java:778)

testFindSkipKeys(com.dotweblabs.twirl.object.ObjectStoreTest)  Time elapsed: 0.002 sec  <<< ERROR!
java.lang.RuntimeException: POJO's must be annotated with @Embedded, @Parent or @Child annotations for field $jacocoData
	at com.dotweblabs.twirl.object.ObjectStoreTest.testFindSkipKeys(ObjectStoreTest.java:858)

Running com.dotweblabs.twirl.AnnotationUtilTest
Jul 30, 2020 10:21:21 PM com.google.appengine.api.datastore.dev.LocalDatastoreService init
INFO: Local Datastore initialized: 
	Type: High Replication
	Storage: In-memory
Jul 30, 2020 10:21:21 PM com.google.appengine.api.datastore.dev.LocalDatastoreService init
INFO: Local Datastore initialized: 
	Type: High Replication
	Storage: In-memory
Jul 30, 2020 10:21:21 PM com.google.appengine.api.datastore.dev.LocalDatastoreService init
INFO: Local Datastore initialized: 
	Type: High Replication
	Storage: In-memory
Jul 30, 2020 10:21:21 PM com.google.appengine.api.datastore.dev.LocalDatastoreService init
INFO: Local Datastore initialized: 
	Type: High Replication
	Storage: In-memory
Tests run: 4, Failures: 0, Errors: 0, Skipped: 0, Time elapsed: 0.001 sec - in com.dotweblabs.twirl.AnnotationUtilTest
Running com.dotweblabs.twirl.util.EntityUtilTest
Jul 30, 2020 10:21:21 PM com.google.appengine.api.datastore.dev.LocalDatastoreService init
INFO: Local Datastore initialized: 
	Type: High Replication
	Storage: In-memory
Tests run: 1, Failures: 0, Errors: 0, Skipped: 0, Time elapsed: 0 sec - in com.dotweblabs.twirl.util.EntityUtilTest
Running com.dotweblabs.twirl.util.RegexTest
Jul 30, 2020 10:21:21 PM com.google.appengine.api.datastore.dev.LocalDatastoreService init
INFO: Local Datastore initialized: 
	Type: High Replication
	Storage: In-memory
Jul 30, 2020 10:21:21 PM com.google.appengine.api.datastore.dev.LocalDatastoreService init
INFO: Local Datastore initialized: 
	Type: High Replication
	Storage: In-memory
Jul 30, 2020 10:21:21 PM com.google.appengine.api.datastore.dev.LocalDatastoreService init
INFO: Local Datastore initialized: 
	Type: High Replication
	Storage: In-memory
Tests run: 3, Failures: 0, Errors: 0, Skipped: 0, Time elapsed: 0.001 sec - in com.dotweblabs.twirl.util.RegexTest
Running com.dotweblabs.twirl.util.AnnotationUtilTest
Jul 30, 2020 10:21:21 PM com.google.appengine.api.datastore.dev.LocalDatastoreService init
INFO: Local Datastore initialized: 
	Type: High Replication
	Storage: In-memory
Jul 30, 2020 10:21:21 PM com.google.appengine.api.datastore.dev.LocalDatastoreService init
INFO: Local Datastore initialized: 
	Type: High Replication
	Storage: In-memory
Tests run: 2, Failures: 0, Errors: 0, Skipped: 0, Time elapsed: 0.001 sec - in com.dotweblabs.twirl.util.AnnotationUtilTest
Running com.dotweblabs.twirl.util.KeyUtilTest
Jul 30, 2020 10:21:21 PM com.google.appengine.api.datastore.dev.LocalDatastoreService init
INFO: Local Datastore initialized: 
	Type: High Replication
	Storage: In-memory
foo(no-id-yet)
Jul 30, 2020 10:21:21 PM com.google.appengine.api.datastore.dev.LocalDatastoreService init
INFO: Local Datastore initialized: 
	Type: High Replication
	Storage: In-memory
Tests run: 2, Failures: 0, Errors: 0, Skipped: 0, Time elapsed: 0.024 sec - in com.dotweblabs.twirl.util.KeyUtilTest
Running com.dotweblabs.twirl.types.FindTest
Jul 30, 2020 10:21:21 PM com.google.appengine.api.datastore.dev.LocalDatastoreService init
INFO: Local Datastore initialized: 
	Type: Master/Slave
	Storage: In-memory
Tests run: 1, Failures: 0, Errors: 0, Skipped: 0, Time elapsed: 0.001 sec - in com.dotweblabs.twirl.types.FindTest
Jul 30, 2020 10:21:21 PM com.google.appengine.api.datastore.dev.LocalDatastoreService cleanupActiveServices
INFO: scheduler shutting down.

Results :

Tests in error: 
  AutoGeneratedIdTest.missingLongField:101 » Runtime POJO's must be annotated wi...
  AutoGeneratedIdTest.missingStringFieldWithPrefix:63 » Runtime POJO's must be a...
  JSONObjectStoreTest.testGetByKey:79 » Runtime POJO's must be annotated with @E...
  JSONObjectStoreTest.testPut_notRegistered:55 » Runtime POJO's must be annotate...
  MarshallerTest.testMarshall_Child:93 » Runtime POJO's must be annotated with @...
  MarshallerTest.testMarshall_ChildChild:151 » Runtime POJO's must be annotated ...
  MarshallerTest.testMarshall_Child_first:76 » Runtime POJO's must be annotated ...
  MarshallerTest.testMarshall_Embedded:121 » Runtime POJO's must be annotated wi...
  MarshallerTest.testMarshall_JSONEntity:166 » Runtime POJO's must be annotated ...
  MarshallerTest.test_Marshall_List:206 » Runtime POJO's must be annotated with ...
  ObjecstoreServiceTest.testStore:40 » Runtime POJO's must be annotated with @Em...
  ObjectStoreTest.tesdFindByPropertyKeysOnly:530 » Runtime POJO's must be annota...
  ObjectStoreTest.testDelete:581 » Runtime POJO's must be annotated with @Embedd...
  ObjectStoreTest.testFind:606 » Runtime POJO's must be annotated with @Embedded...
  ObjectStoreTest.testFindFirst:661 » Runtime POJO's must be annotated with @Emb...
  ObjectStoreTest.testFindKind:712 » Runtime POJO's must be annotated with @Embe...
  ObjectStoreTest.testFindMultiFilter:670 » Runtime POJO's must be annotated wit...
  ObjectStoreTest.testFindSkipKeys:858 » Runtime POJO's must be annotated with @...
  ObjectStoreTest.testFind_List:463 » Runtime POJO's must be annotated with @Emb...
  ObjectStoreTest.testFind_asIterable:750 » Runtime POJO's must be annotated wit...
  ObjectStoreTest.testFind_asList:733 » Runtime POJO's must be annotated with @E...
  ObjectStoreTest.testFind_asList_withCursor:778 » Runtime POJO's must be annota...
  ObjectStoreTest.testFind_withSort:691 » Runtime POJO's must be annotated with ...
  ObjectStoreTest.testGetById:551 » Runtime POJO's must be annotated with @Embed...
  ObjectStoreTest.testGetByKey:431 » Runtime POJO's must be annotated with @Embe...
  ObjectStoreTest.testGetByLongId:569 » Runtime POJO's must be annotated with @E...
  ObjectStoreTest.testPutParentInTranscation:201 » NullPointer key cannot be nul...
  ObjectStoreTest.testPut_GetJSONEntityWithMap:913 » Runtime POJO's must be anno...
  ObjectStoreTest.testPut_List:451 » Runtime POJO's must be annotated with @Embe...
  ObjectStoreTest.testPut_aliasedField:108 » Runtime POJO's must be annotated wi...
  ObjectStoreTest.testPut_aliasedField_NULL_reference:118 » Runtime POJO's must ...
  ObjectStoreTest.testPut_cached:368 » Runtime POJO's must be annotated with @Em...
  ObjectStoreTest.testPut_child:134 » Runtime POJO's must be annotated with @Emb...
  ObjectStoreTest.testPut_entityWithBlob:408 » Runtime POJO's must be annotated ...
  ObjectStoreTest.testPut_entityWithBytes:394 » Runtime POJO's must be annotated...
  ObjectStoreTest.testPut_entityWithGeoPoint:421 » Runtime POJO's must be annota...
  ObjectStoreTest.testPut_long_String:382 » Runtime POJO's must be annotated wit...
  ObjectStoreTest.testPut_noIdGiven:70 » Runtime POJO's must be annotated with @...
  ObjectStoreTest.testPut_noIdwithParentKey:230 » Runtime POJO's must be annotat...
  ObjectStoreTest.testPut_noIdwithParentKeyAncestor:244 » Runtime POJO's must be...
  ObjectStoreTest.testPut_notRegistered:89 » Runtime POJO's must be annotated wi...
  ObjectStoreTest.testPut_objectId:280 » Runtime POJO's must be annotated with @...
  ObjectStoreTest.testPut_parent:154 » Runtime POJO's must be annotated with @Em...
  ObjectStoreTest.testPut_withEnumField:99 » Runtime POJO's must be annotated wi...
  ObjectStoreTest.testUpdate:881 » Runtime POJO's must be annotated with @Embedd...

Tests run: 86, Failures: 0, Errors: 45, Skipped: 0

[ERROR] There are test failures.

Please refer to /tmp/tmp0mlqukd2/twirl/target/surefire-reports for the individual test results.
[INFO] 
[INFO] --- jacoco-maven-plugin:0.8.5:report (report) @ twirl ---
[INFO] Loading execution data file /tmp/tmp0mlqukd2/twirl/target/jacoco.exec
[INFO] Analyzed bundle 'twirl' with 99 classes
[INFO] ------------------------------------------------------------------------
[INFO] BUILD SUCCESS
[INFO] ------------------------------------------------------------------------
[INFO] Total time:  25.110 s
[INFO] Finished at: 2020-07-30T22:21:22Z
[INFO] ------------------------------------------------------------------------
