[INFO] Error stacktraces are turned on.
[INFO] Scanning for projects...
[WARNING] 
[WARNING] Some problems were encountered while building the effective model for org.trustedanalytics:h2o-scoring-engine-base:jar:0.5.8
[WARNING] The expression ${artifactId} is deprecated. Please use ${project.artifactId} instead.
[WARNING] 
[WARNING] It is highly recommended to fix these problems because they threaten the stability of your build.
[WARNING] 
[WARNING] For this reason, future Maven versions might no longer support building such malformed projects.
[WARNING] 
[INFO] 
[INFO] ------------< org.trustedanalytics:h2o-scoring-engine-base >------------
[INFO] Building h2o-scoring-engine-base 0.5.8
[INFO] --------------------------------[ jar ]---------------------------------
[INFO] 
[INFO] --- license-maven-plugin:2.6:check (check-license) @ h2o-scoring-engine-base ---
[INFO] Checking licenses...
[INFO] 
[INFO] --- jacoco-maven-plugin:0.8.5:prepare-agent (default) @ h2o-scoring-engine-base ---
[INFO] argLine set to -javaagent:/home/jdbl/.m2/repository/org/jacoco/org.jacoco.agent/0.8.5/org.jacoco.agent-0.8.5-runtime.jar=destfile=/tmp/tmpzoywmr34/h2o-scoring-engine-base/target/jacoco.exec
[INFO] 
[INFO] --- maven-resources-plugin:2.6:resources (default-resources) @ h2o-scoring-engine-base ---
[INFO] Using 'UTF-8' encoding to copy filtered resources.
[INFO] Copying 1 resource
[INFO] Copying 0 resource
[INFO] 
[INFO] --- build-helper-maven-plugin:1.9.1:add-test-source (add-test-source) @ h2o-scoring-engine-base ---
[INFO] Test Source directory: /tmp/tmpzoywmr34/h2o-scoring-engine-base/src/it/java added.
[INFO] 
[INFO] --- maven-compiler-plugin:3.1:compile (default-compile) @ h2o-scoring-engine-base ---
[INFO] Changes detected - recompiling the module!
[INFO] Compiling 8 source files to /tmp/tmpzoywmr34/h2o-scoring-engine-base/target/classes
[WARNING] /tmp/tmpzoywmr34/h2o-scoring-engine-base/src/main/java/org/trustedanalytics/h2oscoringengine/rest/SwaggerConfig.java: /tmp/tmpzoywmr34/h2o-scoring-engine-base/src/main/java/org/trustedanalytics/h2oscoringengine/rest/SwaggerConfig.java uses unchecked or unsafe operations.
[WARNING] /tmp/tmpzoywmr34/h2o-scoring-engine-base/src/main/java/org/trustedanalytics/h2oscoringengine/rest/SwaggerConfig.java: Recompile with -Xlint:unchecked for details.
[INFO] 
[INFO] --- maven-resources-plugin:2.6:testResources (default-testResources) @ h2o-scoring-engine-base ---
[INFO] Using 'UTF-8' encoding to copy filtered resources.
[INFO] Copying 3 resources
[INFO] 
[INFO] --- maven-compiler-plugin:3.1:testCompile (default-testCompile) @ h2o-scoring-engine-base ---
[INFO] Changes detected - recompiling the module!
[INFO] Compiling 5 source files to /tmp/tmpzoywmr34/h2o-scoring-engine-base/target/test-classes
[INFO] 
[INFO] --- maven-surefire-plugin:2.19.1:test (default-test) @ h2o-scoring-engine-base ---
[INFO] Surefire report directory: /tmp/tmpzoywmr34/h2o-scoring-engine-base/target/surefire-reports

-------------------------------------------------------
 T E S T S
-------------------------------------------------------
Running org.trustedanalytics.h2oscoringengine.H2oModelTest
Tests run: 2, Failures: 0, Errors: 0, Skipped: 0, Time elapsed: 0.392 sec - in org.trustedanalytics.h2oscoringengine.H2oModelTest
Running org.trustedanalytics.h2oscoringengine.integration.tests.SwaggerTest
SLF4J: Class path contains multiple SLF4J bindings.
SLF4J: Found binding in [file:/tmp/tmpzoywmr34/h2o-scoring-engine-base/target/classes/org/slf4j/impl/StaticLoggerBinder.class]
SLF4J: Found binding in [jar:file:/home/jdbl/.m2/repository/ch/qos/logback/logback-classic/1.1.3/logback-classic-1.1.3.jar!/org/slf4j/impl/StaticLoggerBinder.class]
SLF4J: See http://www.slf4j.org/codes.html#multiple_bindings for an explanation.
141 [main] INFO org.springframework.test.context.web.WebTestContextBootstrapper - Could not instantiate TestExecutionListener [org.springframework.test.context.transaction.TransactionalTestExecutionListener]. Specify custom listener classes or make the default listener classes (and their required dependencies) available. Offending class: [org/springframework/transaction/interceptor/TransactionAttributeSource]
144 [main] INFO org.springframework.test.context.web.WebTestContextBootstrapper - Could not instantiate TestExecutionListener [org.springframework.test.context.jdbc.SqlScriptsTestExecutionListener]. Specify custom listener classes or make the default listener classes (and their required dependencies) available. Offending class: [org/springframework/transaction/interceptor/TransactionAttribute]
145 [main] INFO org.springframework.test.context.web.WebTestContextBootstrapper - Using TestExecutionListeners: [org.springframework.boot.test.IntegrationTestPropertiesListener@3cbf1ba4, org.springframework.test.context.support.DependencyInjectionTestExecutionListener@10bea4, org.springframework.test.context.support.DirtiesContextTestExecutionListener@7e2c64]
407 [main] ERROR org.springframework.test.context.TestContextManager - Caught exception while allowing TestExecutionListener [org.springframework.test.context.support.DependencyInjectionTestExecutionListener@10bea4] to prepare test instance [org.trustedanalytics.h2oscoringengine.integration.tests.SwaggerTest@b887730]
java.lang.IllegalStateException: Failed to load ApplicationContext
	at org.springframework.test.context.DefaultCacheAwareContextLoaderDelegate.loadContext(DefaultCacheAwareContextLoaderDelegate.java:94)
	at org.springframework.test.context.DefaultTestContext.getApplicationContext(DefaultTestContext.java:72)
	at org.springframework.test.context.support.DependencyInjectionTestExecutionListener.injectDependencies(DependencyInjectionTestExecutionListener.java:117)
	at org.springframework.test.context.support.DependencyInjectionTestExecutionListener.prepareTestInstance(DependencyInjectionTestExecutionListener.java:83)
	at org.springframework.test.context.TestContextManager.prepareTestInstance(TestContextManager.java:212)
	at org.springframework.test.context.junit4.SpringJUnit4ClassRunner.createTest(SpringJUnit4ClassRunner.java:200)
	at org.springframework.test.context.junit4.SpringJUnit4ClassRunner$1.runReflectiveCall(SpringJUnit4ClassRunner.java:259)
	at org.junit.internal.runners.model.ReflectiveCallable.run(ReflectiveCallable.java:12)
	at org.springframework.test.context.junit4.SpringJUnit4ClassRunner.methodBlock(SpringJUnit4ClassRunner.java:261)
	at org.springframework.test.context.junit4.SpringJUnit4ClassRunner.runChild(SpringJUnit4ClassRunner.java:219)
	at org.springframework.test.context.junit4.SpringJUnit4ClassRunner.runChild(SpringJUnit4ClassRunner.java:83)
	at org.junit.runners.ParentRunner$3.run(ParentRunner.java:290)
	at org.junit.runners.ParentRunner$1.schedule(ParentRunner.java:71)
	at org.junit.runners.ParentRunner.runChildren(ParentRunner.java:288)
	at org.junit.runners.ParentRunner.access$000(ParentRunner.java:58)
	at org.junit.runners.ParentRunner$2.evaluate(ParentRunner.java:268)
	at org.junit.internal.runners.statements.RunBefores.evaluate(RunBefores.java:26)
	at org.springframework.test.context.junit4.statements.RunBeforeTestClassCallbacks.evaluate(RunBeforeTestClassCallbacks.java:61)
	at org.springframework.test.context.junit4.statements.RunAfterTestClassCallbacks.evaluate(RunAfterTestClassCallbacks.java:68)
	at org.junit.runners.ParentRunner.run(ParentRunner.java:363)
	at org.springframework.test.context.junit4.SpringJUnit4ClassRunner.run(SpringJUnit4ClassRunner.java:163)
	at org.apache.maven.surefire.junit4.JUnit4Provider.execute(JUnit4Provider.java:367)
	at org.apache.maven.surefire.junit4.JUnit4Provider.executeWithRerun(JUnit4Provider.java:274)
	at org.apache.maven.surefire.junit4.JUnit4Provider.executeTestSet(JUnit4Provider.java:238)
	at org.apache.maven.surefire.junit4.JUnit4Provider.invoke(JUnit4Provider.java:161)
	at org.apache.maven.surefire.booter.ForkedBooter.invokeProviderInSameClassLoader(ForkedBooter.java:290)
	at org.apache.maven.surefire.booter.ForkedBooter.runSuitesInProcess(ForkedBooter.java:242)
	at org.apache.maven.surefire.booter.ForkedBooter.main(ForkedBooter.java:121)
Caused by: java.lang.IllegalArgumentException: LoggerFactory is not a Logback LoggerContext but Logback is on the classpath. Either remove Logback or the competing implementation (class org.slf4j.impl.SimpleLoggerFactory loaded from file:/tmp/tmpzoywmr34/h2o-scoring-engine-base/target/classes/). If you are using Weblogic you will need to add 'org.slf4j' to prefer-application-packages in WEB-INF/weblogic.xml Object of class [org.slf4j.impl.SimpleLoggerFactory] must be an instance of class ch.qos.logback.classic.LoggerContext
	at org.springframework.util.Assert.isInstanceOf(Assert.java:339)
	at org.springframework.boot.logging.logback.LogbackLoggingSystem.getLoggerContext(LogbackLoggingSystem.java:151)
	at org.springframework.boot.logging.logback.LogbackLoggingSystem.getLogger(LogbackLoggingSystem.java:143)
	at org.springframework.boot.logging.logback.LogbackLoggingSystem.beforeInitialize(LogbackLoggingSystem.java:89)
	at org.springframework.boot.logging.LoggingApplicationListener.onApplicationStartedEvent(LoggingApplicationListener.java:152)
	at org.springframework.boot.logging.LoggingApplicationListener.onApplicationEvent(LoggingApplicationListener.java:139)
	at org.springframework.context.event.SimpleApplicationEventMulticaster.invokeListener(SimpleApplicationEventMulticaster.java:151)
	at org.springframework.context.event.SimpleApplicationEventMulticaster.multicastEvent(SimpleApplicationEventMulticaster.java:128)
	at org.springframework.boot.context.event.EventPublishingRunListener.publishEvent(EventPublishingRunListener.java:100)
	at org.springframework.boot.context.event.EventPublishingRunListener.started(EventPublishingRunListener.java:54)
	at org.springframework.boot.SpringApplication.run(SpringApplication.java:277)
	at org.springframework.boot.test.SpringApplicationContextLoader.loadContext(SpringApplicationContextLoader.java:103)
	at org.springframework.test.context.DefaultCacheAwareContextLoaderDelegate.loadContextInternal(DefaultCacheAwareContextLoaderDelegate.java:68)
	at org.springframework.test.context.DefaultCacheAwareContextLoaderDelegate.loadContext(DefaultCacheAwareContextLoaderDelegate.java:86)
	... 27 more
Tests run: 1, Failures: 0, Errors: 1, Skipped: 0, Time elapsed: 0.424 sec <<< FAILURE! - in org.trustedanalytics.h2oscoringengine.integration.tests.SwaggerTest
swagger_shouldGenerateJson(org.trustedanalytics.h2oscoringengine.integration.tests.SwaggerTest)  Time elapsed: 0.001 sec  <<< ERROR!
java.lang.IllegalStateException: Failed to load ApplicationContext
Caused by: java.lang.IllegalArgumentException: LoggerFactory is not a Logback LoggerContext but Logback is on the classpath. Either remove Logback or the competing implementation (class org.slf4j.impl.SimpleLoggerFactory loaded from file:/tmp/tmpzoywmr34/h2o-scoring-engine-base/target/classes/). If you are using Weblogic you will need to add 'org.slf4j' to prefer-application-packages in WEB-INF/weblogic.xml Object of class [org.slf4j.impl.SimpleLoggerFactory] must be an instance of class ch.qos.logback.classic.LoggerContext

Running org.trustedanalytics.h2oscoringengine.integration.tests.H2oScoringEngineControllerTest
419 [main] INFO org.springframework.test.context.web.WebTestContextBootstrapper - Could not instantiate TestExecutionListener [org.springframework.test.context.transaction.TransactionalTestExecutionListener]. Specify custom listener classes or make the default listener classes (and their required dependencies) available. Offending class: [org/springframework/transaction/interceptor/TransactionAttributeSource]
420 [main] INFO org.springframework.test.context.web.WebTestContextBootstrapper - Could not instantiate TestExecutionListener [org.springframework.test.context.jdbc.SqlScriptsTestExecutionListener]. Specify custom listener classes or make the default listener classes (and their required dependencies) available. Offending class: [org/springframework/transaction/interceptor/TransactionAttribute]
420 [main] INFO org.springframework.test.context.web.WebTestContextBootstrapper - Using TestExecutionListeners: [org.springframework.boot.test.IntegrationTestPropertiesListener@4a89ef44, org.springframework.test.context.support.DependencyInjectionTestExecutionListener@310a7859, org.springframework.test.context.support.DirtiesContextTestExecutionListener@1cbc1dde]
435 [main] ERROR org.springframework.test.context.TestContextManager - Caught exception while allowing TestExecutionListener [org.springframework.test.context.support.DependencyInjectionTestExecutionListener@310a7859] to prepare test instance [org.trustedanalytics.h2oscoringengine.integration.tests.H2oScoringEngineControllerTest@2eada095]
java.lang.IllegalStateException: Failed to load ApplicationContext
	at org.springframework.test.context.DefaultCacheAwareContextLoaderDelegate.loadContext(DefaultCacheAwareContextLoaderDelegate.java:94)
	at org.springframework.test.context.DefaultTestContext.getApplicationContext(DefaultTestContext.java:72)
	at org.springframework.test.context.support.DependencyInjectionTestExecutionListener.injectDependencies(DependencyInjectionTestExecutionListener.java:117)
	at org.springframework.test.context.support.DependencyInjectionTestExecutionListener.prepareTestInstance(DependencyInjectionTestExecutionListener.java:83)
	at org.springframework.test.context.TestContextManager.prepareTestInstance(TestContextManager.java:212)
	at org.springframework.test.context.junit4.SpringJUnit4ClassRunner.createTest(SpringJUnit4ClassRunner.java:200)
	at org.springframework.test.context.junit4.SpringJUnit4ClassRunner$1.runReflectiveCall(SpringJUnit4ClassRunner.java:259)
	at org.junit.internal.runners.model.ReflectiveCallable.run(ReflectiveCallable.java:12)
	at org.springframework.test.context.junit4.SpringJUnit4ClassRunner.methodBlock(SpringJUnit4ClassRunner.java:261)
	at org.springframework.test.context.junit4.SpringJUnit4ClassRunner.runChild(SpringJUnit4ClassRunner.java:219)
	at org.springframework.test.context.junit4.SpringJUnit4ClassRunner.runChild(SpringJUnit4ClassRunner.java:83)
	at org.junit.runners.ParentRunner$3.run(ParentRunner.java:290)
	at org.junit.runners.ParentRunner$1.schedule(ParentRunner.java:71)
	at org.junit.runners.ParentRunner.runChildren(ParentRunner.java:288)
	at org.junit.runners.ParentRunner.access$000(ParentRunner.java:58)
	at org.junit.runners.ParentRunner$2.evaluate(ParentRunner.java:268)
	at org.junit.internal.runners.statements.RunBefores.evaluate(RunBefores.java:26)
	at org.springframework.test.context.junit4.statements.RunBeforeTestClassCallbacks.evaluate(RunBeforeTestClassCallbacks.java:61)
	at org.springframework.test.context.junit4.statements.RunAfterTestClassCallbacks.evaluate(RunAfterTestClassCallbacks.java:68)
	at org.junit.runners.ParentRunner.run(ParentRunner.java:363)
	at org.springframework.test.context.junit4.SpringJUnit4ClassRunner.run(SpringJUnit4ClassRunner.java:163)
	at org.apache.maven.surefire.junit4.JUnit4Provider.execute(JUnit4Provider.java:367)
	at org.apache.maven.surefire.junit4.JUnit4Provider.executeWithRerun(JUnit4Provider.java:274)
	at org.apache.maven.surefire.junit4.JUnit4Provider.executeTestSet(JUnit4Provider.java:238)
	at org.apache.maven.surefire.junit4.JUnit4Provider.invoke(JUnit4Provider.java:161)
	at org.apache.maven.surefire.booter.ForkedBooter.invokeProviderInSameClassLoader(ForkedBooter.java:290)
	at org.apache.maven.surefire.booter.ForkedBooter.runSuitesInProcess(ForkedBooter.java:242)
	at org.apache.maven.surefire.booter.ForkedBooter.main(ForkedBooter.java:121)
Caused by: java.lang.IllegalArgumentException: LoggerFactory is not a Logback LoggerContext but Logback is on the classpath. Either remove Logback or the competing implementation (class org.slf4j.impl.SimpleLoggerFactory loaded from file:/tmp/tmpzoywmr34/h2o-scoring-engine-base/target/classes/). If you are using Weblogic you will need to add 'org.slf4j' to prefer-application-packages in WEB-INF/weblogic.xml Object of class [org.slf4j.impl.SimpleLoggerFactory] must be an instance of class ch.qos.logback.classic.LoggerContext
	at org.springframework.util.Assert.isInstanceOf(Assert.java:339)
	at org.springframework.boot.logging.logback.LogbackLoggingSystem.getLoggerContext(LogbackLoggingSystem.java:151)
	at org.springframework.boot.logging.logback.LogbackLoggingSystem.getLogger(LogbackLoggingSystem.java:143)
	at org.springframework.boot.logging.logback.LogbackLoggingSystem.beforeInitialize(LogbackLoggingSystem.java:89)
	at org.springframework.boot.logging.LoggingApplicationListener.onApplicationStartedEvent(LoggingApplicationListener.java:152)
	at org.springframework.boot.logging.LoggingApplicationListener.onApplicationEvent(LoggingApplicationListener.java:139)
	at org.springframework.context.event.SimpleApplicationEventMulticaster.invokeListener(SimpleApplicationEventMulticaster.java:151)
	at org.springframework.context.event.SimpleApplicationEventMulticaster.multicastEvent(SimpleApplicationEventMulticaster.java:128)
	at org.springframework.boot.context.event.EventPublishingRunListener.publishEvent(EventPublishingRunListener.java:100)
	at org.springframework.boot.context.event.EventPublishingRunListener.started(EventPublishingRunListener.java:54)
	at org.springframework.boot.SpringApplication.run(SpringApplication.java:277)
	at org.springframework.boot.test.SpringApplicationContextLoader.loadContext(SpringApplicationContextLoader.java:103)
	at org.springframework.test.context.DefaultCacheAwareContextLoaderDelegate.loadContextInternal(DefaultCacheAwareContextLoaderDelegate.java:68)
	at org.springframework.test.context.DefaultCacheAwareContextLoaderDelegate.loadContext(DefaultCacheAwareContextLoaderDelegate.java:86)
	... 27 more
Tests run: 1, Failures: 0, Errors: 1, Skipped: 0, Time elapsed: 0.014 sec <<< FAILURE! - in org.trustedanalytics.h2oscoringengine.integration.tests.H2oScoringEngineControllerTest
score_shouldReturnScore(org.trustedanalytics.h2oscoringengine.integration.tests.H2oScoringEngineControllerTest)  Time elapsed: 0 sec  <<< ERROR!
java.lang.IllegalStateException: Failed to load ApplicationContext
Caused by: java.lang.IllegalArgumentException: LoggerFactory is not a Logback LoggerContext but Logback is on the classpath. Either remove Logback or the competing implementation (class org.slf4j.impl.SimpleLoggerFactory loaded from file:/tmp/tmpzoywmr34/h2o-scoring-engine-base/target/classes/). If you are using Weblogic you will need to add 'org.slf4j' to prefer-application-packages in WEB-INF/weblogic.xml Object of class [org.slf4j.impl.SimpleLoggerFactory] must be an instance of class ch.qos.logback.classic.LoggerContext

Running org.trustedanalytics.h2oscoringengine.ModelLocatorTest
2799 [main] INFO org.reflections.Reflections - Reflections took 2228 ms to scan 82 urls, producing 4056 keys and 21633 values 
5376 [main] INFO org.reflections.Reflections - Reflections took 1489 ms to scan 80 urls, producing 4054 keys and 21622 values 
7258 [main] INFO org.reflections.Reflections - Reflections took 1659 ms to scan 81 urls, producing 4055 keys and 21632 values 
Tests run: 3, Failures: 0, Errors: 1, Skipped: 0, Time elapsed: 6.79 sec <<< FAILURE! - in org.trustedanalytics.h2oscoringengine.ModelLocatorTest
getModel_ValidClasspathPrepared_ModelInstanceReturned(org.trustedanalytics.h2oscoringengine.ModelLocatorTest)  Time elapsed: 3.411 sec  <<< ERROR!
org.trustedanalytics.h2oscoringengine.h2omodel.ModelNotFoundException: Invalid number of models: 2
	at org.trustedanalytics.h2oscoringengine.ModelLocatorTest.getModel_ValidClasspathPrepared_ModelInstanceReturned(ModelLocatorTest.java:42)


Results :

Tests in error: 
  ModelLocatorTest.getModel_ValidClasspathPrepared_ModelInstanceReturned:42 » ModelNotFound
  H2oScoringEngineControllerTest.score_shouldReturnScore » IllegalState Failed t...
  SwaggerTest.swagger_shouldGenerateJson » IllegalState Failed to load Applicati...

Tests run: 7, Failures: 0, Errors: 3, Skipped: 0

[ERROR] There are test failures.

Please refer to /tmp/tmpzoywmr34/h2o-scoring-engine-base/target/surefire-reports for the individual test results.
[INFO] 
[INFO] --- jacoco-maven-plugin:0.8.5:report (report) @ h2o-scoring-engine-base ---
[INFO] Loading execution data file /tmp/tmpzoywmr34/h2o-scoring-engine-base/target/jacoco.exec
[INFO] Analyzed bundle 'h2o-scoring-engine-base' with 2297 classes
[INFO] ------------------------------------------------------------------------
[INFO] BUILD SUCCESS
[INFO] ------------------------------------------------------------------------
[INFO] Total time:  02:04 min
[INFO] Finished at: 2020-07-30T22:06:56Z
[INFO] ------------------------------------------------------------------------
