[INFO] Error stacktraces are turned on.
[INFO] Scanning for projects...
[INFO] Inspecting build with total of 1 modules...
[INFO] Installing Nexus Staging features:
[INFO]   ... total of 1 executions of maven-deploy-plugin replaced with nexus-staging-maven-plugin
[INFO] 
[INFO] ---------------< com.efluid.oss:test-control-byte-code >----------------
[INFO] Building testControlByteCode 1.8.0-SNAPSHOT
[INFO] --------------------------------[ jar ]---------------------------------
[INFO] 
[INFO] --- jacoco-maven-plugin:0.8.5:prepare-agent (default) @ test-control-byte-code ---
[INFO] argLine set to -javaagent:/home/jdbl/.m2/repository/org/jacoco/org.jacoco.agent/0.8.5/org.jacoco.agent-0.8.5-runtime.jar=destfile=/tmp/tmp4clt3r91/testControlByteCode/target/jacoco.exec
[INFO] 
[INFO] --- maven-resources-plugin:2.6:resources (default-resources) @ test-control-byte-code ---
[INFO] Using 'UTF-8' encoding to copy filtered resources.
[INFO] skip non existing resourceDirectory /tmp/tmp4clt3r91/testControlByteCode/src/main/resources
[INFO] 
[INFO] --- maven-compiler-plugin:3.1:compile (default-compile) @ test-control-byte-code ---
[INFO] Changes detected - recompiling the module!
[INFO] Compiling 15 source files to /tmp/tmp4clt3r91/testControlByteCode/target/classes
[WARNING] /tmp/tmp4clt3r91/testControlByteCode/src/main/java/com/efluid/tcbc/TestControleByteCode.java: Some input files use unchecked or unsafe operations.
[WARNING] /tmp/tmp4clt3r91/testControlByteCode/src/main/java/com/efluid/tcbc/TestControleByteCode.java: Recompile with -Xlint:unchecked for details.
[INFO] 
[INFO] --- maven-resources-plugin:2.6:testResources (default-testResources) @ test-control-byte-code ---
[INFO] Using 'UTF-8' encoding to copy filtered resources.
[INFO] Copying 5 resources
[INFO] 
[INFO] --- maven-compiler-plugin:3.1:testCompile (default-testCompile) @ test-control-byte-code ---
[INFO] Changes detected - recompiling the module!
[INFO] Compiling 6 source files to /tmp/tmp4clt3r91/testControlByteCode/target/test-classes
[INFO] 
[INFO] --- maven-surefire-plugin:2.19.1:test (default-test) @ test-control-byte-code ---
[INFO] Surefire report directory: /tmp/tmp4clt3r91/testControlByteCode/target/surefire-reports

-------------------------------------------------------
 T E S T S
-------------------------------------------------------
Running com.efluid.example.TestExampleFichiersEnDoublons
[main] ERROR com.efluid.tcbc.process.ScanneClasspath - Jars excluded : []
[main] ERROR com.efluid.tcbc.process.ScanneClasspath - Exclusion des fichiers a ne pas traiter : []
[main] ERROR com.efluid.tcbc.process.ScanneClasspath - Erreurs a ne pas traiter: [javax., module-info]
[main] ERROR com.efluid.tcbc.process.ScanneClasspath - Scans jar : /home/jdbl/.m2/repository/junit/junit/4.12/junit-4.12.jar
[main] ERROR com.efluid.tcbc.process.ScanneClasspath - Scans jar : /home/jdbl/.m2/repository/org/hamcrest/hamcrest-core/1.3/hamcrest-core-1.3.jar
[main] ERROR com.efluid.tcbc.process.ScanneClasspath - Scans jar : /home/jdbl/.m2/repository/org/slf4j/slf4j-api/1.7.25/slf4j-api-1.7.25.jar
[main] ERROR com.efluid.tcbc.process.ScanneClasspath - Scans jar : /home/jdbl/.m2/repository/org/yaml/snakeyaml/1.23/snakeyaml-1.23.jar
[main] ERROR com.efluid.tcbc.process.ScanneClasspath - Scans jar : /home/jdbl/.m2/repository/org/assertj/assertj-core/3.11.1/assertj-core-3.11.1.jar
[main] ERROR com.efluid.tcbc.process.ScanneClasspath - Scans jar : /home/jdbl/.m2/repository/net/bytebuddy/byte-buddy/1.9.13/byte-buddy-1.9.13.jar
[main] ERROR com.efluid.tcbc.process.ScanneClasspath - Scans jar : /home/jdbl/.m2/repository/org/javassist/javassist/3.24.0-GA/javassist-3.24.0-GA.jar
[main] ERROR com.efluid.tcbc.process.ScanneClasspath - Scans jar : /home/jdbl/.m2/repository/org/slf4j/slf4j-simple/1.7.25/slf4j-simple-1.7.25.jar
[main] ERROR com.efluid.tcbc.process.ScanneClasspath - Scans jar : /home/jdbl/.m2/repository/commons-cli/commons-cli/1.2/commons-cli-1.2.jar
[main] ERROR com.efluid.tcbc.process.ScanneClasspath - Scans jar : /home/jdbl/.m2/repository/org/mockito/mockito-core/2.10.0/mockito-core-2.10.0.jar
[main] ERROR com.efluid.tcbc.process.ScanneClasspath - Scans jar : /home/jdbl/.m2/repository/net/bytebuddy/byte-buddy-agent/1.7.4/byte-buddy-agent-1.7.4.jar
[main] ERROR com.efluid.tcbc.process.ScanneClasspath - Scans jar : /home/jdbl/.m2/repository/org/objenesis/objenesis/2.6/objenesis-2.6.jar
[main] ERROR com.efluid.tcbc.process.ScanneClasspath - |==== Exclusions des erreurs ====|
[main] ERROR com.efluid.tcbc.process.ScanneClasspath - 	META-INF.versions.9.module-info.class
[main] ERROR com.efluid.tcbc.TestControleFichiersEnDoublon - |=== Fichiers en doublon ===|
[main] ERROR com.efluid.tcbc.TestControleFichiersEnDoublon - [org.apache.commons.cli.UnrecognizedOptionException.class]
[main] ERROR com.efluid.tcbc.TestControleFichiersEnDoublon - 	/home/jdbl/.m2/repository/commons-cli/commons-cli/1.2/commons-cli-1.2.jar
[main] ERROR com.efluid.tcbc.TestControleFichiersEnDoublon - 	/tmp/tmp4clt3r91/testControlByteCode/target/classes
[main] ERROR com.efluid.tcbc.TestControleFichiersEnDoublon - [org.apache.commons.cli.OptionValidator.class]
[main] ERROR com.efluid.tcbc.TestControleFichiersEnDoublon - 	/home/jdbl/.m2/repository/commons-cli/commons-cli/1.2/commons-cli-1.2.jar
[main] ERROR com.efluid.tcbc.TestControleFichiersEnDoublon - 	/tmp/tmp4clt3r91/testControlByteCode/target/classes
[main] ERROR com.efluid.tcbc.TestControleFichiersEnDoublon - [org.apache.commons.cli.BasicParser.class]
[main] ERROR com.efluid.tcbc.TestControleFichiersEnDoublon - 	/tmp/tmp4clt3r91/testControlByteCode/target/classes
[main] ERROR com.efluid.tcbc.TestControleFichiersEnDoublon - 	/home/jdbl/.m2/repository/commons-cli/commons-cli/1.2/commons-cli-1.2.jar
[main] ERROR com.efluid.tcbc.TestControleFichiersEnDoublon - [org.apache.commons.cli.GnuParser.class]
[main] ERROR com.efluid.tcbc.TestControleFichiersEnDoublon - 	/home/jdbl/.m2/repository/commons-cli/commons-cli/1.2/commons-cli-1.2.jar
[main] ERROR com.efluid.tcbc.TestControleFichiersEnDoublon - 	/tmp/tmp4clt3r91/testControlByteCode/target/classes
[main] ERROR com.efluid.tcbc.TestControleFichiersEnDoublon - [META-INF.maven.commons-cli.commons-cli.pom.properties]
[main] ERROR com.efluid.tcbc.TestControleFichiersEnDoublon - 	/tmp/tmp4clt3r91/testControlByteCode/target/test-classes
[main] ERROR com.efluid.tcbc.TestControleFichiersEnDoublon - 	/tmp/tmp4clt3r91/testControlByteCode/target/classes
[main] ERROR com.efluid.tcbc.TestControleFichiersEnDoublon - 	/home/jdbl/.m2/repository/commons-cli/commons-cli/1.2/commons-cli-1.2.jar
[main] ERROR com.efluid.tcbc.TestControleFichiersEnDoublon - [org.apache.commons.cli.ParseException.class]
[main] ERROR com.efluid.tcbc.TestControleFichiersEnDoublon - 	/tmp/tmp4clt3r91/testControlByteCode/target/classes
[main] ERROR com.efluid.tcbc.TestControleFichiersEnDoublon - 	/home/jdbl/.m2/repository/commons-cli/commons-cli/1.2/commons-cli-1.2.jar
[main] ERROR com.efluid.tcbc.TestControleFichiersEnDoublon - [org.apache.commons.cli.TypeHandler.class]
[main] ERROR com.efluid.tcbc.TestControleFichiersEnDoublon - 	/home/jdbl/.m2/repository/commons-cli/commons-cli/1.2/commons-cli-1.2.jar
[main] ERROR com.efluid.tcbc.TestControleFichiersEnDoublon - 	/tmp/tmp4clt3r91/testControlByteCode/target/classes
[main] ERROR com.efluid.tcbc.TestControleFichiersEnDoublon - [org.apache.commons.cli.HelpFormatter.class]
[main] ERROR com.efluid.tcbc.TestControleFichiersEnDoublon - 	/home/jdbl/.m2/repository/commons-cli/commons-cli/1.2/commons-cli-1.2.jar
[main] ERROR com.efluid.tcbc.TestControleFichiersEnDoublon - 	/tmp/tmp4clt3r91/testControlByteCode/target/classes
[main] ERROR com.efluid.tcbc.TestControleFichiersEnDoublon - [org.apache.commons.cli.MissingArgumentException.class]
[main] ERROR com.efluid.tcbc.TestControleFichiersEnDoublon - 	/tmp/tmp4clt3r91/testControlByteCode/target/classes
[main] ERROR com.efluid.tcbc.TestControleFichiersEnDoublon - 	/home/jdbl/.m2/repository/commons-cli/commons-cli/1.2/commons-cli-1.2.jar
[main] ERROR com.efluid.tcbc.TestControleFichiersEnDoublon - [org.apache.commons.cli.OptionGroup.class]
[main] ERROR com.efluid.tcbc.TestControleFichiersEnDoublon - 	/tmp/tmp4clt3r91/testControlByteCode/target/classes
[main] ERROR com.efluid.tcbc.TestControleFichiersEnDoublon - 	/home/jdbl/.m2/repository/commons-cli/commons-cli/1.2/commons-cli-1.2.jar
[main] ERROR com.efluid.tcbc.TestControleFichiersEnDoublon - [org.apache.commons.cli.HelpFormatter$OptionComparator.class]
[main] ERROR com.efluid.tcbc.TestControleFichiersEnDoublon - 	/home/jdbl/.m2/repository/commons-cli/commons-cli/1.2/commons-cli-1.2.jar
[main] ERROR com.efluid.tcbc.TestControleFichiersEnDoublon - 	/tmp/tmp4clt3r91/testControlByteCode/target/classes
[main] ERROR com.efluid.tcbc.TestControleFichiersEnDoublon - [org.apache.commons.cli.MissingOptionException.class]
[main] ERROR com.efluid.tcbc.TestControleFichiersEnDoublon - 	/tmp/tmp4clt3r91/testControlByteCode/target/classes
[main] ERROR com.efluid.tcbc.TestControleFichiersEnDoublon - 	/home/jdbl/.m2/repository/commons-cli/commons-cli/1.2/commons-cli-1.2.jar
[main] ERROR com.efluid.tcbc.TestControleFichiersEnDoublon - [org.apache.commons.cli.PosixParser.class]
[main] ERROR com.efluid.tcbc.TestControleFichiersEnDoublon - 	/tmp/tmp4clt3r91/testControlByteCode/target/classes
[main] ERROR com.efluid.tcbc.TestControleFichiersEnDoublon - 	/home/jdbl/.m2/repository/commons-cli/commons-cli/1.2/commons-cli-1.2.jar
[main] ERROR com.efluid.tcbc.TestControleFichiersEnDoublon - [org.apache.commons.cli.OptionBuilder.class]
[main] ERROR com.efluid.tcbc.TestControleFichiersEnDoublon - 	/home/jdbl/.m2/repository/commons-cli/commons-cli/1.2/commons-cli-1.2.jar
[main] ERROR com.efluid.tcbc.TestControleFichiersEnDoublon - 	/tmp/tmp4clt3r91/testControlByteCode/target/classes
[main] ERROR com.efluid.tcbc.TestControleFichiersEnDoublon - [org.apache.commons.cli.HelpFormatter$1.class]
[main] ERROR com.efluid.tcbc.TestControleFichiersEnDoublon - 	/home/jdbl/.m2/repository/commons-cli/commons-cli/1.2/commons-cli-1.2.jar
[main] ERROR com.efluid.tcbc.TestControleFichiersEnDoublon - 	/tmp/tmp4clt3r91/testControlByteCode/target/classes
[main] ERROR com.efluid.tcbc.TestControleFichiersEnDoublon - [org.apache.commons.cli.PatternOptionBuilder.class]
[main] ERROR com.efluid.tcbc.TestControleFichiersEnDoublon - 	/home/jdbl/.m2/repository/commons-cli/commons-cli/1.2/commons-cli-1.2.jar
[main] ERROR com.efluid.tcbc.TestControleFichiersEnDoublon - 	/tmp/tmp4clt3r91/testControlByteCode/target/classes
[main] ERROR com.efluid.tcbc.TestControleFichiersEnDoublon - [org.apache.commons.cli.Parser.class]
[main] ERROR com.efluid.tcbc.TestControleFichiersEnDoublon - 	/tmp/tmp4clt3r91/testControlByteCode/target/classes
[main] ERROR com.efluid.tcbc.TestControleFichiersEnDoublon - 	/home/jdbl/.m2/repository/commons-cli/commons-cli/1.2/commons-cli-1.2.jar
[main] ERROR com.efluid.tcbc.TestControleFichiersEnDoublon - [org.apache.commons.cli.Util.class]
[main] ERROR com.efluid.tcbc.TestControleFichiersEnDoublon - 	/tmp/tmp4clt3r91/testControlByteCode/target/classes
[main] ERROR com.efluid.tcbc.TestControleFichiersEnDoublon - 	/home/jdbl/.m2/repository/commons-cli/commons-cli/1.2/commons-cli-1.2.jar
[main] ERROR com.efluid.tcbc.TestControleFichiersEnDoublon - [org.apache.commons.cli.CommandLineParser.class]
[main] ERROR com.efluid.tcbc.TestControleFichiersEnDoublon - 	/home/jdbl/.m2/repository/commons-cli/commons-cli/1.2/commons-cli-1.2.jar
[main] ERROR com.efluid.tcbc.TestControleFichiersEnDoublon - 	/tmp/tmp4clt3r91/testControlByteCode/target/classes
[main] ERROR com.efluid.tcbc.TestControleFichiersEnDoublon - [org.apache.commons.cli.CommandLine.class]
[main] ERROR com.efluid.tcbc.TestControleFichiersEnDoublon - 	/tmp/tmp4clt3r91/testControlByteCode/target/classes
[main] ERROR com.efluid.tcbc.TestControleFichiersEnDoublon - 	/home/jdbl/.m2/repository/commons-cli/commons-cli/1.2/commons-cli-1.2.jar
[main] ERROR com.efluid.tcbc.TestControleFichiersEnDoublon - [org.apache.commons.cli.Option.class]
[main] ERROR com.efluid.tcbc.TestControleFichiersEnDoublon - 	/tmp/tmp4clt3r91/testControlByteCode/target/classes
[main] ERROR com.efluid.tcbc.TestControleFichiersEnDoublon - 	/home/jdbl/.m2/repository/commons-cli/commons-cli/1.2/commons-cli-1.2.jar
[main] ERROR com.efluid.tcbc.TestControleFichiersEnDoublon - [org.junit.Ignore.class]
[main] ERROR com.efluid.tcbc.TestControleFichiersEnDoublon - 	/tmp/tmp4clt3r91/testControlByteCode/target/test-classes
[main] ERROR com.efluid.tcbc.TestControleFichiersEnDoublon - 	/home/jdbl/.m2/repository/junit/junit/4.12/junit-4.12.jar
[main] ERROR com.efluid.tcbc.TestControleFichiersEnDoublon - [org.apache.commons.cli.Options.class]
[main] ERROR com.efluid.tcbc.TestControleFichiersEnDoublon - 	/tmp/tmp4clt3r91/testControlByteCode/target/classes
[main] ERROR com.efluid.tcbc.TestControleFichiersEnDoublon - 	/home/jdbl/.m2/repository/commons-cli/commons-cli/1.2/commons-cli-1.2.jar
[main] ERROR com.efluid.tcbc.TestControleFichiersEnDoublon - [org.apache.commons.cli.AlreadySelectedException.class]
[main] ERROR com.efluid.tcbc.TestControleFichiersEnDoublon - 	/home/jdbl/.m2/repository/commons-cli/commons-cli/1.2/commons-cli-1.2.jar
[main] ERROR com.efluid.tcbc.TestControleFichiersEnDoublon - 	/tmp/tmp4clt3r91/testControlByteCode/target/classes
[main] ERROR com.efluid.tcbc.TestControleFichiersEnDoublon - Fichier trouves : 6700
[main] ERROR com.efluid.tcbc.TestControleFichiersEnDoublon - Fichiers en doublon : 24
[main] ERROR com.efluid.tcbc.TestControleFichiersEnDoublon - Fichiers en doublon exclus : 1
Tests run: 1, Failures: 1, Errors: 0, Skipped: 0, Time elapsed: 0.606 sec <<< FAILURE! - in com.efluid.example.TestExampleFichiersEnDoublons
execute(com.efluid.example.TestExampleFichiersEnDoublons)  Time elapsed: 0.474 sec  <<< FAILURE!
org.junit.ComparisonFailure: expected:<2[4]> but was:<2[]>
	at com.efluid.example.TestExampleFichiersEnDoublons.isValid(TestExampleFichiersEnDoublons.java:13)

Running com.efluid.example.TestExampleDependenceJar
[main] ERROR com.efluid.tcbc.process.ScanneClasspath - Configuration file not found : dependenceJar.yaml
[main] ERROR com.efluid.tcbc.process.ScanneClasspath - Scans jar : /home/jdbl/.m2/repository/junit/junit/4.12/junit-4.12.jar
[main] ERROR com.efluid.tcbc.process.ScanneClasspath - Scans jar : /home/jdbl/.m2/repository/org/hamcrest/hamcrest-core/1.3/hamcrest-core-1.3.jar
[main] ERROR com.efluid.tcbc.process.ScanneClasspath - Scans jar : /home/jdbl/.m2/repository/org/slf4j/slf4j-api/1.7.25/slf4j-api-1.7.25.jar
[main] ERROR com.efluid.tcbc.process.ScanneClasspath - Scans jar : /home/jdbl/.m2/repository/org/yaml/snakeyaml/1.23/snakeyaml-1.23.jar
[main] ERROR com.efluid.tcbc.process.ScanneClasspath - Scans jar : /home/jdbl/.m2/repository/org/assertj/assertj-core/3.11.1/assertj-core-3.11.1.jar
[main] ERROR com.efluid.tcbc.process.ScanneClasspath - Scans jar : /home/jdbl/.m2/repository/net/bytebuddy/byte-buddy/1.9.13/byte-buddy-1.9.13.jar
[main] ERROR com.efluid.tcbc.process.ScanneClasspath - Scans jar : /home/jdbl/.m2/repository/org/javassist/javassist/3.24.0-GA/javassist-3.24.0-GA.jar
[main] ERROR com.efluid.tcbc.process.ScanneClasspath - Scans jar : /home/jdbl/.m2/repository/org/slf4j/slf4j-simple/1.7.25/slf4j-simple-1.7.25.jar
[main] ERROR com.efluid.tcbc.process.ScanneClasspath - Scans jar : /home/jdbl/.m2/repository/commons-cli/commons-cli/1.2/commons-cli-1.2.jar
[main] ERROR com.efluid.tcbc.process.ScanneClasspath - Scans jar : /home/jdbl/.m2/repository/org/mockito/mockito-core/2.10.0/mockito-core-2.10.0.jar
[main] ERROR com.efluid.tcbc.process.ScanneClasspath - Scans jar : /home/jdbl/.m2/repository/net/bytebuddy/byte-buddy-agent/1.7.4/byte-buddy-agent-1.7.4.jar
[main] ERROR com.efluid.tcbc.process.ScanneClasspath - Scans jar : /home/jdbl/.m2/repository/org/objenesis/objenesis/2.6/objenesis-2.6.jar
[main] ERROR com.efluid.tcbc.TestDependenceJar - Dependences of /home/jdbl/.m2/repository/junit/junit/4.12/junit-4.12.jar :
[main] ERROR com.efluid.tcbc.TestDependenceJar - 	reference 45 type class of home/jdbl/.m2/repository/org/hamcrest/hamcrest-core/1.3/hamcrest-core-1.3.jar
[main] ERROR com.efluid.tcbc.TestDependenceJar - 	reference 1573 type class of home/jdbl/.m2/repository/junit/junit/4.12/junit-4.12.jar
[main] ERROR com.efluid.tcbc.TestDependenceJar - Dependences of /tmp/tmp4clt3r91/testControlByteCode/target/classes :
[main] ERROR com.efluid.tcbc.TestDependenceJar - 	reference 7 type class of home/jdbl/.m2/repository/org/assertj/assertj-core/3.11.1/assertj-core-3.11.1.jar
[main] ERROR com.efluid.tcbc.TestDependenceJar - 	reference 335 type class of tmp/tmp4clt3r91/testControlByteCode/target/classes
[main] ERROR com.efluid.tcbc.TestDependenceJar - 	reference 2 type class of home/jdbl/.m2/repository/org/yaml/snakeyaml/1.23/snakeyaml-1.23.jar
[main] ERROR com.efluid.tcbc.TestDependenceJar - 	reference 23 type class of home/jdbl/.m2/repository/org/slf4j/slf4j-api/1.7.25/slf4j-api-1.7.25.jar
[main] ERROR com.efluid.tcbc.TestDependenceJar - 	reference 20 type class of home/jdbl/.m2/repository/org/javassist/javassist/3.24.0-GA/javassist-3.24.0-GA.jar
[main] ERROR com.efluid.tcbc.TestDependenceJar - Dependences of /home/jdbl/.m2/repository/org/yaml/snakeyaml/1.23/snakeyaml-1.23.jar :
[main] ERROR com.efluid.tcbc.TestDependenceJar - 	reference 1504 type class of home/jdbl/.m2/repository/org/yaml/snakeyaml/1.23/snakeyaml-1.23.jar
[main] ERROR com.efluid.tcbc.TestDependenceJar - Dependences of /home/jdbl/.m2/repository/net/bytebuddy/byte-buddy-agent/1.7.4/byte-buddy-agent-1.7.4.jar :
[main] ERROR com.efluid.tcbc.TestDependenceJar - 	reference 70 type class of home/jdbl/.m2/repository/net/bytebuddy/byte-buddy-agent/1.7.4/byte-buddy-agent-1.7.4.jar
[main] ERROR com.efluid.tcbc.TestDependenceJar - Dependences of /home/jdbl/.m2/repository/org/assertj/assertj-core/3.11.1/assertj-core-3.11.1.jar :
[main] ERROR com.efluid.tcbc.TestDependenceJar - 	reference 5 type class of home/jdbl/.m2/repository/org/hamcrest/hamcrest-core/1.3/hamcrest-core-1.3.jar
[main] ERROR com.efluid.tcbc.TestDependenceJar - 	reference 3 type class of home/jdbl/.m2/repository/junit/junit/4.12/junit-4.12.jar
[main] ERROR com.efluid.tcbc.TestDependenceJar - 	reference 19800 type class of home/jdbl/.m2/repository/org/assertj/assertj-core/3.11.1/assertj-core-3.11.1.jar
[main] ERROR com.efluid.tcbc.TestDependenceJar - Dependences of /home/jdbl/.m2/repository/commons-cli/commons-cli/1.2/commons-cli-1.2.jar :
[main] ERROR com.efluid.tcbc.TestDependenceJar - 	reference 163 type class of tmp/tmp4clt3r91/testControlByteCode/target/classes
[main] ERROR com.efluid.tcbc.TestDependenceJar - Dependences of /home/jdbl/.m2/repository/org/hamcrest/hamcrest-core/1.3/hamcrest-core-1.3.jar :
[main] ERROR com.efluid.tcbc.TestDependenceJar - 	reference 227 type class of home/jdbl/.m2/repository/org/hamcrest/hamcrest-core/1.3/hamcrest-core-1.3.jar
[main] ERROR com.efluid.tcbc.TestDependenceJar - Dependences of /home/jdbl/.m2/repository/net/bytebuddy/byte-buddy/1.9.13/byte-buddy-1.9.13.jar :
[main] ERROR com.efluid.tcbc.TestDependenceJar - 	reference 14241 type class of home/jdbl/.m2/repository/net/bytebuddy/byte-buddy/1.9.13/byte-buddy-1.9.13.jar
[main] ERROR com.efluid.tcbc.TestDependenceJar - Dependences of /home/jdbl/.m2/repository/org/javassist/javassist/3.24.0-GA/javassist-3.24.0-GA.jar :
[main] ERROR com.efluid.tcbc.TestDependenceJar - 	reference 5450 type class of home/jdbl/.m2/repository/org/javassist/javassist/3.24.0-GA/javassist-3.24.0-GA.jar
[main] ERROR com.efluid.tcbc.TestDependenceJar - Dependences of /home/jdbl/.m2/repository/org/objenesis/objenesis/2.6/objenesis-2.6.jar :
[main] ERROR com.efluid.tcbc.TestDependenceJar - 	reference 107 type class of home/jdbl/.m2/repository/org/objenesis/objenesis/2.6/objenesis-2.6.jar
[main] ERROR com.efluid.tcbc.TestDependenceJar - Dependences of /home/jdbl/.m2/repository/org/slf4j/slf4j-simple/1.7.25/slf4j-simple-1.7.25.jar :
[main] ERROR com.efluid.tcbc.TestDependenceJar - 	reference 36 type class of home/jdbl/.m2/repository/org/slf4j/slf4j-simple/1.7.25/slf4j-simple-1.7.25.jar
[main] ERROR com.efluid.tcbc.TestDependenceJar - 	reference 14 type class of home/jdbl/.m2/repository/org/slf4j/slf4j-api/1.7.25/slf4j-api-1.7.25.jar
[main] ERROR com.efluid.tcbc.TestDependenceJar - Dependences of /home/jdbl/.m2/repository/org/slf4j/slf4j-api/1.7.25/slf4j-api-1.7.25.jar :
[main] ERROR com.efluid.tcbc.TestDependenceJar - 	reference 7 type class of home/jdbl/.m2/repository/org/slf4j/slf4j-simple/1.7.25/slf4j-simple-1.7.25.jar
[main] ERROR com.efluid.tcbc.TestDependenceJar - 	reference 213 type class of home/jdbl/.m2/repository/org/slf4j/slf4j-api/1.7.25/slf4j-api-1.7.25.jar
[main] ERROR com.efluid.tcbc.TestDependenceJar - Dependences of /tmp/tmp4clt3r91/testControlByteCode/target/test-classes :
[main] ERROR com.efluid.tcbc.TestDependenceJar - 	reference 8 type class of tmp/tmp4clt3r91/testControlByteCode/target/test-classes
[main] ERROR com.efluid.tcbc.TestDependenceJar - 	reference 8 type class of home/jdbl/.m2/repository/net/bytebuddy/byte-buddy/1.9.13/byte-buddy-1.9.13.jar
[main] ERROR com.efluid.tcbc.TestDependenceJar - 	reference 23 type class of home/jdbl/.m2/repository/org/assertj/assertj-core/3.11.1/assertj-core-3.11.1.jar
[main] ERROR com.efluid.tcbc.TestDependenceJar - 	reference 1 type class of home/jdbl/.m2/repository/org/slf4j/slf4j-api/1.7.25/slf4j-api-1.7.25.jar
[main] ERROR com.efluid.tcbc.TestDependenceJar - 	reference 1 type class of home/jdbl/.m2/repository/org/mockito/mockito-core/2.10.0/mockito-core-2.10.0.jar
[main] ERROR com.efluid.tcbc.TestDependenceJar - 	reference 12 type class of tmp/tmp4clt3r91/testControlByteCode/target/classes
[main] ERROR com.efluid.tcbc.TestDependenceJar - Dependences of /home/jdbl/.m2/repository/org/mockito/mockito-core/2.10.0/mockito-core-2.10.0.jar :
[main] ERROR com.efluid.tcbc.TestDependenceJar - 	reference 71 type class of home/jdbl/.m2/repository/net/bytebuddy/byte-buddy/1.9.13/byte-buddy-1.9.13.jar
[main] ERROR com.efluid.tcbc.TestDependenceJar - 	reference 3 type class of home/jdbl/.m2/repository/org/objenesis/objenesis/2.6/objenesis-2.6.jar
[main] ERROR com.efluid.tcbc.TestDependenceJar - 	reference 32 type class of home/jdbl/.m2/repository/junit/junit/4.12/junit-4.12.jar
[main] ERROR com.efluid.tcbc.TestDependenceJar - 	reference 2 type class of home/jdbl/.m2/repository/org/hamcrest/hamcrest-core/1.3/hamcrest-core-1.3.jar
[main] ERROR com.efluid.tcbc.TestDependenceJar - 	reference 2061 type class of home/jdbl/.m2/repository/org/mockito/mockito-core/2.10.0/mockito-core-2.10.0.jar
[main] ERROR com.efluid.tcbc.TestDependenceJar - 	reference 1 type class of home/jdbl/.m2/repository/net/bytebuddy/byte-buddy-agent/1.7.4/byte-buddy-agent-1.7.4.jar
[main] ERROR com.efluid.tcbc.TestDependenceJar - Total reference :
[main] ERROR com.efluid.tcbc.TestDependenceJar - 	reference 8 type class of tmp/tmp4clt3r91/testControlByteCode/target/test-classes
[main] ERROR com.efluid.tcbc.TestDependenceJar - 	reference 71 type class of home/jdbl/.m2/repository/net/bytebuddy/byte-buddy-agent/1.7.4/byte-buddy-agent-1.7.4.jar
[main] ERROR com.efluid.tcbc.TestDependenceJar - 	reference 5470 type class of home/jdbl/.m2/repository/org/javassist/javassist/3.24.0-GA/javassist-3.24.0-GA.jar
[main] ERROR com.efluid.tcbc.TestDependenceJar - 	reference 510 type class of tmp/tmp4clt3r91/testControlByteCode/target/classes
[main] ERROR com.efluid.tcbc.TestDependenceJar - 	reference 43 type class of home/jdbl/.m2/repository/org/slf4j/slf4j-simple/1.7.25/slf4j-simple-1.7.25.jar
[main] ERROR com.efluid.tcbc.TestDependenceJar - 	reference 279 type class of home/jdbl/.m2/repository/org/hamcrest/hamcrest-core/1.3/hamcrest-core-1.3.jar
[main] ERROR com.efluid.tcbc.TestDependenceJar - 	reference 251 type class of home/jdbl/.m2/repository/org/slf4j/slf4j-api/1.7.25/slf4j-api-1.7.25.jar
[main] ERROR com.efluid.tcbc.TestDependenceJar - 	reference 2062 type class of home/jdbl/.m2/repository/org/mockito/mockito-core/2.10.0/mockito-core-2.10.0.jar
[main] ERROR com.efluid.tcbc.TestDependenceJar - 	reference 19830 type class of home/jdbl/.m2/repository/org/assertj/assertj-core/3.11.1/assertj-core-3.11.1.jar
[main] ERROR com.efluid.tcbc.TestDependenceJar - 	reference 1608 type class of home/jdbl/.m2/repository/junit/junit/4.12/junit-4.12.jar
[main] ERROR com.efluid.tcbc.TestDependenceJar - 	reference 1506 type class of home/jdbl/.m2/repository/org/yaml/snakeyaml/1.23/snakeyaml-1.23.jar
[main] ERROR com.efluid.tcbc.TestDependenceJar - 	reference 14320 type class of home/jdbl/.m2/repository/net/bytebuddy/byte-buddy/1.9.13/byte-buddy-1.9.13.jar
[main] ERROR com.efluid.tcbc.TestDependenceJar - 	reference 110 type class of home/jdbl/.m2/repository/org/objenesis/objenesis/2.6/objenesis-2.6.jar
[main] ERROR com.efluid.tcbc.TestDependenceJar - 
[main] ERROR com.efluid.tcbc.TestDependenceJar - jar not referenced : /home/jdbl/.m2/repository/commons-cli/commons-cli/1.2/commons-cli-1.2.jar
[main] ERROR com.efluid.tcbc.TestDependenceJar - jar not referenced : /home/jdbl/.m2/repository/junit/junit/4.12/junit-4.12.jar
[main] ERROR com.efluid.tcbc.TestDependenceJar - jar not referenced : /home/jdbl/.m2/repository/net/bytebuddy/byte-buddy-agent/1.7.4/byte-buddy-agent-1.7.4.jar
[main] ERROR com.efluid.tcbc.TestDependenceJar - jar not referenced : /home/jdbl/.m2/repository/net/bytebuddy/byte-buddy/1.9.13/byte-buddy-1.9.13.jar
[main] ERROR com.efluid.tcbc.TestDependenceJar - jar not referenced : /home/jdbl/.m2/repository/org/assertj/assertj-core/3.11.1/assertj-core-3.11.1.jar
[main] ERROR com.efluid.tcbc.TestDependenceJar - jar not referenced : /home/jdbl/.m2/repository/org/hamcrest/hamcrest-core/1.3/hamcrest-core-1.3.jar
[main] ERROR com.efluid.tcbc.TestDependenceJar - jar not referenced : /home/jdbl/.m2/repository/org/javassist/javassist/3.24.0-GA/javassist-3.24.0-GA.jar
[main] ERROR com.efluid.tcbc.TestDependenceJar - jar not referenced : /home/jdbl/.m2/repository/org/mockito/mockito-core/2.10.0/mockito-core-2.10.0.jar
[main] ERROR com.efluid.tcbc.TestDependenceJar - jar not referenced : /home/jdbl/.m2/repository/org/objenesis/objenesis/2.6/objenesis-2.6.jar
[main] ERROR com.efluid.tcbc.TestDependenceJar - jar not referenced : /home/jdbl/.m2/repository/org/slf4j/slf4j-api/1.7.25/slf4j-api-1.7.25.jar
[main] ERROR com.efluid.tcbc.TestDependenceJar - jar not referenced : /home/jdbl/.m2/repository/org/slf4j/slf4j-simple/1.7.25/slf4j-simple-1.7.25.jar
[main] ERROR com.efluid.tcbc.TestDependenceJar - jar not referenced : /home/jdbl/.m2/repository/org/yaml/snakeyaml/1.23/snakeyaml-1.23.jar
[main] ERROR com.efluid.tcbc.TestDependenceJar - jar not referenced : /tmp/tmp4clt3r91/testControlByteCode/target/classes
[main] ERROR com.efluid.tcbc.TestDependenceJar - jar not referenced : /tmp/tmp4clt3r91/testControlByteCode/target/test-classes
Tests run: 1, Failures: 0, Errors: 0, Skipped: 0, Time elapsed: 6.19 sec - in com.efluid.example.TestExampleDependenceJar
Running com.efluid.example.TestExampleAPIsDependenceJar
[main] ERROR com.efluid.tcbc.process.ScanneClasspath - Jars excluded : [assertj-core, idea_rt, junit-rt, junit5-rt]
[main] ERROR com.efluid.tcbc.process.ScanneClasspath - Exclusion des fichiers a ne pas traiter : []
[main] ERROR com.efluid.tcbc.process.ScanneClasspath - Erreurs a ne pas traiter: []
[main] ERROR com.efluid.tcbc.process.ScanneClasspath - Scans jar : /home/jdbl/.m2/repository/junit/junit/4.12/junit-4.12.jar
[main] ERROR com.efluid.tcbc.process.ScanneClasspath - Scans jar : /home/jdbl/.m2/repository/org/hamcrest/hamcrest-core/1.3/hamcrest-core-1.3.jar
[main] ERROR com.efluid.tcbc.process.ScanneClasspath - Scans jar : /home/jdbl/.m2/repository/org/slf4j/slf4j-api/1.7.25/slf4j-api-1.7.25.jar
[main] ERROR com.efluid.tcbc.process.ScanneClasspath - Scans jar : /home/jdbl/.m2/repository/org/yaml/snakeyaml/1.23/snakeyaml-1.23.jar
[main] ERROR com.efluid.tcbc.process.ScanneClasspath - Scans jar : /home/jdbl/.m2/repository/org/javassist/javassist/3.24.0-GA/javassist-3.24.0-GA.jar
[main] ERROR com.efluid.tcbc.TestControleByteCode - com.sun.tools.attach.VirtualMachine# - java.lang.ClassNotFoundException: com.sun.tools.attach.VirtualMachine
[main] ERROR com.efluid.tcbc.TestControleByteCode - com.sun.tools.attach.VirtualMachine# - java.lang.ClassNotFoundException: com.sun.tools.attach.VirtualMachine
[main] ERROR com.efluid.tcbc.TestControleByteCode - com.sun.tools.attach.VirtualMachine# - java.lang.ClassNotFoundException: com.sun.tools.attach.VirtualMachine
[main] ERROR com.efluid.tcbc.TestControleByteCode - javassist.util.HotSwapper# - java.lang.NoClassDefFoundError: com/sun/jdi/request/EventRequest
[main] ERROR com.efluid.tcbc.TestControleByteCode - com.sun.jdi.event.EventSet# - java.lang.ClassNotFoundException: com.sun.jdi.event.EventSet
[main] ERROR com.efluid.tcbc.TestControleByteCode - com.sun.jdi.event.EventIterator# - java.lang.ClassNotFoundException: com.sun.jdi.event.EventIterator
[main] ERROR com.efluid.tcbc.TestControleByteCode - com.sun.jdi.event.EventIterator# - java.lang.ClassNotFoundException: com.sun.jdi.event.EventIterator
[main] ERROR com.efluid.tcbc.TestControleByteCode - javassist.util.HotSwapper# - java.lang.NoClassDefFoundError: com/sun/jdi/request/EventRequest
[main] ERROR com.efluid.tcbc.TestControleByteCode - com.sun.jdi.event.EventSet# - java.lang.ClassNotFoundException: com.sun.jdi.event.EventSet
[main] ERROR com.efluid.tcbc.TestControleByteCode - javassist.util.HotSwapper# - java.lang.NoClassDefFoundError: com/sun/jdi/request/EventRequest
[main] ERROR com.efluid.tcbc.TestControleByteCode - java.lang.Module# - java.lang.ClassNotFoundException: java.lang.Module
[main] ERROR com.efluid.tcbc.process.ScanneClasspath - Scans jar : /home/jdbl/.m2/repository/org/slf4j/slf4j-simple/1.7.25/slf4j-simple-1.7.25.jar
[main] ERROR com.efluid.tcbc.process.ScanneClasspath - Scans jar : /home/jdbl/.m2/repository/commons-cli/commons-cli/1.2/commons-cli-1.2.jar
[main] ERROR com.efluid.tcbc.process.ScanneClasspath - Scans jar : /home/jdbl/.m2/repository/org/mockito/mockito-core/2.10.0/mockito-core-2.10.0.jar
[main] ERROR com.efluid.tcbc.process.ScanneClasspath - Scans jar : /home/jdbl/.m2/repository/org/objenesis/objenesis/2.6/objenesis-2.6.jar
[main] ERROR com.efluid.tcbc.process.BilanControleByteCode - |=== /home/jdbl/.m2/repository/org/javassist/javassist/3.24.0-GA/javassist-3.24.0-GA.jar ===|
[main] ERROR com.efluid.tcbc.process.BilanControleByteCode - 	|=== Classes en erreur ===|
[main] ERROR com.efluid.tcbc.process.BilanControleByteCode - 		javassist.util.proxy.DefineClassHelper : 1 erreur(s)
[main] ERROR com.efluid.tcbc.process.BilanControleByteCode - 			java.lang.Module# - java.lang.ClassNotFoundException: java.lang.Module
[main] ERROR com.efluid.tcbc.process.BilanControleByteCode - 		javassist.util.HotSwapper : 1 erreur(s)
[main] ERROR com.efluid.tcbc.process.BilanControleByteCode - 			javassist.util.HotSwapper# - java.lang.NoClassDefFoundError: com/sun/jdi/request/EventRequest
[main] ERROR com.efluid.tcbc.process.BilanControleByteCode - 		javassist.util.HotSwapper$1 : 6 erreur(s)
[main] ERROR com.efluid.tcbc.process.BilanControleByteCode - 			javassist.util.HotSwapper# - java.lang.NoClassDefFoundError: com/sun/jdi/request/EventRequest
[main] ERROR com.efluid.tcbc.process.BilanControleByteCode - 			com.sun.jdi.event.EventSet# - java.lang.ClassNotFoundException: com.sun.jdi.event.EventSet
[main] ERROR com.efluid.tcbc.process.BilanControleByteCode - 			com.sun.jdi.event.EventIterator# - java.lang.ClassNotFoundException: com.sun.jdi.event.EventIterator
[main] ERROR com.efluid.tcbc.process.BilanControleByteCode - 			com.sun.jdi.event.EventIterator# - java.lang.ClassNotFoundException: com.sun.jdi.event.EventIterator
[main] ERROR com.efluid.tcbc.process.BilanControleByteCode - 			javassist.util.HotSwapper# - java.lang.NoClassDefFoundError: com/sun/jdi/request/EventRequest
[main] ERROR com.efluid.tcbc.process.BilanControleByteCode - 			com.sun.jdi.event.EventSet# - java.lang.ClassNotFoundException: com.sun.jdi.event.EventSet
[main] ERROR com.efluid.tcbc.process.BilanControleByteCode - 		javassist.util.HotSwapAgent : 3 erreur(s)
[main] ERROR com.efluid.tcbc.process.BilanControleByteCode - 			com.sun.tools.attach.VirtualMachine# - java.lang.ClassNotFoundException: com.sun.tools.attach.VirtualMachine
[main] ERROR com.efluid.tcbc.process.BilanControleByteCode - 			com.sun.tools.attach.VirtualMachine# - java.lang.ClassNotFoundException: com.sun.tools.attach.VirtualMachine
[main] ERROR com.efluid.tcbc.process.BilanControleByteCode - 			com.sun.tools.attach.VirtualMachine# - java.lang.ClassNotFoundException: com.sun.tools.attach.VirtualMachine
[main] ERROR com.efluid.tcbc.process.BilanControleByteCode - Classes en erreur lors du chargement : 0
[main] ERROR com.efluid.tcbc.process.BilanControleByteCode - Jars en erreur : 1
[main] ERROR com.efluid.tcbc.process.BilanControleByteCode - === Synth√®se classes en erreur (4) ===
[main] ERROR com.efluid.tcbc.process.BilanControleByteCode - 	/home/jdbl/.m2/repository/org/javassist/javassist/3.24.0-GA/javassist-3.24.0-GA.jar : 4

[main] ERROR com.efluid.tcbc.process.BilanControleByteCode - Nombre d'erreurs totales : 11
[main] ERROR com.efluid.tcbc.process.ScanneClasspath - |==== Apis used of library : bytebuddy ====|
[main] ERROR com.efluid.tcbc.process.ScanneClasspath - 	com.efluid.example.TestExampleControlByteCode use : class net.bytebuddy.ByteBuddy <init> ()V
[main] ERROR com.efluid.tcbc.process.ScanneClasspath - 	com.efluid.example.TestExampleControlByteCode use : class net.bytebuddy.ByteBuddy subclass (Ljava/lang/Class;)Lnet/bytebuddy/dynamic/DynamicType$Builder;
[main] ERROR com.efluid.tcbc.process.ScanneClasspath - 	com.efluid.example.TestExampleControlByteCode use : class net.bytebuddy.implementation.FixedValue nullValue ()Lnet/bytebuddy/implementation/Implementation;
[main] ERROR com.efluid.tcbc.process.ScanneClasspath - 	com.efluid.example.TestExampleControlByteCode use : interface net.bytebuddy.dynamic.DynamicType$Builder defineMethod (Ljava/lang/String;Ljava/lang/reflect/Type;[Lnet/bytebuddy/description/modifier/ModifierContributor$ForMethod;)Lnet/bytebuddy/dynamic/DynamicType$Builder$MethodDefinition$ParameterDefinition$Initial;
[main] ERROR com.efluid.tcbc.process.ScanneClasspath - 	com.efluid.example.TestExampleControlByteCode use : interface net.bytebuddy.dynamic.DynamicType$Builder name (Ljava/lang/String;)Lnet/bytebuddy/dynamic/DynamicType$Builder;
[main] ERROR com.efluid.tcbc.process.ScanneClasspath - 	com.efluid.example.TestExampleControlByteCode use : interface net.bytebuddy.dynamic.DynamicType$Builder$MethodDefinition$ParameterDefinition$Initial intercept (Lnet/bytebuddy/implementation/Implementation;)Lnet/bytebuddy/dynamic/DynamicType$Builder$MethodDefinition$ReceiverTypeDefinition;
[main] ERROR com.efluid.tcbc.process.ScanneClasspath - 	com.efluid.example.TestExampleControlByteCode use : interface net.bytebuddy.dynamic.DynamicType$Builder$MethodDefinition$ReceiverTypeDefinition make ()Lnet/bytebuddy/dynamic/DynamicType$Unloaded;
[main] ERROR com.efluid.tcbc.process.ScanneClasspath - 	com.efluid.example.TestExampleControlByteCode use : interface net.bytebuddy.dynamic.DynamicType$Unloaded saveIn (Ljava/io/File;)Ljava/util/Map;
[main] ERROR com.efluid.tcbc.process.ScanneClasspath - 	org.mockito.internal.creation.bytebuddy.InlineByteBuddyMockMaker use : class net.bytebuddy.agent.ByteBuddyAgent install ()Ljava/lang/instrument/Instrumentation;
[main] ERROR com.efluid.tcbc.process.ScanneClasspath - 	org.mockito.internal.creation.bytebuddy.InlineBytecodeGenerator use : class net.bytebuddy.ByteBuddy <init> ()V
[main] ERROR com.efluid.tcbc.process.ScanneClasspath - 	org.mockito.internal.creation.bytebuddy.InlineBytecodeGenerator use : class net.bytebuddy.ByteBuddy redefine (Ljava/lang/Class;Lnet/bytebuddy/dynamic/ClassFileLocator;)Lnet/bytebuddy/dynamic/DynamicType$Builder;
[main] ERROR com.efluid.tcbc.process.ScanneClasspath - 	org.mockito.internal.creation.bytebuddy.InlineBytecodeGenerator use : class net.bytebuddy.ByteBuddy with (Lnet/bytebuddy/dynamic/scaffold/TypeValidation;)Lnet/bytebuddy/ByteBuddy;
[main] ERROR com.efluid.tcbc.process.ScanneClasspath - 	org.mockito.internal.creation.bytebuddy.InlineBytecodeGenerator use : class net.bytebuddy.ByteBuddy with (Lnet/bytebuddy/implementation/Implementation$Context$Factory;)Lnet/bytebuddy/ByteBuddy;
[main] ERROR com.efluid.tcbc.process.ScanneClasspath - 	org.mockito.internal.creation.bytebuddy.InlineBytecodeGenerator use : class net.bytebuddy.asm.Advice on (Lnet/bytebuddy/matcher/ElementMatcher;)Lnet/bytebuddy/asm/AsmVisitorWrapper$ForDeclaredMethods;
[main] ERROR com.efluid.tcbc.process.ScanneClasspath - 	org.mockito.internal.creation.bytebuddy.InlineBytecodeGenerator use : class net.bytebuddy.asm.Advice withCustomMapping ()Lnet/bytebuddy/asm/Advice$WithCustomMapping;
[main] ERROR com.efluid.tcbc.process.ScanneClasspath - 	org.mockito.internal.creation.bytebuddy.InlineBytecodeGenerator use : class net.bytebuddy.asm.Advice$WithCustomMapping bind (Ljava/lang/Class;Ljava/lang/Object;)Lnet/bytebuddy/asm/Advice$WithCustomMapping;
[main] ERROR com.efluid.tcbc.process.ScanneClasspath - 	org.mockito.internal.creation.bytebuddy.InlineBytecodeGenerator use : class net.bytebuddy.asm.Advice$WithCustomMapping to (Ljava/lang/Class;)Lnet/bytebuddy/asm/Advice;
[main] ERROR com.efluid.tcbc.process.ScanneClasspath - 	org.mockito.internal.creation.bytebuddy.InlineBytecodeGenerator use : class net.bytebuddy.dynamic.ClassFileLocator$Simple of (Ljava/lang/String;[B)Lnet/bytebuddy/dynamic/ClassFileLocator;
[main] ERROR com.efluid.tcbc.process.ScanneClasspath - 	org.mockito.internal.creation.bytebuddy.InlineBytecodeGenerator use : class net.bytebuddy.implementation.MethodDelegation withDefaultConfiguration ()Lnet/bytebuddy/implementation/MethodDelegation$WithCustomProperties;
[main] ERROR com.efluid.tcbc.process.ScanneClasspath - 	org.mockito.internal.creation.bytebuddy.InlineBytecodeGenerator use : class net.bytebuddy.implementation.MethodDelegation$WithCustomProperties to (Ljava/lang/Class;)Lnet/bytebuddy/implementation/MethodDelegation;
[main] ERROR com.efluid.tcbc.process.ScanneClasspath - 	org.mockito.internal.creation.bytebuddy.InlineBytecodeGenerator use : class net.bytebuddy.implementation.MethodDelegation$WithCustomProperties withBinders ([Lnet/bytebuddy/implementation/bind/annotation/TargetMethodAnnotationDrivenBinder$ParameterBinder;)Lnet/bytebuddy/implementation/MethodDelegation$WithCustomProperties;
[main] ERROR com.efluid.tcbc.process.ScanneClasspath - 	org.mockito.internal.creation.bytebuddy.InlineBytecodeGenerator use : class net.bytebuddy.implementation.bind.annotation.TargetMethodAnnotationDrivenBinder$ParameterBinder$ForFixedValue$OfConstant of (Ljava/lang/Class;Ljava/lang/Object;)Lnet/bytebuddy/implementation/bind/annotation/TargetMethodAnnotationDrivenBinder$ParameterBinder;
[main] ERROR com.efluid.tcbc.process.ScanneClasspath - 	org.mockito.internal.creation.bytebuddy.InlineBytecodeGenerator use : class net.bytebuddy.matcher.ElementMatchers isAbstract ()Lnet/bytebuddy/matcher/ElementMatcher$Junction;
[main] ERROR com.efluid.tcbc.process.ScanneClasspath - 	org.mockito.internal.creation.bytebuddy.InlineBytecodeGenerator use : class net.bytebuddy.matcher.ElementMatchers isBridge ()Lnet/bytebuddy/matcher/ElementMatcher$Junction;
[main] ERROR com.efluid.tcbc.process.ScanneClasspath - 	org.mockito.internal.creation.bytebuddy.InlineBytecodeGenerator use : class net.bytebuddy.matcher.ElementMatchers isDeclaredBy (Lnet/bytebuddy/matcher/ElementMatcher;)Lnet/bytebuddy/matcher/ElementMatcher$Junction;
[main] ERROR com.efluid.tcbc.process.ScanneClasspath - 	org.mockito.internal.creation.bytebuddy.InlineBytecodeGenerator use : class net.bytebuddy.matcher.ElementMatchers isDefaultFinalizer ()Lnet/bytebuddy/matcher/ElementMatcher$Junction;
[main] ERROR com.efluid.tcbc.process.ScanneClasspath - 	org.mockito.internal.creation.bytebuddy.InlineBytecodeGenerator use : class net.bytebuddy.matcher.ElementMatchers isEquals ()Lnet/bytebuddy/matcher/ElementMatcher$Junction;
[main] ERROR com.efluid.tcbc.process.ScanneClasspath - 	org.mockito.internal.creation.bytebuddy.InlineBytecodeGenerator use : class net.bytebuddy.matcher.ElementMatchers isHashCode ()Lnet/bytebuddy/matcher/ElementMatcher$Junction;
[main] ERROR com.efluid.tcbc.process.ScanneClasspath - 	org.mockito.internal.creation.bytebuddy.InlineBytecodeGenerator use : class net.bytebuddy.matcher.ElementMatchers isNative ()Lnet/bytebuddy/matcher/ElementMatcher$Junction;
[main] ERROR com.efluid.tcbc.process.ScanneClasspath - 	org.mockito.internal.creation.bytebuddy.InlineBytecodeGenerator use : class net.bytebuddy.matcher.ElementMatchers isPackagePrivate ()Lnet/bytebuddy/matcher/ElementMatcher$Junction;
[main] ERROR com.efluid.tcbc.process.ScanneClasspath - 	org.mockito.internal.creation.bytebuddy.InlineBytecodeGenerator use : class net.bytebuddy.matcher.ElementMatchers isToString ()Lnet/bytebuddy/matcher/ElementMatcher$Junction;
[main] ERROR com.efluid.tcbc.process.ScanneClasspath - 	org.mockito.internal.creation.bytebuddy.InlineBytecodeGenerator use : class net.bytebuddy.matcher.ElementMatchers isVirtual ()Lnet/bytebuddy/matcher/ElementMatcher$Junction;
[main] ERROR com.efluid.tcbc.process.ScanneClasspath - 	org.mockito.internal.creation.bytebuddy.InlineBytecodeGenerator use : class net.bytebuddy.matcher.ElementMatchers nameStartsWith (Ljava/lang/String;)Lnet/bytebuddy/matcher/ElementMatcher$Junction;
[main] ERROR com.efluid.tcbc.process.ScanneClasspath - 	org.mockito.internal.creation.bytebuddy.InlineBytecodeGenerator use : class net.bytebuddy.matcher.ElementMatchers not (Lnet/bytebuddy/matcher/ElementMatcher;)Lnet/bytebuddy/matcher/ElementMatcher$Junction;
[main] ERROR com.efluid.tcbc.process.ScanneClasspath - 	org.mockito.internal.creation.bytebuddy.InlineBytecodeGenerator use : class net.bytebuddy.utility.RandomString make ()Ljava/lang/String;
[main] ERROR com.efluid.tcbc.process.ScanneClasspath - 	org.mockito.internal.creation.bytebuddy.InlineBytecodeGenerator use : interface net.bytebuddy.dynamic.DynamicType$Builder make ()Lnet/bytebuddy/dynamic/DynamicType$Unloaded;
[main] ERROR com.efluid.tcbc.process.ScanneClasspath - 	org.mockito.internal.creation.bytebuddy.InlineBytecodeGenerator use : interface net.bytebuddy.dynamic.DynamicType$Builder visit (Lnet/bytebuddy/asm/AsmVisitorWrapper;)Lnet/bytebuddy/dynamic/DynamicType$Builder;
[main] ERROR com.efluid.tcbc.process.ScanneClasspath - 	org.mockito.internal.creation.bytebuddy.InlineBytecodeGenerator use : interface net.bytebuddy.dynamic.DynamicType$Unloaded getBytes ()[B
[main] ERROR com.efluid.tcbc.process.ScanneClasspath - 	org.mockito.internal.creation.bytebuddy.InlineBytecodeGenerator use : interface net.bytebuddy.matcher.ElementMatcher$Junction and (Lnet/bytebuddy/matcher/ElementMatcher;)Lnet/bytebuddy/matcher/ElementMatcher$Junction;
[main] ERROR com.efluid.tcbc.process.ScanneClasspath - 	org.mockito.internal.creation.bytebuddy.InlineBytecodeGenerator use : interface net.bytebuddy.matcher.ElementMatcher$Junction or (Lnet/bytebuddy/matcher/ElementMatcher;)Lnet/bytebuddy/matcher/ElementMatcher$Junction;
[main] ERROR com.efluid.tcbc.process.ScanneClasspath - 	org.mockito.internal.creation.bytebuddy.InlineBytecodeGenerator$ParameterWritingVisitorWrapper use : class net.bytebuddy.ClassFileVersion isAtLeast (Lnet/bytebuddy/ClassFileVersion;)Z
[main] ERROR com.efluid.tcbc.process.ScanneClasspath - 	org.mockito.internal.creation.bytebuddy.InlineBytecodeGenerator$ParameterWritingVisitorWrapper use : class net.bytebuddy.asm.AsmVisitorWrapper$AbstractBase <init> ()V
[main] ERROR com.efluid.tcbc.process.ScanneClasspath - 	org.mockito.internal.creation.bytebuddy.InlineBytecodeGenerator$ParameterWritingVisitorWrapper use : class net.bytebuddy.description.type.TypeDescription$ForLoadedType <init> (Ljava/lang/Class;)V
[main] ERROR com.efluid.tcbc.process.ScanneClasspath - 	org.mockito.internal.creation.bytebuddy.InlineBytecodeGenerator$ParameterWritingVisitorWrapper use : interface net.bytebuddy.implementation.Implementation$Context getClassFileVersion ()Lnet/bytebuddy/ClassFileVersion;
[main] ERROR com.efluid.tcbc.process.ScanneClasspath - 	org.mockito.internal.creation.bytebuddy.InlineBytecodeGenerator$ParameterWritingVisitorWrapper$MethodParameterStrippingMethodVisitor use : class net.bytebuddy.jar.asm.MethodVisitor <init> (ILnet/bytebuddy/jar/asm/MethodVisitor;)V
[main] ERROR com.efluid.tcbc.process.ScanneClasspath - 	org.mockito.internal.creation.bytebuddy.InlineBytecodeGenerator$ParameterWritingVisitorWrapper$ParameterAddingClassVisitor use : class net.bytebuddy.jar.asm.ClassVisitor <init> (ILnet/bytebuddy/jar/asm/ClassVisitor;)V
[main] ERROR com.efluid.tcbc.process.ScanneClasspath - 	org.mockito.internal.creation.bytebuddy.InlineBytecodeGenerator$ParameterWritingVisitorWrapper$ParameterAddingClassVisitor use : class net.bytebuddy.jar.asm.ClassVisitor visitMethod (ILjava/lang/String;Ljava/lang/String;Ljava/lang/String;[Ljava/lang/String;)Lnet/bytebuddy/jar/asm/MethodVisitor;
[main] ERROR com.efluid.tcbc.process.ScanneClasspath - 	org.mockito.internal.creation.bytebuddy.InlineBytecodeGenerator$ParameterWritingVisitorWrapper$ParameterAddingClassVisitor use : class net.bytebuddy.jar.asm.MethodVisitor visitParameter (Ljava/lang/String;I)V
[main] ERROR com.efluid.tcbc.process.ScanneClasspath - 	org.mockito.internal.creation.bytebuddy.InlineBytecodeGenerator$ParameterWritingVisitorWrapper$ParameterAddingClassVisitor use : class net.bytebuddy.matcher.ElementMatchers hasDescriptor (Ljava/lang/String;)Lnet/bytebuddy/matcher/ElementMatcher$Junction;
[main] ERROR com.efluid.tcbc.process.ScanneClasspath - 	org.mockito.internal.creation.bytebuddy.InlineBytecodeGenerator$ParameterWritingVisitorWrapper$ParameterAddingClassVisitor use : class net.bytebuddy.matcher.ElementMatchers isConstructor ()Lnet/bytebuddy/matcher/ElementMatcher$Junction;
[main] ERROR com.efluid.tcbc.process.ScanneClasspath - 	org.mockito.internal.creation.bytebuddy.InlineBytecodeGenerator$ParameterWritingVisitorWrapper$ParameterAddingClassVisitor use : class net.bytebuddy.matcher.ElementMatchers named (Ljava/lang/String;)Lnet/bytebuddy/matcher/ElementMatcher$Junction;
[main] ERROR com.efluid.tcbc.process.ScanneClasspath - 	org.mockito.internal.creation.bytebuddy.InlineBytecodeGenerator$ParameterWritingVisitorWrapper$ParameterAddingClassVisitor use : interface net.bytebuddy.description.method.MethodDescription getParameters ()Lnet/bytebuddy/description/method/ParameterList;
[main] ERROR com.efluid.tcbc.process.ScanneClasspath - 	org.mockito.internal.creation.bytebuddy.InlineBytecodeGenerator$ParameterWritingVisitorWrapper$ParameterAddingClassVisitor use : interface net.bytebuddy.description.method.MethodList filter (Lnet/bytebuddy/matcher/ElementMatcher;)Lnet/bytebuddy/matcher/FilterableList;
[main] ERROR com.efluid.tcbc.process.ScanneClasspath - 	org.mockito.internal.creation.bytebuddy.InlineBytecodeGenerator$ParameterWritingVisitorWrapper$ParameterAddingClassVisitor use : interface net.bytebuddy.description.method.MethodList getOnly ()Ljava/lang/Object;
[main] ERROR com.efluid.tcbc.process.ScanneClasspath - 	org.mockito.internal.creation.bytebuddy.InlineBytecodeGenerator$ParameterWritingVisitorWrapper$ParameterAddingClassVisitor use : interface net.bytebuddy.description.method.MethodList size ()I
[main] ERROR com.efluid.tcbc.process.ScanneClasspath - 	org.mockito.internal.creation.bytebuddy.InlineBytecodeGenerator$ParameterWritingVisitorWrapper$ParameterAddingClassVisitor use : interface net.bytebuddy.description.method.ParameterDescription getModifiers ()I
[main] ERROR com.efluid.tcbc.process.ScanneClasspath - 	org.mockito.internal.creation.bytebuddy.InlineBytecodeGenerator$ParameterWritingVisitorWrapper$ParameterAddingClassVisitor use : interface net.bytebuddy.description.method.ParameterDescription getName ()Ljava/lang/String;
[main] ERROR com.efluid.tcbc.process.ScanneClasspath - 	org.mockito.internal.creation.bytebuddy.InlineBytecodeGenerator$ParameterWritingVisitorWrapper$ParameterAddingClassVisitor use : interface net.bytebuddy.description.method.ParameterList hasExplicitMetaData ()Z
[main] ERROR com.efluid.tcbc.process.ScanneClasspath - 	org.mockito.internal.creation.bytebuddy.InlineBytecodeGenerator$ParameterWritingVisitorWrapper$ParameterAddingClassVisitor use : interface net.bytebuddy.description.method.ParameterList iterator ()Ljava/util/Iterator;
[main] ERROR com.efluid.tcbc.process.ScanneClasspath - 	org.mockito.internal.creation.bytebuddy.InlineBytecodeGenerator$ParameterWritingVisitorWrapper$ParameterAddingClassVisitor use : interface net.bytebuddy.description.type.TypeDescription getDeclaredMethods ()Lnet/bytebuddy/description/method/MethodList;
[main] ERROR com.efluid.tcbc.process.ScanneClasspath - 	org.mockito.internal.creation.bytebuddy.InlineBytecodeGenerator$ParameterWritingVisitorWrapper$ParameterAddingClassVisitor use : interface net.bytebuddy.matcher.ElementMatcher$Junction and (Lnet/bytebuddy/matcher/ElementMatcher;)Lnet/bytebuddy/matcher/ElementMatcher$Junction;
[main] ERROR com.efluid.tcbc.process.ScanneClasspath - 	org.mockito.internal.creation.bytebuddy.MockMethodAdvice use : class net.bytebuddy.description.method.MethodDescription$ForLoadedMethod <init> (Ljava/lang/reflect/Method;)V
[main] ERROR com.efluid.tcbc.process.ScanneClasspath - 	org.mockito.internal.creation.bytebuddy.MockMethodAdvice use : class net.bytebuddy.description.method.MethodDescription$ForLoadedMethod asSignatureToken ()Lnet/bytebuddy/description/method/MethodDescription$SignatureToken;
[main] ERROR com.efluid.tcbc.process.ScanneClasspath - 	org.mockito.internal.creation.bytebuddy.MockMethodAdvice use : class net.bytebuddy.description.type.TypeDescription$ForLoadedType <init> (Ljava/lang/Class;)V
[main] ERROR com.efluid.tcbc.process.ScanneClasspath - 	org.mockito.internal.creation.bytebuddy.MockMethodAdvice use : class net.bytebuddy.dynamic.scaffold.MethodGraph$Compiler$Default forJavaHierarchy ()Lnet/bytebuddy/dynamic/scaffold/MethodGraph$Compiler;
[main] ERROR com.efluid.tcbc.process.ScanneClasspath - 	org.mockito.internal.creation.bytebuddy.MockMethodAdvice use : class net.bytebuddy.dynamic.scaffold.MethodGraph$Node$Sort isResolved ()Z
[main] ERROR com.efluid.tcbc.process.ScanneClasspath - 	org.mockito.internal.creation.bytebuddy.MockMethodAdvice use : interface net.bytebuddy.description.method.MethodDescription asDefined ()Lnet/bytebuddy/description/ByteCodeElement$TypeDependant;
[main] ERROR com.efluid.tcbc.process.ScanneClasspath - 	org.mockito.internal.creation.bytebuddy.MockMethodAdvice use : interface net.bytebuddy.description.method.MethodDescription$InDefinedShape represents (Ljava/lang/reflect/Method;)Z
[main] ERROR com.efluid.tcbc.process.ScanneClasspath - 	org.mockito.internal.creation.bytebuddy.MockMethodAdvice use : interface net.bytebuddy.dynamic.scaffold.MethodGraph locate (Lnet/bytebuddy/description/method/MethodDescription$SignatureToken;)Lnet/bytebuddy/dynamic/scaffold/MethodGraph$Node;
[main] ERROR com.efluid.tcbc.process.ScanneClasspath - 	org.mockito.internal.creation.bytebuddy.MockMethodAdvice use : interface net.bytebuddy.dynamic.scaffold.MethodGraph$Compiler compile (Lnet/bytebuddy/description/type/TypeDescription;)Lnet/bytebuddy/dynamic/scaffold/MethodGraph$Linked;
[main] ERROR com.efluid.tcbc.process.ScanneClasspath - 	org.mockito.internal.creation.bytebuddy.MockMethodAdvice use : interface net.bytebuddy.dynamic.scaffold.MethodGraph$Node getRepresentative ()Lnet/bytebuddy/description/method/MethodDescription;
[main] ERROR com.efluid.tcbc.process.ScanneClasspath - 	org.mockito.internal.creation.bytebuddy.MockMethodAdvice use : interface net.bytebuddy.dynamic.scaffold.MethodGraph$Node getSort ()Lnet/bytebuddy/dynamic/scaffold/MethodGraph$Node$Sort;
[main] ERROR com.efluid.tcbc.process.ScanneClasspath - 	org.mockito.internal.creation.bytebuddy.SubclassBytecodeGenerator use : class net.bytebuddy.ByteBuddy <init> ()V
[main] ERROR com.efluid.tcbc.process.ScanneClasspath - 	org.mockito.internal.creation.bytebuddy.SubclassBytecodeGenerator use : class net.bytebuddy.ByteBuddy subclass (Ljava/lang/Class;)Lnet/bytebuddy/dynamic/DynamicType$Builder;
[main] ERROR com.efluid.tcbc.process.ScanneClasspath - 	org.mockito.internal.creation.bytebuddy.SubclassBytecodeGenerator use : class net.bytebuddy.ByteBuddy with (Lnet/bytebuddy/dynamic/scaffold/TypeValidation;)Lnet/bytebuddy/ByteBuddy;
[main] ERROR com.efluid.tcbc.process.ScanneClasspath - 	org.mockito.internal.creation.bytebuddy.SubclassBytecodeGenerator use : class net.bytebuddy.dynamic.Transformer$ForMethod withModifiers ([Lnet/bytebuddy/description/modifier/ModifierContributor$ForMethod;)Lnet/bytebuddy/dynamic/Transformer;
[main] ERROR com.efluid.tcbc.process.ScanneClasspath - 	org.mockito.internal.creation.bytebuddy.SubclassBytecodeGenerator use : class net.bytebuddy.dynamic.loading.MultipleParentClassLoader$Builder <init> ()V
[main] ERROR com.efluid.tcbc.process.ScanneClasspath - 	org.mockito.internal.creation.bytebuddy.SubclassBytecodeGenerator use : class net.bytebuddy.dynamic.loading.MultipleParentClassLoader$Builder append (Ljava/util/Collection;)Lnet/bytebuddy/dynamic/loading/MultipleParentClassLoader$Builder;
[main] ERROR com.efluid.tcbc.process.ScanneClasspath - 	org.mockito.internal.creation.bytebuddy.SubclassBytecodeGenerator use : class net.bytebuddy.dynamic.loading.MultipleParentClassLoader$Builder append ([Ljava/lang/Class;)Lnet/bytebuddy/dynamic/loading/MultipleParentClassLoader$Builder;
[main] ERROR com.efluid.tcbc.process.ScanneClasspath - 	org.mockito.internal.creation.bytebuddy.SubclassBytecodeGenerator use : class net.bytebuddy.dynamic.loading.MultipleParentClassLoader$Builder append ([Ljava/lang/ClassLoader;)Lnet/bytebuddy/dynamic/loading/MultipleParentClassLoader$Builder;
[main] ERROR com.efluid.tcbc.process.ScanneClasspath - 	org.mockito.internal.creation.bytebuddy.SubclassBytecodeGenerator use : class net.bytebuddy.dynamic.loading.MultipleParentClassLoader$Builder build (Ljava/lang/ClassLoader;)Ljava/lang/ClassLoader;
[main] ERROR com.efluid.tcbc.process.ScanneClasspath - 	org.mockito.internal.creation.bytebuddy.SubclassBytecodeGenerator use : class net.bytebuddy.implementation.FieldAccessor ofBeanProperty ()Lnet/bytebuddy/implementation/FieldAccessor$OwnerTypeLocatable;
[main] ERROR com.efluid.tcbc.process.ScanneClasspath - 	org.mockito.internal.creation.bytebuddy.SubclassBytecodeGenerator use : class net.bytebuddy.implementation.MethodDelegation to (Ljava/lang/Class;)Lnet/bytebuddy/implementation/MethodDelegation;
[main] ERROR com.efluid.tcbc.process.ScanneClasspath - 	org.mockito.internal.creation.bytebuddy.SubclassBytecodeGenerator use : class net.bytebuddy.matcher.ElementMatchers any ()Lnet/bytebuddy/matcher/ElementMatcher$Junction;
[main] ERROR com.efluid.tcbc.process.ScanneClasspath - 	org.mockito.internal.creation.bytebuddy.SubclassBytecodeGenerator use : class net.bytebuddy.matcher.ElementMatchers hasParameters (Lnet/bytebuddy/matcher/ElementMatcher;)Lnet/bytebuddy/matcher/ElementMatcher$Junction;
[main] ERROR com.efluid.tcbc.process.ScanneClasspath - 	org.mockito.internal.creation.bytebuddy.SubclassBytecodeGenerator use : class net.bytebuddy.matcher.ElementMatchers hasType (Lnet/bytebuddy/matcher/ElementMatcher;)Lnet/bytebuddy/matcher/ElementMatcher$Junction;
[main] ERROR com.efluid.tcbc.process.ScanneClasspath - 	org.mockito.internal.creation.bytebuddy.SubclassBytecodeGenerator use : class net.bytebuddy.matcher.ElementMatchers isDeclaredBy (Lnet/bytebuddy/matcher/ElementMatcher;)Lnet/bytebuddy/matcher/ElementMatcher$Junction;
[main] ERROR com.efluid.tcbc.process.ScanneClasspath - 	org.mockito.internal.creation.bytebuddy.SubclassBytecodeGenerator use : class net.bytebuddy.matcher.ElementMatchers isEquals ()Lnet/bytebuddy/matcher/ElementMatcher$Junction;
[main] ERROR com.efluid.tcbc.process.ScanneClasspath - 	org.mockito.internal.creation.bytebuddy.SubclassBytecodeGenerator use : class net.bytebuddy.matcher.ElementMatchers isHashCode ()Lnet/bytebuddy/matcher/ElementMatcher$Junction;
[main] ERROR com.efluid.tcbc.process.ScanneClasspath - 	org.mockito.internal.creation.bytebuddy.SubclassBytecodeGenerator use : class net.bytebuddy.matcher.ElementMatchers isPackagePrivate ()Lnet/bytebuddy/matcher/ElementMatcher$Junction;
[main] ERROR com.efluid.tcbc.process.ScanneClasspath - 	org.mockito.internal.creation.bytebuddy.SubclassBytecodeGenerator use : class net.bytebuddy.matcher.ElementMatchers named (Ljava/lang/String;)Lnet/bytebuddy/matcher/ElementMatcher$Junction;
[main] ERROR com.efluid.tcbc.process.ScanneClasspath - 	org.mockito.internal.creation.bytebuddy.SubclassBytecodeGenerator use : class net.bytebuddy.matcher.ElementMatchers returns (Lnet/bytebuddy/matcher/ElementMatcher;)Lnet/bytebuddy/matcher/ElementMatcher$Junction;
[main] ERROR com.efluid.tcbc.process.ScanneClasspath - 	org.mockito.internal.creation.bytebuddy.SubclassBytecodeGenerator use : class net.bytebuddy.matcher.ElementMatchers whereAny (Lnet/bytebuddy/matcher/ElementMatcher;)Lnet/bytebuddy/matcher/ElementMatcher$Junction;
[main] ERROR com.efluid.tcbc.process.ScanneClasspath - 	org.mockito.internal.creation.bytebuddy.SubclassBytecodeGenerator use : interface net.bytebuddy.dynamic.DynamicType$Builder annotateType ([Ljava/lang/annotation/Annotation;)Lnet/bytebuddy/dynamic/DynamicType$Builder;
[main] ERROR com.efluid.tcbc.process.ScanneClasspath - 	org.mockito.internal.creation.bytebuddy.SubclassBytecodeGenerator use : interface net.bytebuddy.dynamic.DynamicType$Builder defineMethod (Ljava/lang/String;Ljava/lang/reflect/Type;[Lnet/bytebuddy/description/modifier/ModifierContributor$ForMethod;)Lnet/bytebuddy/dynamic/DynamicType$Builder$MethodDefinition$ParameterDefinition$Initial;
[main] ERROR com.efluid.tcbc.process.ScanneClasspath - 	org.mockito.internal.creation.bytebuddy.SubclassBytecodeGenerator use : interface net.bytebuddy.dynamic.DynamicType$Builder ignoreAlso (Lnet/bytebuddy/matcher/ElementMatcher;)Lnet/bytebuddy/dynamic/DynamicType$Builder;
[main] ERROR com.efluid.tcbc.process.ScanneClasspath - 	org.mockito.internal.creation.bytebuddy.SubclassBytecodeGenerator use : interface net.bytebuddy.dynamic.DynamicType$Builder implement (Ljava/util/List;)Lnet/bytebuddy/dynamic/DynamicType$Builder$MethodDefinition$ImplementationDefinition$Optional;
[main] ERROR com.efluid.tcbc.process.ScanneClasspath - 	org.mockito.internal.creation.bytebuddy.SubclassBytecodeGenerator use : interface net.bytebuddy.dynamic.DynamicType$Builder implement ([Ljava/lang/reflect/Type;)Lnet/bytebuddy/dynamic/DynamicType$Builder$MethodDefinition$ImplementationDefinition$Optional;
[main] ERROR com.efluid.tcbc.process.ScanneClasspath - 	org.mockito.internal.creation.bytebuddy.SubclassBytecodeGenerator use : interface net.bytebuddy.dynamic.DynamicType$Builder make ()Lnet/bytebuddy/dynamic/DynamicType$Unloaded;
[main] ERROR com.efluid.tcbc.process.ScanneClasspath - 	org.mockito.internal.creation.bytebuddy.SubclassBytecodeGenerator use : interface net.bytebuddy.dynamic.DynamicType$Builder name (Ljava/lang/String;)Lnet/bytebuddy/dynamic/DynamicType$Builder;
[main] ERROR com.efluid.tcbc.process.ScanneClasspath - 	org.mockito.internal.creation.bytebuddy.SubclassBytecodeGenerator use : interface net.bytebuddy.dynamic.DynamicType$Builder$FieldDefinition$Optional defineField (Ljava/lang/String;Ljava/lang/reflect/Type;[Lnet/bytebuddy/description/modifier/ModifierContributor$ForField;)Lnet/bytebuddy/dynamic/DynamicType$Builder$FieldDefinition$Optional$Valuable;
[main] ERROR com.efluid.tcbc.process.ScanneClasspath - 	org.mockito.internal.creation.bytebuddy.SubclassBytecodeGenerator use : interface net.bytebuddy.dynamic.DynamicType$Builder$FieldDefinition$Optional$Valuable implement ([Ljava/lang/reflect/Type;)Lnet/bytebuddy/dynamic/DynamicType$Builder$MethodDefinition$ImplementationDefinition$Optional;
[main] ERROR com.efluid.tcbc.process.ScanneClasspath - 	org.mockito.internal.creation.bytebuddy.SubclassBytecodeGenerator use : interface net.bytebuddy.dynamic.DynamicType$Builder$MethodDefinition attribute (Lnet/bytebuddy/implementation/attribute/MethodAttributeAppender$Factory;)Lnet/bytebuddy/dynamic/DynamicType$Builder$MethodDefinition;
[main] ERROR com.efluid.tcbc.process.ScanneClasspath - 	org.mockito.internal.creation.bytebuddy.SubclassBytecodeGenerator use : interface net.bytebuddy.dynamic.DynamicType$Builder$MethodDefinition method (Lnet/bytebuddy/matcher/ElementMatcher;)Lnet/bytebuddy/dynamic/DynamicType$Builder$MethodDefinition$ImplementationDefinition;
[main] ERROR com.efluid.tcbc.process.ScanneClasspath - 	org.mockito.internal.creation.bytebuddy.SubclassBytecodeGenerator use : interface net.bytebuddy.dynamic.DynamicType$Builder$MethodDefinition$ExceptionDefinition intercept (Lnet/bytebuddy/implementation/Implementation;)Lnet/bytebuddy/dynamic/DynamicType$Builder$MethodDefinition$ReceiverTypeDefinition;
[main] ERROR com.efluid.tcbc.process.ScanneClasspath - 	org.mockito.internal.creation.bytebuddy.SubclassBytecodeGenerator use : interface net.bytebuddy.dynamic.DynamicType$Builder$MethodDefinition$ExceptionDefinition throwing ([Ljava/lang/reflect/Type;)Lnet/bytebuddy/dynamic/DynamicType$Builder$MethodDefinition$ExceptionDefinition;
[main] ERROR com.efluid.tcbc.process.ScanneClasspath - 	org.mockito.internal.creation.bytebuddy.SubclassBytecodeGenerator use : interface net.bytebuddy.dynamic.DynamicType$Builder$MethodDefinition$ImplementationDefinition intercept (Lnet/bytebuddy/implementation/Implementation;)Lnet/bytebuddy/dynamic/DynamicType$Builder$MethodDefinition$ReceiverTypeDefinition;
[main] ERROR com.efluid.tcbc.process.ScanneClasspath - 	org.mockito.internal.creation.bytebuddy.SubclassBytecodeGenerator use : interface net.bytebuddy.dynamic.DynamicType$Builder$MethodDefinition$ImplementationDefinition$Optional intercept (Lnet/bytebuddy/implementation/Implementation;)Lnet/bytebuddy/dynamic/DynamicType$Builder$MethodDefinition$ReceiverTypeDefinition;
[main] ERROR com.efluid.tcbc.process.ScanneClasspath - 	org.mockito.internal.creation.bytebuddy.SubclassBytecodeGenerator use : interface net.bytebuddy.dynamic.DynamicType$Builder$MethodDefinition$ImplementationDefinition$Optional method (Lnet/bytebuddy/matcher/ElementMatcher;)Lnet/bytebuddy/dynamic/DynamicType$Builder$MethodDefinition$ImplementationDefinition;
[main] ERROR com.efluid.tcbc.process.ScanneClasspath - 	org.mockito.internal.creation.bytebuddy.SubclassBytecodeGenerator use : interface net.bytebuddy.dynamic.DynamicType$Builder$MethodDefinition$ParameterDefinition$Initial withParameters ([Ljava/lang/reflect/Type;)Lnet/bytebuddy/dynamic/DynamicType$Builder$MethodDefinition$ExceptionDefinition;
[main] ERROR com.efluid.tcbc.process.ScanneClasspath - 	org.mockito.internal.creation.bytebuddy.SubclassBytecodeGenerator use : interface net.bytebuddy.dynamic.DynamicType$Builder$MethodDefinition$ReceiverTypeDefinition method (Lnet/bytebuddy/matcher/ElementMatcher;)Lnet/bytebuddy/dynamic/DynamicType$Builder$MethodDefinition$ImplementationDefinition;
[main] ERROR com.efluid.tcbc.process.ScanneClasspath - 	org.mockito.internal.creation.bytebuddy.SubclassBytecodeGenerator use : interface net.bytebuddy.dynamic.DynamicType$Builder$MethodDefinition$ReceiverTypeDefinition serialVersionUid (J)Lnet/bytebuddy/dynamic/DynamicType$Builder$FieldDefinition$Optional;
[main] ERROR com.efluid.tcbc.process.ScanneClasspath - 	org.mockito.internal.creation.bytebuddy.SubclassBytecodeGenerator use : interface net.bytebuddy.dynamic.DynamicType$Builder$MethodDefinition$ReceiverTypeDefinition transform (Lnet/bytebuddy/dynamic/Transformer;)Lnet/bytebuddy/dynamic/DynamicType$Builder$MethodDefinition;
[main] ERROR com.efluid.tcbc.process.ScanneClasspath - 	org.mockito.internal.creation.bytebuddy.SubclassBytecodeGenerator use : interface net.bytebuddy.dynamic.DynamicType$Loaded getLoaded ()Ljava/lang/Class;
[main] ERROR com.efluid.tcbc.process.ScanneClasspath - 	org.mockito.internal.creation.bytebuddy.SubclassBytecodeGenerator use : interface net.bytebuddy.dynamic.DynamicType$Unloaded load (Ljava/lang/ClassLoader;Lnet/bytebuddy/dynamic/loading/ClassLoadingStrategy;)Lnet/bytebuddy/dynamic/DynamicType$Loaded;
[main] ERROR com.efluid.tcbc.process.ScanneClasspath - 	org.mockito.internal.creation.bytebuddy.SubclassBytecodeGenerator use : interface net.bytebuddy.matcher.ElementMatcher$Junction or (Lnet/bytebuddy/matcher/ElementMatcher;)Lnet/bytebuddy/matcher/ElementMatcher$Junction;
[main] ERROR com.efluid.tcbc.process.ScanneClasspath - 	org.mockito.internal.creation.bytebuddy.SubclassInjectionLoader use : class net.bytebuddy.dynamic.loading.ClassLoadingStrategy$Default with (Ljava/security/ProtectionDomain;)Lnet/bytebuddy/dynamic/loading/ClassLoadingStrategy$Configurable;
[main] ERROR com.efluid.tcbc.process.ScanneClasspath - 	org.mockito.internal.creation.bytebuddy.TypeCachingBytecodeGenerator use : class net.bytebuddy.TypeCache findOrInsert (Ljava/lang/ClassLoader;Ljava/lang/Object;Ljava/util/concurrent/Callable;Ljava/lang/Object;)Ljava/lang/Class;
[main] ERROR com.efluid.tcbc.process.ScanneClasspath - 	org.mockito.internal.creation.bytebuddy.TypeCachingBytecodeGenerator use : class net.bytebuddy.TypeCache$WithInlineExpunction <init> (Lnet/bytebuddy/TypeCache$Sort;)V
[main] ERROR com.efluid.tcbc.process.ScanneClasspath - 	org.mockito.internal.creation.bytebuddy.TypeCachingBytecodeGenerator$SerializationFeatureKey use : class net.bytebuddy.TypeCache$SimpleKey <init> (Ljava/lang/Class;Ljava/util/Collection;)V
[main] ERROR com.efluid.tcbc.process.ScanneClasspath - 	org.mockito.internal.creation.bytebuddy.TypeCachingBytecodeGenerator$SerializationFeatureKey use : class net.bytebuddy.TypeCache$SimpleKey equals (Ljava/lang/Object;)Z
[main] ERROR com.efluid.tcbc.process.ScanneClasspath - 	org.mockito.internal.creation.bytebuddy.TypeCachingBytecodeGenerator$SerializationFeatureKey use : class net.bytebuddy.TypeCache$SimpleKey hashCode ()I
Tests run: 1, Failures: 0, Errors: 0, Skipped: 0, Time elapsed: 0.298 sec - in com.efluid.example.TestExampleAPIsDependenceJar
Running com.efluid.example.TestExampleControlByteCode
[main] ERROR com.efluid.tcbc.process.ScanneClasspath - Jars inclus : [junit-4]
[main] ERROR com.efluid.tcbc.process.ScanneClasspath - Exclusion des fichiers a ne pas traiter : []
[main] ERROR com.efluid.tcbc.process.ScanneClasspath - Erreurs a ne pas traiter: []
[main] ERROR com.efluid.tcbc.TestControleByteCode - Type de retour [String] different de [ClassCreatedByByteBuddy appelle la m√©thode java.lang.Void ClassCreatedByByteBuddy#test()]
[main] ERROR com.efluid.tcbc.process.ScanneClasspath - Scans jar : /home/jdbl/.m2/repository/junit/junit/4.12/junit-4.12.jar
[main] ERROR com.efluid.tcbc.process.BilanControleByteCode - |=== /tmp/tmp4clt3r91/testControlByteCode/target/test-classes ===|
[main] ERROR com.efluid.tcbc.process.BilanControleByteCode - 	|=== Classes en erreur ===|
[main] ERROR com.efluid.tcbc.process.BilanControleByteCode - 		ClassCreatedByByteBuddy : 1 erreur(s)
[main] ERROR com.efluid.tcbc.process.BilanControleByteCode - 			Type de retour [String] different de [ClassCreatedByByteBuddy appelle la m√©thode java.lang.Void ClassCreatedByByteBuddy#test()]
[main] ERROR com.efluid.tcbc.process.BilanControleByteCode - Classes en erreur lors du chargement : 0
[main] ERROR com.efluid.tcbc.process.BilanControleByteCode - Jars en erreur : 1
[main] ERROR com.efluid.tcbc.process.BilanControleByteCode - === Synth√®se classes en erreur (1) ===
[main] ERROR com.efluid.tcbc.process.BilanControleByteCode - 	/tmp/tmp4clt3r91/testControlByteCode/target/test-classes : 1

[main] ERROR com.efluid.tcbc.process.BilanControleByteCode - Nombre d'erreurs totales : 1
Tests run: 1, Failures: 0, Errors: 0, Skipped: 0, Time elapsed: 0.12 sec - in com.efluid.example.TestExampleControlByteCode
Running com.efluid.tcbc.process.ScanneClasspathTest
Tests run: 1, Failures: 0, Errors: 0, Skipped: 0, Time elapsed: 0.225 sec - in com.efluid.tcbc.process.ScanneClasspathTest

Results :

Failed tests: 
  TestExampleFichiersEnDoublons>ScanneClasspath.execute:128->ScanneClasspath.execute:138->isValid:13 expected:<2[4]> but was:<2[]>

Tests run: 5, Failures: 1, Errors: 0, Skipped: 0

[ERROR] There are test failures.

Please refer to /tmp/tmp4clt3r91/testControlByteCode/target/surefire-reports for the individual test results.
[INFO] 
[INFO] --- jacoco-maven-plugin:0.8.5:report (report) @ test-control-byte-code ---
[INFO] Loading execution data file /tmp/tmp4clt3r91/testControlByteCode/target/jacoco.exec
[INFO] Analyzed bundle 'testControlByteCode' with 38 classes
[INFO] ------------------------------------------------------------------------
[INFO] BUILD SUCCESS
[INFO] ------------------------------------------------------------------------
[INFO] Total time:  37.650 s
[INFO] Finished at: 2020-07-30T23:04:08Z
[INFO] ------------------------------------------------------------------------
