[INFO] Error stacktraces are turned on.
[INFO] Scanning for projects...
[WARNING] 
[WARNING] Some problems were encountered while building the effective model for io.github.biezhi:anima:jar:0.2.7-SNAPSHOT
[WARNING] 'build.plugins.plugin.version' for org.apache.maven.plugins:maven-compiler-plugin is missing. @ line 147, column 15
[WARNING] 
[WARNING] It is highly recommended to fix these problems because they threaten the stability of your build.
[WARNING] 
[WARNING] For this reason, future Maven versions might no longer support building such malformed projects.
[WARNING] 
[INFO] 
[INFO] -----------------------< io.github.biezhi:anima >-----------------------
[INFO] Building anima 0.2.7-SNAPSHOT
[INFO] --------------------------------[ jar ]---------------------------------
[WARNING] The POM for com.jslsolucoes:ojdbc6:jar:11.2.0.1.0 is missing, no dependency information available
[INFO] 
[INFO] --- jacoco-maven-plugin:0.8.5:prepare-agent (default) @ anima ---
[INFO] argLine set to -javaagent:/home/jdbl/.m2/repository/org/jacoco/org.jacoco.agent/0.8.5/org.jacoco.agent-0.8.5-runtime.jar=destfile=/tmp/tmpqf_zhpdz/anima/target/jacoco.exec
[INFO] 
[INFO] --- maven-resources-plugin:2.6:resources (default-resources) @ anima ---
[WARNING] Using platform encoding (UTF-8 actually) to copy filtered resources, i.e. build is platform dependent!
[INFO] skip non existing resourceDirectory /tmp/tmpqf_zhpdz/anima/src/main/resources
[INFO] 
[INFO] --- maven-compiler-plugin:3.1:compile (default-compile) @ anima ---
[INFO] Changes detected - recompiling the module!
[WARNING] File encoding has not been set, using platform encoding UTF-8, i.e. build is platform dependent!
[INFO] Compiling 130 source files to /tmp/tmpqf_zhpdz/anima/target/classes
[WARNING] /tmp/tmpqf_zhpdz/anima/src/main/java/org/sql2o/reflection/MethodAccessorsGenerator.java:[4,19] sun.reflect.ConstructorAccessor is internal proprietary API and may be removed in a future release
[WARNING] /tmp/tmpqf_zhpdz/anima/src/main/java/org/sql2o/reflection/MethodAccessorsGenerator.java:[5,19] sun.reflect.FieldAccessor is internal proprietary API and may be removed in a future release
[WARNING] /tmp/tmpqf_zhpdz/anima/src/main/java/org/sql2o/reflection/MethodAccessorsGenerator.java:[6,19] sun.reflect.MethodAccessor is internal proprietary API and may be removed in a future release
[WARNING] /tmp/tmpqf_zhpdz/anima/src/main/java/org/sql2o/reflection/UnsafeFieldSetterFactory.java:[4,16] sun.misc.Unsafe is internal proprietary API and may be removed in a future release
[WARNING] /tmp/tmpqf_zhpdz/anima/src/main/java/org/sql2o/reflection/UnsafeFieldGetterFactory.java:[4,16] sun.misc.Unsafe is internal proprietary API and may be removed in a future release
[WARNING] /tmp/tmpqf_zhpdz/anima/src/main/java/org/sql2o/reflection/MethodAccessorsGenerator.java:[4,19] sun.reflect.ConstructorAccessor is internal proprietary API and may be removed in a future release
[WARNING] /tmp/tmpqf_zhpdz/anima/src/main/java/org/sql2o/reflection/MethodAccessorsGenerator.java:[5,19] sun.reflect.FieldAccessor is internal proprietary API and may be removed in a future release
[WARNING] /tmp/tmpqf_zhpdz/anima/src/main/java/org/sql2o/reflection/MethodAccessorsGenerator.java:[6,19] sun.reflect.MethodAccessor is internal proprietary API and may be removed in a future release
[WARNING] /tmp/tmpqf_zhpdz/anima/src/main/java/org/sql2o/reflection/UnsafeFieldSetterFactory.java:[4,16] sun.misc.Unsafe is internal proprietary API and may be removed in a future release
[WARNING] /tmp/tmpqf_zhpdz/anima/src/main/java/org/sql2o/reflection/UnsafeFieldGetterFactory.java:[4,16] sun.misc.Unsafe is internal proprietary API and may be removed in a future release
[WARNING] /tmp/tmpqf_zhpdz/anima/src/main/java/org/sql2o/reflection/MethodAccessorsGenerator.java:[4,19] sun.reflect.ConstructorAccessor is internal proprietary API and may be removed in a future release
[WARNING] /tmp/tmpqf_zhpdz/anima/src/main/java/org/sql2o/reflection/MethodAccessorsGenerator.java:[5,19] sun.reflect.FieldAccessor is internal proprietary API and may be removed in a future release
[WARNING] /tmp/tmpqf_zhpdz/anima/src/main/java/org/sql2o/reflection/MethodAccessorsGenerator.java:[6,19] sun.reflect.MethodAccessor is internal proprietary API and may be removed in a future release
[WARNING] /tmp/tmpqf_zhpdz/anima/src/main/java/org/sql2o/reflection/UnsafeFieldSetterFactory.java:[4,16] sun.misc.Unsafe is internal proprietary API and may be removed in a future release
[WARNING] /tmp/tmpqf_zhpdz/anima/src/main/java/org/sql2o/reflection/UnsafeFieldGetterFactory.java:[4,16] sun.misc.Unsafe is internal proprietary API and may be removed in a future release
[WARNING] /tmp/tmpqf_zhpdz/anima/src/main/java/org/sql2o/reflection/MethodAccessorsGenerator.java:[4,19] sun.reflect.ConstructorAccessor is internal proprietary API and may be removed in a future release
[WARNING] /tmp/tmpqf_zhpdz/anima/src/main/java/org/sql2o/reflection/MethodAccessorsGenerator.java:[5,19] sun.reflect.FieldAccessor is internal proprietary API and may be removed in a future release
[WARNING] /tmp/tmpqf_zhpdz/anima/src/main/java/org/sql2o/reflection/MethodAccessorsGenerator.java:[6,19] sun.reflect.MethodAccessor is internal proprietary API and may be removed in a future release
[WARNING] /tmp/tmpqf_zhpdz/anima/src/main/java/org/sql2o/reflection/UnsafeFieldSetterFactory.java:[4,16] sun.misc.Unsafe is internal proprietary API and may be removed in a future release
[WARNING] /tmp/tmpqf_zhpdz/anima/src/main/java/org/sql2o/reflection/UnsafeFieldGetterFactory.java:[4,16] sun.misc.Unsafe is internal proprietary API and may be removed in a future release
[WARNING] /tmp/tmpqf_zhpdz/anima/src/main/java/org/sql2o/reflection/MethodAccessorsGenerator.java:[16,26] sun.reflect.MethodAccessor is internal proprietary API and may be removed in a future release
[WARNING] /tmp/tmpqf_zhpdz/anima/src/main/java/org/sql2o/reflection/MethodAccessorsGenerator.java:[17,26] sun.reflect.MethodAccessor is internal proprietary API and may be removed in a future release
[WARNING] /tmp/tmpqf_zhpdz/anima/src/main/java/org/sql2o/reflection/MethodAccessorsGenerator.java:[18,26] sun.reflect.MethodAccessor is internal proprietary API and may be removed in a future release
[WARNING] /tmp/tmpqf_zhpdz/anima/src/main/java/org/sql2o/reflection/MethodAccessorsGenerator.java:[19,26] sun.reflect.MethodAccessor is internal proprietary API and may be removed in a future release
[WARNING] /tmp/tmpqf_zhpdz/anima/src/main/java/org/sql2o/reflection/MethodAccessorsGenerator.java:[30,31] sun.reflect.MethodAccessor is internal proprietary API and may be removed in a future release
[WARNING] /tmp/tmpqf_zhpdz/anima/src/main/java/org/sql2o/reflection/MethodAccessorsGenerator.java:[41,19] sun.reflect.ConstructorAccessor is internal proprietary API and may be removed in a future release
[WARNING] /tmp/tmpqf_zhpdz/anima/src/main/java/org/sql2o/reflection/MethodAccessorsGenerator.java:[61,19] sun.reflect.FieldAccessor is internal proprietary API and may be removed in a future release
[WARNING] /tmp/tmpqf_zhpdz/anima/src/main/java/org/sql2o/reflection/MethodAccessorsGenerator.java:[63,21] sun.reflect.FieldAccessor is internal proprietary API and may be removed in a future release
[WARNING] /tmp/tmpqf_zhpdz/anima/src/main/java/org/sql2o/reflection/MethodAccessorsGenerator.java:[69,19] sun.reflect.MethodAccessor is internal proprietary API and may be removed in a future release
[WARNING] /tmp/tmpqf_zhpdz/anima/src/main/java/org/sql2o/reflection/MethodAccessorsGenerator.java:[77,20] sun.reflect.MethodAccessor is internal proprietary API and may be removed in a future release
[WARNING] /tmp/tmpqf_zhpdz/anima/src/main/java/org/sql2o/reflection/MethodAccessorsGenerator.java:[78,17] sun.reflect.MethodAccessor is internal proprietary API and may be removed in a future release
[WARNING] /tmp/tmpqf_zhpdz/anima/src/main/java/org/sql2o/reflection/MethodAccessorsGenerator.java:[88,19] sun.reflect.ConstructorAccessor is internal proprietary API and may be removed in a future release
[WARNING] /tmp/tmpqf_zhpdz/anima/src/main/java/org/sql2o/reflection/MethodAccessorsGenerator.java:[96,20] sun.reflect.ConstructorAccessor is internal proprietary API and may be removed in a future release
[WARNING] /tmp/tmpqf_zhpdz/anima/src/main/java/org/sql2o/reflection/MethodAccessorsGenerator.java:[97,17] sun.reflect.ConstructorAccessor is internal proprietary API and may be removed in a future release
[WARNING] /tmp/tmpqf_zhpdz/anima/src/main/java/org/sql2o/reflection/MethodAccessorsGenerator.java:[105,19] sun.reflect.ConstructorAccessor is internal proprietary API and may be removed in a future release
[WARNING] /tmp/tmpqf_zhpdz/anima/src/main/java/org/sql2o/reflection/MethodAccessorsGenerator.java:[107,21] sun.reflect.ConstructorAccessor is internal proprietary API and may be removed in a future release
[WARNING] /tmp/tmpqf_zhpdz/anima/src/main/java/org/sql2o/reflection/MethodAccessorsGenerator.java:[121,15] sun.reflect.MethodAccessor is internal proprietary API and may be removed in a future release
[WARNING] /tmp/tmpqf_zhpdz/anima/src/main/java/org/sql2o/reflection/MethodAccessorsGenerator.java:[140,15] sun.reflect.MethodAccessor is internal proprietary API and may be removed in a future release
[WARNING] /tmp/tmpqf_zhpdz/anima/src/main/java/org/sql2o/reflection/MethodAccessorsGenerator.java:[162,23] sun.reflect.ConstructorAccessor is internal proprietary API and may be removed in a future release
[WARNING] /tmp/tmpqf_zhpdz/anima/src/main/java/org/sql2o/reflection/UnsafeFieldSetterFactory.java:[11,26] sun.misc.Unsafe is internal proprietary API and may be removed in a future release
[WARNING] /tmp/tmpqf_zhpdz/anima/src/main/java/org/sql2o/reflection/UnsafeFieldSetterFactory.java:[17,26] sun.misc.Unsafe is internal proprietary API and may be removed in a future release
[WARNING] /tmp/tmpqf_zhpdz/anima/src/main/java/org/sql2o/reflection/UnsafeFieldGetterFactory.java:[14,26] sun.misc.Unsafe is internal proprietary API and may be removed in a future release
[WARNING] /tmp/tmpqf_zhpdz/anima/src/main/java/org/sql2o/reflection/UnsafeFieldGetterFactory.java:[21,26] sun.misc.Unsafe is internal proprietary API and may be removed in a future release
[WARNING] /tmp/tmpqf_zhpdz/anima/src/main/java/io/github/biezhi/anima/utils/AnimaUtils.java: Some input files use unchecked or unsafe operations.
[WARNING] /tmp/tmpqf_zhpdz/anima/src/main/java/io/github/biezhi/anima/utils/AnimaUtils.java: Recompile with -Xlint:unchecked for details.
[INFO] 
[INFO] --- maven-resources-plugin:2.6:testResources (default-testResources) @ anima ---
[WARNING] Using platform encoding (UTF-8 actually) to copy filtered resources, i.e. build is platform dependent!
[INFO] Copying 1 resource
[INFO] 
[INFO] --- maven-compiler-plugin:3.1:testCompile (default-testCompile) @ anima ---
[INFO] Changes detected - recompiling the module!
[WARNING] File encoding has not been set, using platform encoding UTF-8, i.e. build is platform dependent!
[INFO] Compiling 59 source files to /tmp/tmpqf_zhpdz/anima/target/test-classes
[WARNING] /tmp/tmpqf_zhpdz/anima/src/test/java/io/github/biezhi/anima/SelectTest.java: /tmp/tmpqf_zhpdz/anima/src/test/java/io/github/biezhi/anima/SelectTest.java uses unchecked or unsafe operations.
[WARNING] /tmp/tmpqf_zhpdz/anima/src/test/java/io/github/biezhi/anima/SelectTest.java: Recompile with -Xlint:unchecked for details.
[INFO] 
[INFO] --- maven-surefire-plugin:2.19.1:test (default-test) @ anima ---
[INFO] Surefire report directory: /tmp/tmpqf_zhpdz/anima/target/surefire-reports

-------------------------------------------------------
 T E S T S
-------------------------------------------------------
Running org.sql2o.QueryTest
22:41:51.260 [main] DEBUG org.sql2o.Query - Parameters  => []
Tests run: 1, Failures: 0, Errors: 0, Skipped: 0, Time elapsed: 1.609 sec - in org.sql2o.QueryTest
Running org.sql2o.reflect.ReflectionMethodGetterFactoryTest
Tests run: 1, Failures: 0, Errors: 0, Skipped: 0, Time elapsed: 0.04 sec - in org.sql2o.reflect.ReflectionMethodGetterFactoryTest
Running org.sql2o.reflect.ReflectionConstructorFactoryTest
Tests run: 1, Failures: 0, Errors: 0, Skipped: 0, Time elapsed: 0.007 sec - in org.sql2o.reflect.ReflectionConstructorFactoryTest
Running org.sql2o.reflect.ReflectionMethodSetterFactoryTest
Tests run: 1, Failures: 0, Errors: 0, Skipped: 0, Time elapsed: 0.025 sec - in org.sql2o.reflect.ReflectionMethodSetterFactoryTest
Running org.sql2o.reflect.UnsafeFieldGetterFactoryTest
Tests run: 1, Failures: 0, Errors: 1, Skipped: 0, Time elapsed: 0.041 sec <<< FAILURE! - in org.sql2o.reflect.UnsafeFieldGetterFactoryTest
testAllTypes(org.sql2o.reflect.UnsafeFieldGetterFactoryTest)  Time elapsed: 0.018 sec  <<< ERROR!
java.lang.IllegalAccessException: Class org.sql2o.reflect.AbstractFieldGetterFactoryTest can not access a member of class org.sql2o.reflect.AbstractFieldGetterFactoryTest$POJO1 with modifiers "private static transient"

Running org.sql2o.reflect.MethodAccessorsGeneratorMethodGetterFactoryTest
Tests run: 1, Failures: 0, Errors: 0, Skipped: 0, Time elapsed: 0.005 sec - in org.sql2o.reflect.MethodAccessorsGeneratorMethodGetterFactoryTest
Running org.sql2o.reflect.ReflectionFieldSetterFactoryTest
Tests run: 1, Failures: 1, Errors: 0, Skipped: 0, Time elapsed: 0.002 sec <<< FAILURE! - in org.sql2o.reflect.ReflectionFieldSetterFactoryTest
testAllTypes(org.sql2o.reflect.ReflectionFieldSetterFactoryTest)  Time elapsed: 0.002 sec  <<< FAILURE!
junit.framework.AssertionFailedError

Running org.sql2o.reflect.MethodAccessorsGeneratorMethodSetterFactoryTest
Tests run: 1, Failures: 0, Errors: 0, Skipped: 0, Time elapsed: 0.02 sec - in org.sql2o.reflect.MethodAccessorsGeneratorMethodSetterFactoryTest
Running org.sql2o.reflect.MethodAccessorsGeneratorObjectConstructorFactoryTest
Tests run: 5, Failures: 0, Errors: 0, Skipped: 0, Time elapsed: 0.015 sec - in org.sql2o.reflect.MethodAccessorsGeneratorObjectConstructorFactoryTest
Running org.sql2o.reflect.ReflectionFieldGetterFactoryTest
Tests run: 1, Failures: 0, Errors: 0, Skipped: 0, Time elapsed: 0.003 sec - in org.sql2o.reflect.ReflectionFieldGetterFactoryTest
Running org.sql2o.reflect.UnsafeConstructorFactoryTest
Tests run: 1, Failures: 0, Errors: 0, Skipped: 0, Time elapsed: 0.092 sec - in org.sql2o.reflect.UnsafeConstructorFactoryTest
Running org.sql2o.reflect.ReadColumnAnnotationTest
Tests run: 6, Failures: 0, Errors: 0, Skipped: 0, Time elapsed: 0.072 sec - in org.sql2o.reflect.ReadColumnAnnotationTest
Running org.sql2o.reflect.UnsafeFieldSetterFactoryTest
Tests run: 1, Failures: 0, Errors: 1, Skipped: 0, Time elapsed: 0.011 sec <<< FAILURE! - in org.sql2o.reflect.UnsafeFieldSetterFactoryTest
testAllTypes(org.sql2o.reflect.UnsafeFieldSetterFactoryTest)  Time elapsed: 0.01 sec  <<< ERROR!
java.lang.IllegalAccessException: Class org.sql2o.reflect.AbstractFieldSetterFactoryTest can not access a member of class org.sql2o.reflect.AbstractFieldSetterFactoryTest$POJO1 with modifiers "private static transient"

Running org.sql2o.ConnectionTransactionTest
Tests run: 1, Failures: 0, Errors: 0, Skipped: 0, Time elapsed: 0.013 sec - in org.sql2o.ConnectionTransactionTest
Running org.sql2o.Sql2oDataSourceTest
22:41:52.894 [main] DEBUG org.sql2o.Query - Execute SQL => create table testExecWithNullsTbl (id int identity primary key, text varchar(255), aNumber int, aLongNumber bigint)
22:41:52.894 [main] DEBUG org.sql2o.Query - Parameters  => []
22:41:53.009 [main] DEBUG org.sql2o.Query - total: 115 ms; executed update [testExecuteAndFetchWithNulls]
22:41:53.013 [main] DEBUG org.sql2o.Query - Execute SQL => insert into testExecWithNullsTbl (text, aNumber, aLongNumber) values(?, ?, ?)
22:41:53.013 [main] DEBUG org.sql2o.Query - Parameters  => [some text, 11, 10]
22:41:53.018 [main] DEBUG org.sql2o.Query - total: 5 ms; executed update [No name]
22:41:53.018 [main] DEBUG org.sql2o.Query - Execute SQL => insert into testExecWithNullsTbl (text, aNumber, aLongNumber) values(?, ?, ?)
22:41:53.018 [main] DEBUG org.sql2o.Query - Parameters  => [some text, null, 10]
22:41:53.019 [main] DEBUG org.sql2o.Query - total: 1 ms; executed update [No name]
22:41:53.019 [main] DEBUG org.sql2o.Query - Execute SQL => insert into testExecWithNullsTbl (text, aNumber, aLongNumber) values(?, ?, ?)
22:41:53.019 [main] DEBUG org.sql2o.Query - Parameters  => [null, 21, null]
22:41:53.019 [main] DEBUG org.sql2o.Query - total: 0 ms; executed update [No name]
22:41:53.020 [main] DEBUG org.sql2o.Query - Execute SQL => insert into testExecWithNullsTbl (text, aNumber, aLongNumber) values(?, ?, ?)
22:41:53.020 [main] DEBUG org.sql2o.Query - Parameters  => [some text, 1221, 10]
22:41:53.020 [main] DEBUG org.sql2o.Query - total: 0 ms; executed update [No name]
22:41:53.020 [main] DEBUG org.sql2o.Query - Execute SQL => insert into testExecWithNullsTbl (text, aNumber, aLongNumber) values(?, ?, ?)
22:41:53.020 [main] DEBUG org.sql2o.Query - Parameters  => [some text, 2311, 12]
22:41:53.021 [main] DEBUG org.sql2o.Query - total: 1 ms; executed update [No name]
22:41:53.029 [main] DEBUG org.sql2o.Query - Execute SQL => select * from testExecWithNullsTbl
22:41:53.031 [main] DEBUG org.sql2o.Query - Parameters  => []
22:41:53.050 [main] DEBUG org.sql2o.Query - Total       => 21 ms, execution: 5 ms, reading and parsing: 16 ms; executed [null]
Tests run: 1, Failures: 0, Errors: 0, Skipped: 0, Time elapsed: 1.364 sec - in org.sql2o.Sql2oDataSourceTest
Running org.sql2o.issues.IssuesTest
22:41:53.112 [main] DEBUG org.sql2o.Query - Execute SQL => create table testIgnoreSqlComments(id integer primary key, intval integer, strval varchar(100))
22:41:53.121 [main] DEBUG org.sql2o.Query - Parameters  => []
22:41:53.123 [main] DEBUG org.sql2o.Query - total: 11 ms; executed update [No name]
22:41:53.123 [main] DEBUG org.sql2o.Query - Execute SQL => insert into testIgnoreSqlComments (id, intval, strval)
 -- It's a comment!
values (?, ?, ?);
22:41:53.123 [main] DEBUG org.sql2o.Query - Parameters  => [0, 0, teststring0]
22:41:53.124 [main] DEBUG org.sql2o.Query - total: 1 ms; executed update [No name]
22:41:53.124 [main] DEBUG org.sql2o.Query - Execute SQL => insert into testIgnoreSqlComments (id, intval, strval)
 -- It's a comment!
values (?, ?, ?);
22:41:53.124 [main] DEBUG org.sql2o.Query - Parameters  => [1, 1, teststring1]
22:41:53.124 [main] DEBUG org.sql2o.Query - total: 0 ms; executed update [No name]
22:41:53.125 [main] DEBUG org.sql2o.Query - Execute SQL => insert into testIgnoreSqlComments (id, intval, strval)
 -- It's a comment!
values (?, ?, ?);
22:41:53.125 [main] DEBUG org.sql2o.Query - Parameters  => [2, 2, teststring2]
22:41:53.126 [main] DEBUG org.sql2o.Query - total: 1 ms; executed update [No name]
22:41:53.126 [main] DEBUG org.sql2o.Query - Execute SQL => insert into testIgnoreSqlComments (id, intval, strval)
 -- It's a comment!
values (?, ?, ?);
22:41:53.126 [main] DEBUG org.sql2o.Query - Parameters  => [3, 3, teststring3]
22:41:53.126 [main] DEBUG org.sql2o.Query - total: 0 ms; executed update [No name]
22:41:53.126 [main] DEBUG org.sql2o.Query - Execute SQL => insert into testIgnoreSqlComments (id, intval, strval)
 -- It's a comment!
values (?, ?, ?);
22:41:53.127 [main] DEBUG org.sql2o.Query - Parameters  => [4, 4, teststring4]
22:41:53.127 [main] DEBUG org.sql2o.Query - total: 1 ms; executed update [No name]
22:41:53.127 [main] DEBUG org.sql2o.Query - Execute SQL => insert into testIgnoreSqlComments (id, intval, strval)
 -- It's a comment!
values (?, ?, ?);
22:41:53.127 [main] DEBUG org.sql2o.Query - Parameters  => [5, 5, teststring5]
22:41:53.128 [main] DEBUG org.sql2o.Query - total: 1 ms; executed update [No name]
22:41:53.128 [main] DEBUG org.sql2o.Query - Execute SQL => insert into testIgnoreSqlComments (id, intval, strval)
 -- It's a comment!
values (?, ?, ?);
22:41:53.128 [main] DEBUG org.sql2o.Query - Parameters  => [6, 6, teststring6]
22:41:53.129 [main] DEBUG org.sql2o.Query - total: 1 ms; executed update [No name]
22:41:53.129 [main] DEBUG org.sql2o.Query - Execute SQL => insert into testIgnoreSqlComments (id, intval, strval)
 -- It's a comment!
values (?, ?, ?);
22:41:53.129 [main] DEBUG org.sql2o.Query - Parameters  => [7, 7, teststring7]
22:41:53.130 [main] DEBUG org.sql2o.Query - total: 1 ms; executed update [No name]
22:41:53.130 [main] DEBUG org.sql2o.Query - Execute SQL => insert into testIgnoreSqlComments (id, intval, strval)
 -- It's a comment!
values (?, ?, ?);
22:41:53.130 [main] DEBUG org.sql2o.Query - Parameters  => [8, 8, teststring8]
22:41:53.130 [main] DEBUG org.sql2o.Query - total: 0 ms; executed update [No name]
22:41:53.131 [main] DEBUG org.sql2o.Query - Execute SQL => insert into testIgnoreSqlComments (id, intval, strval)
 -- It's a comment!
values (?, ?, ?);
22:41:53.131 [main] DEBUG org.sql2o.Query - Parameters  => [9, 9, teststring9]
22:41:53.131 [main] DEBUG org.sql2o.Query - total: 0 ms; executed update [No name]
22:41:53.131 [main] DEBUG org.sql2o.Query - Execute SQL => insert into testIgnoreSqlComments (id, intval, strval)
 -- It's a comment!
values (?, ?, ?);
22:41:53.131 [main] DEBUG org.sql2o.Query - Parameters  => [10, 0, teststring10]
22:41:53.132 [main] DEBUG org.sql2o.Query - total: 1 ms; executed update [No name]
22:41:53.132 [main] DEBUG org.sql2o.Query - Execute SQL => insert into testIgnoreSqlComments (id, intval, strval)
 -- It's a comment!
values (?, ?, ?);
22:41:53.132 [main] DEBUG org.sql2o.Query - Parameters  => [11, 1, teststring11]
22:41:53.133 [main] DEBUG org.sql2o.Query - total: 1 ms; executed update [No name]
22:41:53.133 [main] DEBUG org.sql2o.Query - Execute SQL => insert into testIgnoreSqlComments (id, intval, strval)
 -- It's a comment!
values (?, ?, ?);
22:41:53.133 [main] DEBUG org.sql2o.Query - Parameters  => [12, 2, teststring12]
22:41:53.134 [main] DEBUG org.sql2o.Query - total: 1 ms; executed update [No name]
22:41:53.134 [main] DEBUG org.sql2o.Query - Execute SQL => insert into testIgnoreSqlComments (id, intval, strval)
 -- It's a comment!
values (?, ?, ?);
22:41:53.134 [main] DEBUG org.sql2o.Query - Parameters  => [13, 3, teststring13]
22:41:53.134 [main] DEBUG org.sql2o.Query - total: 0 ms; executed update [No name]
22:41:53.135 [main] DEBUG org.sql2o.Query - Execute SQL => insert into testIgnoreSqlComments (id, intval, strval)
 -- It's a comment!
values (?, ?, ?);
22:41:53.135 [main] DEBUG org.sql2o.Query - Parameters  => [14, 4, teststring14]
22:41:53.135 [main] DEBUG org.sql2o.Query - total: 0 ms; executed update [No name]
22:41:53.135 [main] DEBUG org.sql2o.Query - Execute SQL => insert into testIgnoreSqlComments (id, intval, strval)
 -- It's a comment!
values (?, ?, ?);
22:41:53.135 [main] DEBUG org.sql2o.Query - Parameters  => [15, 5, teststring15]
22:41:53.136 [main] DEBUG org.sql2o.Query - total: 1 ms; executed update [No name]
22:41:53.136 [main] DEBUG org.sql2o.Query - Execute SQL => insert into testIgnoreSqlComments (id, intval, strval)
 -- It's a comment!
values (?, ?, ?);
22:41:53.136 [main] DEBUG org.sql2o.Query - Parameters  => [16, 6, teststring16]
22:41:53.138 [main] DEBUG org.sql2o.Query - total: 2 ms; executed update [No name]
22:41:53.138 [main] DEBUG org.sql2o.Query - Execute SQL => insert into testIgnoreSqlComments (id, intval, strval)
 -- It's a comment!
values (?, ?, ?);
22:41:53.138 [main] DEBUG org.sql2o.Query - Parameters  => [17, 7, teststring17]
22:41:53.138 [main] DEBUG org.sql2o.Query - total: 0 ms; executed update [No name]
22:41:53.139 [main] DEBUG org.sql2o.Query - Execute SQL => insert into testIgnoreSqlComments (id, intval, strval)
 -- It's a comment!
values (?, ?, ?);
22:41:53.139 [main] DEBUG org.sql2o.Query - Parameters  => [18, 8, teststring18]
22:41:53.139 [main] DEBUG org.sql2o.Query - total: 0 ms; executed update [No name]
22:41:53.139 [main] DEBUG org.sql2o.Query - Execute SQL => insert into testIgnoreSqlComments (id, intval, strval)
 -- It's a comment!
values (?, ?, ?);
22:41:53.139 [main] DEBUG org.sql2o.Query - Parameters  => [19, 9, teststring19]
22:41:53.141 [main] DEBUG org.sql2o.Query - total: 2 ms; executed update [No name]
22:41:53.141 [main] DEBUG org.sql2o.Query - Execute SQL => insert into testIgnoreSqlComments (id, intval, strval)
 -- It's a comment!
values (?, ?, ?);
22:41:53.141 [main] DEBUG org.sql2o.Query - Parameters  => [20, 0, teststring20]
22:41:53.142 [main] DEBUG org.sql2o.Query - total: 1 ms; executed update [No name]
22:41:53.142 [main] DEBUG org.sql2o.Query - Execute SQL => insert into testIgnoreSqlComments (id, intval, strval)
 -- It's a comment!
values (?, ?, ?);
22:41:53.142 [main] DEBUG org.sql2o.Query - Parameters  => [21, 1, teststring21]
22:41:53.143 [main] DEBUG org.sql2o.Query - total: 1 ms; executed update [No name]
22:41:53.152 [main] DEBUG org.sql2o.Query - Execute SQL => insert into testIgnoreSqlComments (id, intval, strval)
 -- It's a comment!
values (?, ?, ?);
22:41:53.152 [main] DEBUG org.sql2o.Query - Parameters  => [22, 2, teststring22]
22:41:53.153 [main] DEBUG org.sql2o.Query - total: 1 ms; executed update [No name]
22:41:53.153 [main] DEBUG org.sql2o.Query - Execute SQL => insert into testIgnoreSqlComments (id, intval, strval)
 -- It's a comment!
values (?, ?, ?);
22:41:53.153 [main] DEBUG org.sql2o.Query - Parameters  => [23, 3, teststring23]
22:41:53.158 [main] DEBUG org.sql2o.Query - total: 4 ms; executed update [No name]
22:41:53.158 [main] DEBUG org.sql2o.Query - Execute SQL => insert into testIgnoreSqlComments (id, intval, strval)
 -- It's a comment!
values (?, ?, ?);
22:41:53.158 [main] DEBUG org.sql2o.Query - Parameters  => [24, 4, teststring24]
22:41:53.159 [main] DEBUG org.sql2o.Query - total: 1 ms; executed update [No name]
22:41:53.159 [main] DEBUG org.sql2o.Query - Execute SQL => insert into testIgnoreSqlComments (id, intval, strval)
 -- It's a comment!
values (?, ?, ?);
22:41:53.159 [main] DEBUG org.sql2o.Query - Parameters  => [25, 5, teststring25]
22:41:53.160 [main] DEBUG org.sql2o.Query - total: 1 ms; executed update [No name]
22:41:53.160 [main] DEBUG org.sql2o.Query - Execute SQL => insert into testIgnoreSqlComments (id, intval, strval)
 -- It's a comment!
values (?, ?, ?);
22:41:53.160 [main] DEBUG org.sql2o.Query - Parameters  => [26, 6, teststring26]
22:41:53.161 [main] DEBUG org.sql2o.Query - total: 1 ms; executed update [No name]
22:41:53.161 [main] DEBUG org.sql2o.Query - Execute SQL => insert into testIgnoreSqlComments (id, intval, strval)
 -- It's a comment!
values (?, ?, ?);
22:41:53.161 [main] DEBUG org.sql2o.Query - Parameters  => [27, 7, teststring27]
22:41:53.162 [main] DEBUG org.sql2o.Query - total: 1 ms; executed update [No name]
22:41:53.162 [main] DEBUG org.sql2o.Query - Execute SQL => insert into testIgnoreSqlComments (id, intval, strval)
 -- It's a comment!
values (?, ?, ?);
22:41:53.162 [main] DEBUG org.sql2o.Query - Parameters  => [28, 8, teststring28]
22:41:53.162 [main] DEBUG org.sql2o.Query - total: 0 ms; executed update [No name]
22:41:53.163 [main] DEBUG org.sql2o.Query - Execute SQL => insert into testIgnoreSqlComments (id, intval, strval)
 -- It's a comment!
values (?, ?, ?);
22:41:53.163 [main] DEBUG org.sql2o.Query - Parameters  => [29, 9, teststring29]
22:41:53.166 [main] DEBUG org.sql2o.Query - total: 3 ms; executed update [No name]
22:41:53.166 [main] DEBUG org.sql2o.Query - Execute SQL => insert into testIgnoreSqlComments (id, intval, strval)
 -- It's a comment!
values (?, ?, ?);
22:41:53.166 [main] DEBUG org.sql2o.Query - Parameters  => [30, 0, teststring30]
22:41:53.167 [main] DEBUG org.sql2o.Query - total: 1 ms; executed update [No name]
22:41:53.167 [main] DEBUG org.sql2o.Query - Execute SQL => insert into testIgnoreSqlComments (id, intval, strval)
 -- It's a comment!
values (?, ?, ?);
22:41:53.167 [main] DEBUG org.sql2o.Query - Parameters  => [31, 1, teststring31]
22:41:53.167 [main] DEBUG org.sql2o.Query - total: 0 ms; executed update [No name]
22:41:53.167 [main] DEBUG org.sql2o.Query - Execute SQL => insert into testIgnoreSqlComments (id, intval, strval)
 -- It's a comment!
values (?, ?, ?);
22:41:53.168 [main] DEBUG org.sql2o.Query - Parameters  => [32, 2, teststring32]
22:41:53.168 [main] DEBUG org.sql2o.Query - total: 1 ms; executed update [No name]
22:41:53.168 [main] DEBUG org.sql2o.Query - Execute SQL => insert into testIgnoreSqlComments (id, intval, strval)
 -- It's a comment!
values (?, ?, ?);
22:41:53.168 [main] DEBUG org.sql2o.Query - Parameters  => [33, 3, teststring33]
22:41:53.171 [main] DEBUG org.sql2o.Query - total: 3 ms; executed update [No name]
22:41:53.172 [main] DEBUG org.sql2o.Query - Execute SQL => insert into testIgnoreSqlComments (id, intval, strval)
 -- It's a comment!
values (?, ?, ?);
22:41:53.172 [main] DEBUG org.sql2o.Query - Parameters  => [34, 4, teststring34]
22:41:53.172 [main] DEBUG org.sql2o.Query - total: 0 ms; executed update [No name]
22:41:53.173 [main] DEBUG org.sql2o.Query - Execute SQL => insert into testIgnoreSqlComments (id, intval, strval)
 -- It's a comment!
values (?, ?, ?);
22:41:53.173 [main] DEBUG org.sql2o.Query - Parameters  => [35, 5, teststring35]
22:41:53.174 [main] DEBUG org.sql2o.Query - total: 1 ms; executed update [No name]
22:41:53.174 [main] DEBUG org.sql2o.Query - Execute SQL => insert into testIgnoreSqlComments (id, intval, strval)
 -- It's a comment!
values (?, ?, ?);
22:41:53.174 [main] DEBUG org.sql2o.Query - Parameters  => [36, 6, teststring36]
22:41:53.178 [main] DEBUG org.sql2o.Query - total: 4 ms; executed update [No name]
22:41:53.178 [main] DEBUG org.sql2o.Query - Execute SQL => insert into testIgnoreSqlComments (id, intval, strval)
 -- It's a comment!
values (?, ?, ?);
22:41:53.178 [main] DEBUG org.sql2o.Query - Parameters  => [37, 7, teststring37]
22:41:53.179 [main] DEBUG org.sql2o.Query - total: 1 ms; executed update [No name]
22:41:53.179 [main] DEBUG org.sql2o.Query - Execute SQL => insert into testIgnoreSqlComments (id, intval, strval)
 -- It's a comment!
values (?, ?, ?);
22:41:53.182 [main] DEBUG org.sql2o.Query - Parameters  => [38, 8, teststring38]
22:41:53.183 [main] DEBUG org.sql2o.Query - total: 4 ms; executed update [No name]
22:41:53.183 [main] DEBUG org.sql2o.Query - Execute SQL => insert into testIgnoreSqlComments (id, intval, strval)
 -- It's a comment!
values (?, ?, ?);
22:41:53.183 [main] DEBUG org.sql2o.Query - Parameters  => [39, 9, teststring39]
22:41:53.184 [main] DEBUG org.sql2o.Query - total: 1 ms; executed update [No name]
22:41:53.184 [main] DEBUG org.sql2o.Query - Execute SQL => insert into testIgnoreSqlComments (id, intval, strval)
 -- It's a comment!
values (?, ?, ?);
22:41:53.184 [main] DEBUG org.sql2o.Query - Parameters  => [40, 0, teststring40]
22:41:53.185 [main] DEBUG org.sql2o.Query - total: 1 ms; executed update [No name]
22:41:53.185 [main] DEBUG org.sql2o.Query - Execute SQL => insert into testIgnoreSqlComments (id, intval, strval)
 -- It's a comment!
values (?, ?, ?);
22:41:53.185 [main] DEBUG org.sql2o.Query - Parameters  => [41, 1, teststring41]
22:41:53.189 [main] DEBUG org.sql2o.Query - total: 4 ms; executed update [No name]
22:41:53.189 [main] DEBUG org.sql2o.Query - Execute SQL => insert into testIgnoreSqlComments (id, intval, strval)
 -- It's a comment!
values (?, ?, ?);
22:41:53.189 [main] DEBUG org.sql2o.Query - Parameters  => [42, 2, teststring42]
22:41:53.190 [main] DEBUG org.sql2o.Query - total: 1 ms; executed update [No name]
22:41:53.190 [main] DEBUG org.sql2o.Query - Execute SQL => insert into testIgnoreSqlComments (id, intval, strval)
 -- It's a comment!
values (?, ?, ?);
22:41:53.190 [main] DEBUG org.sql2o.Query - Parameters  => [43, 3, teststring43]
22:41:53.191 [main] DEBUG org.sql2o.Query - total: 1 ms; executed update [No name]
22:41:53.191 [main] DEBUG org.sql2o.Query - Execute SQL => insert into testIgnoreSqlComments (id, intval, strval)
 -- It's a comment!
values (?, ?, ?);
22:41:53.191 [main] DEBUG org.sql2o.Query - Parameters  => [44, 4, teststring44]
22:41:53.192 [main] DEBUG org.sql2o.Query - total: 1 ms; executed update [No name]
22:41:53.192 [main] DEBUG org.sql2o.Query - Execute SQL => insert into testIgnoreSqlComments (id, intval, strval)
 -- It's a comment!
values (?, ?, ?);
22:41:53.192 [main] DEBUG org.sql2o.Query - Parameters  => [45, 5, teststring45]
22:41:53.192 [main] DEBUG org.sql2o.Query - total: 0 ms; executed update [No name]
22:41:53.192 [main] DEBUG org.sql2o.Query - Execute SQL => insert into testIgnoreSqlComments (id, intval, strval)
 -- It's a comment!
values (?, ?, ?);
22:41:53.193 [main] DEBUG org.sql2o.Query - Parameters  => [46, 6, teststring46]
22:41:53.193 [main] DEBUG org.sql2o.Query - total: 1 ms; executed update [No name]
22:41:53.193 [main] DEBUG org.sql2o.Query - Execute SQL => insert into testIgnoreSqlComments (id, intval, strval)
 -- It's a comment!
values (?, ?, ?);
22:41:53.193 [main] DEBUG org.sql2o.Query - Parameters  => [47, 7, teststring47]
22:41:53.194 [main] DEBUG org.sql2o.Query - total: 1 ms; executed update [No name]
22:41:53.194 [main] DEBUG org.sql2o.Query - Execute SQL => insert into testIgnoreSqlComments (id, intval, strval)
 -- It's a comment!
values (?, ?, ?);
22:41:53.194 [main] DEBUG org.sql2o.Query - Parameters  => [48, 8, teststring48]
22:41:53.194 [main] DEBUG org.sql2o.Query - total: 0 ms; executed update [No name]
22:41:53.195 [main] DEBUG org.sql2o.Query - Execute SQL => insert into testIgnoreSqlComments (id, intval, strval)
 -- It's a comment!
values (?, ?, ?);
22:41:53.195 [main] DEBUG org.sql2o.Query - Parameters  => [49, 9, teststring49]
22:41:53.195 [main] DEBUG org.sql2o.Query - total: 1 ms; executed update [No name]
22:41:53.195 [main] DEBUG org.sql2o.Query - Execute SQL => insert into testIgnoreSqlComments (id, intval, strval)
 -- It's a comment!
values (?, ?, ?);
22:41:53.195 [main] DEBUG org.sql2o.Query - Parameters  => [50, 0, teststring50]
22:41:53.196 [main] DEBUG org.sql2o.Query - total: 1 ms; executed update [No name]
22:41:53.196 [main] DEBUG org.sql2o.Query - Execute SQL => insert into testIgnoreSqlComments (id, intval, strval)
 -- It's a comment!
values (?, ?, ?);
22:41:53.196 [main] DEBUG org.sql2o.Query - Parameters  => [51, 1, teststring51]
22:41:53.196 [main] DEBUG org.sql2o.Query - total: 0 ms; executed update [No name]
22:41:53.196 [main] DEBUG org.sql2o.Query - Execute SQL => insert into testIgnoreSqlComments (id, intval, strval)
 -- It's a comment!
values (?, ?, ?);
22:41:53.197 [main] DEBUG org.sql2o.Query - Parameters  => [52, 2, teststring52]
22:41:53.197 [main] DEBUG org.sql2o.Query - total: 1 ms; executed update [No name]
22:41:53.197 [main] DEBUG org.sql2o.Query - Execute SQL => insert into testIgnoreSqlComments (id, intval, strval)
 -- It's a comment!
values (?, ?, ?);
22:41:53.197 [main] DEBUG org.sql2o.Query - Parameters  => [53, 3, teststring53]
22:41:53.198 [main] DEBUG org.sql2o.Query - total: 1 ms; executed update [No name]
22:41:53.198 [main] DEBUG org.sql2o.Query - Execute SQL => insert into testIgnoreSqlComments (id, intval, strval)
 -- It's a comment!
values (?, ?, ?);
22:41:53.198 [main] DEBUG org.sql2o.Query - Parameters  => [54, 4, teststring54]
22:41:53.198 [main] DEBUG org.sql2o.Query - total: 0 ms; executed update [No name]
22:41:53.198 [main] DEBUG org.sql2o.Query - Execute SQL => insert into testIgnoreSqlComments (id, intval, strval)
 -- It's a comment!
values (?, ?, ?);
22:41:53.198 [main] DEBUG org.sql2o.Query - Parameters  => [55, 5, teststring55]
22:41:53.199 [main] DEBUG org.sql2o.Query - total: 1 ms; executed update [No name]
22:41:53.199 [main] DEBUG org.sql2o.Query - Execute SQL => insert into testIgnoreSqlComments (id, intval, strval)
 -- It's a comment!
values (?, ?, ?);
22:41:53.199 [main] DEBUG org.sql2o.Query - Parameters  => [56, 6, teststring56]
22:41:53.199 [main] DEBUG org.sql2o.Query - total: 0 ms; executed update [No name]
22:41:53.200 [main] DEBUG org.sql2o.Query - Execute SQL => insert into testIgnoreSqlComments (id, intval, strval)
 -- It's a comment!
values (?, ?, ?);
22:41:53.200 [main] DEBUG org.sql2o.Query - Parameters  => [57, 7, teststring57]
22:41:53.200 [main] DEBUG org.sql2o.Query - total: 0 ms; executed update [No name]
22:41:53.200 [main] DEBUG org.sql2o.Query - Execute SQL => insert into testIgnoreSqlComments (id, intval, strval)
 -- It's a comment!
values (?, ?, ?);
22:41:53.200 [main] DEBUG org.sql2o.Query - Parameters  => [58, 8, teststring58]
22:41:53.201 [main] DEBUG org.sql2o.Query - total: 1 ms; executed update [No name]
22:41:53.201 [main] DEBUG org.sql2o.Query - Execute SQL => insert into testIgnoreSqlComments (id, intval, strval)
 -- It's a comment!
values (?, ?, ?);
22:41:53.201 [main] DEBUG org.sql2o.Query - Parameters  => [59, 9, teststring59]
22:41:53.202 [main] DEBUG org.sql2o.Query - total: 1 ms; executed update [No name]
22:41:53.202 [main] DEBUG org.sql2o.Query - Execute SQL => insert into testIgnoreSqlComments (id, intval, strval)
 -- It's a comment!
values (?, ?, ?);
22:41:53.202 [main] DEBUG org.sql2o.Query - Parameters  => [60, 0, teststring60]
22:41:53.203 [main] DEBUG org.sql2o.Query - total: 1 ms; executed update [No name]
22:41:53.203 [main] DEBUG org.sql2o.Query - Execute SQL => insert into testIgnoreSqlComments (id, intval, strval)
 -- It's a comment!
values (?, ?, ?);
22:41:53.203 [main] DEBUG org.sql2o.Query - Parameters  => [61, 1, teststring61]
22:41:53.203 [main] DEBUG org.sql2o.Query - total: 0 ms; executed update [No name]
22:41:53.203 [main] DEBUG org.sql2o.Query - Execute SQL => insert into testIgnoreSqlComments (id, intval, strval)
 -- It's a comment!
values (?, ?, ?);
22:41:53.203 [main] DEBUG org.sql2o.Query - Parameters  => [62, 2, teststring62]
22:41:53.204 [main] DEBUG org.sql2o.Query - total: 1 ms; executed update [No name]
22:41:53.204 [main] DEBUG org.sql2o.Query - Execute SQL => insert into testIgnoreSqlComments (id, intval, strval)
 -- It's a comment!
values (?, ?, ?);
22:41:53.204 [main] DEBUG org.sql2o.Query - Parameters  => [63, 3, teststring63]
22:41:53.204 [main] DEBUG org.sql2o.Query - total: 0 ms; executed update [No name]
22:41:53.204 [main] DEBUG org.sql2o.Query - Execute SQL => insert into testIgnoreSqlComments (id, intval, strval)
 -- It's a comment!
values (?, ?, ?);
22:41:53.205 [main] DEBUG org.sql2o.Query - Parameters  => [64, 4, teststring64]
22:41:53.205 [main] DEBUG org.sql2o.Query - total: 1 ms; executed update [No name]
22:41:53.205 [main] DEBUG org.sql2o.Query - Execute SQL => insert into testIgnoreSqlComments (id, intval, strval)
 -- It's a comment!
values (?, ?, ?);
22:41:53.205 [main] DEBUG org.sql2o.Query - Parameters  => [65, 5, teststring65]
22:41:53.206 [main] DEBUG org.sql2o.Query - total: 1 ms; executed update [No name]
22:41:53.206 [main] DEBUG org.sql2o.Query - Execute SQL => insert into testIgnoreSqlComments (id, intval, strval)
 -- It's a comment!
values (?, ?, ?);
22:41:53.206 [main] DEBUG org.sql2o.Query - Parameters  => [66, 6, teststring66]
22:41:53.206 [main] DEBUG org.sql2o.Query - total: 0 ms; executed update [No name]
22:41:53.206 [main] DEBUG org.sql2o.Query - Execute SQL => insert into testIgnoreSqlComments (id, intval, strval)
 -- It's a comment!
values (?, ?, ?);
22:41:53.206 [main] DEBUG org.sql2o.Query - Parameters  => [67, 7, teststring67]
22:41:53.211 [main] DEBUG org.sql2o.Query - total: 5 ms; executed update [No name]
22:41:53.211 [main] DEBUG org.sql2o.Query - Execute SQL => insert into testIgnoreSqlComments (id, intval, strval)
 -- It's a comment!
values (?, ?, ?);
22:41:53.211 [main] DEBUG org.sql2o.Query - Parameters  => [68, 8, teststring68]
22:41:53.211 [main] DEBUG org.sql2o.Query - total: 0 ms; executed update [No name]
22:41:53.211 [main] DEBUG org.sql2o.Query - Execute SQL => insert into testIgnoreSqlComments (id, intval, strval)
 -- It's a comment!
values (?, ?, ?);
22:41:53.211 [main] DEBUG org.sql2o.Query - Parameters  => [69, 9, teststring69]
22:41:53.212 [main] DEBUG org.sql2o.Query - total: 1 ms; executed update [No name]
22:41:53.212 [main] DEBUG org.sql2o.Query - Execute SQL => insert into testIgnoreSqlComments (id, intval, strval)
 -- It's a comment!
values (?, ?, ?);
22:41:53.212 [main] DEBUG org.sql2o.Query - Parameters  => [70, 0, teststring70]
22:41:53.212 [main] DEBUG org.sql2o.Query - total: 0 ms; executed update [No name]
22:41:53.213 [main] DEBUG org.sql2o.Query - Execute SQL => insert into testIgnoreSqlComments (id, intval, strval)
 -- It's a comment!
values (?, ?, ?);
22:41:53.213 [main] DEBUG org.sql2o.Query - Parameters  => [71, 1, teststring71]
22:41:53.213 [main] DEBUG org.sql2o.Query - total: 0 ms; executed update [No name]
22:41:53.213 [main] DEBUG org.sql2o.Query - Execute SQL => insert into testIgnoreSqlComments (id, intval, strval)
 -- It's a comment!
values (?, ?, ?);
22:41:53.213 [main] DEBUG org.sql2o.Query - Parameters  => [72, 2, teststring72]
22:41:53.214 [main] DEBUG org.sql2o.Query - total: 1 ms; executed update [No name]
22:41:53.214 [main] DEBUG org.sql2o.Query - Execute SQL => insert into testIgnoreSqlComments (id, intval, strval)
 -- It's a comment!
values (?, ?, ?);
22:41:53.215 [main] DEBUG org.sql2o.Query - Parameters  => [73, 3, teststring73]
22:41:53.215 [main] DEBUG org.sql2o.Query - total: 1 ms; executed update [No name]
22:41:53.215 [main] DEBUG org.sql2o.Query - Execute SQL => insert into testIgnoreSqlComments (id, intval, strval)
 -- It's a comment!
values (?, ?, ?);
22:41:53.216 [main] DEBUG org.sql2o.Query - Parameters  => [74, 4, teststring74]
22:41:53.216 [main] DEBUG org.sql2o.Query - total: 1 ms; executed update [No name]
22:41:53.217 [main] DEBUG org.sql2o.Query - Execute SQL => insert into testIgnoreSqlComments (id, intval, strval)
 -- It's a comment!
values (?, ?, ?);
22:41:53.217 [main] DEBUG org.sql2o.Query - Parameters  => [75, 5, teststring75]
22:41:53.217 [main] DEBUG org.sql2o.Query - total: 0 ms; executed update [No name]
22:41:53.218 [main] DEBUG org.sql2o.Query - Execute SQL => insert into testIgnoreSqlComments (id, intval, strval)
 -- It's a comment!
values (?, ?, ?);
22:41:53.218 [main] DEBUG org.sql2o.Query - Parameters  => [76, 6, teststring76]
22:41:53.219 [main] DEBUG org.sql2o.Query - total: 0 ms; executed update [No name]
22:41:53.223 [main] DEBUG org.sql2o.Query - Execute SQL => insert into testIgnoreSqlComments (id, intval, strval)
 -- It's a comment!
values (?, ?, ?);
22:41:53.223 [main] DEBUG org.sql2o.Query - Parameters  => [77, 7, teststring77]
22:41:53.224 [main] DEBUG org.sql2o.Query - total: 1 ms; executed update [No name]
22:41:53.224 [main] DEBUG org.sql2o.Query - Execute SQL => insert into testIgnoreSqlComments (id, intval, strval)
 -- It's a comment!
values (?, ?, ?);
22:41:53.224 [main] DEBUG org.sql2o.Query - Parameters  => [78, 8, teststring78]
22:41:53.226 [main] DEBUG org.sql2o.Query - total: 2 ms; executed update [No name]
22:41:53.226 [main] DEBUG org.sql2o.Query - Execute SQL => insert into testIgnoreSqlComments (id, intval, strval)
 -- It's a comment!
values (?, ?, ?);
22:41:53.227 [main] DEBUG org.sql2o.Query - Parameters  => [79, 9, teststring79]
22:41:53.227 [main] DEBUG org.sql2o.Query - total: 1 ms; executed update [No name]
22:41:53.227 [main] DEBUG org.sql2o.Query - Execute SQL => insert into testIgnoreSqlComments (id, intval, strval)
 -- It's a comment!
values (?, ?, ?);
22:41:53.227 [main] DEBUG org.sql2o.Query - Parameters  => [80, 0, teststring80]
22:41:53.228 [main] DEBUG org.sql2o.Query - total: 1 ms; executed update [No name]
22:41:53.228 [main] DEBUG org.sql2o.Query - Execute SQL => insert into testIgnoreSqlComments (id, intval, strval)
 -- It's a comment!
values (?, ?, ?);
22:41:53.228 [main] DEBUG org.sql2o.Query - Parameters  => [81, 1, teststring81]
22:41:53.233 [main] DEBUG org.sql2o.Query - total: 5 ms; executed update [No name]
22:41:53.234 [main] DEBUG org.sql2o.Query - Execute SQL => insert into testIgnoreSqlComments (id, intval, strval)
 -- It's a comment!
values (?, ?, ?);
22:41:53.234 [main] DEBUG org.sql2o.Query - Parameters  => [82, 2, teststring82]
22:41:53.234 [main] DEBUG org.sql2o.Query - total: 0 ms; executed update [No name]
22:41:53.234 [main] DEBUG org.sql2o.Query - Execute SQL => insert into testIgnoreSqlComments (id, intval, strval)
 -- It's a comment!
values (?, ?, ?);
22:41:53.234 [main] DEBUG org.sql2o.Query - Parameters  => [83, 3, teststring83]
22:41:53.235 [main] DEBUG org.sql2o.Query - total: 1 ms; executed update [No name]
22:41:53.235 [main] DEBUG org.sql2o.Query - Execute SQL => insert into testIgnoreSqlComments (id, intval, strval)
 -- It's a comment!
values (?, ?, ?);
22:41:53.235 [main] DEBUG org.sql2o.Query - Parameters  => [84, 4, teststring84]
22:41:53.235 [main] DEBUG org.sql2o.Query - total: 0 ms; executed update [No name]
22:41:53.235 [main] DEBUG org.sql2o.Query - Execute SQL => insert into testIgnoreSqlComments (id, intval, strval)
 -- It's a comment!
values (?, ?, ?);
22:41:53.235 [main] DEBUG org.sql2o.Query - Parameters  => [85, 5, teststring85]
22:41:53.236 [main] DEBUG org.sql2o.Query - total: 1 ms; executed update [No name]
22:41:53.236 [main] DEBUG org.sql2o.Query - Execute SQL => insert into testIgnoreSqlComments (id, intval, strval)
 -- It's a comment!
values (?, ?, ?);
22:41:53.236 [main] DEBUG org.sql2o.Query - Parameters  => [86, 6, teststring86]
22:41:53.236 [main] DEBUG org.sql2o.Query - total: 0 ms; executed update [No name]
22:41:53.236 [main] DEBUG org.sql2o.Query - Execute SQL => insert into testIgnoreSqlComments (id, intval, strval)
 -- It's a comment!
values (?, ?, ?);
22:41:53.237 [main] DEBUG org.sql2o.Query - Parameters  => [87, 7, teststring87]
22:41:53.237 [main] DEBUG org.sql2o.Query - total: 1 ms; executed update [No name]
22:41:53.237 [main] DEBUG org.sql2o.Query - Execute SQL => insert into testIgnoreSqlComments (id, intval, strval)
 -- It's a comment!
values (?, ?, ?);
22:41:53.237 [main] DEBUG org.sql2o.Query - Parameters  => [88, 8, teststring88]
22:41:53.237 [main] DEBUG org.sql2o.Query - total: 0 ms; executed update [No name]
22:41:53.238 [main] DEBUG org.sql2o.Query - Execute SQL => insert into testIgnoreSqlComments (id, intval, strval)
 -- It's a comment!
values (?, ?, ?);
22:41:53.238 [main] DEBUG org.sql2o.Query - Parameters  => [89, 9, teststring89]
22:41:53.238 [main] DEBUG org.sql2o.Query - total: 0 ms; executed update [No name]
22:41:53.238 [main] DEBUG org.sql2o.Query - Execute SQL => insert into testIgnoreSqlComments (id, intval, strval)
 -- It's a comment!
values (?, ?, ?);
22:41:53.238 [main] DEBUG org.sql2o.Query - Parameters  => [90, 0, teststring90]
22:41:53.239 [main] DEBUG org.sql2o.Query - total: 1 ms; executed update [No name]
22:41:53.239 [main] DEBUG org.sql2o.Query - Execute SQL => insert into testIgnoreSqlComments (id, intval, strval)
 -- It's a comment!
values (?, ?, ?);
22:41:53.239 [main] DEBUG org.sql2o.Query - Parameters  => [91, 1, teststring91]
22:41:53.239 [main] DEBUG org.sql2o.Query - total: 0 ms; executed update [No name]
22:41:53.239 [main] DEBUG org.sql2o.Query - Execute SQL => insert into testIgnoreSqlComments (id, intval, strval)
 -- It's a comment!
values (?, ?, ?);
22:41:53.239 [main] DEBUG org.sql2o.Query - Parameters  => [92, 2, teststring92]
22:41:53.240 [main] DEBUG org.sql2o.Query - total: 1 ms; executed update [No name]
22:41:53.240 [main] DEBUG org.sql2o.Query - Execute SQL => insert into testIgnoreSqlComments (id, intval, strval)
 -- It's a comment!
values (?, ?, ?);
22:41:53.240 [main] DEBUG org.sql2o.Query - Parameters  => [93, 3, teststring93]
22:41:53.240 [main] DEBUG org.sql2o.Query - total: 0 ms; executed update [No name]
22:41:53.240 [main] DEBUG org.sql2o.Query - Execute SQL => insert into testIgnoreSqlComments (id, intval, strval)
 -- It's a comment!
values (?, ?, ?);
22:41:53.240 [main] DEBUG org.sql2o.Query - Parameters  => [94, 4, teststring94]
22:41:53.241 [main] DEBUG org.sql2o.Query - total: 1 ms; executed update [No name]
22:41:53.241 [main] DEBUG org.sql2o.Query - Execute SQL => insert into testIgnoreSqlComments (id, intval, strval)
 -- It's a comment!
values (?, ?, ?);
22:41:53.241 [main] DEBUG org.sql2o.Query - Parameters  => [95, 5, teststring95]
22:41:53.241 [main] DEBUG org.sql2o.Query - total: 0 ms; executed update [No name]
22:41:53.242 [main] DEBUG org.sql2o.Query - Execute SQL => insert into testIgnoreSqlComments (id, intval, strval)
 -- It's a comment!
values (?, ?, ?);
22:41:53.242 [main] DEBUG org.sql2o.Query - Parameters  => [96, 6, teststring96]
22:41:53.242 [main] DEBUG org.sql2o.Query - total: 0 ms; executed update [No name]
22:41:53.243 [main] DEBUG org.sql2o.Query - Execute SQL => insert into testIgnoreSqlComments (id, intval, strval)
 -- It's a comment!
values (?, ?, ?);
22:41:53.243 [main] DEBUG org.sql2o.Query - Parameters  => [97, 7, teststring97]
22:41:53.243 [main] DEBUG org.sql2o.Query - total: 0 ms; executed update [No name]
22:41:53.243 [main] DEBUG org.sql2o.Query - Execute SQL => insert into testIgnoreSqlComments (id, intval, strval)
 -- It's a comment!
values (?, ?, ?);
22:41:53.243 [main] DEBUG org.sql2o.Query - Parameters  => [98, 8, teststring98]
22:41:53.244 [main] DEBUG org.sql2o.Query - total: 1 ms; executed update [No name]
22:41:53.244 [main] DEBUG org.sql2o.Query - Execute SQL => insert into testIgnoreSqlComments (id, intval, strval)
 -- It's a comment!
values (?, ?, ?);
22:41:53.244 [main] DEBUG org.sql2o.Query - Parameters  => [99, 9, teststring99]
22:41:53.245 [main] DEBUG org.sql2o.Query - total: 1 ms; executed update [No name]
22:41:53.248 [main] DEBUG org.sql2o.Query - Execute SQL => select id, intval, strval
-- a 'comment'
from testIgnoreSqlComments
/* and, it's another type of comment!*/where intval = ?
22:41:53.249 [main] DEBUG org.sql2o.Query - Parameters  => [5]
22:41:53.254 [main] DEBUG org.sql2o.Query - Total       => 6 ms, execution: 6 ms, reading and parsing: 0 ms; executed [null]
22:41:53.258 [main] DEBUG org.sql2o.Query - Execute SQL => select 1 id, 'foo' val1, 'bar' val2 from (values(0))
22:41:53.258 [main] DEBUG org.sql2o.Query - Parameters  => []
22:41:53.265 [main] DEBUG org.sql2o.Query - Total       => 7 ms, execution: 7 ms, reading and parsing: 0 ms; executed [null]
22:41:53.265 [main] DEBUG org.sql2o.Query - Execute SQL => select 1 id, 'foo' val1, 'bar' val2 from (values(0))
22:41:53.265 [main] DEBUG org.sql2o.Query - Parameters  => []
22:41:53.267 [main] DEBUG org.sql2o.Query - Total       => 2 ms, execution: 1 ms, reading and parsing: 1 ms; executed [null]
22:41:53.270 [main] DEBUG org.sql2o.Query - Execute SQL => select 11 id, 'something' name, 'something else' name from (values(0))
22:41:53.270 [main] DEBUG org.sql2o.Query - Parameters  => []
22:41:53.271 [main] DEBUG org.sql2o.Query - Total       => 1 ms, execution: 1 ms, reading and parsing: 0 ms; executed [null]
22:41:53.272 [main] DEBUG org.sql2o.Query - Execute SQL => select 11 id, 'something' name, 'something else' name from (values(0))
22:41:53.272 [main] DEBUG org.sql2o.Query - Parameters  => []
22:41:53.275 [main] DEBUG org.sql2o.Query - Total       => 3 ms, execution: 1 ms, reading and parsing: 2 ms; executed [null]
22:41:53.276 [main] DEBUG org.sql2o.Query - Execute SQL => create table testErrorWhenFieldDoesntExist(id_val integer primary key, str_val varchar(100))
22:41:53.276 [main] DEBUG org.sql2o.Query - Parameters  => []
22:41:53.279 [main] DEBUG org.sql2o.Query - total: 3 ms; executed update [No name]
22:41:53.280 [main] DEBUG org.sql2o.Query - Execute SQL => insert into testErrorWhenFieldDoesntExist(id_val, str_val) values (?, ?)
22:41:53.280 [main] DEBUG org.sql2o.Query - Parameters  => [1, test]
22:41:53.280 [main] DEBUG org.sql2o.Query - total: 0 ms; executed update [No name]
22:41:53.283 [main] DEBUG org.sql2o.Query - Execute SQL => select * from testErrorWhenFieldDoesntExist
22:41:53.284 [main] DEBUG org.sql2o.Query - Parameters  => []
22:41:53.284 [main] DEBUG org.sql2o.Query - Total       => 1 ms, execution: 1 ms, reading and parsing: 0 ms; executed [null]
22:41:53.300 [main] DEBUG org.sql2o.Query - Execute SQL => select 1 val from (values(0))
22:41:53.300 [main] DEBUG org.sql2o.Query - Parameters  => []
22:41:53.301 [main] DEBUG org.sql2o.Query - Total       => 1 ms, execution: 1 ms, reading and parsing: 0 ms; executed [null]
22:41:54.373 [main] DEBUG org.sql2o.Query - Execute SQL => set database sql syntax MSS true
22:41:54.373 [main] DEBUG org.sql2o.Query - Parameters  => []
22:41:54.395 [main] DEBUG org.sql2o.Query - total: 22 ms; executed update [No name]
22:41:54.396 [main] DEBUG org.sql2o.Query - Execute SQL => create table testIgnoreSqlComments(id integer primary key, intval integer, strval varchar(100))
22:41:54.396 [main] DEBUG org.sql2o.Query - Parameters  => []
22:41:54.397 [main] DEBUG org.sql2o.Query - total: 1 ms; executed update [No name]
22:41:54.397 [main] DEBUG org.sql2o.Query - Execute SQL => insert into testIgnoreSqlComments (id, intval, strval)
 -- It's a comment!
values (?, ?, ?);
22:41:54.397 [main] DEBUG org.sql2o.Query - Parameters  => [0, 0, teststring0]
22:41:54.398 [main] DEBUG org.sql2o.Query - total: 1 ms; executed update [No name]
22:41:54.398 [main] DEBUG org.sql2o.Query - Execute SQL => insert into testIgnoreSqlComments (id, intval, strval)
 -- It's a comment!
values (?, ?, ?);
22:41:54.398 [main] DEBUG org.sql2o.Query - Parameters  => [1, 1, teststring1]
22:41:54.399 [main] DEBUG org.sql2o.Query - total: 1 ms; executed update [No name]
22:41:54.399 [main] DEBUG org.sql2o.Query - Execute SQL => insert into testIgnoreSqlComments (id, intval, strval)
 -- It's a comment!
values (?, ?, ?);
22:41:54.399 [main] DEBUG org.sql2o.Query - Parameters  => [2, 2, teststring2]
22:41:54.399 [main] DEBUG org.sql2o.Query - total: 0 ms; executed update [No name]
22:41:54.399 [main] DEBUG org.sql2o.Query - Execute SQL => insert into testIgnoreSqlComments (id, intval, strval)
 -- It's a comment!
values (?, ?, ?);
22:41:54.399 [main] DEBUG org.sql2o.Query - Parameters  => [3, 3, teststring3]
22:41:54.400 [main] DEBUG org.sql2o.Query - total: 1 ms; executed update [No name]
22:41:54.400 [main] DEBUG org.sql2o.Query - Execute SQL => insert into testIgnoreSqlComments (id, intval, strval)
 -- It's a comment!
values (?, ?, ?);
22:41:54.400 [main] DEBUG org.sql2o.Query - Parameters  => [4, 4, teststring4]
22:41:54.400 [main] DEBUG org.sql2o.Query - total: 0 ms; executed update [No name]
22:41:54.400 [main] DEBUG org.sql2o.Query - Execute SQL => insert into testIgnoreSqlComments (id, intval, strval)
 -- It's a comment!
values (?, ?, ?);
22:41:54.400 [main] DEBUG org.sql2o.Query - Parameters  => [5, 5, teststring5]
22:41:54.401 [main] DEBUG org.sql2o.Query - total: 1 ms; executed update [No name]
22:41:54.401 [main] DEBUG org.sql2o.Query - Execute SQL => insert into testIgnoreSqlComments (id, intval, strval)
 -- It's a comment!
values (?, ?, ?);
22:41:54.401 [main] DEBUG org.sql2o.Query - Parameters  => [6, 6, teststring6]
22:41:54.401 [main] DEBUG org.sql2o.Query - total: 0 ms; executed update [No name]
22:41:54.401 [main] DEBUG org.sql2o.Query - Execute SQL => insert into testIgnoreSqlComments (id, intval, strval)
 -- It's a comment!
values (?, ?, ?);
22:41:54.402 [main] DEBUG org.sql2o.Query - Parameters  => [7, 7, teststring7]
22:41:54.402 [main] DEBUG org.sql2o.Query - total: 1 ms; executed update [No name]
22:41:54.402 [main] DEBUG org.sql2o.Query - Execute SQL => insert into testIgnoreSqlComments (id, intval, strval)
 -- It's a comment!
values (?, ?, ?);
22:41:54.402 [main] DEBUG org.sql2o.Query - Parameters  => [8, 8, teststring8]
22:41:54.402 [main] DEBUG org.sql2o.Query - total: 0 ms; executed update [No name]
22:41:54.402 [main] DEBUG org.sql2o.Query - Execute SQL => insert into testIgnoreSqlComments (id, intval, strval)
 -- It's a comment!
values (?, ?, ?);
22:41:54.403 [main] DEBUG org.sql2o.Query - Parameters  => [9, 9, teststring9]
22:41:54.403 [main] DEBUG org.sql2o.Query - total: 1 ms; executed update [No name]
22:41:54.403 [main] DEBUG org.sql2o.Query - Execute SQL => insert into testIgnoreSqlComments (id, intval, strval)
 -- It's a comment!
values (?, ?, ?);
22:41:54.403 [main] DEBUG org.sql2o.Query - Parameters  => [10, 0, teststring10]
22:41:54.403 [main] DEBUG org.sql2o.Query - total: 0 ms; executed update [No name]
22:41:54.403 [main] DEBUG org.sql2o.Query - Execute SQL => insert into testIgnoreSqlComments (id, intval, strval)
 -- It's a comment!
values (?, ?, ?);
22:41:54.403 [main] DEBUG org.sql2o.Query - Parameters  => [11, 1, teststring11]
22:41:54.404 [main] DEBUG org.sql2o.Query - total: 1 ms; executed update [No name]
22:41:54.404 [main] DEBUG org.sql2o.Query - Execute SQL => insert into testIgnoreSqlComments (id, intval, strval)
 -- It's a comment!
values (?, ?, ?);
22:41:54.404 [main] DEBUG org.sql2o.Query - Parameters  => [12, 2, teststring12]
22:41:54.404 [main] DEBUG org.sql2o.Query - total: 0 ms; executed update [No name]
22:41:54.404 [main] DEBUG org.sql2o.Query - Execute SQL => insert into testIgnoreSqlComments (id, intval, strval)
 -- It's a comment!
values (?, ?, ?);
22:41:54.404 [main] DEBUG org.sql2o.Query - Parameters  => [13, 3, teststring13]
22:41:54.405 [main] DEBUG org.sql2o.Query - total: 1 ms; executed update [No name]
22:41:54.405 [main] DEBUG org.sql2o.Query - Execute SQL => insert into testIgnoreSqlComments (id, intval, strval)
 -- It's a comment!
values (?, ?, ?);
22:41:54.405 [main] DEBUG org.sql2o.Query - Parameters  => [14, 4, teststring14]
22:41:54.405 [main] DEBUG org.sql2o.Query - total: 0 ms; executed update [No name]
22:41:54.405 [main] DEBUG org.sql2o.Query - Execute SQL => insert into testIgnoreSqlComments (id, intval, strval)
 -- It's a comment!
values (?, ?, ?);
22:41:54.405 [main] DEBUG org.sql2o.Query - Parameters  => [15, 5, teststring15]
22:41:54.406 [main] DEBUG org.sql2o.Query - total: 1 ms; executed update [No name]
22:41:54.406 [main] DEBUG org.sql2o.Query - Execute SQL => insert into testIgnoreSqlComments (id, intval, strval)
 -- It's a comment!
values (?, ?, ?);
22:41:54.406 [main] DEBUG org.sql2o.Query - Parameters  => [16, 6, teststring16]
22:41:54.406 [main] DEBUG org.sql2o.Query - total: 0 ms; executed update [No name]
22:41:54.406 [main] DEBUG org.sql2o.Query - Execute SQL => insert into testIgnoreSqlComments (id, intval, strval)
 -- It's a comment!
values (?, ?, ?);
22:41:54.406 [main] DEBUG org.sql2o.Query - Parameters  => [17, 7, teststring17]
22:41:54.407 [main] DEBUG org.sql2o.Query - total: 1 ms; executed update [No name]
22:41:54.407 [main] DEBUG org.sql2o.Query - Execute SQL => insert into testIgnoreSqlComments (id, intval, strval)
 -- It's a comment!
values (?, ?, ?);
22:41:54.407 [main] DEBUG org.sql2o.Query - Parameters  => [18, 8, teststring18]
22:41:54.407 [main] DEBUG org.sql2o.Query - total: 0 ms; executed update [No name]
22:41:54.407 [main] DEBUG org.sql2o.Query - Execute SQL => insert into testIgnoreSqlComments (id, intval, strval)
 -- It's a comment!
values (?, ?, ?);
22:41:54.407 [main] DEBUG org.sql2o.Query - Parameters  => [19, 9, teststring19]
22:41:54.408 [main] DEBUG org.sql2o.Query - total: 1 ms; executed update [No name]
22:41:54.408 [main] DEBUG org.sql2o.Query - Execute SQL => insert into testIgnoreSqlComments (id, intval, strval)
 -- It's a comment!
values (?, ?, ?);
22:41:54.408 [main] DEBUG org.sql2o.Query - Parameters  => [20, 0, teststring20]
22:41:54.408 [main] DEBUG org.sql2o.Query - total: 0 ms; executed update [No name]
22:41:54.408 [main] DEBUG org.sql2o.Query - Execute SQL => insert into testIgnoreSqlComments (id, intval, strval)
 -- It's a comment!
values (?, ?, ?);
22:41:54.408 [main] DEBUG org.sql2o.Query - Parameters  => [21, 1, teststring21]
22:41:54.409 [main] DEBUG org.sql2o.Query - total: 1 ms; executed update [No name]
22:41:54.409 [main] DEBUG org.sql2o.Query - Execute SQL => insert into testIgnoreSqlComments (id, intval, strval)
 -- It's a comment!
values (?, ?, ?);
22:41:54.409 [main] DEBUG org.sql2o.Query - Parameters  => [22, 2, teststring22]
22:41:54.409 [main] DEBUG org.sql2o.Query - total: 0 ms; executed update [No name]
22:41:54.409 [main] DEBUG org.sql2o.Query - Execute SQL => insert into testIgnoreSqlComments (id, intval, strval)
 -- It's a comment!
values (?, ?, ?);
22:41:54.409 [main] DEBUG org.sql2o.Query - Parameters  => [23, 3, teststring23]
22:41:54.410 [main] DEBUG org.sql2o.Query - total: 1 ms; executed update [No name]
22:41:54.410 [main] DEBUG org.sql2o.Query - Execute SQL => insert into testIgnoreSqlComments (id, intval, strval)
 -- It's a comment!
values (?, ?, ?);
22:41:54.410 [main] DEBUG org.sql2o.Query - Parameters  => [24, 4, teststring24]
22:41:54.410 [main] DEBUG org.sql2o.Query - total: 0 ms; executed update [No name]
22:41:54.410 [main] DEBUG org.sql2o.Query - Execute SQL => insert into testIgnoreSqlComments (id, intval, strval)
 -- It's a comment!
values (?, ?, ?);
22:41:54.410 [main] DEBUG org.sql2o.Query - Parameters  => [25, 5, teststring25]
22:41:54.411 [main] DEBUG org.sql2o.Query - total: 1 ms; executed update [No name]
22:41:54.411 [main] DEBUG org.sql2o.Query - Execute SQL => insert into testIgnoreSqlComments (id, intval, strval)
 -- It's a comment!
values (?, ?, ?);
22:41:54.411 [main] DEBUG org.sql2o.Query - Parameters  => [26, 6, teststring26]
22:41:54.411 [main] DEBUG org.sql2o.Query - total: 0 ms; executed update [No name]
22:41:54.411 [main] DEBUG org.sql2o.Query - Execute SQL => insert into testIgnoreSqlComments (id, intval, strval)
 -- It's a comment!
values (?, ?, ?);
22:41:54.411 [main] DEBUG org.sql2o.Query - Parameters  => [27, 7, teststring27]
22:41:54.412 [main] DEBUG org.sql2o.Query - total: 1 ms; executed update [No name]
22:41:54.412 [main] DEBUG org.sql2o.Query - Execute SQL => insert into testIgnoreSqlComments (id, intval, strval)
 -- It's a comment!
values (?, ?, ?);
22:41:54.412 [main] DEBUG org.sql2o.Query - Parameters  => [28, 8, teststring28]
22:41:54.412 [main] DEBUG org.sql2o.Query - total: 0 ms; executed update [No name]
22:41:54.412 [main] DEBUG org.sql2o.Query - Execute SQL => insert into testIgnoreSqlComments (id, intval, strval)
 -- It's a comment!
values (?, ?, ?);
22:41:54.412 [main] DEBUG org.sql2o.Query - Parameters  => [29, 9, teststring29]
22:41:54.413 [main] DEBUG org.sql2o.Query - total: 1 ms; executed update [No name]
22:41:54.413 [main] DEBUG org.sql2o.Query - Execute SQL => insert into testIgnoreSqlComments (id, intval, strval)
 -- It's a comment!
values (?, ?, ?);
22:41:54.413 [main] DEBUG org.sql2o.Query - Parameters  => [30, 0, teststring30]
22:41:54.413 [main] DEBUG org.sql2o.Query - total: 0 ms; executed update [No name]
22:41:54.413 [main] DEBUG org.sql2o.Query - Execute SQL => insert into testIgnoreSqlComments (id, intval, strval)
 -- It's a comment!
values (?, ?, ?);
22:41:54.413 [main] DEBUG org.sql2o.Query - Parameters  => [31, 1, teststring31]
22:41:54.414 [main] DEBUG org.sql2o.Query - total: 1 ms; executed update [No name]
22:41:54.414 [main] DEBUG org.sql2o.Query - Execute SQL => insert into testIgnoreSqlComments (id, intval, strval)
 -- It's a comment!
values (?, ?, ?);
22:41:54.414 [main] DEBUG org.sql2o.Query - Parameters  => [32, 2, teststring32]
22:41:54.414 [main] DEBUG org.sql2o.Query - total: 0 ms; executed update [No name]
22:41:54.414 [main] DEBUG org.sql2o.Query - Execute SQL => insert into testIgnoreSqlComments (id, intval, strval)
 -- It's a comment!
values (?, ?, ?);
22:41:54.414 [main] DEBUG org.sql2o.Query - Parameters  => [33, 3, teststring33]
22:41:54.415 [main] DEBUG org.sql2o.Query - total: 1 ms; executed update [No name]
22:41:54.415 [main] DEBUG org.sql2o.Query - Execute SQL => insert into testIgnoreSqlComments (id, intval, strval)
 -- It's a comment!
values (?, ?, ?);
22:41:54.415 [main] DEBUG org.sql2o.Query - Parameters  => [34, 4, teststring34]
22:41:54.415 [main] DEBUG org.sql2o.Query - total: 0 ms; executed update [No name]
22:41:54.415 [main] DEBUG org.sql2o.Query - Execute SQL => insert into testIgnoreSqlComments (id, intval, strval)
 -- It's a comment!
values (?, ?, ?);
22:41:54.415 [main] DEBUG org.sql2o.Query - Parameters  => [35, 5, teststring35]
22:41:54.416 [main] DEBUG org.sql2o.Query - total: 1 ms; executed update [No name]
22:41:54.416 [main] DEBUG org.sql2o.Query - Execute SQL => insert into testIgnoreSqlComments (id, intval, strval)
 -- It's a comment!
values (?, ?, ?);
22:41:54.416 [main] DEBUG org.sql2o.Query - Parameters  => [36, 6, teststring36]
22:41:54.416 [main] DEBUG org.sql2o.Query - total: 0 ms; executed update [No name]
22:41:54.416 [main] DEBUG org.sql2o.Query - Execute SQL => insert into testIgnoreSqlComments (id, intval, strval)
 -- It's a comment!
values (?, ?, ?);
22:41:54.416 [main] DEBUG org.sql2o.Query - Parameters  => [37, 7, teststring37]
22:41:54.421 [main] DEBUG org.sql2o.Query - total: 5 ms; executed update [No name]
22:41:54.421 [main] DEBUG org.sql2o.Query - Execute SQL => insert into testIgnoreSqlComments (id, intval, strval)
 -- It's a comment!
values (?, ?, ?);
22:41:54.422 [main] DEBUG org.sql2o.Query - Parameters  => [38, 8, teststring38]
22:41:54.422 [main] DEBUG org.sql2o.Query - total: 1 ms; executed update [No name]
22:41:54.422 [main] DEBUG org.sql2o.Query - Execute SQL => insert into testIgnoreSqlComments (id, intval, strval)
 -- It's a comment!
values (?, ?, ?);
22:41:54.422 [main] DEBUG org.sql2o.Query - Parameters  => [39, 9, teststring39]
22:41:54.423 [main] DEBUG org.sql2o.Query - total: 1 ms; executed update [No name]
22:41:54.423 [main] DEBUG org.sql2o.Query - Execute SQL => insert into testIgnoreSqlComments (id, intval, strval)
 -- It's a comment!
values (?, ?, ?);
22:41:54.423 [main] DEBUG org.sql2o.Query - Parameters  => [40, 0, teststring40]
22:41:54.423 [main] DEBUG org.sql2o.Query - total: 0 ms; executed update [No name]
22:41:54.423 [main] DEBUG org.sql2o.Query - Execute SQL => insert into testIgnoreSqlComments (id, intval, strval)
 -- It's a comment!
values (?, ?, ?);
22:41:54.423 [main] DEBUG org.sql2o.Query - Parameters  => [41, 1, teststring41]
22:41:54.424 [main] DEBUG org.sql2o.Query - total: 1 ms; executed update [No name]
22:41:54.424 [main] DEBUG org.sql2o.Query - Execute SQL => insert into testIgnoreSqlComments (id, intval, strval)
 -- It's a comment!
values (?, ?, ?);
22:41:54.424 [main] DEBUG org.sql2o.Query - Parameters  => [42, 2, teststring42]
22:41:54.424 [main] DEBUG org.sql2o.Query - total: 0 ms; executed update [No name]
22:41:54.424 [main] DEBUG org.sql2o.Query - Execute SQL => insert into testIgnoreSqlComments (id, intval, strval)
 -- It's a comment!
values (?, ?, ?);
22:41:54.424 [main] DEBUG org.sql2o.Query - Parameters  => [43, 3, teststring43]
22:41:54.425 [main] DEBUG org.sql2o.Query - total: 1 ms; executed update [No name]
22:41:54.425 [main] DEBUG org.sql2o.Query - Execute SQL => insert into testIgnoreSqlComments (id, intval, strval)
 -- It's a comment!
values (?, ?, ?);
22:41:54.425 [main] DEBUG org.sql2o.Query - Parameters  => [44, 4, teststring44]
22:41:54.425 [main] DEBUG org.sql2o.Query - total: 0 ms; executed update [No name]
22:41:54.425 [main] DEBUG org.sql2o.Query - Execute SQL => insert into testIgnoreSqlComments (id, intval, strval)
 -- It's a comment!
values (?, ?, ?);
22:41:54.425 [main] DEBUG org.sql2o.Query - Parameters  => [45, 5, teststring45]
22:41:54.426 [main] DEBUG org.sql2o.Query - total: 1 ms; executed update [No name]
22:41:54.426 [main] DEBUG org.sql2o.Query - Execute SQL => insert into testIgnoreSqlComments (id, intval, strval)
 -- It's a comment!
values (?, ?, ?);
22:41:54.426 [main] DEBUG org.sql2o.Query - Parameters  => [46, 6, teststring46]
22:41:54.435 [main] DEBUG org.sql2o.Query - total: 9 ms; executed update [No name]
22:41:54.435 [main] DEBUG org.sql2o.Query - Execute SQL => insert into testIgnoreSqlComments (id, intval, strval)
 -- It's a comment!
values (?, ?, ?);
22:41:54.435 [main] DEBUG org.sql2o.Query - Parameters  => [47, 7, teststring47]
22:41:54.436 [main] DEBUG org.sql2o.Query - total: 1 ms; executed update [No name]
22:41:54.441 [main] DEBUG org.sql2o.Query - Execute SQL => insert into testIgnoreSqlComments (id, intval, strval)
 -- It's a comment!
values (?, ?, ?);
22:41:54.442 [main] DEBUG org.sql2o.Query - Parameters  => [48, 8, teststring48]
22:41:54.442 [main] DEBUG org.sql2o.Query - total: 1 ms; executed update [No name]
22:41:54.442 [main] DEBUG org.sql2o.Query - Execute SQL => insert into testIgnoreSqlComments (id, intval, strval)
 -- It's a comment!
values (?, ?, ?);
22:41:54.443 [main] DEBUG org.sql2o.Query - Parameters  => [49, 9, teststring49]
22:41:54.443 [main] DEBUG org.sql2o.Query - total: 1 ms; executed update [No name]
22:41:54.443 [main] DEBUG org.sql2o.Query - Execute SQL => insert into testIgnoreSqlComments (id, intval, strval)
 -- It's a comment!
values (?, ?, ?);
22:41:54.443 [main] DEBUG org.sql2o.Query - Parameters  => [50, 0, teststring50]
22:41:54.444 [main] DEBUG org.sql2o.Query - total: 1 ms; executed update [No name]
22:41:54.444 [main] DEBUG org.sql2o.Query - Execute SQL => insert into testIgnoreSqlComments (id, intval, strval)
 -- It's a comment!
values (?, ?, ?);
22:41:54.444 [main] DEBUG org.sql2o.Query - Parameters  => [51, 1, teststring51]
22:41:54.445 [main] DEBUG org.sql2o.Query - total: 1 ms; executed update [No name]
22:41:54.445 [main] DEBUG org.sql2o.Query - Execute SQL => insert into testIgnoreSqlComments (id, intval, strval)
 -- It's a comment!
values (?, ?, ?);
22:41:54.445 [main] DEBUG org.sql2o.Query - Parameters  => [52, 2, teststring52]
22:41:54.446 [main] DEBUG org.sql2o.Query - total: 1 ms; executed update [No name]
22:41:54.446 [main] DEBUG org.sql2o.Query - Execute SQL => insert into testIgnoreSqlComments (id, intval, strval)
 -- It's a comment!
values (?, ?, ?);
22:41:54.446 [main] DEBUG org.sql2o.Query - Parameters  => [53, 3, teststring53]
22:41:54.446 [main] DEBUG org.sql2o.Query - total: 0 ms; executed update [No name]
22:41:54.446 [main] DEBUG org.sql2o.Query - Execute SQL => insert into testIgnoreSqlComments (id, intval, strval)
 -- It's a comment!
values (?, ?, ?);
22:41:54.446 [main] DEBUG org.sql2o.Query - Parameters  => [54, 4, teststring54]
22:41:54.447 [main] DEBUG org.sql2o.Query - total: 1 ms; executed update [No name]
22:41:54.447 [main] DEBUG org.sql2o.Query - Execute SQL => insert into testIgnoreSqlComments (id, intval, strval)
 -- It's a comment!
values (?, ?, ?);
22:41:54.447 [main] DEBUG org.sql2o.Query - Parameters  => [55, 5, teststring55]
22:41:54.447 [main] DEBUG org.sql2o.Query - total: 0 ms; executed update [No name]
22:41:54.447 [main] DEBUG org.sql2o.Query - Execute SQL => insert into testIgnoreSqlComments (id, intval, strval)
 -- It's a comment!
values (?, ?, ?);
22:41:54.447 [main] DEBUG org.sql2o.Query - Parameters  => [56, 6, teststring56]
22:41:54.448 [main] DEBUG org.sql2o.Query - total: 1 ms; executed update [No name]
22:41:54.448 [main] DEBUG org.sql2o.Query - Execute SQL => insert into testIgnoreSqlComments (id, intval, strval)
 -- It's a comment!
values (?, ?, ?);
22:41:54.448 [main] DEBUG org.sql2o.Query - Parameters  => [57, 7, teststring57]
22:41:54.448 [main] DEBUG org.sql2o.Query - total: 0 ms; executed update [No name]
22:41:54.448 [main] DEBUG org.sql2o.Query - Execute SQL => insert into testIgnoreSqlComments (id, intval, strval)
 -- It's a comment!
values (?, ?, ?);
22:41:54.449 [main] DEBUG org.sql2o.Query - Parameters  => [58, 8, teststring58]
22:41:54.449 [main] DEBUG org.sql2o.Query - total: 1 ms; executed update [No name]
22:41:54.449 [main] DEBUG org.sql2o.Query - Execute SQL => insert into testIgnoreSqlComments (id, intval, strval)
 -- It's a comment!
values (?, ?, ?);
22:41:54.449 [main] DEBUG org.sql2o.Query - Parameters  => [59, 9, teststring59]
22:41:54.450 [main] DEBUG org.sql2o.Query - total: 1 ms; executed update [No name]
22:41:54.450 [main] DEBUG org.sql2o.Query - Execute SQL => insert into testIgnoreSqlComments (id, intval, strval)
 -- It's a comment!
values (?, ?, ?);
22:41:54.450 [main] DEBUG org.sql2o.Query - Parameters  => [60, 0, teststring60]
22:41:54.450 [main] DEBUG org.sql2o.Query - total: 0 ms; executed update [No name]
22:41:54.450 [main] DEBUG org.sql2o.Query - Execute SQL => insert into testIgnoreSqlComments (id, intval, strval)
 -- It's a comment!
values (?, ?, ?);
22:41:54.450 [main] DEBUG org.sql2o.Query - Parameters  => [61, 1, teststring61]
22:41:54.451 [main] DEBUG org.sql2o.Query - total: 1 ms; executed update [No name]
22:41:54.451 [main] DEBUG org.sql2o.Query - Execute SQL => insert into testIgnoreSqlComments (id, intval, strval)
 -- It's a comment!
values (?, ?, ?);
22:41:54.451 [main] DEBUG org.sql2o.Query - Parameters  => [62, 2, teststring62]
22:41:54.451 [main] DEBUG org.sql2o.Query - total: 0 ms; executed update [No name]
22:41:54.451 [main] DEBUG org.sql2o.Query - Execute SQL => insert into testIgnoreSqlComments (id, intval, strval)
 -- It's a comment!
values (?, ?, ?);
22:41:54.451 [main] DEBUG org.sql2o.Query - Parameters  => [63, 3, teststring63]
22:41:54.452 [main] DEBUG org.sql2o.Query - total: 1 ms; executed update [No name]
22:41:54.452 [main] DEBUG org.sql2o.Query - Execute SQL => insert into testIgnoreSqlComments (id, intval, strval)
 -- It's a comment!
values (?, ?, ?);
22:41:54.452 [main] DEBUG org.sql2o.Query - Parameters  => [64, 4, teststring64]
22:41:54.452 [main] DEBUG org.sql2o.Query - total: 0 ms; executed update [No name]
22:41:54.452 [main] DEBUG org.sql2o.Query - Execute SQL => insert into testIgnoreSqlComments (id, intval, strval)
 -- It's a comment!
values (?, ?, ?);
22:41:54.452 [main] DEBUG org.sql2o.Query - Parameters  => [65, 5, teststring65]
22:41:54.453 [main] DEBUG org.sql2o.Query - total: 1 ms; executed update [No name]
22:41:54.453 [main] DEBUG org.sql2o.Query - Execute SQL => insert into testIgnoreSqlComments (id, intval, strval)
 -- It's a comment!
values (?, ?, ?);
22:41:54.453 [main] DEBUG org.sql2o.Query - Parameters  => [66, 6, teststring66]
22:41:54.453 [main] DEBUG org.sql2o.Query - total: 0 ms; executed update [No name]
22:41:54.453 [main] DEBUG org.sql2o.Query - Execute SQL => insert into testIgnoreSqlComments (id, intval, strval)
 -- It's a comment!
values (?, ?, ?);
22:41:54.453 [main] DEBUG org.sql2o.Query - Parameters  => [67, 7, teststring67]
22:41:54.454 [main] DEBUG org.sql2o.Query - total: 1 ms; executed update [No name]
22:41:54.454 [main] DEBUG org.sql2o.Query - Execute SQL => insert into testIgnoreSqlComments (id, intval, strval)
 -- It's a comment!
values (?, ?, ?);
22:41:54.454 [main] DEBUG org.sql2o.Query - Parameters  => [68, 8, teststring68]
22:41:54.455 [main] DEBUG org.sql2o.Query - total: 1 ms; executed update [No name]
22:41:54.455 [main] DEBUG org.sql2o.Query - Execute SQL => insert into testIgnoreSqlComments (id, intval, strval)
 -- It's a comment!
values (?, ?, ?);
22:41:54.455 [main] DEBUG org.sql2o.Query - Parameters  => [69, 9, teststring69]
22:41:54.455 [main] DEBUG org.sql2o.Query - total: 0 ms; executed update [No name]
22:41:54.455 [main] DEBUG org.sql2o.Query - Execute SQL => insert into testIgnoreSqlComments (id, intval, strval)
 -- It's a comment!
values (?, ?, ?);
22:41:54.455 [main] DEBUG org.sql2o.Query - Parameters  => [70, 0, teststring70]
22:41:54.456 [main] DEBUG org.sql2o.Query - total: 1 ms; executed update [No name]
22:41:54.456 [main] DEBUG org.sql2o.Query - Execute SQL => insert into testIgnoreSqlComments (id, intval, strval)
 -- It's a comment!
values (?, ?, ?);
22:41:54.456 [main] DEBUG org.sql2o.Query - Parameters  => [71, 1, teststring71]
22:41:54.456 [main] DEBUG org.sql2o.Query - total: 0 ms; executed update [No name]
22:41:54.457 [main] DEBUG org.sql2o.Query - Execute SQL => insert into testIgnoreSqlComments (id, intval, strval)
 -- It's a comment!
values (?, ?, ?);
22:41:54.457 [main] DEBUG org.sql2o.Query - Parameters  => [72, 2, teststring72]
22:41:54.457 [main] DEBUG org.sql2o.Query - total: 1 ms; executed update [No name]
22:41:54.457 [main] DEBUG org.sql2o.Query - Execute SQL => insert into testIgnoreSqlComments (id, intval, strval)
 -- It's a comment!
values (?, ?, ?);
22:41:54.457 [main] DEBUG org.sql2o.Query - Parameters  => [73, 3, teststring73]
22:41:54.458 [main] DEBUG org.sql2o.Query - total: 1 ms; executed update [No name]
22:41:54.458 [main] DEBUG org.sql2o.Query - Execute SQL => insert into testIgnoreSqlComments (id, intval, strval)
 -- It's a comment!
values (?, ?, ?);
22:41:54.458 [main] DEBUG org.sql2o.Query - Parameters  => [74, 4, teststring74]
22:41:54.459 [main] DEBUG org.sql2o.Query - total: 1 ms; executed update [No name]
22:41:54.459 [main] DEBUG org.sql2o.Query - Execute SQL => insert into testIgnoreSqlComments (id, intval, strval)
 -- It's a comment!
values (?, ?, ?);
22:41:54.459 [main] DEBUG org.sql2o.Query - Parameters  => [75, 5, teststring75]
22:41:54.459 [main] DEBUG org.sql2o.Query - total: 0 ms; executed update [No name]
22:41:54.459 [main] DEBUG org.sql2o.Query - Execute SQL => insert into testIgnoreSqlComments (id, intval, strval)
 -- It's a comment!
values (?, ?, ?);
22:41:54.459 [main] DEBUG org.sql2o.Query - Parameters  => [76, 6, teststring76]
22:41:54.469 [main] DEBUG org.sql2o.Query - total: 10 ms; executed update [No name]
22:41:54.469 [main] DEBUG org.sql2o.Query - Execute SQL => insert into testIgnoreSqlComments (id, intval, strval)
 -- It's a comment!
values (?, ?, ?);
22:41:54.469 [main] DEBUG org.sql2o.Query - Parameters  => [77, 7, teststring77]
22:41:54.470 [main] DEBUG org.sql2o.Query - total: 1 ms; executed update [No name]
22:41:54.470 [main] DEBUG org.sql2o.Query - Execute SQL => insert into testIgnoreSqlComments (id, intval, strval)
 -- It's a comment!
values (?, ?, ?);
22:41:54.470 [main] DEBUG org.sql2o.Query - Parameters  => [78, 8, teststring78]
22:41:54.470 [main] DEBUG org.sql2o.Query - total: 0 ms; executed update [No name]
22:41:54.470 [main] DEBUG org.sql2o.Query - Execute SQL => insert into testIgnoreSqlComments (id, intval, strval)
 -- It's a comment!
values (?, ?, ?);
22:41:54.471 [main] DEBUG org.sql2o.Query - Parameters  => [79, 9, teststring79]
22:41:54.471 [main] DEBUG org.sql2o.Query - total: 1 ms; executed update [No name]
22:41:54.471 [main] DEBUG org.sql2o.Query - Execute SQL => insert into testIgnoreSqlComments (id, intval, strval)
 -- It's a comment!
values (?, ?, ?);
22:41:54.471 [main] DEBUG org.sql2o.Query - Parameters  => [80, 0, teststring80]
22:41:54.471 [main] DEBUG org.sql2o.Query - total: 0 ms; executed update [No name]
22:41:54.471 [main] DEBUG org.sql2o.Query - Execute SQL => insert into testIgnoreSqlComments (id, intval, strval)
 -- It's a comment!
values (?, ?, ?);
22:41:54.471 [main] DEBUG org.sql2o.Query - Parameters  => [81, 1, teststring81]
22:41:54.472 [main] DEBUG org.sql2o.Query - total: 1 ms; executed update [No name]
22:41:54.472 [main] DEBUG org.sql2o.Query - Execute SQL => insert into testIgnoreSqlComments (id, intval, strval)
 -- It's a comment!
values (?, ?, ?);
22:41:54.472 [main] DEBUG org.sql2o.Query - Parameters  => [82, 2, teststring82]
22:41:54.472 [main] DEBUG org.sql2o.Query - total: 0 ms; executed update [No name]
22:41:54.472 [main] DEBUG org.sql2o.Query - Execute SQL => insert into testIgnoreSqlComments (id, intval, strval)
 -- It's a comment!
values (?, ?, ?);
22:41:54.472 [main] DEBUG org.sql2o.Query - Parameters  => [83, 3, teststring83]
22:41:54.472 [main] DEBUG org.sql2o.Query - total: 0 ms; executed update [No name]
22:41:54.473 [main] DEBUG org.sql2o.Query - Execute SQL => insert into testIgnoreSqlComments (id, intval, strval)
 -- It's a comment!
values (?, ?, ?);
22:41:54.473 [main] DEBUG org.sql2o.Query - Parameters  => [84, 4, teststring84]
22:41:54.473 [main] DEBUG org.sql2o.Query - total: 0 ms; executed update [No name]
22:41:54.473 [main] DEBUG org.sql2o.Query - Execute SQL => insert into testIgnoreSqlComments (id, intval, strval)
 -- It's a comment!
values (?, ?, ?);
22:41:54.473 [main] DEBUG org.sql2o.Query - Parameters  => [85, 5, teststring85]
22:41:54.473 [main] DEBUG org.sql2o.Query - total: 0 ms; executed update [No name]
22:41:54.474 [main] DEBUG org.sql2o.Query - Execute SQL => insert into testIgnoreSqlComments (id, intval, strval)
 -- It's a comment!
values (?, ?, ?);
22:41:54.474 [main] DEBUG org.sql2o.Query - Parameters  => [86, 6, teststring86]
22:41:54.474 [main] DEBUG org.sql2o.Query - total: 0 ms; executed update [No name]
22:41:54.480 [main] DEBUG org.sql2o.Query - Execute SQL => insert into testIgnoreSqlComments (id, intval, strval)
 -- It's a comment!
values (?, ?, ?);
22:41:54.480 [main] DEBUG org.sql2o.Query - Parameters  => [87, 7, teststring87]
22:41:54.481 [main] DEBUG org.sql2o.Query - total: 1 ms; executed update [No name]
22:41:54.481 [main] DEBUG org.sql2o.Query - Execute SQL => insert into testIgnoreSqlComments (id, intval, strval)
 -- It's a comment!
values (?, ?, ?);
22:41:54.481 [main] DEBUG org.sql2o.Query - Parameters  => [88, 8, teststring88]
22:41:54.482 [main] DEBUG org.sql2o.Query - total: 1 ms; executed update [No name]
22:41:54.482 [main] DEBUG org.sql2o.Query - Execute SQL => insert into testIgnoreSqlComments (id, intval, strval)
 -- It's a comment!
values (?, ?, ?);
22:41:54.482 [main] DEBUG org.sql2o.Query - Parameters  => [89, 9, teststring89]
22:41:54.482 [main] DEBUG org.sql2o.Query - total: 0 ms; executed update [No name]
22:41:54.482 [main] DEBUG org.sql2o.Query - Execute SQL => insert into testIgnoreSqlComments (id, intval, strval)
 -- It's a comment!
values (?, ?, ?);
22:41:54.482 [main] DEBUG org.sql2o.Query - Parameters  => [90, 0, teststring90]
22:41:54.482 [main] DEBUG org.sql2o.Query - total: 0 ms; executed update [No name]
22:41:54.483 [main] DEBUG org.sql2o.Query - Execute SQL => insert into testIgnoreSqlComments (id, intval, strval)
 -- It's a comment!
values (?, ?, ?);
22:41:54.483 [main] DEBUG org.sql2o.Query - Parameters  => [91, 1, teststring91]
22:41:54.483 [main] DEBUG org.sql2o.Query - total: 0 ms; executed update [No name]
22:41:54.483 [main] DEBUG org.sql2o.Query - Execute SQL => insert into testIgnoreSqlComments (id, intval, strval)
 -- It's a comment!
values (?, ?, ?);
22:41:54.483 [main] DEBUG org.sql2o.Query - Parameters  => [92, 2, teststring92]
22:41:54.491 [main] DEBUG org.sql2o.Query - total: 8 ms; executed update [No name]
22:41:54.494 [main] DEBUG org.sql2o.Query - Execute SQL => insert into testIgnoreSqlComments (id, intval, strval)
 -- It's a comment!
values (?, ?, ?);
22:41:54.494 [main] DEBUG org.sql2o.Query - Parameters  => [93, 3, teststring93]
22:41:54.495 [main] DEBUG org.sql2o.Query - total: 1 ms; executed update [No name]
22:41:54.495 [main] DEBUG org.sql2o.Query - Execute SQL => insert into testIgnoreSqlComments (id, intval, strval)
 -- It's a comment!
values (?, ?, ?);
22:41:54.495 [main] DEBUG org.sql2o.Query - Parameters  => [94, 4, teststring94]
22:41:54.495 [main] DEBUG org.sql2o.Query - total: 0 ms; executed update [No name]
22:41:54.495 [main] DEBUG org.sql2o.Query - Execute SQL => insert into testIgnoreSqlComments (id, intval, strval)
 -- It's a comment!
values (?, ?, ?);
22:41:54.495 [main] DEBUG org.sql2o.Query - Parameters  => [95, 5, teststring95]
22:41:54.496 [main] DEBUG org.sql2o.Query - total: 1 ms; executed update [No name]
22:41:54.496 [main] DEBUG org.sql2o.Query - Execute SQL => insert into testIgnoreSqlComments (id, intval, strval)
 -- It's a comment!
values (?, ?, ?);
22:41:54.496 [main] DEBUG org.sql2o.Query - Parameters  => [96, 6, teststring96]
22:41:54.496 [main] DEBUG org.sql2o.Query - total: 0 ms; executed update [No name]
22:41:54.497 [main] DEBUG org.sql2o.Query - Execute SQL => insert into testIgnoreSqlComments (id, intval, strval)
 -- It's a comment!
values (?, ?, ?);
22:41:54.497 [main] DEBUG org.sql2o.Query - Parameters  => [97, 7, teststring97]
22:41:54.497 [main] DEBUG org.sql2o.Query - total: 0 ms; executed update [No name]
22:41:54.501 [main] DEBUG org.sql2o.Query - Execute SQL => insert into testIgnoreSqlComments (id, intval, strval)
 -- It's a comment!
values (?, ?, ?);
22:41:54.501 [main] DEBUG org.sql2o.Query - Parameters  => [98, 8, teststring98]
22:41:54.501 [main] DEBUG org.sql2o.Query - total: 0 ms; executed update [No name]
22:41:54.501 [main] DEBUG org.sql2o.Query - Execute SQL => insert into testIgnoreSqlComments (id, intval, strval)
 -- It's a comment!
values (?, ?, ?);
22:41:54.501 [main] DEBUG org.sql2o.Query - Parameters  => [99, 9, teststring99]
22:41:54.506 [main] DEBUG org.sql2o.Query - total: 5 ms; executed update [No name]
22:41:54.506 [main] DEBUG org.sql2o.Query - Execute SQL => select id, intval, strval
-- a 'comment'
from testIgnoreSqlComments
/* and, it's another type of comment!*/where intval = ?
22:41:54.506 [main] DEBUG org.sql2o.Query - Parameters  => [5]
22:41:54.518 [main] DEBUG org.sql2o.Query - Total       => 12 ms, execution: 2 ms, reading and parsing: 10 ms; executed [null]
22:41:54.523 [main] DEBUG org.sql2o.Query - Execute SQL => set database sql syntax MSS true
22:41:54.523 [main] DEBUG org.sql2o.Query - Parameters  => []
22:41:54.529 [main] DEBUG org.sql2o.Query - total: 6 ms; executed update [No name]
22:41:54.530 [main] DEBUG org.sql2o.Query - Execute SQL => select 1 id, 'foo' val1, 'bar' val2 from (values(0))
22:41:54.530 [main] DEBUG org.sql2o.Query - Parameters  => []
22:41:54.550 [main] DEBUG org.sql2o.Query - Total       => 20 ms, execution: 20 ms, reading and parsing: 0 ms; executed [null]
22:41:54.550 [main] DEBUG org.sql2o.Query - Execute SQL => select 1 id, 'foo' val1, 'bar' val2 from (values(0))
22:41:54.550 [main] DEBUG org.sql2o.Query - Parameters  => []
22:41:54.551 [main] DEBUG org.sql2o.Query - Total       => 1 ms, execution: 1 ms, reading and parsing: 0 ms; executed [null]
22:41:54.552 [main] DEBUG org.sql2o.Query - Execute SQL => set database sql syntax MSS true
22:41:54.552 [main] DEBUG org.sql2o.Query - Parameters  => []
22:41:54.553 [main] DEBUG org.sql2o.Query - total: 1 ms; executed update [No name]
22:41:54.553 [main] DEBUG org.sql2o.Query - Execute SQL => select 11 id, 'something' name, 'something else' name from (values(0))
22:41:54.553 [main] DEBUG org.sql2o.Query - Parameters  => []
22:41:54.554 [main] DEBUG org.sql2o.Query - Total       => 1 ms, execution: 1 ms, reading and parsing: 0 ms; executed [null]
22:41:54.554 [main] DEBUG org.sql2o.Query - Execute SQL => select 11 id, 'something' name, 'something else' name from (values(0))
22:41:54.554 [main] DEBUG org.sql2o.Query - Parameters  => []
22:41:54.555 [main] DEBUG org.sql2o.Query - Total       => 1 ms, execution: 1 ms, reading and parsing: 0 ms; executed [null]
22:41:54.558 [main] DEBUG org.sql2o.Query - Execute SQL => set database sql syntax MSS true
22:41:54.558 [main] DEBUG org.sql2o.Query - Parameters  => []
22:41:54.559 [main] DEBUG org.sql2o.Query - total: 1 ms; executed update [No name]
22:41:54.559 [main] DEBUG org.sql2o.Query - Execute SQL => create table testErrorWhenFieldDoesntExist(id_val integer primary key, str_val varchar(100))
22:41:54.559 [main] DEBUG org.sql2o.Query - Parameters  => []
22:41:54.560 [main] DEBUG org.sql2o.Query - total: 1 ms; executed update [No name]
22:41:54.560 [main] DEBUG org.sql2o.Query - Execute SQL => insert into testErrorWhenFieldDoesntExist(id_val, str_val) values (?, ?)
22:41:54.560 [main] DEBUG org.sql2o.Query - Parameters  => [1, test]
22:41:54.560 [main] DEBUG org.sql2o.Query - total: 0 ms; executed update [No name]
22:41:54.562 [main] DEBUG org.sql2o.Query - Execute SQL => select * from testErrorWhenFieldDoesntExist
22:41:54.562 [main] DEBUG org.sql2o.Query - Parameters  => []
22:41:54.563 [main] DEBUG org.sql2o.Query - Total       => 1 ms, execution: 1 ms, reading and parsing: 0 ms; executed [null]
22:41:54.564 [main] DEBUG org.sql2o.Query - Execute SQL => set database sql syntax MSS true
22:41:54.564 [main] DEBUG org.sql2o.Query - Parameters  => []
22:41:54.564 [main] DEBUG org.sql2o.Query - total: 0 ms; executed update [No name]
22:41:54.565 [main] DEBUG org.sql2o.Query - Execute SQL => select 1 val from (values(0))
22:41:54.565 [main] DEBUG org.sql2o.Query - Parameters  => []
22:41:54.565 [main] DEBUG org.sql2o.Query - Total       => 0 ms, execution: 0 ms, reading and parsing: 0 ms; executed [null]
Tests run: 10, Failures: 0, Errors: 0, Skipped: 0, Time elapsed: 1.515 sec - in org.sql2o.issues.IssuesTest
Running io.github.biezhi.anima.EnumTest
22:41:54.578 [main] INFO  com.zaxxer.hikari.HikariDataSource - HikariPool-1 - Starting...
22:41:54.694 [main] INFO  com.zaxxer.hikari.HikariDataSource - HikariPool-1 - Start completed.
22:41:54.710 [main] DEBUG org.sql2o.Query - Execute SQL => DROP TABLE IF EXISTS `users`;
CREATE TABLE `users` (`id` IDENTITY PRIMARY KEY, `user_name` varchar(50) NOT NULL, `age` int(11),);DROP TABLE IF EXISTS `order_info`;
CREATE TABLE `order_info` (`id` IDENTITY PRIMARY KEY,`uid` int(11) NOT NULL,`productname` varchar(100) NOT NULL,`create_time` datetime NOT NULL);DROP TABLE IF EXISTS `addresses`;
CREATE TABLE `addresses` (`order_id` bigint(20) PRIMARY KEY,`city` varchar(100) NOT NULL,`street` varchar(200) NOT NULL);DROP TABLE IF EXISTS `persons`;
CREATE TABLE `persons` (`name` varchar(50) PRIMARY KEY,`sex` varchar(10) NOT NULL,`vip_level` int(4) NOT NULL);
22:41:54.710 [main] DEBUG org.sql2o.Query - Parameters  => []
22:41:54.774 [main] DEBUG org.sql2o.Query - total: 64 ms; executed update [No name]
java.lang.instrument.IllegalClassFormatException: Error while instrumenting io/github/biezhi/anima/model/UserMethodAccess.
	at org.jacoco.agent.rt.internal_43f5073.CoverageTransformer.transform(CoverageTransformer.java:94)
	at sun.instrument.TransformerManager.transform(TransformerManager.java:188)
	at sun.instrument.InstrumentationImpl.transform(InstrumentationImpl.java:428)
	at java.lang.ClassLoader.defineClass1(Native Method)
	at java.lang.ClassLoader.defineClass(ClassLoader.java:756)
	at sun.reflect.NativeMethodAccessorImpl.invoke0(Native Method)
	at sun.reflect.NativeMethodAccessorImpl.invoke(NativeMethodAccessorImpl.java:62)
	at sun.reflect.DelegatingMethodAccessorImpl.invoke(DelegatingMethodAccessorImpl.java:43)
	at java.lang.reflect.Method.invoke(Method.java:498)
	at com.blade.reflectasm.AccessClassLoader.defineClass(AccessClassLoader.java:59)
	at com.blade.reflectasm.AccessClassLoader.defineAccessClass(AccessClassLoader.java:43)
	at com.blade.reflectasm.MethodAccess.get(MethodAccess.java:275)
	at io.github.biezhi.anima.utils.AnimaUtils.lambda$invokeMethod$0(AnimaUtils.java:129)
	at java.util.concurrent.ConcurrentHashMap.computeIfAbsent(ConcurrentHashMap.java:1660)
	at io.github.biezhi.anima.utils.AnimaUtils.invokeMethod(AnimaUtils.java:127)
	at io.github.biezhi.anima.utils.AnimaUtils.toColumnValues(AnimaUtils.java:97)
	at io.github.biezhi.anima.core.AnimaQuery.save(AnimaQuery.java:1230)
	at io.github.biezhi.anima.Model.save(Model.java:28)
	at io.github.biezhi.anima.BaseTest.initData(BaseTest.java:35)
	at io.github.biezhi.anima.BaseTest.before(BaseTest.java:28)
	at sun.reflect.NativeMethodAccessorImpl.invoke0(Native Method)
	at sun.reflect.NativeMethodAccessorImpl.invoke(NativeMethodAccessorImpl.java:62)
	at sun.reflect.DelegatingMethodAccessorImpl.invoke(DelegatingMethodAccessorImpl.java:43)
	at java.lang.reflect.Method.invoke(Method.java:498)
	at org.junit.runners.model.FrameworkMethod$1.runReflectiveCall(FrameworkMethod.java:50)
	at org.junit.internal.runners.model.ReflectiveCallable.run(ReflectiveCallable.java:12)
	at org.junit.runners.model.FrameworkMethod.invokeExplosively(FrameworkMethod.java:47)
	at org.junit.internal.runners.statements.RunBefores.evaluate(RunBefores.java:24)
	at org.junit.runners.ParentRunner.run(ParentRunner.java:363)
	at org.apache.maven.surefire.junit4.JUnit4Provider.execute(JUnit4Provider.java:367)
	at org.apache.maven.surefire.junit4.JUnit4Provider.executeWithRerun(JUnit4Provider.java:274)
	at org.apache.maven.surefire.junit4.JUnit4Provider.executeTestSet(JUnit4Provider.java:238)
	at org.apache.maven.surefire.junit4.JUnit4Provider.invoke(JUnit4Provider.java:161)
	at org.apache.maven.surefire.booter.ForkedBooter.invokeProviderInSameClassLoader(ForkedBooter.java:290)
	at org.apache.maven.surefire.booter.ForkedBooter.runSuitesInProcess(ForkedBooter.java:242)
	at org.apache.maven.surefire.booter.ForkedBooter.main(ForkedBooter.java:121)
Caused by: java.io.IOException: Error while instrumenting io/github/biezhi/anima/model/UserMethodAccess.
	at org.jacoco.agent.rt.internal_43f5073.core.instr.Instrumenter.instrumentError(Instrumenter.java:159)
	at org.jacoco.agent.rt.internal_43f5073.core.instr.Instrumenter.instrument(Instrumenter.java:109)
	at org.jacoco.agent.rt.internal_43f5073.CoverageTransformer.transform(CoverageTransformer.java:92)
	... 35 more
Caused by: java.lang.IllegalArgumentException
	at org.jacoco.agent.rt.internal_43f5073.asm.ClassReader.readVerificationTypeInfo(ClassReader.java:3178)
	at org.jacoco.agent.rt.internal_43f5073.asm.ClassReader.readStackMapFrame(ClassReader.java:3105)
	at org.jacoco.agent.rt.internal_43f5073.asm.ClassReader.readCode(ClassReader.java:1855)
	at org.jacoco.agent.rt.internal_43f5073.asm.ClassReader.readMethod(ClassReader.java:1284)
	at org.jacoco.agent.rt.internal_43f5073.asm.ClassReader.accept(ClassReader.java:688)
	at org.jacoco.agent.rt.internal_43f5073.asm.ClassReader.accept(ClassReader.java:400)
	at org.jacoco.agent.rt.internal_43f5073.core.instr.Instrumenter.instrument(Instrumenter.java:89)
	at org.jacoco.agent.rt.internal_43f5073.core.instr.Instrumenter.instrument(Instrumenter.java:107)
	... 36 more
Tests run: 1, Failures: 0, Errors: 1, Skipped: 0, Time elapsed: 0.332 sec <<< FAILURE! - in io.github.biezhi.anima.EnumTest
io.github.biezhi.anima.EnumTest  Time elapsed: 0.332 sec  <<< ERROR!
io.github.biezhi.anima.exception.AnimaException
Caused by: java.lang.IllegalArgumentException: Unable to find non-private method: get$jacocoData with 0 params.

Running io.github.biezhi.anima.SelectTest
22:41:54.896 [main] INFO  com.zaxxer.hikari.HikariDataSource - HikariPool-2 - Starting...
22:41:54.901 [main] INFO  com.zaxxer.hikari.HikariDataSource - HikariPool-2 - Start completed.
22:41:54.901 [main] DEBUG org.sql2o.Query - Execute SQL => DROP TABLE IF EXISTS `users`;
CREATE TABLE `users` (`id` IDENTITY PRIMARY KEY, `user_name` varchar(50) NOT NULL, `age` int(11),);DROP TABLE IF EXISTS `order_info`;
CREATE TABLE `order_info` (`id` IDENTITY PRIMARY KEY,`uid` int(11) NOT NULL,`productname` varchar(100) NOT NULL,`create_time` datetime NOT NULL);DROP TABLE IF EXISTS `addresses`;
CREATE TABLE `addresses` (`order_id` bigint(20) PRIMARY KEY,`city` varchar(100) NOT NULL,`street` varchar(200) NOT NULL);DROP TABLE IF EXISTS `persons`;
CREATE TABLE `persons` (`name` varchar(50) PRIMARY KEY,`sex` varchar(10) NOT NULL,`vip_level` int(4) NOT NULL);
22:41:54.901 [main] DEBUG org.sql2o.Query - Parameters  => []
22:41:54.917 [main] DEBUG org.sql2o.Query - total: 16 ms; executed update [No name]
Tests run: 1, Failures: 0, Errors: 1, Skipped: 0, Time elapsed: 0.013 sec <<< FAILURE! - in io.github.biezhi.anima.SelectTest
io.github.biezhi.anima.SelectTest  Time elapsed: 0.013 sec  <<< ERROR!
io.github.biezhi.anima.exception.AnimaException
Caused by: java.lang.IllegalArgumentException: Unable to find non-private method: get$jacocoData with 0 params.

Running io.github.biezhi.anima.LambdaTest
22:41:54.920 [main] INFO  com.zaxxer.hikari.HikariDataSource - HikariPool-3 - Starting...
22:41:54.929 [main] INFO  com.zaxxer.hikari.HikariDataSource - HikariPool-3 - Start completed.
22:41:54.929 [main] DEBUG org.sql2o.Query - Execute SQL => DROP TABLE IF EXISTS `users`;
CREATE TABLE `users` (`id` IDENTITY PRIMARY KEY, `user_name` varchar(50) NOT NULL, `age` int(11),);DROP TABLE IF EXISTS `order_info`;
CREATE TABLE `order_info` (`id` IDENTITY PRIMARY KEY,`uid` int(11) NOT NULL,`productname` varchar(100) NOT NULL,`create_time` datetime NOT NULL);DROP TABLE IF EXISTS `addresses`;
CREATE TABLE `addresses` (`order_id` bigint(20) PRIMARY KEY,`city` varchar(100) NOT NULL,`street` varchar(200) NOT NULL);DROP TABLE IF EXISTS `persons`;
CREATE TABLE `persons` (`name` varchar(50) PRIMARY KEY,`sex` varchar(10) NOT NULL,`vip_level` int(4) NOT NULL);
22:41:54.929 [main] DEBUG org.sql2o.Query - Parameters  => []
22:41:54.940 [main] DEBUG org.sql2o.Query - total: 11 ms; executed update [No name]
Tests run: 1, Failures: 0, Errors: 1, Skipped: 0, Time elapsed: 0.003 sec <<< FAILURE! - in io.github.biezhi.anima.LambdaTest
io.github.biezhi.anima.LambdaTest  Time elapsed: 0.003 sec  <<< ERROR!
io.github.biezhi.anima.exception.AnimaException
Caused by: java.lang.IllegalArgumentException: Unable to find non-private method: get$jacocoData with 0 params.

Running io.github.biezhi.anima.ExceptionTest
22:41:54.942 [main] INFO  com.zaxxer.hikari.HikariDataSource - HikariPool-4 - Starting...
22:41:54.945 [main] INFO  com.zaxxer.hikari.HikariDataSource - HikariPool-4 - Start completed.
22:41:54.945 [main] DEBUG org.sql2o.Query - Execute SQL => DROP TABLE IF EXISTS `users`;
CREATE TABLE `users` (`id` IDENTITY PRIMARY KEY, `user_name` varchar(50) NOT NULL, `age` int(11),);DROP TABLE IF EXISTS `order_info`;
CREATE TABLE `order_info` (`id` IDENTITY PRIMARY KEY,`uid` int(11) NOT NULL,`productname` varchar(100) NOT NULL,`create_time` datetime NOT NULL);DROP TABLE IF EXISTS `addresses`;
CREATE TABLE `addresses` (`order_id` bigint(20) PRIMARY KEY,`city` varchar(100) NOT NULL,`street` varchar(200) NOT NULL);DROP TABLE IF EXISTS `persons`;
CREATE TABLE `persons` (`name` varchar(50) PRIMARY KEY,`sex` varchar(10) NOT NULL,`vip_level` int(4) NOT NULL);
22:41:54.945 [main] DEBUG org.sql2o.Query - Parameters  => []
22:41:54.978 [main] DEBUG org.sql2o.Query - total: 33 ms; executed update [No name]
Tests run: 1, Failures: 0, Errors: 1, Skipped: 0, Time elapsed: 0.009 sec <<< FAILURE! - in io.github.biezhi.anima.ExceptionTest
io.github.biezhi.anima.ExceptionTest  Time elapsed: 0.009 sec  <<< ERROR!
io.github.biezhi.anima.exception.AnimaException
Caused by: java.lang.IllegalArgumentException: Unable to find non-private method: get$jacocoData with 0 params.

Running io.github.biezhi.anima.AnimaTest
22:41:55.022 [main] INFO  org.sql2o.quirks.NoQuirks - add converter [io.github.biezhi.anima.enums.VipLevel] io.github.biezhi.anima.converter.LevelConverter@41991619
Tests run: 10, Failures: 0, Errors: 0, Skipped: 0, Time elapsed: 0.037 sec - in io.github.biezhi.anima.AnimaTest
Running io.github.biezhi.anima.DeleteTest
22:41:55.026 [main] INFO  com.zaxxer.hikari.HikariDataSource - HikariPool-5 - Starting...
22:41:55.034 [main] INFO  com.zaxxer.hikari.HikariDataSource - HikariPool-5 - Start completed.
22:41:55.038 [main] DEBUG org.sql2o.Query - Execute SQL => DROP TABLE IF EXISTS `users`;
CREATE TABLE `users` (`id` IDENTITY PRIMARY KEY, `user_name` varchar(50) NOT NULL, `age` int(11),);DROP TABLE IF EXISTS `order_info`;
CREATE TABLE `order_info` (`id` IDENTITY PRIMARY KEY,`uid` int(11) NOT NULL,`productname` varchar(100) NOT NULL,`create_time` datetime NOT NULL);DROP TABLE IF EXISTS `addresses`;
CREATE TABLE `addresses` (`order_id` bigint(20) PRIMARY KEY,`city` varchar(100) NOT NULL,`street` varchar(200) NOT NULL);DROP TABLE IF EXISTS `persons`;
CREATE TABLE `persons` (`name` varchar(50) PRIMARY KEY,`sex` varchar(10) NOT NULL,`vip_level` int(4) NOT NULL);
22:41:55.038 [main] DEBUG org.sql2o.Query - Parameters  => []
22:41:55.044 [main] DEBUG org.sql2o.Query - total: 6 ms; executed update [No name]
Tests run: 1, Failures: 0, Errors: 1, Skipped: 0, Time elapsed: 0.037 sec <<< FAILURE! - in io.github.biezhi.anima.DeleteTest
io.github.biezhi.anima.DeleteTest  Time elapsed: 0.037 sec  <<< ERROR!
io.github.biezhi.anima.exception.AnimaException
Caused by: java.lang.IllegalArgumentException: Unable to find non-private method: get$jacocoData with 0 params.

Running io.github.biezhi.anima.UpdateTest
22:41:55.094 [main] INFO  com.zaxxer.hikari.HikariDataSource - HikariPool-6 - Starting...
22:41:55.113 [main] INFO  com.zaxxer.hikari.HikariDataSource - HikariPool-6 - Start completed.
22:41:55.113 [main] DEBUG org.sql2o.Query - Execute SQL => DROP TABLE IF EXISTS `users`;
CREATE TABLE `users` (`id` IDENTITY PRIMARY KEY, `user_name` varchar(50) NOT NULL, `age` int(11),);DROP TABLE IF EXISTS `order_info`;
CREATE TABLE `order_info` (`id` IDENTITY PRIMARY KEY,`uid` int(11) NOT NULL,`productname` varchar(100) NOT NULL,`create_time` datetime NOT NULL);DROP TABLE IF EXISTS `addresses`;
CREATE TABLE `addresses` (`order_id` bigint(20) PRIMARY KEY,`city` varchar(100) NOT NULL,`street` varchar(200) NOT NULL);DROP TABLE IF EXISTS `persons`;
CREATE TABLE `persons` (`name` varchar(50) PRIMARY KEY,`sex` varchar(10) NOT NULL,`vip_level` int(4) NOT NULL);
22:41:55.113 [main] DEBUG org.sql2o.Query - Parameters  => []
22:41:55.118 [main] DEBUG org.sql2o.Query - total: 5 ms; executed update [No name]
Tests run: 1, Failures: 0, Errors: 1, Skipped: 0, Time elapsed: 0.017 sec <<< FAILURE! - in io.github.biezhi.anima.UpdateTest
io.github.biezhi.anima.UpdateTest  Time elapsed: 0.017 sec  <<< ERROR!
io.github.biezhi.anima.exception.AnimaException
Caused by: java.lang.IllegalArgumentException: Unable to find non-private method: get$jacocoData with 0 params.

Running io.github.biezhi.anima.OtherTest
22:41:55.120 [main] INFO  com.zaxxer.hikari.HikariDataSource - HikariPool-7 - Starting...
22:41:55.123 [main] INFO  com.zaxxer.hikari.HikariDataSource - HikariPool-7 - Start completed.
22:41:55.123 [main] DEBUG org.sql2o.Query - Execute SQL => DROP TABLE IF EXISTS `users`;
CREATE TABLE `users` (`id` IDENTITY PRIMARY KEY, `user_name` varchar(50) NOT NULL, `age` int(11),);DROP TABLE IF EXISTS `order_info`;
CREATE TABLE `order_info` (`id` IDENTITY PRIMARY KEY,`uid` int(11) NOT NULL,`productname` varchar(100) NOT NULL,`create_time` datetime NOT NULL);DROP TABLE IF EXISTS `addresses`;
CREATE TABLE `addresses` (`order_id` bigint(20) PRIMARY KEY,`city` varchar(100) NOT NULL,`street` varchar(200) NOT NULL);DROP TABLE IF EXISTS `persons`;
CREATE TABLE `persons` (`name` varchar(50) PRIMARY KEY,`sex` varchar(10) NOT NULL,`vip_level` int(4) NOT NULL);
22:41:55.123 [main] DEBUG org.sql2o.Query - Parameters  => []
22:41:55.129 [main] DEBUG org.sql2o.Query - total: 6 ms; executed update [No name]
Tests run: 1, Failures: 0, Errors: 1, Skipped: 0, Time elapsed: 0.009 sec <<< FAILURE! - in io.github.biezhi.anima.OtherTest
io.github.biezhi.anima.OtherTest  Time elapsed: 0.009 sec  <<< ERROR!
io.github.biezhi.anima.exception.AnimaException
Caused by: java.lang.IllegalArgumentException: Unable to find non-private method: get$jacocoData with 0 params.

Running io.github.biezhi.anima.JoinTest
22:41:55.131 [main] INFO  com.zaxxer.hikari.HikariDataSource - HikariPool-8 - Starting...
22:41:55.133 [main] INFO  com.zaxxer.hikari.HikariDataSource - HikariPool-8 - Start completed.
22:41:55.133 [main] DEBUG org.sql2o.Query - Execute SQL => DROP TABLE IF EXISTS `users`;
CREATE TABLE `users` (`id` IDENTITY PRIMARY KEY, `user_name` varchar(50) NOT NULL, `age` int(11),);DROP TABLE IF EXISTS `order_info`;
CREATE TABLE `order_info` (`id` IDENTITY PRIMARY KEY,`uid` int(11) NOT NULL,`productname` varchar(100) NOT NULL,`create_time` datetime NOT NULL);DROP TABLE IF EXISTS `addresses`;
CREATE TABLE `addresses` (`order_id` bigint(20) PRIMARY KEY,`city` varchar(100) NOT NULL,`street` varchar(200) NOT NULL);DROP TABLE IF EXISTS `persons`;
CREATE TABLE `persons` (`name` varchar(50) PRIMARY KEY,`sex` varchar(10) NOT NULL,`vip_level` int(4) NOT NULL);
22:41:55.133 [main] DEBUG org.sql2o.Query - Parameters  => []
22:41:55.173 [main] DEBUG org.sql2o.Query - total: 40 ms; executed update [No name]
Tests run: 1, Failures: 0, Errors: 1, Skipped: 0, Time elapsed: 0.051 sec <<< FAILURE! - in io.github.biezhi.anima.JoinTest
io.github.biezhi.anima.JoinTest  Time elapsed: 0.051 sec  <<< ERROR!
io.github.biezhi.anima.exception.AnimaException
Caused by: java.lang.IllegalArgumentException: Unable to find non-private method: get$jacocoData with 0 params.

Running io.github.biezhi.anima.SaveTest
22:41:55.182 [main] INFO  com.zaxxer.hikari.HikariDataSource - HikariPool-9 - Starting...
22:41:55.185 [main] INFO  com.zaxxer.hikari.HikariDataSource - HikariPool-9 - Start completed.
22:41:55.185 [main] DEBUG org.sql2o.Query - Execute SQL => DROP TABLE IF EXISTS `users`;
CREATE TABLE `users` (`id` IDENTITY PRIMARY KEY, `user_name` varchar(50) NOT NULL, `age` int(11),);DROP TABLE IF EXISTS `order_info`;
CREATE TABLE `order_info` (`id` IDENTITY PRIMARY KEY,`uid` int(11) NOT NULL,`productname` varchar(100) NOT NULL,`create_time` datetime NOT NULL);DROP TABLE IF EXISTS `addresses`;
CREATE TABLE `addresses` (`order_id` bigint(20) PRIMARY KEY,`city` varchar(100) NOT NULL,`street` varchar(200) NOT NULL);DROP TABLE IF EXISTS `persons`;
CREATE TABLE `persons` (`name` varchar(50) PRIMARY KEY,`sex` varchar(10) NOT NULL,`vip_level` int(4) NOT NULL);
22:41:55.185 [main] DEBUG org.sql2o.Query - Parameters  => []
22:41:55.283 [main] DEBUG org.sql2o.Query - total: 98 ms; executed update [No name]
Tests run: 1, Failures: 0, Errors: 1, Skipped: 0, Time elapsed: 0.096 sec <<< FAILURE! - in io.github.biezhi.anima.SaveTest
io.github.biezhi.anima.SaveTest  Time elapsed: 0.096 sec  <<< ERROR!
io.github.biezhi.anima.exception.AnimaException
Caused by: java.lang.IllegalArgumentException: Unable to find non-private method: get$jacocoData with 0 params.


Results :

Failed tests: 
  ReflectionFieldSetterFactoryTest>AbstractFieldSetterFactoryTest.testAllTypes:70
Tests in error: 
  DeleteTest>BaseTest.before:28->BaseTest.initData:35 » Anima
  EnumTest>BaseTest.before:28->BaseTest.initData:35 » Anima
  ExceptionTest>BaseTest.before:28->BaseTest.initData:35 » Anima
  JoinTest>BaseTest.before:28->BaseTest.initData:35 » Anima
  LambdaTest>BaseTest.before:28->BaseTest.initData:35 » Anima
  OtherTest>BaseTest.before:28->BaseTest.initData:35 » Anima
  SaveTest>BaseTest.before:28->BaseTest.initData:35 » Anima
  SelectTest>BaseTest.before:28->BaseTest.initData:35 » Anima
  UpdateTest>BaseTest.before:28->BaseTest.initData:35 » Anima
  UnsafeFieldGetterFactoryTest>AbstractFieldGetterFactoryTest.testAllTypes:65 » IllegalAccess
  UnsafeFieldSetterFactoryTest>AbstractFieldSetterFactoryTest.testAllTypes:68 » IllegalAccess

Tests run: 53, Failures: 1, Errors: 11, Skipped: 0

[ERROR] There are test failures.

Please refer to /tmp/tmpqf_zhpdz/anima/target/surefire-reports for the individual test results.
[INFO] 
[INFO] --- jacoco-maven-plugin:0.8.5:report (report) @ anima ---
[INFO] Loading execution data file /tmp/tmpqf_zhpdz/anima/target/jacoco.exec
[INFO] Analyzed bundle 'anima' with 263 classes
[INFO] ------------------------------------------------------------------------
[INFO] BUILD SUCCESS
[INFO] ------------------------------------------------------------------------
[INFO] Total time:  35.794 s
[INFO] Finished at: 2020-07-30T22:41:58Z
[INFO] ------------------------------------------------------------------------
