[INFO] Error stacktraces are turned on.
[INFO] Scanning for projects...
[WARNING] The project com.sangupta:jerry-core:jar:4.0.0-SNAPSHOT uses prerequisites which is only intended for maven-plugin projects but not for non maven-plugin projects. For such purposes you should use the maven-enforcer-plugin. See https://maven.apache.org/enforcer/enforcer-rules/requireMavenVersion.html
[INFO] 
[INFO] ----------------------< com.sangupta:jerry-core >-----------------------
[INFO] Building Jerry Core Project 4.0.0-SNAPSHOT
[INFO] --------------------------------[ jar ]---------------------------------
[INFO] 
[INFO] --- maven-enforcer-plugin:1.0:enforce (enforce-maven) @ jerry-core ---
[INFO] 
[INFO] --- jacoco-maven-plugin:0.8.5:prepare-agent (default) @ jerry-core ---
[INFO] argLine set to -javaagent:/home/jdbl/.m2/repository/org/jacoco/org.jacoco.agent/0.8.5/org.jacoco.agent-0.8.5-runtime.jar=destfile=/tmp/tmpy8qgjmwa/jerry-core/target/jacoco.exec
[INFO] 
[INFO] --- maven-resources-plugin:2.6:resources (default-resources) @ jerry-core ---
[INFO] Using 'UTF-8' encoding to copy filtered resources.
[INFO] skip non existing resourceDirectory /tmp/tmpy8qgjmwa/jerry-core/src/main/resources
[INFO] 
[INFO] --- maven-compiler-plugin:3.8.1:compile (default-compile) @ jerry-core ---
[INFO] Changes detected - recompiling the module!
[INFO] Compiling 107 source files to /tmp/tmpy8qgjmwa/jerry-core/target/classes
[WARNING] /tmp/tmpy8qgjmwa/jerry-core/src/main/java/com/sangupta/jerry/unsafe/UnsafeMemory.java:[24,16] sun.misc.Unsafe is internal proprietary API and may be removed in a future release
[WARNING] /tmp/tmpy8qgjmwa/jerry-core/src/main/java/com/sangupta/jerry/unsafe/UnsafeMemory.java:[40,30] sun.misc.Unsafe is internal proprietary API and may be removed in a future release
[WARNING] /tmp/tmpy8qgjmwa/jerry-core/src/main/java/com/sangupta/jerry/unsafe/UnsafeMemory.java:[47,39] sun.misc.Unsafe is internal proprietary API and may be removed in a future release
[WARNING] /tmp/tmpy8qgjmwa/jerry-core/src/main/java/com/sangupta/jerry/unsafe/UnsafeMemory.java:[49,35] sun.misc.Unsafe is internal proprietary API and may be removed in a future release
[WARNING] /tmp/tmpy8qgjmwa/jerry-core/src/main/java/com/sangupta/jerry/unsafe/UnsafeMemory.java:[63,23] sun.misc.Unsafe is internal proprietary API and may be removed in a future release
[INFO] /tmp/tmpy8qgjmwa/jerry-core/src/main/java/com/sangupta/jerry/store/GsonUserLocalStore.java: /tmp/tmpy8qgjmwa/jerry-core/src/main/java/com/sangupta/jerry/store/GsonUserLocalStore.java uses or overrides a deprecated API.
[INFO] /tmp/tmpy8qgjmwa/jerry-core/src/main/java/com/sangupta/jerry/store/GsonUserLocalStore.java: Recompile with -Xlint:deprecation for details.
[INFO] 
[INFO] --- maven-resources-plugin:2.6:testResources (default-testResources) @ jerry-core ---
[INFO] Using 'UTF-8' encoding to copy filtered resources.
[INFO] skip non existing resourceDirectory /tmp/tmpy8qgjmwa/jerry-core/src/test/resources
[INFO] 
[INFO] --- maven-compiler-plugin:3.8.1:testCompile (default-testCompile) @ jerry-core ---
[INFO] Changes detected - recompiling the module!
[INFO] Compiling 68 source files to /tmp/tmpy8qgjmwa/jerry-core/target/test-classes
[INFO] 
[INFO] --- maven-surefire-plugin:2.19.1:test (default-test) @ jerry-core ---
[INFO] Surefire report directory: /tmp/tmpy8qgjmwa/jerry-core/target/surefire-reports

-------------------------------------------------------
 T E S T S
-------------------------------------------------------
Running com.sangupta.jerry.encoder.TestBase62Encoder
Tests run: 4, Failures: 0, Errors: 0, Skipped: 0, Time elapsed: 1.841 sec - in com.sangupta.jerry.encoder.TestBase62Encoder
Running com.sangupta.jerry.encoder.TestBase64Encoder
SLF4J: Class path contains multiple SLF4J bindings.
SLF4J: Found binding in [jar:file:/home/jdbl/.m2/repository/org/slf4j/slf4j-nop/1.7.30/slf4j-nop-1.7.30.jar!/org/slf4j/impl/StaticLoggerBinder.class]
SLF4J: Found binding in [jar:file:/home/jdbl/.m2/repository/ch/qos/logback/logback-classic/1.2.3/logback-classic-1.2.3.jar!/org/slf4j/impl/StaticLoggerBinder.class]
SLF4J: See http://www.slf4j.org/codes.html#multiple_bindings for an explanation.
SLF4J: Actual binding is of type [org.slf4j.helpers.NOPLoggerFactory]
Tests run: 3, Failures: 0, Errors: 0, Skipped: 0, Time elapsed: 4.024 sec - in com.sangupta.jerry.encoder.TestBase64Encoder
Running com.sangupta.jerry.jersey2.TestGsonJsonJerseyProvider
Tests run: 1, Failures: 0, Errors: 0, Skipped: 0, Time elapsed: 0.207 sec - in com.sangupta.jerry.jersey2.TestGsonJsonJerseyProvider
Running com.sangupta.jerry.exceptions.TestNotImplementedException
Tests run: 1, Failures: 0, Errors: 0, Skipped: 0, Time elapsed: 0.001 sec - in com.sangupta.jerry.exceptions.TestNotImplementedException
Running com.sangupta.jerry.exceptions.TestHttpException
Tests run: 2, Failures: 0, Errors: 0, Skipped: 0, Time elapsed: 0.001 sec - in com.sangupta.jerry.exceptions.TestHttpException
Running com.sangupta.jerry.TestApplicationContext
Tests run: 1, Failures: 0, Errors: 0, Skipped: 0, Time elapsed: 0.014 sec - in com.sangupta.jerry.TestApplicationContext
Running com.sangupta.jerry.jersey.TestGsonJsonJerseyProvider
Tests run: 1, Failures: 0, Errors: 0, Skipped: 0, Time elapsed: 0.01 sec - in com.sangupta.jerry.jersey.TestGsonJsonJerseyProvider
Running com.sangupta.jerry.security.TestSecurityContext
Tests run: 1, Failures: 0, Errors: 0, Skipped: 0, Time elapsed: 0.002 sec - in com.sangupta.jerry.security.TestSecurityContext
Running com.sangupta.jerry.util.TestRangeUtils
Tests run: 4, Failures: 0, Errors: 0, Skipped: 0, Time elapsed: 0.002 sec - in com.sangupta.jerry.util.TestRangeUtils
Running com.sangupta.jerry.util.TestPropertiesUtils
Tests run: 5, Failures: 0, Errors: 0, Skipped: 0, Time elapsed: 0.016 sec - in com.sangupta.jerry.util.TestPropertiesUtils
Running com.sangupta.jerry.util.TestOSUtils
Tests run: 2, Failures: 0, Errors: 0, Skipped: 0, Time elapsed: 0.001 sec - in com.sangupta.jerry.util.TestOSUtils
Running com.sangupta.jerry.util.TestCookieUtils
Tests run: 5, Failures: 0, Errors: 0, Skipped: 0, Time elapsed: 0.047 sec - in com.sangupta.jerry.util.TestCookieUtils
Running com.sangupta.jerry.util.TestReadableUtils
Tests run: 4, Failures: 0, Errors: 0, Skipped: 0, Time elapsed: 0.005 sec - in com.sangupta.jerry.util.TestReadableUtils
Running com.sangupta.jerry.util.TestObjectUtils
Tests run: 4, Failures: 0, Errors: 0, Skipped: 0, Time elapsed: 0.006 sec - in com.sangupta.jerry.util.TestObjectUtils
Running com.sangupta.jerry.util.TestDateUtils
Tests run: 3, Failures: 0, Errors: 0, Skipped: 0, Time elapsed: 0.001 sec - in com.sangupta.jerry.util.TestDateUtils
Running com.sangupta.jerry.util.TestHashUtils
Tests run: 9, Failures: 0, Errors: 0, Skipped: 0, Time elapsed: 0.125 sec - in com.sangupta.jerry.util.TestHashUtils
Running com.sangupta.jerry.util.TestStringUtils
Tests run: 25, Failures: 0, Errors: 0, Skipped: 0, Time elapsed: 0.203 sec - in com.sangupta.jerry.util.TestStringUtils
Running com.sangupta.jerry.util.TestAssertUtils
Tests run: 10, Failures: 0, Errors: 0, Skipped: 0, Time elapsed: 0.025 sec - in com.sangupta.jerry.util.TestAssertUtils
Running com.sangupta.jerry.util.TestListUtils
Tests run: 6, Failures: 0, Errors: 0, Skipped: 0, Time elapsed: 0.006 sec - in com.sangupta.jerry.util.TestListUtils
Running com.sangupta.jerry.util.TestUrlManipulator
Tests run: 5, Failures: 0, Errors: 0, Skipped: 0, Time elapsed: 0.018 sec - in com.sangupta.jerry.util.TestUrlManipulator
Running com.sangupta.jerry.util.TestFileUtils
Tests run: 8, Failures: 0, Errors: 0, Skipped: 0, Time elapsed: 0.056 sec - in com.sangupta.jerry.util.TestFileUtils
Running com.sangupta.jerry.util.TestMimeUtils
Tests run: 2, Failures: 0, Errors: 0, Skipped: 0, Time elapsed: 0.015 sec - in com.sangupta.jerry.util.TestMimeUtils
Running com.sangupta.jerry.util.TestResponseUtils
Tests run: 3, Failures: 0, Errors: 0, Skipped: 0, Time elapsed: 0.015 sec - in com.sangupta.jerry.util.TestResponseUtils
Running com.sangupta.jerry.util.TestXStreamUtils
Tests run: 2, Failures: 0, Errors: 0, Skipped: 0, Time elapsed: 0.646 sec - in com.sangupta.jerry.util.TestXStreamUtils
Running com.sangupta.jerry.util.TestEqualUtils
Tests run: 10, Failures: 0, Errors: 0, Skipped: 0, Time elapsed: 0.004 sec - in com.sangupta.jerry.util.TestEqualUtils
Running com.sangupta.jerry.util.TestUriUtils
Tests run: 14, Failures: 0, Errors: 0, Skipped: 0, Time elapsed: 0.01 sec - in com.sangupta.jerry.util.TestUriUtils
Running com.sangupta.jerry.util.TestReflectionUtils
Tests run: 4, Failures: 1, Errors: 0, Skipped: 0, Time elapsed: 0.022 sec <<< FAILURE! - in com.sangupta.jerry.util.TestReflectionUtils
testConvertToMapWithTransient(com.sangupta.jerry.util.TestReflectionUtils)  Time elapsed: 0.013 sec  <<< FAILURE!
java.lang.AssertionError: expected:<18> but was:<19>
	at com.sangupta.jerry.util.TestReflectionUtils.testConvertToMapWithTransient(TestReflectionUtils.java:97)

Running com.sangupta.jerry.util.TestGsonUtils
Tests run: 3, Failures: 0, Errors: 0, Skipped: 0, Time elapsed: 0.01 sec - in com.sangupta.jerry.util.TestGsonUtils
Running com.sangupta.jerry.util.TestTimeDurationUtils
Tests run: 3, Failures: 0, Errors: 0, Skipped: 0, Time elapsed: 0.005 sec - in com.sangupta.jerry.util.TestTimeDurationUtils
Running com.sangupta.jerry.util.TestRequestUtils
Tests run: 4, Failures: 0, Errors: 0, Skipped: 0, Time elapsed: 0.008 sec - in com.sangupta.jerry.util.TestRequestUtils
Running com.sangupta.jerry.util.TestByteArrayUtils
Tests run: 7, Failures: 0, Errors: 0, Skipped: 0, Time elapsed: 1.493 sec - in com.sangupta.jerry.util.TestByteArrayUtils
Running com.sangupta.jerry.util.TestCompressionUtils
Tests run: 3, Failures: 0, Errors: 0, Skipped: 0, Time elapsed: 17.519 sec - in com.sangupta.jerry.util.TestCompressionUtils
Running com.sangupta.jerry.util.TestUrlCanonicalizer
Tests run: 2, Failures: 0, Errors: 0, Skipped: 0, Time elapsed: 0 sec - in com.sangupta.jerry.util.TestUrlCanonicalizer
Running com.sangupta.jerry.util.TestCheckUtils
Tests run: 2, Failures: 0, Errors: 0, Skipped: 0, Time elapsed: 0 sec - in com.sangupta.jerry.util.TestCheckUtils
Running com.sangupta.jerry.util.TestBitUtils
Tests run: 11, Failures: 0, Errors: 0, Skipped: 0, Time elapsed: 0.03 sec - in com.sangupta.jerry.util.TestBitUtils
Running com.sangupta.jerry.bitarray.TestSparseBitArray
Tests run: 6, Failures: 0, Errors: 0, Skipped: 0, Time elapsed: 0.622 sec - in com.sangupta.jerry.bitarray.TestSparseBitArray
Running com.sangupta.jerry.bitarray.TestJavaBitSetArray
Tests run: 6, Failures: 0, Errors: 0, Skipped: 0, Time elapsed: 0.089 sec - in com.sangupta.jerry.bitarray.TestJavaBitSetArray
Running com.sangupta.jerry.bitarray.TestFileBackedBitArray
Tests run: 6, Failures: 0, Errors: 0, Skipped: 0, Time elapsed: 33.452 sec - in com.sangupta.jerry.bitarray.TestFileBackedBitArray
Running com.sangupta.jerry.bitarray.TestFastBitArray
Tests run: 6, Failures: 0, Errors: 0, Skipped: 0, Time elapsed: 0.468 sec - in com.sangupta.jerry.bitarray.TestFastBitArray
Running com.sangupta.jerry.bitarray.TestMMapFileBackedBitArray
Tests run: 6, Failures: 0, Errors: 0, Skipped: 0, Time elapsed: 1.042 sec - in com.sangupta.jerry.bitarray.TestMMapFileBackedBitArray
Running com.sangupta.jerry.ds.TestSimpleTree
Tests run: 1, Failures: 0, Errors: 0, Skipped: 0, Time elapsed: 0.002 sec - in com.sangupta.jerry.ds.TestSimpleTree
Running com.sangupta.jerry.ds.TestSimpleMultiMap
Tests run: 1, Failures: 0, Errors: 0, Skipped: 0, Time elapsed: 0 sec - in com.sangupta.jerry.ds.TestSimpleMultiMap
Running com.sangupta.jerry.ds.iterator.TestStringArrayIterator
Tests run: 1, Failures: 0, Errors: 0, Skipped: 0, Time elapsed: 0 sec - in com.sangupta.jerry.ds.iterator.TestStringArrayIterator
Running com.sangupta.jerry.refresh.TestAutoRefreshableLong
Tests run: 1, Failures: 0, Errors: 0, Skipped: 0, Time elapsed: 2 sec - in com.sangupta.jerry.refresh.TestAutoRefreshableLong
Running com.sangupta.jerry.refresh.TestAutoRefreshableInt
Tests run: 1, Failures: 0, Errors: 0, Skipped: 0, Time elapsed: 2.001 sec - in com.sangupta.jerry.refresh.TestAutoRefreshableInt
Running com.sangupta.jerry.refresh.TestAutoRefreshableDouble
Tests run: 1, Failures: 0, Errors: 0, Skipped: 0, Time elapsed: 2.001 sec - in com.sangupta.jerry.refresh.TestAutoRefreshableDouble
Running com.sangupta.jerry.refresh.TestAutoRefreshable
Tests run: 1, Failures: 0, Errors: 0, Skipped: 0, Time elapsed: 1.301 sec - in com.sangupta.jerry.refresh.TestAutoRefreshable
Running com.sangupta.jerry.refresh.TestAutoRefreshableFloat
Tests run: 1, Failures: 0, Errors: 0, Skipped: 0, Time elapsed: 2.007 sec - in com.sangupta.jerry.refresh.TestAutoRefreshableFloat
Running com.sangupta.jerry.io.TestFileByteChunkConsumer
Tests run: 1, Failures: 0, Errors: 0, Skipped: 0, Time elapsed: 0.003 sec - in com.sangupta.jerry.io.TestFileByteChunkConsumer
Running com.sangupta.jerry.io.TestIndentedStringWriter
Tests run: 3, Failures: 0, Errors: 0, Skipped: 0, Time elapsed: 0.002 sec - in com.sangupta.jerry.io.TestIndentedStringWriter
Running com.sangupta.jerry.io.TestStringLineIterator
Tests run: 5, Failures: 0, Errors: 0, Skipped: 0, Time elapsed: 0.002 sec - in com.sangupta.jerry.io.TestStringLineIterator
Running com.sangupta.jerry.io.TestAdvancedStringReader
Tests run: 17, Failures: 0, Errors: 0, Skipped: 0, Time elapsed: 0.006 sec - in com.sangupta.jerry.io.TestAdvancedStringReader
Running com.sangupta.jerry.print.TestConsoleTable
 | ------ | -------------------------- | 
 | name   | email                      | 
 | ------ | -------------------------- | 
 | user0  | user0@somedummydomain.com  | 
 | user1  | user1@somedummydomain.com  | 
 | user2  | user2@somedummydomain.com  | 
 | user3  | user3@somedummydomain.com  | 
 | user4  | user4@somedummydomain.com  | 
 | user5  | user5@somedummydomain.com  | 
 | user6  | user6@somedummydomain.com  | 
 | user7  | user7@somedummydomain.com  | 
 | user8  | user8@somedummydomain.com  | 
 | user9  | user9@somedummydomain.com  | 
 | user10 | user10@somedummydomain.com | 
 | user11 | user11@somedummydomain.com | 
 | user12 | user12@somedummydomain.com | 
 | user13 | user13@somedummydomain.com | 
 | user14 | user14@somedummydomain.com | 
 | user15 | user15@somedummydomain.com | 
 | user16 | user16@somedummydomain.com | 
 | user17 | user17@somedummydomain.com | 
 | user18 | user18@somedummydomain.com | 
 | user19 | user19@somedummydomain.com | 
 | ------ | -------------------------- | 




 | ------ | -------------------------- | 
 | name   | email                      | 
 | ------ | -------------------------- | 
 | user0  | user0@somedummydomain.com  | 
 | user1  | user1@somedummydomain.com  | 
 | user2  | user2@somedummydomain.com  | 
 | user3  | user3@somedummydomain.com  | 
 | user4  | user4@somedummydomain.com  | 
 | user5  | user5@somedummydomain.com  | 
 | user6  | user6@somedummydomain.com  | 
 | user7  | user7@somedummydomain.com  | 
 | user8  | user8@somedummydomain.com  | 
 | user9  | user9@somedummydomain.com  | 
 | ------ | -------------------------- | 
 | ------ | -------------------------- | 
 | name   | email                      | 
 | ------ | -------------------------- | 
 | user10 | user10@somedummydomain.com | 
 | user11 | user11@somedummydomain.com | 
 | user12 | user12@somedummydomain.com | 
 | user13 | user13@somedummydomain.com | 
 | user14 | user14@somedummydomain.com | 
 | user15 | user15@somedummydomain.com | 
 | user16 | user16@somedummydomain.com | 
 | user17 | user17@somedummydomain.com | 
 | user18 | user18@somedummydomain.com | 
 | user19 | user19@somedummydomain.com | 
 | ------ | -------------------------- | 




 | ------ | -------------------------- | 
 | name   | email                      | 
 | ------ | -------------------------- | 
 | user0  | user0@somedummydomain.com  | 
 | user1  | user1@somedummydomain.com  | 
 | user2  | user2@somedummydomain.com  | 
 | user3  | user3@somedummydomain.com  | 
 | user4  | user4@somedummydomain.com  | 
 | user5  | user5@somedummydomain.com  | 
 | user6  | user6@somedummydomain.com  | 
 | user7  | user7@somedummydomain.com  | 
 | user8  | user8@somedummydomain.com  | 
 | user9  | user9@somedummydomain.com  | 
 | ------ | -------------------------- | 
Another table break
 | ------ | -------------------------- | 
 | name   | email                      | 
 | ------ | -------------------------- | 
 | user10 | user10@somedummydomain.com | 
 | user11 | user11@somedummydomain.com | 
 | user12 | user12@somedummydomain.com | 
 | user13 | user13@somedummydomain.com | 
 | user14 | user14@somedummydomain.com | 
 | user15 | user15@somedummydomain.com | 
 | user16 | user16@somedummydomain.com | 
 | user17 | user17@somedummydomain.com | 
 | user18 | user18@somedummydomain.com | 
 | user19 | user19@somedummydomain.com | 
 | ------ | -------------------------- | 
Tests run: 1, Failures: 0, Errors: 0, Skipped: 0, Time elapsed: 0.019 sec - in com.sangupta.jerry.print.TestConsoleTable
Running com.sangupta.jerry.lang.TestMutableDouble
Tests run: 1, Failures: 0, Errors: 0, Skipped: 0, Time elapsed: 0 sec - in com.sangupta.jerry.lang.TestMutableDouble
Running com.sangupta.jerry.lang.TestBoundedInt
Tests run: 1, Failures: 0, Errors: 0, Skipped: 0, Time elapsed: 0 sec - in com.sangupta.jerry.lang.TestBoundedInt
Running com.sangupta.jerry.lang.TestMutableLong
Tests run: 1, Failures: 0, Errors: 0, Skipped: 0, Time elapsed: 0 sec - in com.sangupta.jerry.lang.TestMutableLong
Running com.sangupta.jerry.lang.TestIntCounter
Tests run: 3, Failures: 0, Errors: 0, Skipped: 0, Time elapsed: 0 sec - in com.sangupta.jerry.lang.TestIntCounter
Running com.sangupta.jerry.lang.TestLongCounter
Tests run: 3, Failures: 0, Errors: 0, Skipped: 0, Time elapsed: 0.093 sec - in com.sangupta.jerry.lang.TestLongCounter
Running com.sangupta.jerry.lang.TestMutableFloat
Tests run: 1, Failures: 0, Errors: 0, Skipped: 0, Time elapsed: 0.001 sec - in com.sangupta.jerry.lang.TestMutableFloat
Running com.sangupta.jerry.lang.TestMutableInt
Tests run: 1, Failures: 0, Errors: 0, Skipped: 0, Time elapsed: 0.001 sec - in com.sangupta.jerry.lang.TestMutableInt
Running com.sangupta.jerry.lang.TestBoundedLong
Tests run: 1, Failures: 0, Errors: 0, Skipped: 0, Time elapsed: 0.001 sec - in com.sangupta.jerry.lang.TestBoundedLong
Running com.sangupta.jerry.store.TestPropertiesUserLocalStore
Tests run: 3, Failures: 0, Errors: 0, Skipped: 0, Time elapsed: 0.019 sec - in com.sangupta.jerry.store.TestPropertiesUserLocalStore
Running com.sangupta.jerry.store.TestAbstractUserLocalStore
Tests run: 1, Failures: 0, Errors: 0, Skipped: 0, Time elapsed: 0.001 sec - in com.sangupta.jerry.store.TestAbstractUserLocalStore
Running com.sangupta.jerry.store.TestGsonUserLocalStore
Tests run: 3, Failures: 0, Errors: 0, Skipped: 0, Time elapsed: 0.031 sec - in com.sangupta.jerry.store.TestGsonUserLocalStore
Running com.sangupta.jerry.store.TestInMemoryUserLocalStore
Tests run: 3, Failures: 0, Errors: 0, Skipped: 0, Time elapsed: 0.017 sec - in com.sangupta.jerry.store.TestInMemoryUserLocalStore
Running com.sangupta.jerry.TestApplicationEnvironment
Tests run: 1, Failures: 0, Errors: 0, Skipped: 0, Time elapsed: 0.001 sec - in com.sangupta.jerry.TestApplicationEnvironment
Running com.sangupta.jerry.jaxrs.TestGsonJsonJaxRSMessageBodyHandler
Tests run: 1, Failures: 0, Errors: 0, Skipped: 0, Time elapsed: 0.002 sec - in com.sangupta.jerry.jaxrs.TestGsonJsonJaxRSMessageBodyHandler

Results :

Failed tests: 
  TestReflectionUtils.testConvertToMapWithTransient:97 expected:<18> but was:<19>

Tests run: 263, Failures: 1, Errors: 0, Skipped: 0

[ERROR] There are test failures.

Please refer to /tmp/tmpy8qgjmwa/jerry-core/target/surefire-reports for the individual test results.
[INFO] 
[INFO] --- jacoco-maven-plugin:0.8.5:report (report) @ jerry-core ---
[INFO] Loading execution data file /tmp/tmpy8qgjmwa/jerry-core/target/jacoco.exec
[INFO] Analyzed bundle 'Jerry Core Project' with 217 classes
[INFO] ------------------------------------------------------------------------
[INFO] BUILD SUCCESS
[INFO] ------------------------------------------------------------------------
[INFO] Total time:  01:25 min
[INFO] Finished at: 2020-07-30T22:14:13Z
[INFO] ------------------------------------------------------------------------
