[INFO] Error stacktraces are turned on.
[INFO] Scanning for projects...
[WARNING] 
[WARNING] Some problems were encountered while building the effective model for com.alibaba.tamper:tamper:jar:1.0.4-SNAPSHOT
[WARNING] 'build.plugins.plugin.(groupId:artifactId)' must be unique but found duplicate declaration of plugin org.apache.maven.plugins:maven-surefire-plugin @ line 215, column 15
[WARNING] 'build.plugins.plugin.version' for org.apache.maven.plugins:maven-compiler-plugin is missing. @ line 134, column 15
[WARNING] 
[WARNING] It is highly recommended to fix these problems because they threaten the stability of your build.
[WARNING] 
[WARNING] For this reason, future Maven versions might no longer support building such malformed projects.
[WARNING] 
[INFO] 
[INFO] ---------------------< com.alibaba.tamper:tamper >----------------------
[INFO] Building tamper 1.0.4-SNAPSHOT
[INFO] --------------------------------[ jar ]---------------------------------
[INFO] 
[INFO] --- maven-enforcer-plugin:1.0:enforce (enforce-maven) @ tamper ---
[INFO] 
[INFO] --- jacoco-maven-plugin:0.8.5:prepare-agent (default) @ tamper ---
[INFO] argLine set to -javaagent:/home/jdbl/.m2/repository/org/jacoco/org.jacoco.agent/0.8.5/org.jacoco.agent-0.8.5-runtime.jar=destfile=/tmp/tmpz9mjo13d/tamper/target/jacoco.exec
[INFO] 
[INFO] --- maven-resources-plugin:2.6:resources (default-resources) @ tamper ---
[INFO] Using 'UTF-8' encoding to copy filtered resources.
[INFO] Copying 2 resources
[INFO] 
[INFO] --- maven-compiler-plugin:3.1:compile (default-compile) @ tamper ---
[INFO] Changes detected - recompiling the module!
[INFO] Compiling 78 source files to /tmp/tmpz9mjo13d/tamper/target/classes
[WARNING] /tmp/tmpz9mjo13d/tamper/src/main/java/com/alibaba/tamper/process/convertor/StringAndEnumConvertor.java: Some input files use unchecked or unsafe operations.
[WARNING] /tmp/tmpz9mjo13d/tamper/src/main/java/com/alibaba/tamper/process/convertor/StringAndEnumConvertor.java: Recompile with -Xlint:unchecked for details.
[INFO] 
[INFO] --- maven-resources-plugin:2.6:testResources (default-testResources) @ tamper ---
[INFO] Using 'UTF-8' encoding to copy filtered resources.
[INFO] Copying 5 resources
[INFO] 
[INFO] --- maven-compiler-plugin:3.1:testCompile (default-testCompile) @ tamper ---
[INFO] Changes detected - recompiling the module!
[INFO] Compiling 30 source files to /tmp/tmpz9mjo13d/tamper/target/test-classes
[WARNING] /tmp/tmpz9mjo13d/tamper/src/test/java/com/alibaba/tamper/BeanMappingDymaicTest.java: Some input files use unchecked or unsafe operations.
[WARNING] /tmp/tmpz9mjo13d/tamper/src/test/java/com/alibaba/tamper/BeanMappingDymaicTest.java: Recompile with -Xlint:unchecked for details.
[INFO] 
[INFO] --- maven-surefire-plugin:2.19.1:test (default-test) @ tamper ---
[INFO] Surefire report directory: /tmp/tmpz9mjo13d/tamper/target/surefire-reports

-------------------------------------------------------
 T E S T S
-------------------------------------------------------
Running com.alibaba.tamper.BeanMappingNestAndNameTest
DEBUG core.BeanMappingExecutor - ====================== start mapping 
	 srcClass[class java.util.HashMap] 
	 targetClass[class java.util.HashMap]
DEBUG process.DebugValueProcess - srcName[three],srcClass[class java.lang.String],targetName[threeOther],targetClass[class java.lang.String], Value = ljh
DEBUG core.BeanMappingExecutor - ====================== end mapping
DEBUG core.BeanMappingExecutor - ====================== start mapping 
	 srcClass[class java.util.HashMap] 
	 targetClass[class java.util.HashMap]
DEBUG process.DebugValueProcess - srcName[one],srcClass[class java.lang.String],targetName[oneOther],targetClass[class java.math.BigInteger], Value = 10
DEBUG core.BeanMappingExecutor - ====================== start mapping 
	 srcClass[class java.util.HashMap] 
	 targetClass[class java.util.HashMap]
DEBUG process.DebugValueProcess - srcName[two],srcClass[class java.lang.String],targetName[twoOther],targetClass[class java.lang.String], Value = nestedMap two1
DEBUG core.BeanMappingExecutor - ====================== start mapping 
	 srcClass[class java.util.HashMap] 
	 targetClass[class java.util.HashMap]
DEBUG process.DebugValueProcess - srcName[three],srcClass[class java.lang.String],targetName[threeOther],targetClass[class java.lang.String], Value = nextNestedMap three1
DEBUG core.BeanMappingExecutor - ====================== end mapping
DEBUG core.BeanMappingExecutor - ====================== end mapping
DEBUG core.BeanMappingExecutor - ====================== start mapping 
	 srcClass[class java.util.HashMap] 
	 targetClass[class java.util.HashMap]
DEBUG process.DebugValueProcess - srcName[two],srcClass[class java.lang.String],targetName[twoOther],targetClass[class java.lang.String], Value = nestedMap two2
DEBUG core.BeanMappingExecutor - ====================== start mapping 
	 srcClass[class java.util.HashMap] 
	 targetClass[class java.util.HashMap]
DEBUG process.DebugValueProcess - srcName[three],srcClass[class java.lang.String],targetName[threeOther],targetClass[class java.lang.String], Value = nextNestedMap three2
DEBUG core.BeanMappingExecutor - ====================== end mapping
DEBUG core.BeanMappingExecutor - ====================== end mapping
DEBUG process.DebugValueProcess - srcName[two],srcClass[interface java.util.List],targetName[twoOther],targetClass[interface java.util.List], Value = [{twoOther=nestedMap two1, threeOther={threeOther=nextNestedMap three1}}, {twoOther=nestedMap two2, threeOther={threeOther=nextNestedMap three2}}]
DEBUG core.BeanMappingExecutor - ====================== end mapping
DEBUG core.BeanMappingExecutor - ====================== start mapping 
	 srcClass[class java.util.HashMap] 
	 targetClass[class java.util.HashMap]
DEBUG process.DebugValueProcess - srcName[one],srcClass[class java.lang.String],targetName[oneOther],targetClass[class java.math.BigInteger], Value = 10
DEBUG core.BeanMappingExecutor - ====================== start mapping 
	 srcClass[class java.util.HashMap] 
	 targetClass[class java.util.HashMap]
DEBUG process.DebugValueProcess - srcName[two],srcClass[class java.lang.String],targetName[twoOther],targetClass[class java.lang.String], Value = nestedMap two
DEBUG core.BeanMappingExecutor - ====================== start mapping 
	 srcClass[class java.util.HashMap] 
	 targetClass[class java.util.HashMap]
DEBUG process.DebugValueProcess - srcName[three],srcClass[class java.lang.String],targetName[threeOther],targetClass[class java.lang.String], Value = nextNestedMap three
DEBUG core.BeanMappingExecutor - ====================== end mapping
DEBUG core.BeanMappingExecutor - ====================== end mapping
DEBUG core.BeanMappingExecutor - ====================== end mapping
Tests run: 3, Failures: 0, Errors: 0, Skipped: 0, Time elapsed: 1.709 sec - in com.alibaba.tamper.BeanMappingNestAndNameTest
Running com.alibaba.tamper.BeanMappingDymaicTest
DEBUG core.BeanMappingExecutor - ====================== start mapping 
	 srcClass[class java.util.HashMap] 
	 targetClass[class java.util.HashMap]
DEBUG process.DebugValueProcess - srcName[one],srcClass[class java.lang.String],targetName[oneOther],targetClass[class java.util.Date], Value = Sat Oct 01 00:00:00 UTC 2011
DEBUG core.BeanMappingExecutor - ====================== end mapping
DEBUG core.BeanMappingExecutor - ====================== start mapping 
	 srcClass[class java.util.HashMap] 
	 targetClass[class java.util.HashMap]
DEBUG process.DebugValueProcess - srcName[one],srcClass[class java.lang.String],targetName[oneOther],targetClass[class java.util.Date],[defaultValue=2011-10-01],[convertor=StringToDateDay], Value = Sat Oct 01 00:00:00 UTC 2011
DEBUG process.DebugValueProcess - srcName[two],srcClass[class java.math.BigInteger],targetName[twoOther],targetClass[class java.lang.Integer],[defaultValue=10], Value = 10
DEBUG core.BeanMappingExecutor - ====================== end mapping
DEBUG core.BeanMappingExecutor - ====================== start mapping 
	 srcClass[class com.alibaba.tamper.BeanMappingDymaicTest$NoMethodBean] 
	 targetClass[class java.util.HashMap]
DEBUG process.DebugValueProcess - srcName[intValue],srcClass[int],targetName[oneOther],targetClass[class java.lang.String], Value = 10
DEBUG process.DebugValueProcess - srcName[integerValue],srcClass[class java.lang.Integer],targetName[twoOther],targetClass[class java.lang.String], Value = 10
DEBUG process.DebugValueProcess - srcName[bigDecimalValue],srcClass[class java.math.BigDecimal],targetName[threeOther],targetClass[class java.lang.String], Value = 10
DEBUG core.BeanMappingExecutor - ====================== end mapping
DEBUG core.BeanMappingExecutor - ====================== start mapping 
	 srcClass[class com.alibaba.tamper.BeanMappingDymaicTest$NoMethodBean] 
	 targetClass[class java.util.HashMap]
DEBUG process.DebugValueProcess - srcName[intValue],srcClass[int],targetName[oneOther],targetClass[class java.lang.String], Value = 10
DEBUG process.DebugValueProcess - srcName[integerValue],srcClass[class java.lang.Integer],targetName[twoOther],targetClass[class java.lang.String], Value = 10
DEBUG process.DebugValueProcess - srcName[bigDecimalValue],srcClass[class java.math.BigDecimal],targetName[threeOther],targetClass[class java.lang.String], Value = 10
DEBUG process.DebugValueProcess - srcName[this],srcClass[class com.alibaba.tamper.BeanMappingDymaicTest$NoMethodBean],targetName[fourOther],targetClass[class com.alibaba.tamper.BeanMappingDymaicTest$NoMethodBean], Value = com.alibaba.tamper.BeanMappingDymaicTest$NoMethodBean@4364712f
DEBUG core.BeanMappingExecutor - ====================== end mapping
DEBUG core.BeanMappingExecutor - ====================== start mapping 
	 srcClass[class java.util.HashMap] 
	 targetClass[class java.util.HashMap]
DEBUG process.DebugValueProcess - srcName[null],srcClass[null],targetName[oneOther],targetClass[class java.lang.String],[defaultValue=10], Value = 10
DEBUG core.BeanMappingExecutor - ====================== end mapping
DEBUG core.BeanMappingExecutor - ====================== start mapping 
	 srcClass[class java.util.HashMap] 
	 targetClass[class java.util.HashMap]
DEBUG process.DebugValueProcess - srcName[one],srcClass[class [Ljava.util.HashMap;],targetName[oneOther],targetClass[class java.util.ArrayList], Value = [com.alibaba.tamper.object.NestedTargetMappingObject@5762658b[
  name=ljh
  value=10
]]
DEBUG core.BeanMappingExecutor - ====================== start mapping 
	 srcClass[class com.alibaba.tamper.object.NestedSrcMappingObject] 
	 targetClass[class com.alibaba.tamper.object.NestedTargetMappingObject]
DEBUG process.DebugValueProcess - srcName[name],srcClass[class java.lang.String],targetName[name],targetClass[class java.lang.String], Value = ljh
DEBUG process.DebugValueProcess - srcName[bigDecimalValue],srcClass[class java.math.BigDecimal],targetName[value],targetClass[class java.lang.String], Value = 10
DEBUG core.BeanMappingExecutor - ====================== end mapping
DEBUG process.DebugValueProcess - srcName[two],srcClass[class java.util.ArrayList],targetName[twoOther],targetClass[class java.util.HashSet], Value = [com.alibaba.tamper.object.NestedTargetMappingObject@2596d7f4[
  name=ljh
  value=10
]]
DEBUG process.DebugValueProcess - srcName[three],srcClass[class java.util.HashSet],targetName[threeOther],targetClass[class [Ljava.util.HashMap;], Value = [Ljava.util.HashMap;@6ca8fcf3
DEBUG core.BeanMappingExecutor - ====================== end mapping
DEBUG core.BeanMappingExecutor - ====================== start mapping 
	 srcClass[class java.util.HashMap] 
	 targetClass[class java.util.HashMap]
DEBUG process.DebugValueProcess - srcName[three],srcClass[class java.lang.String],targetName[threeOther],targetClass[class java.lang.String], Value = ljh
DEBUG core.BeanMappingExecutor - ====================== end mapping
DEBUG core.BeanMappingExecutor - ====================== start mapping 
	 srcClass[class java.util.HashMap] 
	 targetClass[class java.util.HashMap]
DEBUG process.DebugValueProcess - srcName[one],srcClass[class java.lang.String],targetName[oneOther],targetClass[class java.math.BigInteger], Value = 10
DEBUG process.DebugValueProcess - srcName[two],srcClass[class java.math.BigInteger],targetName[twoOther],targetClass[class java.lang.Integer], Value = 10
DEBUG core.BeanMappingExecutor - ====================== start mapping 
	 srcClass[class com.alibaba.tamper.object.SrcMappingObject] 
	 targetClass[class com.alibaba.tamper.object.TargetMappingObject]
DEBUG process.DebugValueProcess - srcName[intValue],srcClass[int],targetName[intValue],targetClass[int], Value = 1
DEBUG process.DebugValueProcess - srcName[integerValue],srcClass[class java.lang.Integer],targetName[integerValue],targetClass[class java.lang.Integer], Value = 1
DEBUG process.DebugValueProcess - srcName[start],srcClass[boolean],targetName[start],targetClass[boolean], Value = true
DEBUG process.DebugValueProcess - srcName[name],srcClass[class java.lang.String],targetName[targetName],targetClass[class java.lang.String], Value = ljh
DEBUG core.BeanMappingExecutor - ====================== start mapping 
	 srcClass[class com.alibaba.tamper.object.NestedSrcMappingObject] 
	 targetClass[class com.alibaba.tamper.object.NestedTargetMappingObject]
DEBUG process.DebugValueProcess - srcName[name],srcClass[class java.lang.String],targetName[name],targetClass[class java.lang.String], Value = ljh
DEBUG process.DebugValueProcess - srcName[bigDecimalValue],srcClass[class java.math.BigDecimal],targetName[value],targetClass[class java.lang.String], Value = 1
DEBUG core.BeanMappingExecutor - ====================== end mapping
DEBUG core.BeanMappingExecutor - ====================== end mapping
DEBUG core.BeanMappingExecutor - ====================== end mapping
DEBUG core.BeanMappingExecutor - ====================== start mapping 
	 srcClass[class java.util.HashMap] 
	 targetClass[class java.util.HashMap]
DEBUG process.DebugValueProcess - srcName[one],srcClass[class java.lang.String],targetName[oneOther],targetClass[class java.math.BigInteger], Value = 10
DEBUG process.DebugValueProcess - srcName[two],srcClass[class java.math.BigInteger],targetName[twoOther],targetClass[class java.lang.Integer], Value = 10
DEBUG process.DebugValueProcess - srcName[three],srcClass[interface java.util.List],targetName[threeOther],targetClass[interface java.util.Set], Value = [{two=10, one=10}]
DEBUG core.BeanMappingExecutor - ====================== end mapping
DEBUG core.BeanMappingExecutor - ====================== start mapping 
	 srcClass[class java.util.HashMap] 
	 targetClass[class java.util.HashMap]
DEBUG process.DebugValueProcess - srcName[one],srcClass[class java.lang.String],targetName[oneOther],targetClass[class java.util.Date],[convertor=StringToDateDay], Value = Sat Oct 01 00:00:00 UTC 2011
DEBUG process.DebugValueProcess - srcName[two],srcClass[class java.lang.String],targetName[twoOther],targetClass[class java.util.Calendar],[convertor=StringToCalendarDay], Value = java.util.GregorianCalendar[time=1317427200000,areFieldsSet=true,areAllFieldsSet=true,lenient=true,zone=sun.util.calendar.ZoneInfo[id="Etc/UTC",offset=0,dstSavings=0,useDaylight=false,transitions=0,lastRule=null],firstDayOfWeek=1,minimalDaysInFirstWeek=1,ERA=1,YEAR=2011,MONTH=9,WEEK_OF_YEAR=40,WEEK_OF_MONTH=1,DAY_OF_MONTH=1,DAY_OF_YEAR=274,DAY_OF_WEEK=7,DAY_OF_WEEK_IN_MONTH=1,AM_PM=0,HOUR=0,HOUR_OF_DAY=0,MINUTE=0,SECOND=0,MILLISECOND=0,ZONE_OFFSET=0,DST_OFFSET=0]
DEBUG process.DebugValueProcess - srcName[three],srcClass[class java.util.Date],targetName[threeOther],targetClass[class java.lang.String],[convertor=DateDayToString], Value = 2011-10-01
DEBUG process.DebugValueProcess - srcName[four],srcClass[class java.util.Calendar],targetName[fourOther],targetClass[class java.lang.String],[convertor=CalendarDayToString], Value = 2011-10-01
DEBUG core.BeanMappingExecutor - ====================== end mapping
Tests run: 10, Failures: 0, Errors: 0, Skipped: 0, Time elapsed: 0.226 sec - in com.alibaba.tamper.BeanMappingDymaicTest
Running com.alibaba.tamper.convertor.StringAndEnumTest
Tests run: 1, Failures: 0, Errors: 0, Skipped: 0, Time elapsed: 0.016 sec - in com.alibaba.tamper.convertor.StringAndEnumTest
Running com.alibaba.tamper.convertor.CommonAndCommonTest
Tests run: 11, Failures: 0, Errors: 0, Skipped: 0, Time elapsed: 0.022 sec - in com.alibaba.tamper.convertor.CommonAndCommonTest
Running com.alibaba.tamper.convertor.DateAndSqlDateTest
Tests run: 1, Failures: 0, Errors: 0, Skipped: 0, Time elapsed: 0 sec - in com.alibaba.tamper.convertor.DateAndSqlDateTest
Running com.alibaba.tamper.convertor.CollectionAndCollectionTest
Tests run: 6, Failures: 0, Errors: 0, Skipped: 0, Time elapsed: 0.053 sec - in com.alibaba.tamper.convertor.CollectionAndCollectionTest
Running com.alibaba.tamper.convertor.StringConvertorTest
Tests run: 4, Failures: 0, Errors: 0, Skipped: 0, Time elapsed: 0.021 sec - in com.alibaba.tamper.convertor.StringConvertorTest
Running com.alibaba.tamper.BeanMapTest
Tests run: 1, Failures: 0, Errors: 0, Skipped: 0, Time elapsed: 0.031 sec - in com.alibaba.tamper.BeanMapTest
Running com.alibaba.tamper.script.ScriptExecutorTest
Tests run: 3, Failures: 0, Errors: 0, Skipped: 0, Time elapsed: 0.134 sec - in com.alibaba.tamper.script.ScriptExecutorTest
Running com.alibaba.tamper.script.CustomFunctionTest
DEBUG core.BeanMappingExecutor - ====================== start mapping 
	 srcClass[class java.util.HashMap] 
	 targetClass[class java.util.HashMap]
DEBUG process.DebugValueProcess - srcName[intValue],srcClass[class java.lang.Integer],targetName[oneOther],targetClass[class java.lang.String], Value = 10
DEBUG process.DebugValueProcess - srcName[integerValue],srcClass[class java.lang.Integer],targetName[twoOther],targetClass[class java.lang.String], Value = 10
DEBUG process.DebugValueProcess - srcName[null],srcClass[null],targetName[threeOther],targetClass[class java.lang.String],[script=customFunction:sum(src.intValue,src.integerValue)], Value = 20
DEBUG core.BeanMappingExecutor - ====================== end mapping
Tests run: 1, Failures: 0, Errors: 0, Skipped: 0, Time elapsed: 0.022 sec - in com.alibaba.tamper.script.CustomFunctionTest
Running com.alibaba.tamper.script.ScriptTest
DEBUG core.BeanMappingExecutor - ====================== start mapping 
	 srcClass[class com.alibaba.tamper.object.SrcMappingObject] 
	 targetClass[class java.util.HashMap]
DEBUG process.DebugValueProcess - srcName[null],srcClass[null],targetName[integerValue],targetClass[int],[defaultValue=1],[script=src.integerValue], Value = 1
DEBUG process.DebugValueProcess - srcName[null],srcClass[null],targetName[intValue],targetClass[null],[script=src.intValue + target.integerValue], Value = 2
DEBUG process.DebugValueProcess - srcName[null],srcClass[null],targetName[start],targetClass[null],[script=src.start], Value = true
DEBUG process.DebugValueProcess - srcName[null],srcClass[null],targetName[name],targetClass[null],[script=src.name], Value = name
DEBUG core.BeanMappingExecutor - ====================== end mapping
DEBUG core.BeanMappingExecutor - ====================== start mapping 
	 srcClass[class java.util.HashMap] 
	 targetClass[class com.alibaba.tamper.object.SrcMappingObject]
DEBUG process.DebugValueProcess - srcName[null],srcClass[null],targetName[integerValue],targetClass[class java.lang.Integer],[defaultValue=1],[script=src.integerValue], Value = 1
DEBUG process.DebugValueProcess - srcName[null],srcClass[null],targetName[intValue],targetClass[int],[script=src.intValue + src.integerValue], Value = 3
DEBUG process.DebugValueProcess - srcName[null],srcClass[null],targetName[start],targetClass[boolean],[script=src.start], Value = true
DEBUG process.DebugValueProcess - srcName[null],srcClass[null],targetName[name],targetClass[class java.lang.String],[script=src.name], Value = name
DEBUG core.BeanMappingExecutor - ====================== end mapping
DEBUG core.BeanMappingExecutor - ====================== start mapping 
	 srcClass[class com.alibaba.tamper.object.SrcMappingObject] 
	 targetClass[class java.util.HashMap]
DEBUG process.DebugValueProcess - srcName[null],srcClass[null],targetName[integerValue],targetClass[int],[defaultValue=1],[script=src.integerValue], Value = 1
DEBUG process.DebugValueProcess - srcName[null],srcClass[null],targetName[intValue],targetClass[null],[script=src.intValue + target.integerValue], Value = 2
DEBUG process.DebugValueProcess - srcName[null],srcClass[null],targetName[start],targetClass[null],[script=src.start], Value = true
DEBUG process.DebugValueProcess - srcName[null],srcClass[null],targetName[name],targetClass[null],[script=src.name], Value = name
DEBUG core.BeanMappingExecutor - ====================== end mapping
DEBUG core.BeanMappingExecutor - ====================== start mapping 
	 srcClass[class java.util.HashMap] 
	 targetClass[class com.alibaba.tamper.object.SrcMappingObject]
DEBUG process.DebugValueProcess - srcName[null],srcClass[null],targetName[integerValue],targetClass[class java.lang.Integer],[defaultValue=1],[script=src.integerValue], Value = 1
DEBUG process.DebugValueProcess - srcName[null],srcClass[null],targetName[intValue],targetClass[int],[script=src.intValue + src.integerValue], Value = 3
DEBUG process.DebugValueProcess - srcName[null],srcClass[null],targetName[start],targetClass[boolean],[script=src.start], Value = true
DEBUG process.DebugValueProcess - srcName[null],srcClass[null],targetName[name],targetClass[class java.lang.String],[script=src.name], Value = name
DEBUG core.BeanMappingExecutor - ====================== end mapping
Tests run: 2, Failures: 0, Errors: 0, Skipped: 0, Time elapsed: 0.219 sec - in com.alibaba.tamper.script.ScriptTest
Running com.alibaba.tamper.BeanMappingTest
 WARN config.BeanMappingConfigRespository - com.alibaba.tamper.object.SrcMappingObject:java.util.HashMap has been replaced by : BeanMappingObject[name=<null>,srcKey=src,srcClass=class com.alibaba.tamper.object.SrcMappingObject,targetKey=target,targetClass=class java.util.HashMap,reversable=true,beanFields=[BeanMappingField[srcField=BeanMappingFieldAttributes[locatorClass=<null>,name=intValue,clazz=<null>,componentClasses=<null>],targetField=BeanMappingFieldAttributes[locatorClass=<null>,name=intValue,clazz=<null>,componentClasses=<null>],defaultValue=<null>,convertor=<null>,convertorClass=<null>,script=<null>,mapping=false,nestName=<null>,behavior=BeanMappingBehavior[debug=true,mappingNullValue=true,mappingEmptyStrings=true,trimStrings=false],nestObject=<null>,convertorRef=<null>,getExecutor=<null>,setExecutor=<null>], BeanMappingField[srcField=BeanMappingFieldAttributes[locatorClass=<null>,name=integerValue,clazz=<null>,componentClasses=<null>],targetField=BeanMappingFieldAttributes[locatorClass=<null>,name=integerValue,clazz=class java.math.BigInteger,componentClasses=<null>],defaultValue=1,convertor=<null>,convertorClass=<null>,script=<null>,mapping=false,nestName=<null>,behavior=BeanMappingBehavior[debug=true,mappingNullValue=true,mappingEmptyStrings=true,trimStrings=false],nestObject=<null>,convertorRef=<null>,getExecutor=<null>,setExecutor=<null>], BeanMappingField[srcField=BeanMappingFieldAttributes[locatorClass=<null>,name=start,clazz=<null>,componentClasses=<null>],targetField=BeanMappingFieldAttributes[locatorClass=<null>,name=start,clazz=<null>,componentClasses=<null>],defaultValue=<null>,convertor=<null>,convertorClass=<null>,script=<null>,mapping=false,nestName=<null>,behavior=BeanMappingBehavior[debug=true,mappingNullValue=true,mappingEmptyStrings=true,trimStrings=false],nestObject=<null>,convertorRef=<null>,getExecutor=<null>,setExecutor=<null>], BeanMappingField[srcField=BeanMappingFieldAttributes[locatorClass=<null>,name=name,clazz=<null>,componentClasses=<null>],targetField=BeanMappingFieldAttributes[locatorClass=<null>,name=targetName,clazz=<null>,componentClasses=<null>],defaultValue=<null>,convertor=<null>,convertorClass=<null>,script=<null>,mapping=false,nestName=<null>,behavior=BeanMappingBehavior[debug=true,mappingNullValue=true,mappingEmptyStrings=true,trimStrings=false],nestObject=<null>,convertorRef=<null>,getExecutor=<null>,setExecutor=<null>], BeanMappingField[srcField=BeanMappingFieldAttributes[locatorClass=<null>,name=mapping,clazz=<null>,componentClasses=<null>],targetField=BeanMappingFieldAttributes[locatorClass=<null>,name=mapping,clazz=<null>,componentClasses=<null>],defaultValue=<null>,convertor=<null>,convertorClass=<null>,script=<null>,mapping=true,nestName=<null>,behavior=BeanMappingBehavior[debug=true,mappingNullValue=true,mappingEmptyStrings=true,trimStrings=false],nestObject=<null>,convertorRef=<null>,getExecutor=<null>,setExecutor=<null>]],batch=true,behavior=BeanMappingBehavior[debug=true,mappingNullValue=true,mappingEmptyStrings=true,trimStrings=false],getBatchExecutor=<null>,setBatchExecutor=<null>]
 WARN config.BeanMappingConfigRespository - com.alibaba.tamper.object.NestedSrcMappingObject:java.util.HashMap has been replaced by : BeanMappingObject[name=<null>,srcKey=src,srcClass=class com.alibaba.tamper.object.NestedSrcMappingObject,targetKey=target,targetClass=class java.util.HashMap,reversable=true,beanFields=[BeanMappingField[srcField=BeanMappingFieldAttributes[locatorClass=<null>,name=name,clazz=<null>,componentClasses=<null>],targetField=BeanMappingFieldAttributes[locatorClass=<null>,name=name,clazz=<null>,componentClasses=<null>],defaultValue=ljh,convertor=<null>,convertorClass=<null>,script=<null>,mapping=false,nestName=<null>,behavior=BeanMappingBehavior[debug=true,mappingNullValue=true,mappingEmptyStrings=true,trimStrings=false],nestObject=<null>,convertorRef=<null>,getExecutor=<null>,setExecutor=<null>], BeanMappingField[srcField=BeanMappingFieldAttributes[locatorClass=<null>,name=bigDecimalValue,clazz=<null>,componentClasses=<null>],targetField=BeanMappingFieldAttributes[locatorClass=<null>,name=value,clazz=class java.lang.String,componentClasses=<null>],defaultValue=10,convertor=<null>,convertorClass=<null>,script=<null>,mapping=false,nestName=<null>,behavior=BeanMappingBehavior[debug=true,mappingNullValue=true,mappingEmptyStrings=true,trimStrings=false],nestObject=<null>,convertorRef=<null>,getExecutor=<null>,setExecutor=<null>]],batch=true,behavior=BeanMappingBehavior[debug=true,mappingNullValue=true,mappingEmptyStrings=true,trimStrings=false],getBatchExecutor=<null>,setBatchExecutor=<null>]
 WARN config.BeanMappingConfigRespository - java.util.HashMap:com.alibaba.tamper.object.SrcMappingObject has been replaced by : BeanMappingObject[name=<null>,srcKey=src,srcClass=class java.util.HashMap,targetKey=target,targetClass=class com.alibaba.tamper.object.SrcMappingObject,reversable=true,beanFields=[BeanMappingField[srcField=BeanMappingFieldAttributes[locatorClass=<null>,name=intValue,clazz=<null>,componentClasses=<null>],targetField=BeanMappingFieldAttributes[locatorClass=<null>,name=intValue,clazz=<null>,componentClasses=<null>],defaultValue=<null>,convertor=<null>,convertorClass=<null>,script=<null>,mapping=false,nestName=<null>,behavior=BeanMappingBehavior[debug=true,mappingNullValue=true,mappingEmptyStrings=true,trimStrings=false],nestObject=<null>,convertorRef=<null>,getExecutor=<null>,setExecutor=<null>], BeanMappingField[srcField=BeanMappingFieldAttributes[locatorClass=<null>,name=integerValue,clazz=class java.math.BigInteger,componentClasses=<null>],targetField=BeanMappingFieldAttributes[locatorClass=<null>,name=integerValue,clazz=<null>,componentClasses=<null>],defaultValue=1,convertor=<null>,convertorClass=<null>,script=<null>,mapping=false,nestName=<null>,behavior=BeanMappingBehavior[debug=true,mappingNullValue=true,mappingEmptyStrings=true,trimStrings=false],nestObject=<null>,convertorRef=<null>,getExecutor=<null>,setExecutor=<null>], BeanMappingField[srcField=BeanMappingFieldAttributes[locatorClass=<null>,name=start,clazz=<null>,componentClasses=<null>],targetField=BeanMappingFieldAttributes[locatorClass=<null>,name=start,clazz=<null>,componentClasses=<null>],defaultValue=<null>,convertor=<null>,convertorClass=<null>,script=<null>,mapping=false,nestName=<null>,behavior=BeanMappingBehavior[debug=true,mappingNullValue=true,mappingEmptyStrings=true,trimStrings=false],nestObject=<null>,convertorRef=<null>,getExecutor=<null>,setExecutor=<null>], BeanMappingField[srcField=BeanMappingFieldAttributes[locatorClass=<null>,name=targetName,clazz=<null>,componentClasses=<null>],targetField=BeanMappingFieldAttributes[locatorClass=<null>,name=name,clazz=<null>,componentClasses=<null>],defaultValue=<null>,convertor=<null>,convertorClass=<null>,script=<null>,mapping=false,nestName=<null>,behavior=BeanMappingBehavior[debug=true,mappingNullValue=true,mappingEmptyStrings=true,trimStrings=false],nestObject=<null>,convertorRef=<null>,getExecutor=<null>,setExecutor=<null>], BeanMappingField[srcField=BeanMappingFieldAttributes[locatorClass=<null>,name=mapping,clazz=<null>,componentClasses=<null>],targetField=BeanMappingFieldAttributes[locatorClass=<null>,name=mapping,clazz=<null>,componentClasses=<null>],defaultValue=<null>,convertor=<null>,convertorClass=<null>,script=<null>,mapping=true,nestName=<null>,behavior=BeanMappingBehavior[debug=true,mappingNullValue=true,mappingEmptyStrings=true,trimStrings=false],nestObject=<null>,convertorRef=<null>,getExecutor=<null>,setExecutor=<null>]],batch=true,behavior=BeanMappingBehavior[debug=true,mappingNullValue=true,mappingEmptyStrings=true,trimStrings=false],getBatchExecutor=<null>,setBatchExecutor=<null>]
 WARN config.BeanMappingConfigRespository - java.util.HashMap:com.alibaba.tamper.object.NestedSrcMappingObject has been replaced by : BeanMappingObject[name=<null>,srcKey=src,srcClass=class java.util.HashMap,targetKey=target,targetClass=class com.alibaba.tamper.object.NestedSrcMappingObject,reversable=true,beanFields=[BeanMappingField[srcField=BeanMappingFieldAttributes[locatorClass=<null>,name=name,clazz=<null>,componentClasses=<null>],targetField=BeanMappingFieldAttributes[locatorClass=<null>,name=name,clazz=<null>,componentClasses=<null>],defaultValue=ljh,convertor=<null>,convertorClass=<null>,script=<null>,mapping=false,nestName=<null>,behavior=BeanMappingBehavior[debug=true,mappingNullValue=true,mappingEmptyStrings=true,trimStrings=false],nestObject=<null>,convertorRef=<null>,getExecutor=<null>,setExecutor=<null>], BeanMappingField[srcField=BeanMappingFieldAttributes[locatorClass=<null>,name=value,clazz=class java.lang.String,componentClasses=<null>],targetField=BeanMappingFieldAttributes[locatorClass=<null>,name=bigDecimalValue,clazz=<null>,componentClasses=<null>],defaultValue=10,convertor=<null>,convertorClass=<null>,script=<null>,mapping=false,nestName=<null>,behavior=BeanMappingBehavior[debug=true,mappingNullValue=true,mappingEmptyStrings=true,trimStrings=false],nestObject=<null>,convertorRef=<null>,getExecutor=<null>,setExecutor=<null>]],batch=true,behavior=BeanMappingBehavior[debug=true,mappingNullValue=true,mappingEmptyStrings=true,trimStrings=false],getBatchExecutor=<null>,setBatchExecutor=<null>]
DEBUG core.BeanMappingExecutor - ====================== start mapping 
	 srcClass[class com.alibaba.tamper.object.SrcMappingObject] 
	 targetClass[class com.alibaba.tamper.object.TargetMappingObject]
DEBUG process.DebugValueProcess - srcName[intValue],srcClass[int],targetName[intValue],targetClass[int], Value = 1
DEBUG process.DebugValueProcess - srcName[integerValue],srcClass[class java.lang.Integer],targetName[integerValue],targetClass[class java.lang.Integer], Value = 1
DEBUG process.DebugValueProcess - srcName[start],srcClass[boolean],targetName[start],targetClass[boolean], Value = true
DEBUG process.DebugValueProcess - srcName[name],srcClass[class java.lang.String],targetName[targetName],targetClass[class java.lang.String], Value = ljh
DEBUG core.BeanMappingExecutor - ====================== start mapping 
	 srcClass[class com.alibaba.tamper.object.NestedSrcMappingObject] 
	 targetClass[class com.alibaba.tamper.object.NestedTargetMappingObject]
DEBUG process.DebugValueProcess - srcName[name],srcClass[class java.lang.String],targetName[name],targetClass[class java.lang.String],[defaultValue=ljh], Value = ljh
DEBUG process.DebugValueProcess - srcName[bigDecimalValue],srcClass[class java.math.BigDecimal],targetName[value],targetClass[class java.lang.String],[defaultValue=10], Value = 1
DEBUG core.BeanMappingExecutor - ====================== end mapping
DEBUG core.BeanMappingExecutor - ====================== end mapping
DEBUG core.BeanMappingExecutor - ====================== start mapping 
	 srcClass[class com.alibaba.tamper.object.TargetMappingObject] 
	 targetClass[class com.alibaba.tamper.object.SrcMappingObject]
DEBUG process.DebugValueProcess - srcName[intValue],srcClass[int],targetName[intValue],targetClass[int], Value = 1
DEBUG process.DebugValueProcess - srcName[integerValue],srcClass[class java.lang.Integer],targetName[integerValue],targetClass[class java.lang.Integer], Value = 1
DEBUG process.DebugValueProcess - srcName[start],srcClass[boolean],targetName[start],targetClass[boolean], Value = true
DEBUG process.DebugValueProcess - srcName[targetName],srcClass[class java.lang.String],targetName[name],targetClass[class java.lang.String], Value = ljh
DEBUG core.BeanMappingExecutor - ====================== start mapping 
	 srcClass[class com.alibaba.tamper.object.NestedTargetMappingObject] 
	 targetClass[class com.alibaba.tamper.object.NestedSrcMappingObject]
DEBUG process.DebugValueProcess - srcName[name],srcClass[class java.lang.String],targetName[name],targetClass[class java.lang.String],[defaultValue=ljh], Value = ljh
DEBUG process.DebugValueProcess - srcName[value],srcClass[class java.lang.String],targetName[bigDecimalValue],targetClass[class java.math.BigDecimal],[defaultValue=10], Value = 1
DEBUG core.BeanMappingExecutor - ====================== end mapping
DEBUG core.BeanMappingExecutor - ====================== end mapping
 WARN config.BeanMappingConfigRespository - com.alibaba.tamper.object.SrcMappingObject:com.alibaba.tamper.object.TargetMappingObject has been replaced by : BeanMappingObject[name=<null>,srcKey=src,srcClass=class com.alibaba.tamper.object.SrcMappingObject,targetKey=target,targetClass=class com.alibaba.tamper.object.TargetMappingObject,reversable=true,beanFields=[BeanMappingField[srcField=BeanMappingFieldAttributes[locatorClass=<null>,name=intValue,clazz=<null>,componentClasses=<null>],targetField=BeanMappingFieldAttributes[locatorClass=<null>,name=intValue,clazz=<null>,componentClasses=<null>],defaultValue=<null>,convertor=<null>,convertorClass=<null>,script=<null>,mapping=false,nestName=<null>,behavior=BeanMappingBehavior[debug=true,mappingNullValue=true,mappingEmptyStrings=true,trimStrings=false],nestObject=<null>,convertorRef=<null>,getExecutor=<null>,setExecutor=<null>], BeanMappingField[srcField=BeanMappingFieldAttributes[locatorClass=<null>,name=integerValue,clazz=<null>,componentClasses=<null>],targetField=BeanMappingFieldAttributes[locatorClass=<null>,name=integerValue,clazz=<null>,componentClasses=<null>],defaultValue=<null>,convertor=<null>,convertorClass=<null>,script=<null>,mapping=false,nestName=<null>,behavior=BeanMappingBehavior[debug=true,mappingNullValue=true,mappingEmptyStrings=true,trimStrings=false],nestObject=<null>,convertorRef=<null>,getExecutor=<null>,setExecutor=<null>], BeanMappingField[srcField=BeanMappingFieldAttributes[locatorClass=<null>,name=start,clazz=<null>,componentClasses=<null>],targetField=BeanMappingFieldAttributes[locatorClass=<null>,name=start,clazz=<null>,componentClasses=<null>],defaultValue=<null>,convertor=<null>,convertorClass=<null>,script=<null>,mapping=false,nestName=<null>,behavior=BeanMappingBehavior[debug=true,mappingNullValue=true,mappingEmptyStrings=true,trimStrings=false],nestObject=<null>,convertorRef=<null>,getExecutor=<null>,setExecutor=<null>], BeanMappingField[srcField=BeanMappingFieldAttributes[locatorClass=<null>,name=name,clazz=<null>,componentClasses=<null>],targetField=BeanMappingFieldAttributes[locatorClass=<null>,name=targetName,clazz=<null>,componentClasses=<null>],defaultValue=<null>,convertor=<null>,convertorClass=<null>,script=<null>,mapping=false,nestName=<null>,behavior=BeanMappingBehavior[debug=true,mappingNullValue=true,mappingEmptyStrings=true,trimStrings=false],nestObject=<null>,convertorRef=<null>,getExecutor=<null>,setExecutor=<null>], BeanMappingField[srcField=BeanMappingFieldAttributes[locatorClass=<null>,name=mapping,clazz=<null>,componentClasses=<null>],targetField=BeanMappingFieldAttributes[locatorClass=<null>,name=mapping,clazz=<null>,componentClasses=<null>],defaultValue=<null>,convertor=<null>,convertorClass=<null>,script=<null>,mapping=true,nestName=<null>,behavior=BeanMappingBehavior[debug=true,mappingNullValue=true,mappingEmptyStrings=true,trimStrings=false],nestObject=<null>,convertorRef=<null>,getExecutor=<null>,setExecutor=<null>]],batch=true,behavior=BeanMappingBehavior[debug=true,mappingNullValue=true,mappingEmptyStrings=true,trimStrings=false],getBatchExecutor=<null>,setBatchExecutor=<null>]
 WARN config.BeanMappingConfigRespository - com.alibaba.tamper.object.NestedSrcMappingObject:com.alibaba.tamper.object.NestedTargetMappingObject has been replaced by : BeanMappingObject[name=<null>,srcKey=src,srcClass=class com.alibaba.tamper.object.NestedSrcMappingObject,targetKey=target,targetClass=class com.alibaba.tamper.object.NestedTargetMappingObject,reversable=true,beanFields=[BeanMappingField[srcField=BeanMappingFieldAttributes[locatorClass=<null>,name=name,clazz=<null>,componentClasses=<null>],targetField=BeanMappingFieldAttributes[locatorClass=<null>,name=name,clazz=<null>,componentClasses=<null>],defaultValue=ljh,convertor=<null>,convertorClass=<null>,script=<null>,mapping=false,nestName=<null>,behavior=BeanMappingBehavior[debug=true,mappingNullValue=true,mappingEmptyStrings=true,trimStrings=false],nestObject=<null>,convertorRef=<null>,getExecutor=<null>,setExecutor=<null>], BeanMappingField[srcField=BeanMappingFieldAttributes[locatorClass=<null>,name=bigDecimalValue,clazz=<null>,componentClasses=<null>],targetField=BeanMappingFieldAttributes[locatorClass=<null>,name=value,clazz=class java.lang.String,componentClasses=<null>],defaultValue=10,convertor=<null>,convertorClass=<null>,script=<null>,mapping=false,nestName=<null>,behavior=BeanMappingBehavior[debug=true,mappingNullValue=true,mappingEmptyStrings=true,trimStrings=false],nestObject=<null>,convertorRef=<null>,getExecutor=<null>,setExecutor=<null>]],batch=true,behavior=BeanMappingBehavior[debug=true,mappingNullValue=true,mappingEmptyStrings=true,trimStrings=false],getBatchExecutor=<null>,setBatchExecutor=<null>]
 WARN config.BeanMappingConfigRespository - com.alibaba.tamper.object.SrcMappingObject:java.util.HashMap has been replaced by : BeanMappingObject[name=<null>,srcKey=src,srcClass=class com.alibaba.tamper.object.SrcMappingObject,targetKey=target,targetClass=class java.util.HashMap,reversable=true,beanFields=[BeanMappingField[srcField=BeanMappingFieldAttributes[locatorClass=<null>,name=intValue,clazz=<null>,componentClasses=<null>],targetField=BeanMappingFieldAttributes[locatorClass=<null>,name=intValue,clazz=<null>,componentClasses=<null>],defaultValue=<null>,convertor=<null>,convertorClass=<null>,script=<null>,mapping=false,nestName=<null>,behavior=BeanMappingBehavior[debug=true,mappingNullValue=true,mappingEmptyStrings=true,trimStrings=false],nestObject=<null>,convertorRef=<null>,getExecutor=<null>,setExecutor=<null>], BeanMappingField[srcField=BeanMappingFieldAttributes[locatorClass=<null>,name=integerValue,clazz=<null>,componentClasses=<null>],targetField=BeanMappingFieldAttributes[locatorClass=<null>,name=integerValue,clazz=class java.math.BigInteger,componentClasses=<null>],defaultValue=1,convertor=<null>,convertorClass=<null>,script=<null>,mapping=false,nestName=<null>,behavior=BeanMappingBehavior[debug=true,mappingNullValue=true,mappingEmptyStrings=true,trimStrings=false],nestObject=<null>,convertorRef=<null>,getExecutor=<null>,setExecutor=<null>], BeanMappingField[srcField=BeanMappingFieldAttributes[locatorClass=<null>,name=start,clazz=<null>,componentClasses=<null>],targetField=BeanMappingFieldAttributes[locatorClass=<null>,name=start,clazz=<null>,componentClasses=<null>],defaultValue=<null>,convertor=<null>,convertorClass=<null>,script=<null>,mapping=false,nestName=<null>,behavior=BeanMappingBehavior[debug=true,mappingNullValue=true,mappingEmptyStrings=true,trimStrings=false],nestObject=<null>,convertorRef=<null>,getExecutor=<null>,setExecutor=<null>], BeanMappingField[srcField=BeanMappingFieldAttributes[locatorClass=<null>,name=name,clazz=<null>,componentClasses=<null>],targetField=BeanMappingFieldAttributes[locatorClass=<null>,name=targetName,clazz=<null>,componentClasses=<null>],defaultValue=<null>,convertor=<null>,convertorClass=<null>,script=<null>,mapping=false,nestName=<null>,behavior=BeanMappingBehavior[debug=true,mappingNullValue=true,mappingEmptyStrings=true,trimStrings=false],nestObject=<null>,convertorRef=<null>,getExecutor=<null>,setExecutor=<null>], BeanMappingField[srcField=BeanMappingFieldAttributes[locatorClass=<null>,name=mapping,clazz=<null>,componentClasses=<null>],targetField=BeanMappingFieldAttributes[locatorClass=<null>,name=mapping,clazz=<null>,componentClasses=<null>],defaultValue=<null>,convertor=<null>,convertorClass=<null>,script=<null>,mapping=true,nestName=<null>,behavior=BeanMappingBehavior[debug=true,mappingNullValue=true,mappingEmptyStrings=true,trimStrings=false],nestObject=<null>,convertorRef=<null>,getExecutor=<null>,setExecutor=<null>]],batch=true,behavior=BeanMappingBehavior[debug=true,mappingNullValue=true,mappingEmptyStrings=true,trimStrings=false],getBatchExecutor=<null>,setBatchExecutor=<null>]
 WARN config.BeanMappingConfigRespository - com.alibaba.tamper.object.NestedSrcMappingObject:java.util.HashMap has been replaced by : BeanMappingObject[name=<null>,srcKey=src,srcClass=class com.alibaba.tamper.object.NestedSrcMappingObject,targetKey=target,targetClass=class java.util.HashMap,reversable=true,beanFields=[BeanMappingField[srcField=BeanMappingFieldAttributes[locatorClass=<null>,name=name,clazz=<null>,componentClasses=<null>],targetField=BeanMappingFieldAttributes[locatorClass=<null>,name=name,clazz=<null>,componentClasses=<null>],defaultValue=ljh,convertor=<null>,convertorClass=<null>,script=<null>,mapping=false,nestName=<null>,behavior=BeanMappingBehavior[debug=true,mappingNullValue=true,mappingEmptyStrings=true,trimStrings=false],nestObject=<null>,convertorRef=<null>,getExecutor=<null>,setExecutor=<null>], BeanMappingField[srcField=BeanMappingFieldAttributes[locatorClass=<null>,name=bigDecimalValue,clazz=<null>,componentClasses=<null>],targetField=BeanMappingFieldAttributes[locatorClass=<null>,name=value,clazz=class java.lang.String,componentClasses=<null>],defaultValue=10,convertor=<null>,convertorClass=<null>,script=<null>,mapping=false,nestName=<null>,behavior=BeanMappingBehavior[debug=true,mappingNullValue=true,mappingEmptyStrings=true,trimStrings=false],nestObject=<null>,convertorRef=<null>,getExecutor=<null>,setExecutor=<null>]],batch=true,behavior=BeanMappingBehavior[debug=true,mappingNullValue=true,mappingEmptyStrings=true,trimStrings=false],getBatchExecutor=<null>,setBatchExecutor=<null>]
 WARN config.BeanMappingConfigRespository - com.alibaba.tamper.object.TargetMappingObject:com.alibaba.tamper.object.SrcMappingObject has been replaced by : BeanMappingObject[name=<null>,srcKey=src,srcClass=class com.alibaba.tamper.object.TargetMappingObject,targetKey=target,targetClass=class com.alibaba.tamper.object.SrcMappingObject,reversable=true,beanFields=[BeanMappingField[srcField=BeanMappingFieldAttributes[locatorClass=<null>,name=intValue,clazz=<null>,componentClasses=<null>],targetField=BeanMappingFieldAttributes[locatorClass=<null>,name=intValue,clazz=<null>,componentClasses=<null>],defaultValue=<null>,convertor=<null>,convertorClass=<null>,script=<null>,mapping=false,nestName=<null>,behavior=BeanMappingBehavior[debug=true,mappingNullValue=true,mappingEmptyStrings=true,trimStrings=false],nestObject=<null>,convertorRef=<null>,getExecutor=<null>,setExecutor=<null>], BeanMappingField[srcField=BeanMappingFieldAttributes[locatorClass=<null>,name=integerValue,clazz=<null>,componentClasses=<null>],targetField=BeanMappingFieldAttributes[locatorClass=<null>,name=integerValue,clazz=<null>,componentClasses=<null>],defaultValue=<null>,convertor=<null>,convertorClass=<null>,script=<null>,mapping=false,nestName=<null>,behavior=BeanMappingBehavior[debug=true,mappingNullValue=true,mappingEmptyStrings=true,trimStrings=false],nestObject=<null>,convertorRef=<null>,getExecutor=<null>,setExecutor=<null>], BeanMappingField[srcField=BeanMappingFieldAttributes[locatorClass=<null>,name=start,clazz=<null>,componentClasses=<null>],targetField=BeanMappingFieldAttributes[locatorClass=<null>,name=start,clazz=<null>,componentClasses=<null>],defaultValue=<null>,convertor=<null>,convertorClass=<null>,script=<null>,mapping=false,nestName=<null>,behavior=BeanMappingBehavior[debug=true,mappingNullValue=true,mappingEmptyStrings=true,trimStrings=false],nestObject=<null>,convertorRef=<null>,getExecutor=<null>,setExecutor=<null>], BeanMappingField[srcField=BeanMappingFieldAttributes[locatorClass=<null>,name=targetName,clazz=<null>,componentClasses=<null>],targetField=BeanMappingFieldAttributes[locatorClass=<null>,name=name,clazz=<null>,componentClasses=<null>],defaultValue=<null>,convertor=<null>,convertorClass=<null>,script=<null>,mapping=false,nestName=<null>,behavior=BeanMappingBehavior[debug=true,mappingNullValue=true,mappingEmptyStrings=true,trimStrings=false],nestObject=<null>,convertorRef=<null>,getExecutor=<null>,setExecutor=<null>], BeanMappingField[srcField=BeanMappingFieldAttributes[locatorClass=<null>,name=mapping,clazz=<null>,componentClasses=<null>],targetField=BeanMappingFieldAttributes[locatorClass=<null>,name=mapping,clazz=<null>,componentClasses=<null>],defaultValue=<null>,convertor=<null>,convertorClass=<null>,script=<null>,mapping=true,nestName=<null>,behavior=BeanMappingBehavior[debug=true,mappingNullValue=true,mappingEmptyStrings=true,trimStrings=false],nestObject=<null>,convertorRef=<null>,getExecutor=<null>,setExecutor=<null>]],batch=true,behavior=BeanMappingBehavior[debug=true,mappingNullValue=true,mappingEmptyStrings=true,trimStrings=false],getBatchExecutor=<null>,setBatchExecutor=<null>]
 WARN config.BeanMappingConfigRespository - com.alibaba.tamper.object.NestedTargetMappingObject:com.alibaba.tamper.object.NestedSrcMappingObject has been replaced by : BeanMappingObject[name=<null>,srcKey=src,srcClass=class com.alibaba.tamper.object.NestedTargetMappingObject,targetKey=target,targetClass=class com.alibaba.tamper.object.NestedSrcMappingObject,reversable=true,beanFields=[BeanMappingField[srcField=BeanMappingFieldAttributes[locatorClass=<null>,name=name,clazz=<null>,componentClasses=<null>],targetField=BeanMappingFieldAttributes[locatorClass=<null>,name=name,clazz=<null>,componentClasses=<null>],defaultValue=ljh,convertor=<null>,convertorClass=<null>,script=<null>,mapping=false,nestName=<null>,behavior=BeanMappingBehavior[debug=true,mappingNullValue=true,mappingEmptyStrings=true,trimStrings=false],nestObject=<null>,convertorRef=<null>,getExecutor=<null>,setExecutor=<null>], BeanMappingField[srcField=BeanMappingFieldAttributes[locatorClass=<null>,name=value,clazz=class java.lang.String,componentClasses=<null>],targetField=BeanMappingFieldAttributes[locatorClass=<null>,name=bigDecimalValue,clazz=<null>,componentClasses=<null>],defaultValue=10,convertor=<null>,convertorClass=<null>,script=<null>,mapping=false,nestName=<null>,behavior=BeanMappingBehavior[debug=true,mappingNullValue=true,mappingEmptyStrings=true,trimStrings=false],nestObject=<null>,convertorRef=<null>,getExecutor=<null>,setExecutor=<null>]],batch=true,behavior=BeanMappingBehavior[debug=true,mappingNullValue=true,mappingEmptyStrings=true,trimStrings=false],getBatchExecutor=<null>,setBatchExecutor=<null>]
 WARN config.BeanMappingConfigRespository - java.util.HashMap:com.alibaba.tamper.object.SrcMappingObject has been replaced by : BeanMappingObject[name=<null>,srcKey=src,srcClass=class java.util.HashMap,targetKey=target,targetClass=class com.alibaba.tamper.object.SrcMappingObject,reversable=true,beanFields=[BeanMappingField[srcField=BeanMappingFieldAttributes[locatorClass=<null>,name=intValue,clazz=<null>,componentClasses=<null>],targetField=BeanMappingFieldAttributes[locatorClass=<null>,name=intValue,clazz=<null>,componentClasses=<null>],defaultValue=<null>,convertor=<null>,convertorClass=<null>,script=<null>,mapping=false,nestName=<null>,behavior=BeanMappingBehavior[debug=true,mappingNullValue=true,mappingEmptyStrings=true,trimStrings=false],nestObject=<null>,convertorRef=<null>,getExecutor=<null>,setExecutor=<null>], BeanMappingField[srcField=BeanMappingFieldAttributes[locatorClass=<null>,name=integerValue,clazz=class java.math.BigInteger,componentClasses=<null>],targetField=BeanMappingFieldAttributes[locatorClass=<null>,name=integerValue,clazz=<null>,componentClasses=<null>],defaultValue=1,convertor=<null>,convertorClass=<null>,script=<null>,mapping=false,nestName=<null>,behavior=BeanMappingBehavior[debug=true,mappingNullValue=true,mappingEmptyStrings=true,trimStrings=false],nestObject=<null>,convertorRef=<null>,getExecutor=<null>,setExecutor=<null>], BeanMappingField[srcField=BeanMappingFieldAttributes[locatorClass=<null>,name=start,clazz=<null>,componentClasses=<null>],targetField=BeanMappingFieldAttributes[locatorClass=<null>,name=start,clazz=<null>,componentClasses=<null>],defaultValue=<null>,convertor=<null>,convertorClass=<null>,script=<null>,mapping=false,nestName=<null>,behavior=BeanMappingBehavior[debug=true,mappingNullValue=true,mappingEmptyStrings=true,trimStrings=false],nestObject=<null>,convertorRef=<null>,getExecutor=<null>,setExecutor=<null>], BeanMappingField[srcField=BeanMappingFieldAttributes[locatorClass=<null>,name=targetName,clazz=<null>,componentClasses=<null>],targetField=BeanMappingFieldAttributes[locatorClass=<null>,name=name,clazz=<null>,componentClasses=<null>],defaultValue=<null>,convertor=<null>,convertorClass=<null>,script=<null>,mapping=false,nestName=<null>,behavior=BeanMappingBehavior[debug=true,mappingNullValue=true,mappingEmptyStrings=true,trimStrings=false],nestObject=<null>,convertorRef=<null>,getExecutor=<null>,setExecutor=<null>], BeanMappingField[srcField=BeanMappingFieldAttributes[locatorClass=<null>,name=mapping,clazz=<null>,componentClasses=<null>],targetField=BeanMappingFieldAttributes[locatorClass=<null>,name=mapping,clazz=<null>,componentClasses=<null>],defaultValue=<null>,convertor=<null>,convertorClass=<null>,script=<null>,mapping=true,nestName=<null>,behavior=BeanMappingBehavior[debug=true,mappingNullValue=true,mappingEmptyStrings=true,trimStrings=false],nestObject=<null>,convertorRef=<null>,getExecutor=<null>,setExecutor=<null>]],batch=true,behavior=BeanMappingBehavior[debug=true,mappingNullValue=true,mappingEmptyStrings=true,trimStrings=false],getBatchExecutor=<null>,setBatchExecutor=<null>]
 WARN config.BeanMappingConfigRespository - java.util.HashMap:com.alibaba.tamper.object.NestedSrcMappingObject has been replaced by : BeanMappingObject[name=<null>,srcKey=src,srcClass=class java.util.HashMap,targetKey=target,targetClass=class com.alibaba.tamper.object.NestedSrcMappingObject,reversable=true,beanFields=[BeanMappingField[srcField=BeanMappingFieldAttributes[locatorClass=<null>,name=name,clazz=<null>,componentClasses=<null>],targetField=BeanMappingFieldAttributes[locatorClass=<null>,name=name,clazz=<null>,componentClasses=<null>],defaultValue=ljh,convertor=<null>,convertorClass=<null>,script=<null>,mapping=false,nestName=<null>,behavior=BeanMappingBehavior[debug=true,mappingNullValue=true,mappingEmptyStrings=true,trimStrings=false],nestObject=<null>,convertorRef=<null>,getExecutor=<null>,setExecutor=<null>], BeanMappingField[srcField=BeanMappingFieldAttributes[locatorClass=<null>,name=value,clazz=class java.lang.String,componentClasses=<null>],targetField=BeanMappingFieldAttributes[locatorClass=<null>,name=bigDecimalValue,clazz=<null>,componentClasses=<null>],defaultValue=10,convertor=<null>,convertorClass=<null>,script=<null>,mapping=false,nestName=<null>,behavior=BeanMappingBehavior[debug=true,mappingNullValue=true,mappingEmptyStrings=true,trimStrings=false],nestObject=<null>,convertorRef=<null>,getExecutor=<null>,setExecutor=<null>]],batch=true,behavior=BeanMappingBehavior[debug=true,mappingNullValue=true,mappingEmptyStrings=true,trimStrings=false],getBatchExecutor=<null>,setBatchExecutor=<null>]
DEBUG core.BeanMappingExecutor - ====================== start mapping 
	 srcClass[class com.alibaba.tamper.object.SrcMappingObject] 
	 targetClass[class com.alibaba.tamper.object.TargetMappingObject]
DEBUG process.DebugValueProcess - srcName[intValue],srcClass[int],targetName[intValue],targetClass[int], Value = 0
DEBUG process.DebugValueProcess - srcName[integerValue],srcClass[class java.lang.Integer],targetName[integerValue],targetClass[class java.lang.Integer], Value = null
DEBUG process.DebugValueProcess - srcName[start],srcClass[boolean],targetName[start],targetClass[boolean], Value = false
DEBUG process.DebugValueProcess - srcName[name],srcClass[class java.lang.String],targetName[targetName],targetClass[class java.lang.String], Value = null
DEBUG core.BeanMappingExecutor - ====================== start mapping 
	 srcClass[class com.alibaba.tamper.object.NestedSrcMappingObject] 
	 targetClass[class com.alibaba.tamper.object.NestedTargetMappingObject]
DEBUG process.DebugValueProcess - srcName[name],srcClass[class java.lang.String],targetName[name],targetClass[class java.lang.String],[defaultValue=ljh], Value = ljh
DEBUG process.DebugValueProcess - srcName[bigDecimalValue],srcClass[class java.math.BigDecimal],targetName[value],targetClass[class java.lang.String],[defaultValue=10], Value = 10
DEBUG core.BeanMappingExecutor - ====================== end mapping
DEBUG core.BeanMappingExecutor - ====================== end mapping
DEBUG core.BeanMappingExecutor - ====================== start mapping 
	 srcClass[class com.alibaba.tamper.object.TargetMappingObject] 
	 targetClass[class com.alibaba.tamper.object.SrcMappingObject]
DEBUG process.DebugValueProcess - srcName[intValue],srcClass[int],targetName[intValue],targetClass[int], Value = 0
DEBUG process.DebugValueProcess - srcName[integerValue],srcClass[class java.lang.Integer],targetName[integerValue],targetClass[class java.lang.Integer], Value = null
DEBUG process.DebugValueProcess - srcName[start],srcClass[boolean],targetName[start],targetClass[boolean], Value = false
DEBUG process.DebugValueProcess - srcName[targetName],srcClass[class java.lang.String],targetName[name],targetClass[class java.lang.String], Value = null
DEBUG core.BeanMappingExecutor - ====================== start mapping 
	 srcClass[class com.alibaba.tamper.object.NestedTargetMappingObject] 
	 targetClass[class com.alibaba.tamper.object.NestedSrcMappingObject]
DEBUG process.DebugValueProcess - srcName[name],srcClass[class java.lang.String],targetName[name],targetClass[class java.lang.String],[defaultValue=ljh], Value = ljh
DEBUG process.DebugValueProcess - srcName[value],srcClass[class java.lang.String],targetName[bigDecimalValue],targetClass[class java.math.BigDecimal],[defaultValue=10], Value = 10
DEBUG core.BeanMappingExecutor - ====================== end mapping
DEBUG core.BeanMappingExecutor - ====================== end mapping
 WARN config.BeanMappingConfigRespository - com.alibaba.tamper.object.SrcMappingObject:com.alibaba.tamper.object.TargetMappingObject has been replaced by : BeanMappingObject[name=<null>,srcKey=src,srcClass=class com.alibaba.tamper.object.SrcMappingObject,targetKey=target,targetClass=class com.alibaba.tamper.object.TargetMappingObject,reversable=true,beanFields=[BeanMappingField[srcField=BeanMappingFieldAttributes[locatorClass=<null>,name=intValue,clazz=<null>,componentClasses=<null>],targetField=BeanMappingFieldAttributes[locatorClass=<null>,name=intValue,clazz=<null>,componentClasses=<null>],defaultValue=<null>,convertor=<null>,convertorClass=<null>,script=<null>,mapping=false,nestName=<null>,behavior=BeanMappingBehavior[debug=true,mappingNullValue=true,mappingEmptyStrings=true,trimStrings=false],nestObject=<null>,convertorRef=<null>,getExecutor=<null>,setExecutor=<null>], BeanMappingField[srcField=BeanMappingFieldAttributes[locatorClass=<null>,name=integerValue,clazz=<null>,componentClasses=<null>],targetField=BeanMappingFieldAttributes[locatorClass=<null>,name=integerValue,clazz=<null>,componentClasses=<null>],defaultValue=<null>,convertor=<null>,convertorClass=<null>,script=<null>,mapping=false,nestName=<null>,behavior=BeanMappingBehavior[debug=true,mappingNullValue=true,mappingEmptyStrings=true,trimStrings=false],nestObject=<null>,convertorRef=<null>,getExecutor=<null>,setExecutor=<null>], BeanMappingField[srcField=BeanMappingFieldAttributes[locatorClass=<null>,name=start,clazz=<null>,componentClasses=<null>],targetField=BeanMappingFieldAttributes[locatorClass=<null>,name=start,clazz=<null>,componentClasses=<null>],defaultValue=<null>,convertor=<null>,convertorClass=<null>,script=<null>,mapping=false,nestName=<null>,behavior=BeanMappingBehavior[debug=true,mappingNullValue=true,mappingEmptyStrings=true,trimStrings=false],nestObject=<null>,convertorRef=<null>,getExecutor=<null>,setExecutor=<null>], BeanMappingField[srcField=BeanMappingFieldAttributes[locatorClass=<null>,name=name,clazz=<null>,componentClasses=<null>],targetField=BeanMappingFieldAttributes[locatorClass=<null>,name=targetName,clazz=<null>,componentClasses=<null>],defaultValue=<null>,convertor=<null>,convertorClass=<null>,script=<null>,mapping=false,nestName=<null>,behavior=BeanMappingBehavior[debug=true,mappingNullValue=true,mappingEmptyStrings=true,trimStrings=false],nestObject=<null>,convertorRef=<null>,getExecutor=<null>,setExecutor=<null>], BeanMappingField[srcField=BeanMappingFieldAttributes[locatorClass=<null>,name=mapping,clazz=<null>,componentClasses=<null>],targetField=BeanMappingFieldAttributes[locatorClass=<null>,name=mapping,clazz=<null>,componentClasses=<null>],defaultValue=<null>,convertor=<null>,convertorClass=<null>,script=<null>,mapping=true,nestName=<null>,behavior=BeanMappingBehavior[debug=true,mappingNullValue=true,mappingEmptyStrings=true,trimStrings=false],nestObject=<null>,convertorRef=<null>,getExecutor=<null>,setExecutor=<null>]],batch=true,behavior=BeanMappingBehavior[debug=true,mappingNullValue=true,mappingEmptyStrings=true,trimStrings=false],getBatchExecutor=<null>,setBatchExecutor=<null>]
 WARN config.BeanMappingConfigRespository - com.alibaba.tamper.object.NestedSrcMappingObject:com.alibaba.tamper.object.NestedTargetMappingObject has been replaced by : BeanMappingObject[name=<null>,srcKey=src,srcClass=class com.alibaba.tamper.object.NestedSrcMappingObject,targetKey=target,targetClass=class com.alibaba.tamper.object.NestedTargetMappingObject,reversable=true,beanFields=[BeanMappingField[srcField=BeanMappingFieldAttributes[locatorClass=<null>,name=name,clazz=<null>,componentClasses=<null>],targetField=BeanMappingFieldAttributes[locatorClass=<null>,name=name,clazz=<null>,componentClasses=<null>],defaultValue=ljh,convertor=<null>,convertorClass=<null>,script=<null>,mapping=false,nestName=<null>,behavior=BeanMappingBehavior[debug=true,mappingNullValue=true,mappingEmptyStrings=true,trimStrings=false],nestObject=<null>,convertorRef=<null>,getExecutor=<null>,setExecutor=<null>], BeanMappingField[srcField=BeanMappingFieldAttributes[locatorClass=<null>,name=bigDecimalValue,clazz=<null>,componentClasses=<null>],targetField=BeanMappingFieldAttributes[locatorClass=<null>,name=value,clazz=class java.lang.String,componentClasses=<null>],defaultValue=10,convertor=<null>,convertorClass=<null>,script=<null>,mapping=false,nestName=<null>,behavior=BeanMappingBehavior[debug=true,mappingNullValue=true,mappingEmptyStrings=true,trimStrings=false],nestObject=<null>,convertorRef=<null>,getExecutor=<null>,setExecutor=<null>]],batch=true,behavior=BeanMappingBehavior[debug=true,mappingNullValue=true,mappingEmptyStrings=true,trimStrings=false],getBatchExecutor=<null>,setBatchExecutor=<null>]
 WARN config.BeanMappingConfigRespository - com.alibaba.tamper.object.SrcMappingObject:java.util.HashMap has been replaced by : BeanMappingObject[name=<null>,srcKey=src,srcClass=class com.alibaba.tamper.object.SrcMappingObject,targetKey=target,targetClass=class java.util.HashMap,reversable=true,beanFields=[BeanMappingField[srcField=BeanMappingFieldAttributes[locatorClass=<null>,name=intValue,clazz=<null>,componentClasses=<null>],targetField=BeanMappingFieldAttributes[locatorClass=<null>,name=intValue,clazz=<null>,componentClasses=<null>],defaultValue=<null>,convertor=<null>,convertorClass=<null>,script=<null>,mapping=false,nestName=<null>,behavior=BeanMappingBehavior[debug=true,mappingNullValue=true,mappingEmptyStrings=true,trimStrings=false],nestObject=<null>,convertorRef=<null>,getExecutor=<null>,setExecutor=<null>], BeanMappingField[srcField=BeanMappingFieldAttributes[locatorClass=<null>,name=integerValue,clazz=<null>,componentClasses=<null>],targetField=BeanMappingFieldAttributes[locatorClass=<null>,name=integerValue,clazz=class java.math.BigInteger,componentClasses=<null>],defaultValue=1,convertor=<null>,convertorClass=<null>,script=<null>,mapping=false,nestName=<null>,behavior=BeanMappingBehavior[debug=true,mappingNullValue=true,mappingEmptyStrings=true,trimStrings=false],nestObject=<null>,convertorRef=<null>,getExecutor=<null>,setExecutor=<null>], BeanMappingField[srcField=BeanMappingFieldAttributes[locatorClass=<null>,name=start,clazz=<null>,componentClasses=<null>],targetField=BeanMappingFieldAttributes[locatorClass=<null>,name=start,clazz=<null>,componentClasses=<null>],defaultValue=<null>,convertor=<null>,convertorClass=<null>,script=<null>,mapping=false,nestName=<null>,behavior=BeanMappingBehavior[debug=true,mappingNullValue=true,mappingEmptyStrings=true,trimStrings=false],nestObject=<null>,convertorRef=<null>,getExecutor=<null>,setExecutor=<null>], BeanMappingField[srcField=BeanMappingFieldAttributes[locatorClass=<null>,name=name,clazz=<null>,componentClasses=<null>],targetField=BeanMappingFieldAttributes[locatorClass=<null>,name=targetName,clazz=<null>,componentClasses=<null>],defaultValue=<null>,convertor=<null>,convertorClass=<null>,script=<null>,mapping=false,nestName=<null>,behavior=BeanMappingBehavior[debug=true,mappingNullValue=true,mappingEmptyStrings=true,trimStrings=false],nestObject=<null>,convertorRef=<null>,getExecutor=<null>,setExecutor=<null>], BeanMappingField[srcField=BeanMappingFieldAttributes[locatorClass=<null>,name=mapping,clazz=<null>,componentClasses=<null>],targetField=BeanMappingFieldAttributes[locatorClass=<null>,name=mapping,clazz=<null>,componentClasses=<null>],defaultValue=<null>,convertor=<null>,convertorClass=<null>,script=<null>,mapping=true,nestName=<null>,behavior=BeanMappingBehavior[debug=true,mappingNullValue=true,mappingEmptyStrings=true,trimStrings=false],nestObject=<null>,convertorRef=<null>,getExecutor=<null>,setExecutor=<null>]],batch=true,behavior=BeanMappingBehavior[debug=true,mappingNullValue=true,mappingEmptyStrings=true,trimStrings=false],getBatchExecutor=<null>,setBatchExecutor=<null>]
 WARN config.BeanMappingConfigRespository - com.alibaba.tamper.object.NestedSrcMappingObject:java.util.HashMap has been replaced by : BeanMappingObject[name=<null>,srcKey=src,srcClass=class com.alibaba.tamper.object.NestedSrcMappingObject,targetKey=target,targetClass=class java.util.HashMap,reversable=true,beanFields=[BeanMappingField[srcField=BeanMappingFieldAttributes[locatorClass=<null>,name=name,clazz=<null>,componentClasses=<null>],targetField=BeanMappingFieldAttributes[locatorClass=<null>,name=name,clazz=<null>,componentClasses=<null>],defaultValue=ljh,convertor=<null>,convertorClass=<null>,script=<null>,mapping=false,nestName=<null>,behavior=BeanMappingBehavior[debug=true,mappingNullValue=true,mappingEmptyStrings=true,trimStrings=false],nestObject=<null>,convertorRef=<null>,getExecutor=<null>,setExecutor=<null>], BeanMappingField[srcField=BeanMappingFieldAttributes[locatorClass=<null>,name=bigDecimalValue,clazz=<null>,componentClasses=<null>],targetField=BeanMappingFieldAttributes[locatorClass=<null>,name=value,clazz=class java.lang.String,componentClasses=<null>],defaultValue=10,convertor=<null>,convertorClass=<null>,script=<null>,mapping=false,nestName=<null>,behavior=BeanMappingBehavior[debug=true,mappingNullValue=true,mappingEmptyStrings=true,trimStrings=false],nestObject=<null>,convertorRef=<null>,getExecutor=<null>,setExecutor=<null>]],batch=true,behavior=BeanMappingBehavior[debug=true,mappingNullValue=true,mappingEmptyStrings=true,trimStrings=false],getBatchExecutor=<null>,setBatchExecutor=<null>]
 WARN config.BeanMappingConfigRespository - com.alibaba.tamper.object.TargetMappingObject:com.alibaba.tamper.object.SrcMappingObject has been replaced by : BeanMappingObject[name=<null>,srcKey=src,srcClass=class com.alibaba.tamper.object.TargetMappingObject,targetKey=target,targetClass=class com.alibaba.tamper.object.SrcMappingObject,reversable=true,beanFields=[BeanMappingField[srcField=BeanMappingFieldAttributes[locatorClass=<null>,name=intValue,clazz=<null>,componentClasses=<null>],targetField=BeanMappingFieldAttributes[locatorClass=<null>,name=intValue,clazz=<null>,componentClasses=<null>],defaultValue=<null>,convertor=<null>,convertorClass=<null>,script=<null>,mapping=false,nestName=<null>,behavior=BeanMappingBehavior[debug=true,mappingNullValue=true,mappingEmptyStrings=true,trimStrings=false],nestObject=<null>,convertorRef=<null>,getExecutor=<null>,setExecutor=<null>], BeanMappingField[srcField=BeanMappingFieldAttributes[locatorClass=<null>,name=integerValue,clazz=<null>,componentClasses=<null>],targetField=BeanMappingFieldAttributes[locatorClass=<null>,name=integerValue,clazz=<null>,componentClasses=<null>],defaultValue=<null>,convertor=<null>,convertorClass=<null>,script=<null>,mapping=false,nestName=<null>,behavior=BeanMappingBehavior[debug=true,mappingNullValue=true,mappingEmptyStrings=true,trimStrings=false],nestObject=<null>,convertorRef=<null>,getExecutor=<null>,setExecutor=<null>], BeanMappingField[srcField=BeanMappingFieldAttributes[locatorClass=<null>,name=start,clazz=<null>,componentClasses=<null>],targetField=BeanMappingFieldAttributes[locatorClass=<null>,name=start,clazz=<null>,componentClasses=<null>],defaultValue=<null>,convertor=<null>,convertorClass=<null>,script=<null>,mapping=false,nestName=<null>,behavior=BeanMappingBehavior[debug=true,mappingNullValue=true,mappingEmptyStrings=true,trimStrings=false],nestObject=<null>,convertorRef=<null>,getExecutor=<null>,setExecutor=<null>], BeanMappingField[srcField=BeanMappingFieldAttributes[locatorClass=<null>,name=targetName,clazz=<null>,componentClasses=<null>],targetField=BeanMappingFieldAttributes[locatorClass=<null>,name=name,clazz=<null>,componentClasses=<null>],defaultValue=<null>,convertor=<null>,convertorClass=<null>,script=<null>,mapping=false,nestName=<null>,behavior=BeanMappingBehavior[debug=true,mappingNullValue=true,mappingEmptyStrings=true,trimStrings=false],nestObject=<null>,convertorRef=<null>,getExecutor=<null>,setExecutor=<null>], BeanMappingField[srcField=BeanMappingFieldAttributes[locatorClass=<null>,name=mapping,clazz=<null>,componentClasses=<null>],targetField=BeanMappingFieldAttributes[locatorClass=<null>,name=mapping,clazz=<null>,componentClasses=<null>],defaultValue=<null>,convertor=<null>,convertorClass=<null>,script=<null>,mapping=true,nestName=<null>,behavior=BeanMappingBehavior[debug=true,mappingNullValue=true,mappingEmptyStrings=true,trimStrings=false],nestObject=<null>,convertorRef=<null>,getExecutor=<null>,setExecutor=<null>]],batch=true,behavior=BeanMappingBehavior[debug=true,mappingNullValue=true,mappingEmptyStrings=true,trimStrings=false],getBatchExecutor=<null>,setBatchExecutor=<null>]
 WARN config.BeanMappingConfigRespository - com.alibaba.tamper.object.NestedTargetMappingObject:com.alibaba.tamper.object.NestedSrcMappingObject has been replaced by : BeanMappingObject[name=<null>,srcKey=src,srcClass=class com.alibaba.tamper.object.NestedTargetMappingObject,targetKey=target,targetClass=class com.alibaba.tamper.object.NestedSrcMappingObject,reversable=true,beanFields=[BeanMappingField[srcField=BeanMappingFieldAttributes[locatorClass=<null>,name=name,clazz=<null>,componentClasses=<null>],targetField=BeanMappingFieldAttributes[locatorClass=<null>,name=name,clazz=<null>,componentClasses=<null>],defaultValue=ljh,convertor=<null>,convertorClass=<null>,script=<null>,mapping=false,nestName=<null>,behavior=BeanMappingBehavior[debug=true,mappingNullValue=true,mappingEmptyStrings=true,trimStrings=false],nestObject=<null>,convertorRef=<null>,getExecutor=<null>,setExecutor=<null>], BeanMappingField[srcField=BeanMappingFieldAttributes[locatorClass=<null>,name=value,clazz=class java.lang.String,componentClasses=<null>],targetField=BeanMappingFieldAttributes[locatorClass=<null>,name=bigDecimalValue,clazz=<null>,componentClasses=<null>],defaultValue=10,convertor=<null>,convertorClass=<null>,script=<null>,mapping=false,nestName=<null>,behavior=BeanMappingBehavior[debug=true,mappingNullValue=true,mappingEmptyStrings=true,trimStrings=false],nestObject=<null>,convertorRef=<null>,getExecutor=<null>,setExecutor=<null>]],batch=true,behavior=BeanMappingBehavior[debug=true,mappingNullValue=true,mappingEmptyStrings=true,trimStrings=false],getBatchExecutor=<null>,setBatchExecutor=<null>]
 WARN config.BeanMappingConfigRespository - java.util.HashMap:com.alibaba.tamper.object.SrcMappingObject has been replaced by : BeanMappingObject[name=<null>,srcKey=src,srcClass=class java.util.HashMap,targetKey=target,targetClass=class com.alibaba.tamper.object.SrcMappingObject,reversable=true,beanFields=[BeanMappingField[srcField=BeanMappingFieldAttributes[locatorClass=<null>,name=intValue,clazz=<null>,componentClasses=<null>],targetField=BeanMappingFieldAttributes[locatorClass=<null>,name=intValue,clazz=<null>,componentClasses=<null>],defaultValue=<null>,convertor=<null>,convertorClass=<null>,script=<null>,mapping=false,nestName=<null>,behavior=BeanMappingBehavior[debug=true,mappingNullValue=true,mappingEmptyStrings=true,trimStrings=false],nestObject=<null>,convertorRef=<null>,getExecutor=<null>,setExecutor=<null>], BeanMappingField[srcField=BeanMappingFieldAttributes[locatorClass=<null>,name=integerValue,clazz=class java.math.BigInteger,componentClasses=<null>],targetField=BeanMappingFieldAttributes[locatorClass=<null>,name=integerValue,clazz=<null>,componentClasses=<null>],defaultValue=1,convertor=<null>,convertorClass=<null>,script=<null>,mapping=false,nestName=<null>,behavior=BeanMappingBehavior[debug=true,mappingNullValue=true,mappingEmptyStrings=true,trimStrings=false],nestObject=<null>,convertorRef=<null>,getExecutor=<null>,setExecutor=<null>], BeanMappingField[srcField=BeanMappingFieldAttributes[locatorClass=<null>,name=start,clazz=<null>,componentClasses=<null>],targetField=BeanMappingFieldAttributes[locatorClass=<null>,name=start,clazz=<null>,componentClasses=<null>],defaultValue=<null>,convertor=<null>,convertorClass=<null>,script=<null>,mapping=false,nestName=<null>,behavior=BeanMappingBehavior[debug=true,mappingNullValue=true,mappingEmptyStrings=true,trimStrings=false],nestObject=<null>,convertorRef=<null>,getExecutor=<null>,setExecutor=<null>], BeanMappingField[srcField=BeanMappingFieldAttributes[locatorClass=<null>,name=targetName,clazz=<null>,componentClasses=<null>],targetField=BeanMappingFieldAttributes[locatorClass=<null>,name=name,clazz=<null>,componentClasses=<null>],defaultValue=<null>,convertor=<null>,convertorClass=<null>,script=<null>,mapping=false,nestName=<null>,behavior=BeanMappingBehavior[debug=true,mappingNullValue=true,mappingEmptyStrings=true,trimStrings=false],nestObject=<null>,convertorRef=<null>,getExecutor=<null>,setExecutor=<null>], BeanMappingField[srcField=BeanMappingFieldAttributes[locatorClass=<null>,name=mapping,clazz=<null>,componentClasses=<null>],targetField=BeanMappingFieldAttributes[locatorClass=<null>,name=mapping,clazz=<null>,componentClasses=<null>],defaultValue=<null>,convertor=<null>,convertorClass=<null>,script=<null>,mapping=true,nestName=<null>,behavior=BeanMappingBehavior[debug=true,mappingNullValue=true,mappingEmptyStrings=true,trimStrings=false],nestObject=<null>,convertorRef=<null>,getExecutor=<null>,setExecutor=<null>]],batch=true,behavior=BeanMappingBehavior[debug=true,mappingNullValue=true,mappingEmptyStrings=true,trimStrings=false],getBatchExecutor=<null>,setBatchExecutor=<null>]
 WARN config.BeanMappingConfigRespository - java.util.HashMap:com.alibaba.tamper.object.NestedSrcMappingObject has been replaced by : BeanMappingObject[name=<null>,srcKey=src,srcClass=class java.util.HashMap,targetKey=target,targetClass=class com.alibaba.tamper.object.NestedSrcMappingObject,reversable=true,beanFields=[BeanMappingField[srcField=BeanMappingFieldAttributes[locatorClass=<null>,name=name,clazz=<null>,componentClasses=<null>],targetField=BeanMappingFieldAttributes[locatorClass=<null>,name=name,clazz=<null>,componentClasses=<null>],defaultValue=ljh,convertor=<null>,convertorClass=<null>,script=<null>,mapping=false,nestName=<null>,behavior=BeanMappingBehavior[debug=true,mappingNullValue=true,mappingEmptyStrings=true,trimStrings=false],nestObject=<null>,convertorRef=<null>,getExecutor=<null>,setExecutor=<null>], BeanMappingField[srcField=BeanMappingFieldAttributes[locatorClass=<null>,name=value,clazz=class java.lang.String,componentClasses=<null>],targetField=BeanMappingFieldAttributes[locatorClass=<null>,name=bigDecimalValue,clazz=<null>,componentClasses=<null>],defaultValue=10,convertor=<null>,convertorClass=<null>,script=<null>,mapping=false,nestName=<null>,behavior=BeanMappingBehavior[debug=true,mappingNullValue=true,mappingEmptyStrings=true,trimStrings=false],nestObject=<null>,convertorRef=<null>,getExecutor=<null>,setExecutor=<null>]],batch=true,behavior=BeanMappingBehavior[debug=true,mappingNullValue=true,mappingEmptyStrings=true,trimStrings=false],getBatchExecutor=<null>,setBatchExecutor=<null>]
DEBUG core.BeanMappingExecutor - ====================== start mapping 
	 srcClass[class com.alibaba.tamper.object.SrcMappingObject] 
	 targetClass[class com.alibaba.tamper.object.TargetMappingObject]
DEBUG process.DebugValueProcess - srcName[intValue],srcClass[int],targetName[intValue],targetClass[int], Value = 0
DEBUG process.DebugValueProcess - srcName[integerValue],srcClass[class java.lang.Integer],targetName[integerValue],targetClass[class java.lang.Integer], Value = 1
DEBUG process.DebugValueProcess - srcName[start],srcClass[boolean],targetName[start],targetClass[boolean], Value = false
DEBUG process.DebugValueProcess - srcName[name],srcClass[class java.lang.String],targetName[targetName],targetClass[class java.lang.String], Value = null
DEBUG core.BeanMappingExecutor - ====================== end mapping
DEBUG core.BeanMappingExecutor - ====================== start mapping 
	 srcClass[class com.alibaba.tamper.object.TargetMappingObject] 
	 targetClass[class com.alibaba.tamper.object.SrcMappingObject]
DEBUG process.DebugValueProcess - srcName[intValue],srcClass[int],targetName[intValue],targetClass[int], Value = 0
DEBUG process.DebugValueProcess - srcName[integerValue],srcClass[class java.lang.Integer],targetName[integerValue],targetClass[class java.lang.Integer], Value = 1
DEBUG process.DebugValueProcess - srcName[start],srcClass[boolean],targetName[start],targetClass[boolean], Value = false
DEBUG process.DebugValueProcess - srcName[targetName],srcClass[class java.lang.String],targetName[name],targetClass[class java.lang.String], Value = null
DEBUG core.BeanMappingExecutor - ====================== end mapping
 WARN config.BeanMappingConfigRespository - com.alibaba.tamper.object.SrcMappingObject:com.alibaba.tamper.object.TargetMappingObject has been replaced by : BeanMappingObject[name=<null>,srcKey=src,srcClass=class com.alibaba.tamper.object.SrcMappingObject,targetKey=target,targetClass=class com.alibaba.tamper.object.TargetMappingObject,reversable=true,beanFields=[BeanMappingField[srcField=BeanMappingFieldAttributes[locatorClass=<null>,name=intValue,clazz=<null>,componentClasses=<null>],targetField=BeanMappingFieldAttributes[locatorClass=<null>,name=intValue,clazz=<null>,componentClasses=<null>],defaultValue=<null>,convertor=<null>,convertorClass=<null>,script=<null>,mapping=false,nestName=<null>,behavior=BeanMappingBehavior[debug=true,mappingNullValue=true,mappingEmptyStrings=true,trimStrings=false],nestObject=<null>,convertorRef=<null>,getExecutor=<null>,setExecutor=<null>], BeanMappingField[srcField=BeanMappingFieldAttributes[locatorClass=<null>,name=integerValue,clazz=<null>,componentClasses=<null>],targetField=BeanMappingFieldAttributes[locatorClass=<null>,name=integerValue,clazz=<null>,componentClasses=<null>],defaultValue=<null>,convertor=<null>,convertorClass=<null>,script=<null>,mapping=false,nestName=<null>,behavior=BeanMappingBehavior[debug=true,mappingNullValue=true,mappingEmptyStrings=true,trimStrings=false],nestObject=<null>,convertorRef=<null>,getExecutor=<null>,setExecutor=<null>], BeanMappingField[srcField=BeanMappingFieldAttributes[locatorClass=<null>,name=start,clazz=<null>,componentClasses=<null>],targetField=BeanMappingFieldAttributes[locatorClass=<null>,name=start,clazz=<null>,componentClasses=<null>],defaultValue=<null>,convertor=<null>,convertorClass=<null>,script=<null>,mapping=false,nestName=<null>,behavior=BeanMappingBehavior[debug=true,mappingNullValue=true,mappingEmptyStrings=true,trimStrings=false],nestObject=<null>,convertorRef=<null>,getExecutor=<null>,setExecutor=<null>], BeanMappingField[srcField=BeanMappingFieldAttributes[locatorClass=<null>,name=name,clazz=<null>,componentClasses=<null>],targetField=BeanMappingFieldAttributes[locatorClass=<null>,name=targetName,clazz=<null>,componentClasses=<null>],defaultValue=<null>,convertor=<null>,convertorClass=<null>,script=<null>,mapping=false,nestName=<null>,behavior=BeanMappingBehavior[debug=true,mappingNullValue=true,mappingEmptyStrings=true,trimStrings=false],nestObject=<null>,convertorRef=<null>,getExecutor=<null>,setExecutor=<null>], BeanMappingField[srcField=BeanMappingFieldAttributes[locatorClass=<null>,name=mapping,clazz=<null>,componentClasses=<null>],targetField=BeanMappingFieldAttributes[locatorClass=<null>,name=mapping,clazz=<null>,componentClasses=<null>],defaultValue=<null>,convertor=<null>,convertorClass=<null>,script=<null>,mapping=true,nestName=<null>,behavior=BeanMappingBehavior[debug=true,mappingNullValue=true,mappingEmptyStrings=true,trimStrings=false],nestObject=<null>,convertorRef=<null>,getExecutor=<null>,setExecutor=<null>]],batch=true,behavior=BeanMappingBehavior[debug=true,mappingNullValue=true,mappingEmptyStrings=true,trimStrings=false],getBatchExecutor=<null>,setBatchExecutor=<null>]
 WARN config.BeanMappingConfigRespository - com.alibaba.tamper.object.NestedSrcMappingObject:com.alibaba.tamper.object.NestedTargetMappingObject has been replaced by : BeanMappingObject[name=<null>,srcKey=src,srcClass=class com.alibaba.tamper.object.NestedSrcMappingObject,targetKey=target,targetClass=class com.alibaba.tamper.object.NestedTargetMappingObject,reversable=true,beanFields=[BeanMappingField[srcField=BeanMappingFieldAttributes[locatorClass=<null>,name=name,clazz=<null>,componentClasses=<null>],targetField=BeanMappingFieldAttributes[locatorClass=<null>,name=name,clazz=<null>,componentClasses=<null>],defaultValue=ljh,convertor=<null>,convertorClass=<null>,script=<null>,mapping=false,nestName=<null>,behavior=BeanMappingBehavior[debug=true,mappingNullValue=true,mappingEmptyStrings=true,trimStrings=false],nestObject=<null>,convertorRef=<null>,getExecutor=<null>,setExecutor=<null>], BeanMappingField[srcField=BeanMappingFieldAttributes[locatorClass=<null>,name=bigDecimalValue,clazz=<null>,componentClasses=<null>],targetField=BeanMappingFieldAttributes[locatorClass=<null>,name=value,clazz=class java.lang.String,componentClasses=<null>],defaultValue=10,convertor=<null>,convertorClass=<null>,script=<null>,mapping=false,nestName=<null>,behavior=BeanMappingBehavior[debug=true,mappingNullValue=true,mappingEmptyStrings=true,trimStrings=false],nestObject=<null>,convertorRef=<null>,getExecutor=<null>,setExecutor=<null>]],batch=true,behavior=BeanMappingBehavior[debug=true,mappingNullValue=true,mappingEmptyStrings=true,trimStrings=false],getBatchExecutor=<null>,setBatchExecutor=<null>]
 WARN config.BeanMappingConfigRespository - com.alibaba.tamper.object.SrcMappingObject:java.util.HashMap has been replaced by : BeanMappingObject[name=<null>,srcKey=src,srcClass=class com.alibaba.tamper.object.SrcMappingObject,targetKey=target,targetClass=class java.util.HashMap,reversable=true,beanFields=[BeanMappingField[srcField=BeanMappingFieldAttributes[locatorClass=<null>,name=intValue,clazz=<null>,componentClasses=<null>],targetField=BeanMappingFieldAttributes[locatorClass=<null>,name=intValue,clazz=<null>,componentClasses=<null>],defaultValue=<null>,convertor=<null>,convertorClass=<null>,script=<null>,mapping=false,nestName=<null>,behavior=BeanMappingBehavior[debug=true,mappingNullValue=true,mappingEmptyStrings=true,trimStrings=false],nestObject=<null>,convertorRef=<null>,getExecutor=<null>,setExecutor=<null>], BeanMappingField[srcField=BeanMappingFieldAttributes[locatorClass=<null>,name=integerValue,clazz=<null>,componentClasses=<null>],targetField=BeanMappingFieldAttributes[locatorClass=<null>,name=integerValue,clazz=class java.math.BigInteger,componentClasses=<null>],defaultValue=1,convertor=<null>,convertorClass=<null>,script=<null>,mapping=false,nestName=<null>,behavior=BeanMappingBehavior[debug=true,mappingNullValue=true,mappingEmptyStrings=true,trimStrings=false],nestObject=<null>,convertorRef=<null>,getExecutor=<null>,setExecutor=<null>], BeanMappingField[srcField=BeanMappingFieldAttributes[locatorClass=<null>,name=start,clazz=<null>,componentClasses=<null>],targetField=BeanMappingFieldAttributes[locatorClass=<null>,name=start,clazz=<null>,componentClasses=<null>],defaultValue=<null>,convertor=<null>,convertorClass=<null>,script=<null>,mapping=false,nestName=<null>,behavior=BeanMappingBehavior[debug=true,mappingNullValue=true,mappingEmptyStrings=true,trimStrings=false],nestObject=<null>,convertorRef=<null>,getExecutor=<null>,setExecutor=<null>], BeanMappingField[srcField=BeanMappingFieldAttributes[locatorClass=<null>,name=name,clazz=<null>,componentClasses=<null>],targetField=BeanMappingFieldAttributes[locatorClass=<null>,name=targetName,clazz=<null>,componentClasses=<null>],defaultValue=<null>,convertor=<null>,convertorClass=<null>,script=<null>,mapping=false,nestName=<null>,behavior=BeanMappingBehavior[debug=true,mappingNullValue=true,mappingEmptyStrings=true,trimStrings=false],nestObject=<null>,convertorRef=<null>,getExecutor=<null>,setExecutor=<null>], BeanMappingField[srcField=BeanMappingFieldAttributes[locatorClass=<null>,name=mapping,clazz=<null>,componentClasses=<null>],targetField=BeanMappingFieldAttributes[locatorClass=<null>,name=mapping,clazz=<null>,componentClasses=<null>],defaultValue=<null>,convertor=<null>,convertorClass=<null>,script=<null>,mapping=true,nestName=<null>,behavior=BeanMappingBehavior[debug=true,mappingNullValue=true,mappingEmptyStrings=true,trimStrings=false],nestObject=<null>,convertorRef=<null>,getExecutor=<null>,setExecutor=<null>]],batch=true,behavior=BeanMappingBehavior[debug=true,mappingNullValue=true,mappingEmptyStrings=true,trimStrings=false],getBatchExecutor=<null>,setBatchExecutor=<null>]
 WARN config.BeanMappingConfigRespository - com.alibaba.tamper.object.NestedSrcMappingObject:java.util.HashMap has been replaced by : BeanMappingObject[name=<null>,srcKey=src,srcClass=class com.alibaba.tamper.object.NestedSrcMappingObject,targetKey=target,targetClass=class java.util.HashMap,reversable=true,beanFields=[BeanMappingField[srcField=BeanMappingFieldAttributes[locatorClass=<null>,name=name,clazz=<null>,componentClasses=<null>],targetField=BeanMappingFieldAttributes[locatorClass=<null>,name=name,clazz=<null>,componentClasses=<null>],defaultValue=ljh,convertor=<null>,convertorClass=<null>,script=<null>,mapping=false,nestName=<null>,behavior=BeanMappingBehavior[debug=true,mappingNullValue=true,mappingEmptyStrings=true,trimStrings=false],nestObject=<null>,convertorRef=<null>,getExecutor=<null>,setExecutor=<null>], BeanMappingField[srcField=BeanMappingFieldAttributes[locatorClass=<null>,name=bigDecimalValue,clazz=<null>,componentClasses=<null>],targetField=BeanMappingFieldAttributes[locatorClass=<null>,name=value,clazz=class java.lang.String,componentClasses=<null>],defaultValue=10,convertor=<null>,convertorClass=<null>,script=<null>,mapping=false,nestName=<null>,behavior=BeanMappingBehavior[debug=true,mappingNullValue=true,mappingEmptyStrings=true,trimStrings=false],nestObject=<null>,convertorRef=<null>,getExecutor=<null>,setExecutor=<null>]],batch=true,behavior=BeanMappingBehavior[debug=true,mappingNullValue=true,mappingEmptyStrings=true,trimStrings=false],getBatchExecutor=<null>,setBatchExecutor=<null>]
 WARN config.BeanMappingConfigRespository - com.alibaba.tamper.object.TargetMappingObject:com.alibaba.tamper.object.SrcMappingObject has been replaced by : BeanMappingObject[name=<null>,srcKey=src,srcClass=class com.alibaba.tamper.object.TargetMappingObject,targetKey=target,targetClass=class com.alibaba.tamper.object.SrcMappingObject,reversable=true,beanFields=[BeanMappingField[srcField=BeanMappingFieldAttributes[locatorClass=<null>,name=intValue,clazz=<null>,componentClasses=<null>],targetField=BeanMappingFieldAttributes[locatorClass=<null>,name=intValue,clazz=<null>,componentClasses=<null>],defaultValue=<null>,convertor=<null>,convertorClass=<null>,script=<null>,mapping=false,nestName=<null>,behavior=BeanMappingBehavior[debug=true,mappingNullValue=true,mappingEmptyStrings=true,trimStrings=false],nestObject=<null>,convertorRef=<null>,getExecutor=<null>,setExecutor=<null>], BeanMappingField[srcField=BeanMappingFieldAttributes[locatorClass=<null>,name=integerValue,clazz=<null>,componentClasses=<null>],targetField=BeanMappingFieldAttributes[locatorClass=<null>,name=integerValue,clazz=<null>,componentClasses=<null>],defaultValue=<null>,convertor=<null>,convertorClass=<null>,script=<null>,mapping=false,nestName=<null>,behavior=BeanMappingBehavior[debug=true,mappingNullValue=true,mappingEmptyStrings=true,trimStrings=false],nestObject=<null>,convertorRef=<null>,getExecutor=<null>,setExecutor=<null>], BeanMappingField[srcField=BeanMappingFieldAttributes[locatorClass=<null>,name=start,clazz=<null>,componentClasses=<null>],targetField=BeanMappingFieldAttributes[locatorClass=<null>,name=start,clazz=<null>,componentClasses=<null>],defaultValue=<null>,convertor=<null>,convertorClass=<null>,script=<null>,mapping=false,nestName=<null>,behavior=BeanMappingBehavior[debug=true,mappingNullValue=true,mappingEmptyStrings=true,trimStrings=false],nestObject=<null>,convertorRef=<null>,getExecutor=<null>,setExecutor=<null>], BeanMappingField[srcField=BeanMappingFieldAttributes[locatorClass=<null>,name=targetName,clazz=<null>,componentClasses=<null>],targetField=BeanMappingFieldAttributes[locatorClass=<null>,name=name,clazz=<null>,componentClasses=<null>],defaultValue=<null>,convertor=<null>,convertorClass=<null>,script=<null>,mapping=false,nestName=<null>,behavior=BeanMappingBehavior[debug=true,mappingNullValue=true,mappingEmptyStrings=true,trimStrings=false],nestObject=<null>,convertorRef=<null>,getExecutor=<null>,setExecutor=<null>], BeanMappingField[srcField=BeanMappingFieldAttributes[locatorClass=<null>,name=mapping,clazz=<null>,componentClasses=<null>],targetField=BeanMappingFieldAttributes[locatorClass=<null>,name=mapping,clazz=<null>,componentClasses=<null>],defaultValue=<null>,convertor=<null>,convertorClass=<null>,script=<null>,mapping=true,nestName=<null>,behavior=BeanMappingBehavior[debug=true,mappingNullValue=true,mappingEmptyStrings=true,trimStrings=false],nestObject=<null>,convertorRef=<null>,getExecutor=<null>,setExecutor=<null>]],batch=true,behavior=BeanMappingBehavior[debug=true,mappingNullValue=true,mappingEmptyStrings=true,trimStrings=false],getBatchExecutor=<null>,setBatchExecutor=<null>]
 WARN config.BeanMappingConfigRespository - com.alibaba.tamper.object.NestedTargetMappingObject:com.alibaba.tamper.object.NestedSrcMappingObject has been replaced by : BeanMappingObject[name=<null>,srcKey=src,srcClass=class com.alibaba.tamper.object.NestedTargetMappingObject,targetKey=target,targetClass=class com.alibaba.tamper.object.NestedSrcMappingObject,reversable=true,beanFields=[BeanMappingField[srcField=BeanMappingFieldAttributes[locatorClass=<null>,name=name,clazz=<null>,componentClasses=<null>],targetField=BeanMappingFieldAttributes[locatorClass=<null>,name=name,clazz=<null>,componentClasses=<null>],defaultValue=ljh,convertor=<null>,convertorClass=<null>,script=<null>,mapping=false,nestName=<null>,behavior=BeanMappingBehavior[debug=true,mappingNullValue=true,mappingEmptyStrings=true,trimStrings=false],nestObject=<null>,convertorRef=<null>,getExecutor=<null>,setExecutor=<null>], BeanMappingField[srcField=BeanMappingFieldAttributes[locatorClass=<null>,name=value,clazz=class java.lang.String,componentClasses=<null>],targetField=BeanMappingFieldAttributes[locatorClass=<null>,name=bigDecimalValue,clazz=<null>,componentClasses=<null>],defaultValue=10,convertor=<null>,convertorClass=<null>,script=<null>,mapping=false,nestName=<null>,behavior=BeanMappingBehavior[debug=true,mappingNullValue=true,mappingEmptyStrings=true,trimStrings=false],nestObject=<null>,convertorRef=<null>,getExecutor=<null>,setExecutor=<null>]],batch=true,behavior=BeanMappingBehavior[debug=true,mappingNullValue=true,mappingEmptyStrings=true,trimStrings=false],getBatchExecutor=<null>,setBatchExecutor=<null>]
 WARN config.BeanMappingConfigRespository - java.util.HashMap:com.alibaba.tamper.object.SrcMappingObject has been replaced by : BeanMappingObject[name=<null>,srcKey=src,srcClass=class java.util.HashMap,targetKey=target,targetClass=class com.alibaba.tamper.object.SrcMappingObject,reversable=true,beanFields=[BeanMappingField[srcField=BeanMappingFieldAttributes[locatorClass=<null>,name=intValue,clazz=<null>,componentClasses=<null>],targetField=BeanMappingFieldAttributes[locatorClass=<null>,name=intValue,clazz=<null>,componentClasses=<null>],defaultValue=<null>,convertor=<null>,convertorClass=<null>,script=<null>,mapping=false,nestName=<null>,behavior=BeanMappingBehavior[debug=true,mappingNullValue=true,mappingEmptyStrings=true,trimStrings=false],nestObject=<null>,convertorRef=<null>,getExecutor=<null>,setExecutor=<null>], BeanMappingField[srcField=BeanMappingFieldAttributes[locatorClass=<null>,name=integerValue,clazz=class java.math.BigInteger,componentClasses=<null>],targetField=BeanMappingFieldAttributes[locatorClass=<null>,name=integerValue,clazz=<null>,componentClasses=<null>],defaultValue=1,convertor=<null>,convertorClass=<null>,script=<null>,mapping=false,nestName=<null>,behavior=BeanMappingBehavior[debug=true,mappingNullValue=true,mappingEmptyStrings=true,trimStrings=false],nestObject=<null>,convertorRef=<null>,getExecutor=<null>,setExecutor=<null>], BeanMappingField[srcField=BeanMappingFieldAttributes[locatorClass=<null>,name=start,clazz=<null>,componentClasses=<null>],targetField=BeanMappingFieldAttributes[locatorClass=<null>,name=start,clazz=<null>,componentClasses=<null>],defaultValue=<null>,convertor=<null>,convertorClass=<null>,script=<null>,mapping=false,nestName=<null>,behavior=BeanMappingBehavior[debug=true,mappingNullValue=true,mappingEmptyStrings=true,trimStrings=false],nestObject=<null>,convertorRef=<null>,getExecutor=<null>,setExecutor=<null>], BeanMappingField[srcField=BeanMappingFieldAttributes[locatorClass=<null>,name=targetName,clazz=<null>,componentClasses=<null>],targetField=BeanMappingFieldAttributes[locatorClass=<null>,name=name,clazz=<null>,componentClasses=<null>],defaultValue=<null>,convertor=<null>,convertorClass=<null>,script=<null>,mapping=false,nestName=<null>,behavior=BeanMappingBehavior[debug=true,mappingNullValue=true,mappingEmptyStrings=true,trimStrings=false],nestObject=<null>,convertorRef=<null>,getExecutor=<null>,setExecutor=<null>], BeanMappingField[srcField=BeanMappingFieldAttributes[locatorClass=<null>,name=mapping,clazz=<null>,componentClasses=<null>],targetField=BeanMappingFieldAttributes[locatorClass=<null>,name=mapping,clazz=<null>,componentClasses=<null>],defaultValue=<null>,convertor=<null>,convertorClass=<null>,script=<null>,mapping=true,nestName=<null>,behavior=BeanMappingBehavior[debug=true,mappingNullValue=true,mappingEmptyStrings=true,trimStrings=false],nestObject=<null>,convertorRef=<null>,getExecutor=<null>,setExecutor=<null>]],batch=true,behavior=BeanMappingBehavior[debug=true,mappingNullValue=true,mappingEmptyStrings=true,trimStrings=false],getBatchExecutor=<null>,setBatchExecutor=<null>]
 WARN config.BeanMappingConfigRespository - java.util.HashMap:com.alibaba.tamper.object.NestedSrcMappingObject has been replaced by : BeanMappingObject[name=<null>,srcKey=src,srcClass=class java.util.HashMap,targetKey=target,targetClass=class com.alibaba.tamper.object.NestedSrcMappingObject,reversable=true,beanFields=[BeanMappingField[srcField=BeanMappingFieldAttributes[locatorClass=<null>,name=name,clazz=<null>,componentClasses=<null>],targetField=BeanMappingFieldAttributes[locatorClass=<null>,name=name,clazz=<null>,componentClasses=<null>],defaultValue=ljh,convertor=<null>,convertorClass=<null>,script=<null>,mapping=false,nestName=<null>,behavior=BeanMappingBehavior[debug=true,mappingNullValue=true,mappingEmptyStrings=true,trimStrings=false],nestObject=<null>,convertorRef=<null>,getExecutor=<null>,setExecutor=<null>], BeanMappingField[srcField=BeanMappingFieldAttributes[locatorClass=<null>,name=value,clazz=class java.lang.String,componentClasses=<null>],targetField=BeanMappingFieldAttributes[locatorClass=<null>,name=bigDecimalValue,clazz=<null>,componentClasses=<null>],defaultValue=10,convertor=<null>,convertorClass=<null>,script=<null>,mapping=false,nestName=<null>,behavior=BeanMappingBehavior[debug=true,mappingNullValue=true,mappingEmptyStrings=true,trimStrings=false],nestObject=<null>,convertorRef=<null>,getExecutor=<null>,setExecutor=<null>]],batch=true,behavior=BeanMappingBehavior[debug=true,mappingNullValue=true,mappingEmptyStrings=true,trimStrings=false],getBatchExecutor=<null>,setBatchExecutor=<null>]
DEBUG core.BeanMappingExecutor - ====================== start mapping 
	 srcClass[class com.alibaba.tamper.object.SrcMappingObject] 
	 targetClass[class com.alibaba.tamper.object.TargetMappingObject]
DEBUG process.DebugValueProcess - srcName[intValue],srcClass[int],targetName[intValue],targetClass[int], Value = 0
DEBUG process.DebugValueProcess - srcName[integerValue],srcClass[class java.lang.Integer],targetName[integerValue],targetClass[class java.lang.Integer], Value = null
DEBUG process.DebugValueProcess - srcName[start],srcClass[boolean],targetName[start],targetClass[boolean], Value = false
DEBUG process.DebugValueProcess - srcName[name],srcClass[class java.lang.String],targetName[targetName],targetClass[class java.lang.String], Value = ljh
DEBUG core.BeanMappingExecutor - ====================== start mapping 
	 srcClass[class com.alibaba.tamper.object.NestedSrcMappingObject] 
	 targetClass[class com.alibaba.tamper.object.NestedTargetMappingObject]
DEBUG process.DebugValueProcess - srcName[name],srcClass[class java.lang.String],targetName[name],targetClass[class java.lang.String],[defaultValue=ljh], Value = ljh
DEBUG process.DebugValueProcess - srcName[bigDecimalValue],srcClass[class java.math.BigDecimal],targetName[value],targetClass[class java.lang.String],[defaultValue=10], Value = 10
DEBUG core.BeanMappingExecutor - ====================== end mapping
DEBUG core.BeanMappingExecutor - ====================== end mapping
DEBUG core.BeanMappingExecutor - ====================== start mapping 
	 srcClass[class com.alibaba.tamper.object.TargetMappingObject] 
	 targetClass[class com.alibaba.tamper.object.SrcMappingObject]
DEBUG process.DebugValueProcess - srcName[intValue],srcClass[int],targetName[intValue],targetClass[int], Value = 0
DEBUG process.DebugValueProcess - srcName[integerValue],srcClass[class java.lang.Integer],targetName[integerValue],targetClass[class java.lang.Integer], Value = null
DEBUG process.DebugValueProcess - srcName[start],srcClass[boolean],targetName[start],targetClass[boolean], Value = false
DEBUG process.DebugValueProcess - srcName[targetName],srcClass[class java.lang.String],targetName[name],targetClass[class java.lang.String], Value = ljh
DEBUG core.BeanMappingExecutor - ====================== start mapping 
	 srcClass[class com.alibaba.tamper.object.NestedTargetMappingObject] 
	 targetClass[class com.alibaba.tamper.object.NestedSrcMappingObject]
DEBUG process.DebugValueProcess - srcName[name],srcClass[class java.lang.String],targetName[name],targetClass[class java.lang.String],[defaultValue=ljh], Value = ljh
DEBUG process.DebugValueProcess - srcName[value],srcClass[class java.lang.String],targetName[bigDecimalValue],targetClass[class java.math.BigDecimal],[defaultValue=10], Value = 10
DEBUG core.BeanMappingExecutor - ====================== end mapping
DEBUG core.BeanMappingExecutor - ====================== end mapping
 WARN config.BeanMappingConfigRespository - com.alibaba.tamper.object.SrcMappingObject:com.alibaba.tamper.object.TargetMappingObject has been replaced by : BeanMappingObject[name=<null>,srcKey=src,srcClass=class com.alibaba.tamper.object.SrcMappingObject,targetKey=target,targetClass=class com.alibaba.tamper.object.TargetMappingObject,reversable=true,beanFields=[BeanMappingField[srcField=BeanMappingFieldAttributes[locatorClass=<null>,name=intValue,clazz=<null>,componentClasses=<null>],targetField=BeanMappingFieldAttributes[locatorClass=<null>,name=intValue,clazz=<null>,componentClasses=<null>],defaultValue=<null>,convertor=<null>,convertorClass=<null>,script=<null>,mapping=false,nestName=<null>,behavior=BeanMappingBehavior[debug=true,mappingNullValue=true,mappingEmptyStrings=true,trimStrings=false],nestObject=<null>,convertorRef=<null>,getExecutor=<null>,setExecutor=<null>], BeanMappingField[srcField=BeanMappingFieldAttributes[locatorClass=<null>,name=integerValue,clazz=<null>,componentClasses=<null>],targetField=BeanMappingFieldAttributes[locatorClass=<null>,name=integerValue,clazz=<null>,componentClasses=<null>],defaultValue=<null>,convertor=<null>,convertorClass=<null>,script=<null>,mapping=false,nestName=<null>,behavior=BeanMappingBehavior[debug=true,mappingNullValue=true,mappingEmptyStrings=true,trimStrings=false],nestObject=<null>,convertorRef=<null>,getExecutor=<null>,setExecutor=<null>], BeanMappingField[srcField=BeanMappingFieldAttributes[locatorClass=<null>,name=start,clazz=<null>,componentClasses=<null>],targetField=BeanMappingFieldAttributes[locatorClass=<null>,name=start,clazz=<null>,componentClasses=<null>],defaultValue=<null>,convertor=<null>,convertorClass=<null>,script=<null>,mapping=false,nestName=<null>,behavior=BeanMappingBehavior[debug=true,mappingNullValue=true,mappingEmptyStrings=true,trimStrings=false],nestObject=<null>,convertorRef=<null>,getExecutor=<null>,setExecutor=<null>], BeanMappingField[srcField=BeanMappingFieldAttributes[locatorClass=<null>,name=name,clazz=<null>,componentClasses=<null>],targetField=BeanMappingFieldAttributes[locatorClass=<null>,name=targetName,clazz=<null>,componentClasses=<null>],defaultValue=<null>,convertor=<null>,convertorClass=<null>,script=<null>,mapping=false,nestName=<null>,behavior=BeanMappingBehavior[debug=true,mappingNullValue=true,mappingEmptyStrings=true,trimStrings=false],nestObject=<null>,convertorRef=<null>,getExecutor=<null>,setExecutor=<null>], BeanMappingField[srcField=BeanMappingFieldAttributes[locatorClass=<null>,name=mapping,clazz=<null>,componentClasses=<null>],targetField=BeanMappingFieldAttributes[locatorClass=<null>,name=mapping,clazz=<null>,componentClasses=<null>],defaultValue=<null>,convertor=<null>,convertorClass=<null>,script=<null>,mapping=true,nestName=<null>,behavior=BeanMappingBehavior[debug=true,mappingNullValue=true,mappingEmptyStrings=true,trimStrings=false],nestObject=<null>,convertorRef=<null>,getExecutor=<null>,setExecutor=<null>]],batch=true,behavior=BeanMappingBehavior[debug=true,mappingNullValue=true,mappingEmptyStrings=true,trimStrings=false],getBatchExecutor=<null>,setBatchExecutor=<null>]
 WARN config.BeanMappingConfigRespository - com.alibaba.tamper.object.NestedSrcMappingObject:com.alibaba.tamper.object.NestedTargetMappingObject has been replaced by : BeanMappingObject[name=<null>,srcKey=src,srcClass=class com.alibaba.tamper.object.NestedSrcMappingObject,targetKey=target,targetClass=class com.alibaba.tamper.object.NestedTargetMappingObject,reversable=true,beanFields=[BeanMappingField[srcField=BeanMappingFieldAttributes[locatorClass=<null>,name=name,clazz=<null>,componentClasses=<null>],targetField=BeanMappingFieldAttributes[locatorClass=<null>,name=name,clazz=<null>,componentClasses=<null>],defaultValue=ljh,convertor=<null>,convertorClass=<null>,script=<null>,mapping=false,nestName=<null>,behavior=BeanMappingBehavior[debug=true,mappingNullValue=true,mappingEmptyStrings=true,trimStrings=false],nestObject=<null>,convertorRef=<null>,getExecutor=<null>,setExecutor=<null>], BeanMappingField[srcField=BeanMappingFieldAttributes[locatorClass=<null>,name=bigDecimalValue,clazz=<null>,componentClasses=<null>],targetField=BeanMappingFieldAttributes[locatorClass=<null>,name=value,clazz=class java.lang.String,componentClasses=<null>],defaultValue=10,convertor=<null>,convertorClass=<null>,script=<null>,mapping=false,nestName=<null>,behavior=BeanMappingBehavior[debug=true,mappingNullValue=true,mappingEmptyStrings=true,trimStrings=false],nestObject=<null>,convertorRef=<null>,getExecutor=<null>,setExecutor=<null>]],batch=true,behavior=BeanMappingBehavior[debug=true,mappingNullValue=true,mappingEmptyStrings=true,trimStrings=false],getBatchExecutor=<null>,setBatchExecutor=<null>]
 WARN config.BeanMappingConfigRespository - com.alibaba.tamper.object.SrcMappingObject:java.util.HashMap has been replaced by : BeanMappingObject[name=<null>,srcKey=src,srcClass=class com.alibaba.tamper.object.SrcMappingObject,targetKey=target,targetClass=class java.util.HashMap,reversable=true,beanFields=[BeanMappingField[srcField=BeanMappingFieldAttributes[locatorClass=<null>,name=intValue,clazz=<null>,componentClasses=<null>],targetField=BeanMappingFieldAttributes[locatorClass=<null>,name=intValue,clazz=<null>,componentClasses=<null>],defaultValue=<null>,convertor=<null>,convertorClass=<null>,script=<null>,mapping=false,nestName=<null>,behavior=BeanMappingBehavior[debug=true,mappingNullValue=true,mappingEmptyStrings=true,trimStrings=false],nestObject=<null>,convertorRef=<null>,getExecutor=<null>,setExecutor=<null>], BeanMappingField[srcField=BeanMappingFieldAttributes[locatorClass=<null>,name=integerValue,clazz=<null>,componentClasses=<null>],targetField=BeanMappingFieldAttributes[locatorClass=<null>,name=integerValue,clazz=class java.math.BigInteger,componentClasses=<null>],defaultValue=1,convertor=<null>,convertorClass=<null>,script=<null>,mapping=false,nestName=<null>,behavior=BeanMappingBehavior[debug=true,mappingNullValue=true,mappingEmptyStrings=true,trimStrings=false],nestObject=<null>,convertorRef=<null>,getExecutor=<null>,setExecutor=<null>], BeanMappingField[srcField=BeanMappingFieldAttributes[locatorClass=<null>,name=start,clazz=<null>,componentClasses=<null>],targetField=BeanMappingFieldAttributes[locatorClass=<null>,name=start,clazz=<null>,componentClasses=<null>],defaultValue=<null>,convertor=<null>,convertorClass=<null>,script=<null>,mapping=false,nestName=<null>,behavior=BeanMappingBehavior[debug=true,mappingNullValue=true,mappingEmptyStrings=true,trimStrings=false],nestObject=<null>,convertorRef=<null>,getExecutor=<null>,setExecutor=<null>], BeanMappingField[srcField=BeanMappingFieldAttributes[locatorClass=<null>,name=name,clazz=<null>,componentClasses=<null>],targetField=BeanMappingFieldAttributes[locatorClass=<null>,name=targetName,clazz=<null>,componentClasses=<null>],defaultValue=<null>,convertor=<null>,convertorClass=<null>,script=<null>,mapping=false,nestName=<null>,behavior=BeanMappingBehavior[debug=true,mappingNullValue=true,mappingEmptyStrings=true,trimStrings=false],nestObject=<null>,convertorRef=<null>,getExecutor=<null>,setExecutor=<null>], BeanMappingField[srcField=BeanMappingFieldAttributes[locatorClass=<null>,name=mapping,clazz=<null>,componentClasses=<null>],targetField=BeanMappingFieldAttributes[locatorClass=<null>,name=mapping,clazz=<null>,componentClasses=<null>],defaultValue=<null>,convertor=<null>,convertorClass=<null>,script=<null>,mapping=true,nestName=<null>,behavior=BeanMappingBehavior[debug=true,mappingNullValue=true,mappingEmptyStrings=true,trimStrings=false],nestObject=<null>,convertorRef=<null>,getExecutor=<null>,setExecutor=<null>]],batch=true,behavior=BeanMappingBehavior[debug=true,mappingNullValue=true,mappingEmptyStrings=true,trimStrings=false],getBatchExecutor=<null>,setBatchExecutor=<null>]
 WARN config.BeanMappingConfigRespository - com.alibaba.tamper.object.NestedSrcMappingObject:java.util.HashMap has been replaced by : BeanMappingObject[name=<null>,srcKey=src,srcClass=class com.alibaba.tamper.object.NestedSrcMappingObject,targetKey=target,targetClass=class java.util.HashMap,reversable=true,beanFields=[BeanMappingField[srcField=BeanMappingFieldAttributes[locatorClass=<null>,name=name,clazz=<null>,componentClasses=<null>],targetField=BeanMappingFieldAttributes[locatorClass=<null>,name=name,clazz=<null>,componentClasses=<null>],defaultValue=ljh,convertor=<null>,convertorClass=<null>,script=<null>,mapping=false,nestName=<null>,behavior=BeanMappingBehavior[debug=true,mappingNullValue=true,mappingEmptyStrings=true,trimStrings=false],nestObject=<null>,convertorRef=<null>,getExecutor=<null>,setExecutor=<null>], BeanMappingField[srcField=BeanMappingFieldAttributes[locatorClass=<null>,name=bigDecimalValue,clazz=<null>,componentClasses=<null>],targetField=BeanMappingFieldAttributes[locatorClass=<null>,name=value,clazz=class java.lang.String,componentClasses=<null>],defaultValue=10,convertor=<null>,convertorClass=<null>,script=<null>,mapping=false,nestName=<null>,behavior=BeanMappingBehavior[debug=true,mappingNullValue=true,mappingEmptyStrings=true,trimStrings=false],nestObject=<null>,convertorRef=<null>,getExecutor=<null>,setExecutor=<null>]],batch=true,behavior=BeanMappingBehavior[debug=true,mappingNullValue=true,mappingEmptyStrings=true,trimStrings=false],getBatchExecutor=<null>,setBatchExecutor=<null>]
 WARN config.BeanMappingConfigRespository - com.alibaba.tamper.object.TargetMappingObject:com.alibaba.tamper.object.SrcMappingObject has been replaced by : BeanMappingObject[name=<null>,srcKey=src,srcClass=class com.alibaba.tamper.object.TargetMappingObject,targetKey=target,targetClass=class com.alibaba.tamper.object.SrcMappingObject,reversable=true,beanFields=[BeanMappingField[srcField=BeanMappingFieldAttributes[locatorClass=<null>,name=intValue,clazz=<null>,componentClasses=<null>],targetField=BeanMappingFieldAttributes[locatorClass=<null>,name=intValue,clazz=<null>,componentClasses=<null>],defaultValue=<null>,convertor=<null>,convertorClass=<null>,script=<null>,mapping=false,nestName=<null>,behavior=BeanMappingBehavior[debug=true,mappingNullValue=true,mappingEmptyStrings=true,trimStrings=false],nestObject=<null>,convertorRef=<null>,getExecutor=<null>,setExecutor=<null>], BeanMappingField[srcField=BeanMappingFieldAttributes[locatorClass=<null>,name=integerValue,clazz=<null>,componentClasses=<null>],targetField=BeanMappingFieldAttributes[locatorClass=<null>,name=integerValue,clazz=<null>,componentClasses=<null>],defaultValue=<null>,convertor=<null>,convertorClass=<null>,script=<null>,mapping=false,nestName=<null>,behavior=BeanMappingBehavior[debug=true,mappingNullValue=true,mappingEmptyStrings=true,trimStrings=false],nestObject=<null>,convertorRef=<null>,getExecutor=<null>,setExecutor=<null>], BeanMappingField[srcField=BeanMappingFieldAttributes[locatorClass=<null>,name=start,clazz=<null>,componentClasses=<null>],targetField=BeanMappingFieldAttributes[locatorClass=<null>,name=start,clazz=<null>,componentClasses=<null>],defaultValue=<null>,convertor=<null>,convertorClass=<null>,script=<null>,mapping=false,nestName=<null>,behavior=BeanMappingBehavior[debug=true,mappingNullValue=true,mappingEmptyStrings=true,trimStrings=false],nestObject=<null>,convertorRef=<null>,getExecutor=<null>,setExecutor=<null>], BeanMappingField[srcField=BeanMappingFieldAttributes[locatorClass=<null>,name=targetName,clazz=<null>,componentClasses=<null>],targetField=BeanMappingFieldAttributes[locatorClass=<null>,name=name,clazz=<null>,componentClasses=<null>],defaultValue=<null>,convertor=<null>,convertorClass=<null>,script=<null>,mapping=false,nestName=<null>,behavior=BeanMappingBehavior[debug=true,mappingNullValue=true,mappingEmptyStrings=true,trimStrings=false],nestObject=<null>,convertorRef=<null>,getExecutor=<null>,setExecutor=<null>], BeanMappingField[srcField=BeanMappingFieldAttributes[locatorClass=<null>,name=mapping,clazz=<null>,componentClasses=<null>],targetField=BeanMappingFieldAttributes[locatorClass=<null>,name=mapping,clazz=<null>,componentClasses=<null>],defaultValue=<null>,convertor=<null>,convertorClass=<null>,script=<null>,mapping=true,nestName=<null>,behavior=BeanMappingBehavior[debug=true,mappingNullValue=true,mappingEmptyStrings=true,trimStrings=false],nestObject=<null>,convertorRef=<null>,getExecutor=<null>,setExecutor=<null>]],batch=true,behavior=BeanMappingBehavior[debug=true,mappingNullValue=true,mappingEmptyStrings=true,trimStrings=false],getBatchExecutor=<null>,setBatchExecutor=<null>]
 WARN config.BeanMappingConfigRespository - com.alibaba.tamper.object.NestedTargetMappingObject:com.alibaba.tamper.object.NestedSrcMappingObject has been replaced by : BeanMappingObject[name=<null>,srcKey=src,srcClass=class com.alibaba.tamper.object.NestedTargetMappingObject,targetKey=target,targetClass=class com.alibaba.tamper.object.NestedSrcMappingObject,reversable=true,beanFields=[BeanMappingField[srcField=BeanMappingFieldAttributes[locatorClass=<null>,name=name,clazz=<null>,componentClasses=<null>],targetField=BeanMappingFieldAttributes[locatorClass=<null>,name=name,clazz=<null>,componentClasses=<null>],defaultValue=ljh,convertor=<null>,convertorClass=<null>,script=<null>,mapping=false,nestName=<null>,behavior=BeanMappingBehavior[debug=true,mappingNullValue=true,mappingEmptyStrings=true,trimStrings=false],nestObject=<null>,convertorRef=<null>,getExecutor=<null>,setExecutor=<null>], BeanMappingField[srcField=BeanMappingFieldAttributes[locatorClass=<null>,name=value,clazz=class java.lang.String,componentClasses=<null>],targetField=BeanMappingFieldAttributes[locatorClass=<null>,name=bigDecimalValue,clazz=<null>,componentClasses=<null>],defaultValue=10,convertor=<null>,convertorClass=<null>,script=<null>,mapping=false,nestName=<null>,behavior=BeanMappingBehavior[debug=true,mappingNullValue=true,mappingEmptyStrings=true,trimStrings=false],nestObject=<null>,convertorRef=<null>,getExecutor=<null>,setExecutor=<null>]],batch=true,behavior=BeanMappingBehavior[debug=true,mappingNullValue=true,mappingEmptyStrings=true,trimStrings=false],getBatchExecutor=<null>,setBatchExecutor=<null>]
 WARN config.BeanMappingConfigRespository - java.util.HashMap:com.alibaba.tamper.object.SrcMappingObject has been replaced by : BeanMappingObject[name=<null>,srcKey=src,srcClass=class java.util.HashMap,targetKey=target,targetClass=class com.alibaba.tamper.object.SrcMappingObject,reversable=true,beanFields=[BeanMappingField[srcField=BeanMappingFieldAttributes[locatorClass=<null>,name=intValue,clazz=<null>,componentClasses=<null>],targetField=BeanMappingFieldAttributes[locatorClass=<null>,name=intValue,clazz=<null>,componentClasses=<null>],defaultValue=<null>,convertor=<null>,convertorClass=<null>,script=<null>,mapping=false,nestName=<null>,behavior=BeanMappingBehavior[debug=true,mappingNullValue=true,mappingEmptyStrings=true,trimStrings=false],nestObject=<null>,convertorRef=<null>,getExecutor=<null>,setExecutor=<null>], BeanMappingField[srcField=BeanMappingFieldAttributes[locatorClass=<null>,name=integerValue,clazz=class java.math.BigInteger,componentClasses=<null>],targetField=BeanMappingFieldAttributes[locatorClass=<null>,name=integerValue,clazz=<null>,componentClasses=<null>],defaultValue=1,convertor=<null>,convertorClass=<null>,script=<null>,mapping=false,nestName=<null>,behavior=BeanMappingBehavior[debug=true,mappingNullValue=true,mappingEmptyStrings=true,trimStrings=false],nestObject=<null>,convertorRef=<null>,getExecutor=<null>,setExecutor=<null>], BeanMappingField[srcField=BeanMappingFieldAttributes[locatorClass=<null>,name=start,clazz=<null>,componentClasses=<null>],targetField=BeanMappingFieldAttributes[locatorClass=<null>,name=start,clazz=<null>,componentClasses=<null>],defaultValue=<null>,convertor=<null>,convertorClass=<null>,script=<null>,mapping=false,nestName=<null>,behavior=BeanMappingBehavior[debug=true,mappingNullValue=true,mappingEmptyStrings=true,trimStrings=false],nestObject=<null>,convertorRef=<null>,getExecutor=<null>,setExecutor=<null>], BeanMappingField[srcField=BeanMappingFieldAttributes[locatorClass=<null>,name=targetName,clazz=<null>,componentClasses=<null>],targetField=BeanMappingFieldAttributes[locatorClass=<null>,name=name,clazz=<null>,componentClasses=<null>],defaultValue=<null>,convertor=<null>,convertorClass=<null>,script=<null>,mapping=false,nestName=<null>,behavior=BeanMappingBehavior[debug=true,mappingNullValue=true,mappingEmptyStrings=true,trimStrings=false],nestObject=<null>,convertorRef=<null>,getExecutor=<null>,setExecutor=<null>], BeanMappingField[srcField=BeanMappingFieldAttributes[locatorClass=<null>,name=mapping,clazz=<null>,componentClasses=<null>],targetField=BeanMappingFieldAttributes[locatorClass=<null>,name=mapping,clazz=<null>,componentClasses=<null>],defaultValue=<null>,convertor=<null>,convertorClass=<null>,script=<null>,mapping=true,nestName=<null>,behavior=BeanMappingBehavior[debug=true,mappingNullValue=true,mappingEmptyStrings=true,trimStrings=false],nestObject=<null>,convertorRef=<null>,getExecutor=<null>,setExecutor=<null>]],batch=true,behavior=BeanMappingBehavior[debug=true,mappingNullValue=true,mappingEmptyStrings=true,trimStrings=false],getBatchExecutor=<null>,setBatchExecutor=<null>]
 WARN config.BeanMappingConfigRespository - java.util.HashMap:com.alibaba.tamper.object.NestedSrcMappingObject has been replaced by : BeanMappingObject[name=<null>,srcKey=src,srcClass=class java.util.HashMap,targetKey=target,targetClass=class com.alibaba.tamper.object.NestedSrcMappingObject,reversable=true,beanFields=[BeanMappingField[srcField=BeanMappingFieldAttributes[locatorClass=<null>,name=name,clazz=<null>,componentClasses=<null>],targetField=BeanMappingFieldAttributes[locatorClass=<null>,name=name,clazz=<null>,componentClasses=<null>],defaultValue=ljh,convertor=<null>,convertorClass=<null>,script=<null>,mapping=false,nestName=<null>,behavior=BeanMappingBehavior[debug=true,mappingNullValue=true,mappingEmptyStrings=true,trimStrings=false],nestObject=<null>,convertorRef=<null>,getExecutor=<null>,setExecutor=<null>], BeanMappingField[srcField=BeanMappingFieldAttributes[locatorClass=<null>,name=value,clazz=class java.lang.String,componentClasses=<null>],targetField=BeanMappingFieldAttributes[locatorClass=<null>,name=bigDecimalValue,clazz=<null>,componentClasses=<null>],defaultValue=10,convertor=<null>,convertorClass=<null>,script=<null>,mapping=false,nestName=<null>,behavior=BeanMappingBehavior[debug=true,mappingNullValue=true,mappingEmptyStrings=true,trimStrings=false],nestObject=<null>,convertorRef=<null>,getExecutor=<null>,setExecutor=<null>]],batch=true,behavior=BeanMappingBehavior[debug=true,mappingNullValue=true,mappingEmptyStrings=true,trimStrings=false],getBatchExecutor=<null>,setBatchExecutor=<null>]
DEBUG core.BeanMappingExecutor - ====================== start mapping 
	 srcClass[class com.alibaba.tamper.object.SrcMappingObject] 
	 targetClass[class java.util.HashMap]
DEBUG process.DebugValueProcess - srcName[intValue],srcClass[int],targetName[intValue],targetClass[class java.lang.Integer], Value = 0
DEBUG process.DebugValueProcess - srcName[integerValue],srcClass[class java.lang.Integer],targetName[integerValue],targetClass[class java.math.BigInteger],[defaultValue=1], Value = 1
DEBUG process.DebugValueProcess - srcName[start],srcClass[boolean],targetName[start],targetClass[class java.lang.Boolean], Value = false
DEBUG process.DebugValueProcess - srcName[name],srcClass[class java.lang.String],targetName[targetName],targetClass[null], Value = null
DEBUG core.BeanMappingExecutor - ====================== start mapping 
	 srcClass[class com.alibaba.tamper.object.NestedSrcMappingObject] 
	 targetClass[class java.util.HashMap]
DEBUG process.DebugValueProcess - srcName[name],srcClass[class java.lang.String],targetName[name],targetClass[null],[defaultValue=ljh], Value = ljh
DEBUG process.DebugValueProcess - srcName[bigDecimalValue],srcClass[class java.math.BigDecimal],targetName[value],targetClass[class java.lang.String],[defaultValue=10], Value = 10
DEBUG core.BeanMappingExecutor - ====================== end mapping
DEBUG core.BeanMappingExecutor - ====================== end mapping
DEBUG core.BeanMappingExecutor - ====================== start mapping 
	 srcClass[class java.util.HashMap] 
	 targetClass[class com.alibaba.tamper.object.SrcMappingObject]
DEBUG process.DebugValueProcess - srcName[intValue],srcClass[class java.lang.Integer],targetName[intValue],targetClass[int], Value = 0
DEBUG process.DebugValueProcess - srcName[integerValue],srcClass[class java.math.BigInteger],targetName[integerValue],targetClass[class java.lang.Integer],[defaultValue=1], Value = 1
DEBUG process.DebugValueProcess - srcName[start],srcClass[class java.lang.Boolean],targetName[start],targetClass[boolean], Value = false
DEBUG process.DebugValueProcess - srcName[targetName],srcClass[null],targetName[name],targetClass[class java.lang.String], Value = null
DEBUG core.BeanMappingExecutor - ====================== start mapping 
	 srcClass[class java.util.HashMap] 
	 targetClass[class com.alibaba.tamper.object.NestedSrcMappingObject]
DEBUG process.DebugValueProcess - srcName[name],srcClass[class java.lang.String],targetName[name],targetClass[class java.lang.String],[defaultValue=ljh], Value = ljh
DEBUG process.DebugValueProcess - srcName[value],srcClass[class java.lang.String],targetName[bigDecimalValue],targetClass[class java.math.BigDecimal],[defaultValue=10], Value = 10
DEBUG core.BeanMappingExecutor - ====================== end mapping
DEBUG core.BeanMappingExecutor - ====================== end mapping
 WARN config.BeanMappingConfigRespository - com.alibaba.tamper.object.SrcMappingObject:com.alibaba.tamper.object.TargetMappingObject has been replaced by : BeanMappingObject[name=<null>,srcKey=src,srcClass=class com.alibaba.tamper.object.SrcMappingObject,targetKey=target,targetClass=class com.alibaba.tamper.object.TargetMappingObject,reversable=true,beanFields=[BeanMappingField[srcField=BeanMappingFieldAttributes[locatorClass=<null>,name=intValue,clazz=<null>,componentClasses=<null>],targetField=BeanMappingFieldAttributes[locatorClass=<null>,name=intValue,clazz=<null>,componentClasses=<null>],defaultValue=<null>,convertor=<null>,convertorClass=<null>,script=<null>,mapping=false,nestName=<null>,behavior=BeanMappingBehavior[debug=true,mappingNullValue=true,mappingEmptyStrings=true,trimStrings=false],nestObject=<null>,convertorRef=<null>,getExecutor=<null>,setExecutor=<null>], BeanMappingField[srcField=BeanMappingFieldAttributes[locatorClass=<null>,name=integerValue,clazz=<null>,componentClasses=<null>],targetField=BeanMappingFieldAttributes[locatorClass=<null>,name=integerValue,clazz=<null>,componentClasses=<null>],defaultValue=<null>,convertor=<null>,convertorClass=<null>,script=<null>,mapping=false,nestName=<null>,behavior=BeanMappingBehavior[debug=true,mappingNullValue=true,mappingEmptyStrings=true,trimStrings=false],nestObject=<null>,convertorRef=<null>,getExecutor=<null>,setExecutor=<null>], BeanMappingField[srcField=BeanMappingFieldAttributes[locatorClass=<null>,name=start,clazz=<null>,componentClasses=<null>],targetField=BeanMappingFieldAttributes[locatorClass=<null>,name=start,clazz=<null>,componentClasses=<null>],defaultValue=<null>,convertor=<null>,convertorClass=<null>,script=<null>,mapping=false,nestName=<null>,behavior=BeanMappingBehavior[debug=true,mappingNullValue=true,mappingEmptyStrings=true,trimStrings=false],nestObject=<null>,convertorRef=<null>,getExecutor=<null>,setExecutor=<null>], BeanMappingField[srcField=BeanMappingFieldAttributes[locatorClass=<null>,name=name,clazz=<null>,componentClasses=<null>],targetField=BeanMappingFieldAttributes[locatorClass=<null>,name=targetName,clazz=<null>,componentClasses=<null>],defaultValue=<null>,convertor=<null>,convertorClass=<null>,script=<null>,mapping=false,nestName=<null>,behavior=BeanMappingBehavior[debug=true,mappingNullValue=true,mappingEmptyStrings=true,trimStrings=false],nestObject=<null>,convertorRef=<null>,getExecutor=<null>,setExecutor=<null>], BeanMappingField[srcField=BeanMappingFieldAttributes[locatorClass=<null>,name=mapping,clazz=<null>,componentClasses=<null>],targetField=BeanMappingFieldAttributes[locatorClass=<null>,name=mapping,clazz=<null>,componentClasses=<null>],defaultValue=<null>,convertor=<null>,convertorClass=<null>,script=<null>,mapping=true,nestName=<null>,behavior=BeanMappingBehavior[debug=true,mappingNullValue=true,mappingEmptyStrings=true,trimStrings=false],nestObject=<null>,convertorRef=<null>,getExecutor=<null>,setExecutor=<null>]],batch=true,behavior=BeanMappingBehavior[debug=true,mappingNullValue=true,mappingEmptyStrings=true,trimStrings=false],getBatchExecutor=<null>,setBatchExecutor=<null>]
 WARN config.BeanMappingConfigRespository - com.alibaba.tamper.object.NestedSrcMappingObject:com.alibaba.tamper.object.NestedTargetMappingObject has been replaced by : BeanMappingObject[name=<null>,srcKey=src,srcClass=class com.alibaba.tamper.object.NestedSrcMappingObject,targetKey=target,targetClass=class com.alibaba.tamper.object.NestedTargetMappingObject,reversable=true,beanFields=[BeanMappingField[srcField=BeanMappingFieldAttributes[locatorClass=<null>,name=name,clazz=<null>,componentClasses=<null>],targetField=BeanMappingFieldAttributes[locatorClass=<null>,name=name,clazz=<null>,componentClasses=<null>],defaultValue=ljh,convertor=<null>,convertorClass=<null>,script=<null>,mapping=false,nestName=<null>,behavior=BeanMappingBehavior[debug=true,mappingNullValue=true,mappingEmptyStrings=true,trimStrings=false],nestObject=<null>,convertorRef=<null>,getExecutor=<null>,setExecutor=<null>], BeanMappingField[srcField=BeanMappingFieldAttributes[locatorClass=<null>,name=bigDecimalValue,clazz=<null>,componentClasses=<null>],targetField=BeanMappingFieldAttributes[locatorClass=<null>,name=value,clazz=class java.lang.String,componentClasses=<null>],defaultValue=10,convertor=<null>,convertorClass=<null>,script=<null>,mapping=false,nestName=<null>,behavior=BeanMappingBehavior[debug=true,mappingNullValue=true,mappingEmptyStrings=true,trimStrings=false],nestObject=<null>,convertorRef=<null>,getExecutor=<null>,setExecutor=<null>]],batch=true,behavior=BeanMappingBehavior[debug=true,mappingNullValue=true,mappingEmptyStrings=true,trimStrings=false],getBatchExecutor=<null>,setBatchExecutor=<null>]
 WARN config.BeanMappingConfigRespository - com.alibaba.tamper.object.SrcMappingObject:java.util.HashMap has been replaced by : BeanMappingObject[name=<null>,srcKey=src,srcClass=class com.alibaba.tamper.object.SrcMappingObject,targetKey=target,targetClass=class java.util.HashMap,reversable=true,beanFields=[BeanMappingField[srcField=BeanMappingFieldAttributes[locatorClass=<null>,name=intValue,clazz=<null>,componentClasses=<null>],targetField=BeanMappingFieldAttributes[locatorClass=<null>,name=intValue,clazz=<null>,componentClasses=<null>],defaultValue=<null>,convertor=<null>,convertorClass=<null>,script=<null>,mapping=false,nestName=<null>,behavior=BeanMappingBehavior[debug=true,mappingNullValue=true,mappingEmptyStrings=true,trimStrings=false],nestObject=<null>,convertorRef=<null>,getExecutor=<null>,setExecutor=<null>], BeanMappingField[srcField=BeanMappingFieldAttributes[locatorClass=<null>,name=integerValue,clazz=<null>,componentClasses=<null>],targetField=BeanMappingFieldAttributes[locatorClass=<null>,name=integerValue,clazz=class java.math.BigInteger,componentClasses=<null>],defaultValue=1,convertor=<null>,convertorClass=<null>,script=<null>,mapping=false,nestName=<null>,behavior=BeanMappingBehavior[debug=true,mappingNullValue=true,mappingEmptyStrings=true,trimStrings=false],nestObject=<null>,convertorRef=<null>,getExecutor=<null>,setExecutor=<null>], BeanMappingField[srcField=BeanMappingFieldAttributes[locatorClass=<null>,name=start,clazz=<null>,componentClasses=<null>],targetField=BeanMappingFieldAttributes[locatorClass=<null>,name=start,clazz=<null>,componentClasses=<null>],defaultValue=<null>,convertor=<null>,convertorClass=<null>,script=<null>,mapping=false,nestName=<null>,behavior=BeanMappingBehavior[debug=true,mappingNullValue=true,mappingEmptyStrings=true,trimStrings=false],nestObject=<null>,convertorRef=<null>,getExecutor=<null>,setExecutor=<null>], BeanMappingField[srcField=BeanMappingFieldAttributes[locatorClass=<null>,name=name,clazz=<null>,componentClasses=<null>],targetField=BeanMappingFieldAttributes[locatorClass=<null>,name=targetName,clazz=<null>,componentClasses=<null>],defaultValue=<null>,convertor=<null>,convertorClass=<null>,script=<null>,mapping=false,nestName=<null>,behavior=BeanMappingBehavior[debug=true,mappingNullValue=true,mappingEmptyStrings=true,trimStrings=false],nestObject=<null>,convertorRef=<null>,getExecutor=<null>,setExecutor=<null>], BeanMappingField[srcField=BeanMappingFieldAttributes[locatorClass=<null>,name=mapping,clazz=<null>,componentClasses=<null>],targetField=BeanMappingFieldAttributes[locatorClass=<null>,name=mapping,clazz=<null>,componentClasses=<null>],defaultValue=<null>,convertor=<null>,convertorClass=<null>,script=<null>,mapping=true,nestName=<null>,behavior=BeanMappingBehavior[debug=true,mappingNullValue=true,mappingEmptyStrings=true,trimStrings=false],nestObject=<null>,convertorRef=<null>,getExecutor=<null>,setExecutor=<null>]],batch=true,behavior=BeanMappingBehavior[debug=true,mappingNullValue=true,mappingEmptyStrings=true,trimStrings=false],getBatchExecutor=<null>,setBatchExecutor=<null>]
 WARN config.BeanMappingConfigRespository - com.alibaba.tamper.object.NestedSrcMappingObject:java.util.HashMap has been replaced by : BeanMappingObject[name=<null>,srcKey=src,srcClass=class com.alibaba.tamper.object.NestedSrcMappingObject,targetKey=target,targetClass=class java.util.HashMap,reversable=true,beanFields=[BeanMappingField[srcField=BeanMappingFieldAttributes[locatorClass=<null>,name=name,clazz=<null>,componentClasses=<null>],targetField=BeanMappingFieldAttributes[locatorClass=<null>,name=name,clazz=<null>,componentClasses=<null>],defaultValue=ljh,convertor=<null>,convertorClass=<null>,script=<null>,mapping=false,nestName=<null>,behavior=BeanMappingBehavior[debug=true,mappingNullValue=true,mappingEmptyStrings=true,trimStrings=false],nestObject=<null>,convertorRef=<null>,getExecutor=<null>,setExecutor=<null>], BeanMappingField[srcField=BeanMappingFieldAttributes[locatorClass=<null>,name=bigDecimalValue,clazz=<null>,componentClasses=<null>],targetField=BeanMappingFieldAttributes[locatorClass=<null>,name=value,clazz=class java.lang.String,componentClasses=<null>],defaultValue=10,convertor=<null>,convertorClass=<null>,script=<null>,mapping=false,nestName=<null>,behavior=BeanMappingBehavior[debug=true,mappingNullValue=true,mappingEmptyStrings=true,trimStrings=false],nestObject=<null>,convertorRef=<null>,getExecutor=<null>,setExecutor=<null>]],batch=true,behavior=BeanMappingBehavior[debug=true,mappingNullValue=true,mappingEmptyStrings=true,trimStrings=false],getBatchExecutor=<null>,setBatchExecutor=<null>]
 WARN config.BeanMappingConfigRespository - com.alibaba.tamper.object.TargetMappingObject:com.alibaba.tamper.object.SrcMappingObject has been replaced by : BeanMappingObject[name=<null>,srcKey=src,srcClass=class com.alibaba.tamper.object.TargetMappingObject,targetKey=target,targetClass=class com.alibaba.tamper.object.SrcMappingObject,reversable=true,beanFields=[BeanMappingField[srcField=BeanMappingFieldAttributes[locatorClass=<null>,name=intValue,clazz=<null>,componentClasses=<null>],targetField=BeanMappingFieldAttributes[locatorClass=<null>,name=intValue,clazz=<null>,componentClasses=<null>],defaultValue=<null>,convertor=<null>,convertorClass=<null>,script=<null>,mapping=false,nestName=<null>,behavior=BeanMappingBehavior[debug=true,mappingNullValue=true,mappingEmptyStrings=true,trimStrings=false],nestObject=<null>,convertorRef=<null>,getExecutor=<null>,setExecutor=<null>], BeanMappingField[srcField=BeanMappingFieldAttributes[locatorClass=<null>,name=integerValue,clazz=<null>,componentClasses=<null>],targetField=BeanMappingFieldAttributes[locatorClass=<null>,name=integerValue,clazz=<null>,componentClasses=<null>],defaultValue=<null>,convertor=<null>,convertorClass=<null>,script=<null>,mapping=false,nestName=<null>,behavior=BeanMappingBehavior[debug=true,mappingNullValue=true,mappingEmptyStrings=true,trimStrings=false],nestObject=<null>,convertorRef=<null>,getExecutor=<null>,setExecutor=<null>], BeanMappingField[srcField=BeanMappingFieldAttributes[locatorClass=<null>,name=start,clazz=<null>,componentClasses=<null>],targetField=BeanMappingFieldAttributes[locatorClass=<null>,name=start,clazz=<null>,componentClasses=<null>],defaultValue=<null>,convertor=<null>,convertorClass=<null>,script=<null>,mapping=false,nestName=<null>,behavior=BeanMappingBehavior[debug=true,mappingNullValue=true,mappingEmptyStrings=true,trimStrings=false],nestObject=<null>,convertorRef=<null>,getExecutor=<null>,setExecutor=<null>], BeanMappingField[srcField=BeanMappingFieldAttributes[locatorClass=<null>,name=targetName,clazz=<null>,componentClasses=<null>],targetField=BeanMappingFieldAttributes[locatorClass=<null>,name=name,clazz=<null>,componentClasses=<null>],defaultValue=<null>,convertor=<null>,convertorClass=<null>,script=<null>,mapping=false,nestName=<null>,behavior=BeanMappingBehavior[debug=true,mappingNullValue=true,mappingEmptyStrings=true,trimStrings=false],nestObject=<null>,convertorRef=<null>,getExecutor=<null>,setExecutor=<null>], BeanMappingField[srcField=BeanMappingFieldAttributes[locatorClass=<null>,name=mapping,clazz=<null>,componentClasses=<null>],targetField=BeanMappingFieldAttributes[locatorClass=<null>,name=mapping,clazz=<null>,componentClasses=<null>],defaultValue=<null>,convertor=<null>,convertorClass=<null>,script=<null>,mapping=true,nestName=<null>,behavior=BeanMappingBehavior[debug=true,mappingNullValue=true,mappingEmptyStrings=true,trimStrings=false],nestObject=<null>,convertorRef=<null>,getExecutor=<null>,setExecutor=<null>]],batch=true,behavior=BeanMappingBehavior[debug=true,mappingNullValue=true,mappingEmptyStrings=true,trimStrings=false],getBatchExecutor=<null>,setBatchExecutor=<null>]
 WARN config.BeanMappingConfigRespository - com.alibaba.tamper.object.NestedTargetMappingObject:com.alibaba.tamper.object.NestedSrcMappingObject has been replaced by : BeanMappingObject[name=<null>,srcKey=src,srcClass=class com.alibaba.tamper.object.NestedTargetMappingObject,targetKey=target,targetClass=class com.alibaba.tamper.object.NestedSrcMappingObject,reversable=true,beanFields=[BeanMappingField[srcField=BeanMappingFieldAttributes[locatorClass=<null>,name=name,clazz=<null>,componentClasses=<null>],targetField=BeanMappingFieldAttributes[locatorClass=<null>,name=name,clazz=<null>,componentClasses=<null>],defaultValue=ljh,convertor=<null>,convertorClass=<null>,script=<null>,mapping=false,nestName=<null>,behavior=BeanMappingBehavior[debug=true,mappingNullValue=true,mappingEmptyStrings=true,trimStrings=false],nestObject=<null>,convertorRef=<null>,getExecutor=<null>,setExecutor=<null>], BeanMappingField[srcField=BeanMappingFieldAttributes[locatorClass=<null>,name=value,clazz=class java.lang.String,componentClasses=<null>],targetField=BeanMappingFieldAttributes[locatorClass=<null>,name=bigDecimalValue,clazz=<null>,componentClasses=<null>],defaultValue=10,convertor=<null>,convertorClass=<null>,script=<null>,mapping=false,nestName=<null>,behavior=BeanMappingBehavior[debug=true,mappingNullValue=true,mappingEmptyStrings=true,trimStrings=false],nestObject=<null>,convertorRef=<null>,getExecutor=<null>,setExecutor=<null>]],batch=true,behavior=BeanMappingBehavior[debug=true,mappingNullValue=true,mappingEmptyStrings=true,trimStrings=false],getBatchExecutor=<null>,setBatchExecutor=<null>]
 WARN config.BeanMappingConfigRespository - java.util.HashMap:com.alibaba.tamper.object.SrcMappingObject has been replaced by : BeanMappingObject[name=<null>,srcKey=src,srcClass=class java.util.HashMap,targetKey=target,targetClass=class com.alibaba.tamper.object.SrcMappingObject,reversable=true,beanFields=[BeanMappingField[srcField=BeanMappingFieldAttributes[locatorClass=<null>,name=intValue,clazz=<null>,componentClasses=<null>],targetField=BeanMappingFieldAttributes[locatorClass=<null>,name=intValue,clazz=<null>,componentClasses=<null>],defaultValue=<null>,convertor=<null>,convertorClass=<null>,script=<null>,mapping=false,nestName=<null>,behavior=BeanMappingBehavior[debug=true,mappingNullValue=true,mappingEmptyStrings=true,trimStrings=false],nestObject=<null>,convertorRef=<null>,getExecutor=<null>,setExecutor=<null>], BeanMappingField[srcField=BeanMappingFieldAttributes[locatorClass=<null>,name=integerValue,clazz=class java.math.BigInteger,componentClasses=<null>],targetField=BeanMappingFieldAttributes[locatorClass=<null>,name=integerValue,clazz=<null>,componentClasses=<null>],defaultValue=1,convertor=<null>,convertorClass=<null>,script=<null>,mapping=false,nestName=<null>,behavior=BeanMappingBehavior[debug=true,mappingNullValue=true,mappingEmptyStrings=true,trimStrings=false],nestObject=<null>,convertorRef=<null>,getExecutor=<null>,setExecutor=<null>], BeanMappingField[srcField=BeanMappingFieldAttributes[locatorClass=<null>,name=start,clazz=<null>,componentClasses=<null>],targetField=BeanMappingFieldAttributes[locatorClass=<null>,name=start,clazz=<null>,componentClasses=<null>],defaultValue=<null>,convertor=<null>,convertorClass=<null>,script=<null>,mapping=false,nestName=<null>,behavior=BeanMappingBehavior[debug=true,mappingNullValue=true,mappingEmptyStrings=true,trimStrings=false],nestObject=<null>,convertorRef=<null>,getExecutor=<null>,setExecutor=<null>], BeanMappingField[srcField=BeanMappingFieldAttributes[locatorClass=<null>,name=targetName,clazz=<null>,componentClasses=<null>],targetField=BeanMappingFieldAttributes[locatorClass=<null>,name=name,clazz=<null>,componentClasses=<null>],defaultValue=<null>,convertor=<null>,convertorClass=<null>,script=<null>,mapping=false,nestName=<null>,behavior=BeanMappingBehavior[debug=true,mappingNullValue=true,mappingEmptyStrings=true,trimStrings=false],nestObject=<null>,convertorRef=<null>,getExecutor=<null>,setExecutor=<null>], BeanMappingField[srcField=BeanMappingFieldAttributes[locatorClass=<null>,name=mapping,clazz=<null>,componentClasses=<null>],targetField=BeanMappingFieldAttributes[locatorClass=<null>,name=mapping,clazz=<null>,componentClasses=<null>],defaultValue=<null>,convertor=<null>,convertorClass=<null>,script=<null>,mapping=true,nestName=<null>,behavior=BeanMappingBehavior[debug=true,mappingNullValue=true,mappingEmptyStrings=true,trimStrings=false],nestObject=<null>,convertorRef=<null>,getExecutor=<null>,setExecutor=<null>]],batch=true,behavior=BeanMappingBehavior[debug=true,mappingNullValue=true,mappingEmptyStrings=true,trimStrings=false],getBatchExecutor=<null>,setBatchExecutor=<null>]
 WARN config.BeanMappingConfigRespository - java.util.HashMap:com.alibaba.tamper.object.NestedSrcMappingObject has been replaced by : BeanMappingObject[name=<null>,srcKey=src,srcClass=class java.util.HashMap,targetKey=target,targetClass=class com.alibaba.tamper.object.NestedSrcMappingObject,reversable=true,beanFields=[BeanMappingField[srcField=BeanMappingFieldAttributes[locatorClass=<null>,name=name,clazz=<null>,componentClasses=<null>],targetField=BeanMappingFieldAttributes[locatorClass=<null>,name=name,clazz=<null>,componentClasses=<null>],defaultValue=ljh,convertor=<null>,convertorClass=<null>,script=<null>,mapping=false,nestName=<null>,behavior=BeanMappingBehavior[debug=true,mappingNullValue=true,mappingEmptyStrings=true,trimStrings=false],nestObject=<null>,convertorRef=<null>,getExecutor=<null>,setExecutor=<null>], BeanMappingField[srcField=BeanMappingFieldAttributes[locatorClass=<null>,name=value,clazz=class java.lang.String,componentClasses=<null>],targetField=BeanMappingFieldAttributes[locatorClass=<null>,name=bigDecimalValue,clazz=<null>,componentClasses=<null>],defaultValue=10,convertor=<null>,convertorClass=<null>,script=<null>,mapping=false,nestName=<null>,behavior=BeanMappingBehavior[debug=true,mappingNullValue=true,mappingEmptyStrings=true,trimStrings=false],nestObject=<null>,convertorRef=<null>,getExecutor=<null>,setExecutor=<null>]],batch=true,behavior=BeanMappingBehavior[debug=true,mappingNullValue=true,mappingEmptyStrings=true,trimStrings=false],getBatchExecutor=<null>,setBatchExecutor=<null>]
DEBUG core.BeanMappingExecutor - ====================== start mapping 
	 srcClass[class com.alibaba.tamper.object.SrcMappingObject] 
	 targetClass[class java.util.HashMap]
DEBUG process.DebugValueProcess - srcName[intValue],srcClass[int],targetName[intValue],targetClass[class java.lang.Integer], Value = 0
DEBUG process.DebugValueProcess - srcName[integerValue],srcClass[class java.lang.Integer],targetName[integerValue],targetClass[class java.math.BigInteger],[defaultValue=1], Value = 1
DEBUG process.DebugValueProcess - srcName[start],srcClass[boolean],targetName[start],targetClass[class java.lang.Boolean], Value = false
DEBUG process.DebugValueProcess - srcName[name],srcClass[class java.lang.String],targetName[targetName],targetClass[null], Value = null
DEBUG core.BeanMappingExecutor - ====================== end mapping
DEBUG core.BeanMappingExecutor - ====================== start mapping 
	 srcClass[class java.util.HashMap] 
	 targetClass[class com.alibaba.tamper.object.SrcMappingObject]
DEBUG process.DebugValueProcess - srcName[intValue],srcClass[class java.lang.Integer],targetName[intValue],targetClass[int], Value = 0
DEBUG process.DebugValueProcess - srcName[integerValue],srcClass[class java.math.BigInteger],targetName[integerValue],targetClass[class java.lang.Integer],[defaultValue=1], Value = 1
DEBUG process.DebugValueProcess - srcName[start],srcClass[class java.lang.Boolean],targetName[start],targetClass[boolean], Value = false
DEBUG process.DebugValueProcess - srcName[targetName],srcClass[null],targetName[name],targetClass[class java.lang.String], Value = null
DEBUG core.BeanMappingExecutor - ====================== end mapping
 WARN config.BeanMappingConfigRespository - com.alibaba.tamper.object.SrcMappingObject:com.alibaba.tamper.object.TargetMappingObject has been replaced by : BeanMappingObject[name=<null>,srcKey=src,srcClass=class com.alibaba.tamper.object.SrcMappingObject,targetKey=target,targetClass=class com.alibaba.tamper.object.TargetMappingObject,reversable=true,beanFields=[BeanMappingField[srcField=BeanMappingFieldAttributes[locatorClass=<null>,name=intValue,clazz=<null>,componentClasses=<null>],targetField=BeanMappingFieldAttributes[locatorClass=<null>,name=intValue,clazz=<null>,componentClasses=<null>],defaultValue=<null>,convertor=<null>,convertorClass=<null>,script=<null>,mapping=false,nestName=<null>,behavior=BeanMappingBehavior[debug=true,mappingNullValue=true,mappingEmptyStrings=true,trimStrings=false],nestObject=<null>,convertorRef=<null>,getExecutor=<null>,setExecutor=<null>], BeanMappingField[srcField=BeanMappingFieldAttributes[locatorClass=<null>,name=integerValue,clazz=<null>,componentClasses=<null>],targetField=BeanMappingFieldAttributes[locatorClass=<null>,name=integerValue,clazz=<null>,componentClasses=<null>],defaultValue=<null>,convertor=<null>,convertorClass=<null>,script=<null>,mapping=false,nestName=<null>,behavior=BeanMappingBehavior[debug=true,mappingNullValue=true,mappingEmptyStrings=true,trimStrings=false],nestObject=<null>,convertorRef=<null>,getExecutor=<null>,setExecutor=<null>], BeanMappingField[srcField=BeanMappingFieldAttributes[locatorClass=<null>,name=start,clazz=<null>,componentClasses=<null>],targetField=BeanMappingFieldAttributes[locatorClass=<null>,name=start,clazz=<null>,componentClasses=<null>],defaultValue=<null>,convertor=<null>,convertorClass=<null>,script=<null>,mapping=false,nestName=<null>,behavior=BeanMappingBehavior[debug=true,mappingNullValue=true,mappingEmptyStrings=true,trimStrings=false],nestObject=<null>,convertorRef=<null>,getExecutor=<null>,setExecutor=<null>], BeanMappingField[srcField=BeanMappingFieldAttributes[locatorClass=<null>,name=name,clazz=<null>,componentClasses=<null>],targetField=BeanMappingFieldAttributes[locatorClass=<null>,name=targetName,clazz=<null>,componentClasses=<null>],defaultValue=<null>,convertor=<null>,convertorClass=<null>,script=<null>,mapping=false,nestName=<null>,behavior=BeanMappingBehavior[debug=true,mappingNullValue=true,mappingEmptyStrings=true,trimStrings=false],nestObject=<null>,convertorRef=<null>,getExecutor=<null>,setExecutor=<null>], BeanMappingField[srcField=BeanMappingFieldAttributes[locatorClass=<null>,name=mapping,clazz=<null>,componentClasses=<null>],targetField=BeanMappingFieldAttributes[locatorClass=<null>,name=mapping,clazz=<null>,componentClasses=<null>],defaultValue=<null>,convertor=<null>,convertorClass=<null>,script=<null>,mapping=true,nestName=<null>,behavior=BeanMappingBehavior[debug=true,mappingNullValue=true,mappingEmptyStrings=true,trimStrings=false],nestObject=<null>,convertorRef=<null>,getExecutor=<null>,setExecutor=<null>]],batch=true,behavior=BeanMappingBehavior[debug=true,mappingNullValue=true,mappingEmptyStrings=true,trimStrings=false],getBatchExecutor=<null>,setBatchExecutor=<null>]
 WARN config.BeanMappingConfigRespository - com.alibaba.tamper.object.NestedSrcMappingObject:com.alibaba.tamper.object.NestedTargetMappingObject has been replaced by : BeanMappingObject[name=<null>,srcKey=src,srcClass=class com.alibaba.tamper.object.NestedSrcMappingObject,targetKey=target,targetClass=class com.alibaba.tamper.object.NestedTargetMappingObject,reversable=true,beanFields=[BeanMappingField[srcField=BeanMappingFieldAttributes[locatorClass=<null>,name=name,clazz=<null>,componentClasses=<null>],targetField=BeanMappingFieldAttributes[locatorClass=<null>,name=name,clazz=<null>,componentClasses=<null>],defaultValue=ljh,convertor=<null>,convertorClass=<null>,script=<null>,mapping=false,nestName=<null>,behavior=BeanMappingBehavior[debug=true,mappingNullValue=true,mappingEmptyStrings=true,trimStrings=false],nestObject=<null>,convertorRef=<null>,getExecutor=<null>,setExecutor=<null>], BeanMappingField[srcField=BeanMappingFieldAttributes[locatorClass=<null>,name=bigDecimalValue,clazz=<null>,componentClasses=<null>],targetField=BeanMappingFieldAttributes[locatorClass=<null>,name=value,clazz=class java.lang.String,componentClasses=<null>],defaultValue=10,convertor=<null>,convertorClass=<null>,script=<null>,mapping=false,nestName=<null>,behavior=BeanMappingBehavior[debug=true,mappingNullValue=true,mappingEmptyStrings=true,trimStrings=false],nestObject=<null>,convertorRef=<null>,getExecutor=<null>,setExecutor=<null>]],batch=true,behavior=BeanMappingBehavior[debug=true,mappingNullValue=true,mappingEmptyStrings=true,trimStrings=false],getBatchExecutor=<null>,setBatchExecutor=<null>]
 WARN config.BeanMappingConfigRespository - com.alibaba.tamper.object.SrcMappingObject:java.util.HashMap has been replaced by : BeanMappingObject[name=<null>,srcKey=src,srcClass=class com.alibaba.tamper.object.SrcMappingObject,targetKey=target,targetClass=class java.util.HashMap,reversable=true,beanFields=[BeanMappingField[srcField=BeanMappingFieldAttributes[locatorClass=<null>,name=intValue,clazz=<null>,componentClasses=<null>],targetField=BeanMappingFieldAttributes[locatorClass=<null>,name=intValue,clazz=<null>,componentClasses=<null>],defaultValue=<null>,convertor=<null>,convertorClass=<null>,script=<null>,mapping=false,nestName=<null>,behavior=BeanMappingBehavior[debug=true,mappingNullValue=true,mappingEmptyStrings=true,trimStrings=false],nestObject=<null>,convertorRef=<null>,getExecutor=<null>,setExecutor=<null>], BeanMappingField[srcField=BeanMappingFieldAttributes[locatorClass=<null>,name=integerValue,clazz=<null>,componentClasses=<null>],targetField=BeanMappingFieldAttributes[locatorClass=<null>,name=integerValue,clazz=class java.math.BigInteger,componentClasses=<null>],defaultValue=1,convertor=<null>,convertorClass=<null>,script=<null>,mapping=false,nestName=<null>,behavior=BeanMappingBehavior[debug=true,mappingNullValue=true,mappingEmptyStrings=true,trimStrings=false],nestObject=<null>,convertorRef=<null>,getExecutor=<null>,setExecutor=<null>], BeanMappingField[srcField=BeanMappingFieldAttributes[locatorClass=<null>,name=start,clazz=<null>,componentClasses=<null>],targetField=BeanMappingFieldAttributes[locatorClass=<null>,name=start,clazz=<null>,componentClasses=<null>],defaultValue=<null>,convertor=<null>,convertorClass=<null>,script=<null>,mapping=false,nestName=<null>,behavior=BeanMappingBehavior[debug=true,mappingNullValue=true,mappingEmptyStrings=true,trimStrings=false],nestObject=<null>,convertorRef=<null>,getExecutor=<null>,setExecutor=<null>], BeanMappingField[srcField=BeanMappingFieldAttributes[locatorClass=<null>,name=name,clazz=<null>,componentClasses=<null>],targetField=BeanMappingFieldAttributes[locatorClass=<null>,name=targetName,clazz=<null>,componentClasses=<null>],defaultValue=<null>,convertor=<null>,convertorClass=<null>,script=<null>,mapping=false,nestName=<null>,behavior=BeanMappingBehavior[debug=true,mappingNullValue=true,mappingEmptyStrings=true,trimStrings=false],nestObject=<null>,convertorRef=<null>,getExecutor=<null>,setExecutor=<null>], BeanMappingField[srcField=BeanMappingFieldAttributes[locatorClass=<null>,name=mapping,clazz=<null>,componentClasses=<null>],targetField=BeanMappingFieldAttributes[locatorClass=<null>,name=mapping,clazz=<null>,componentClasses=<null>],defaultValue=<null>,convertor=<null>,convertorClass=<null>,script=<null>,mapping=true,nestName=<null>,behavior=BeanMappingBehavior[debug=true,mappingNullValue=true,mappingEmptyStrings=true,trimStrings=false],nestObject=<null>,convertorRef=<null>,getExecutor=<null>,setExecutor=<null>]],batch=true,behavior=BeanMappingBehavior[debug=true,mappingNullValue=true,mappingEmptyStrings=true,trimStrings=false],getBatchExecutor=<null>,setBatchExecutor=<null>]
 WARN config.BeanMappingConfigRespository - com.alibaba.tamper.object.NestedSrcMappingObject:java.util.HashMap has been replaced by : BeanMappingObject[name=<null>,srcKey=src,srcClass=class com.alibaba.tamper.object.NestedSrcMappingObject,targetKey=target,targetClass=class java.util.HashMap,reversable=true,beanFields=[BeanMappingField[srcField=BeanMappingFieldAttributes[locatorClass=<null>,name=name,clazz=<null>,componentClasses=<null>],targetField=BeanMappingFieldAttributes[locatorClass=<null>,name=name,clazz=<null>,componentClasses=<null>],defaultValue=ljh,convertor=<null>,convertorClass=<null>,script=<null>,mapping=false,nestName=<null>,behavior=BeanMappingBehavior[debug=true,mappingNullValue=true,mappingEmptyStrings=true,trimStrings=false],nestObject=<null>,convertorRef=<null>,getExecutor=<null>,setExecutor=<null>], BeanMappingField[srcField=BeanMappingFieldAttributes[locatorClass=<null>,name=bigDecimalValue,clazz=<null>,componentClasses=<null>],targetField=BeanMappingFieldAttributes[locatorClass=<null>,name=value,clazz=class java.lang.String,componentClasses=<null>],defaultValue=10,convertor=<null>,convertorClass=<null>,script=<null>,mapping=false,nestName=<null>,behavior=BeanMappingBehavior[debug=true,mappingNullValue=true,mappingEmptyStrings=true,trimStrings=false],nestObject=<null>,convertorRef=<null>,getExecutor=<null>,setExecutor=<null>]],batch=true,behavior=BeanMappingBehavior[debug=true,mappingNullValue=true,mappingEmptyStrings=true,trimStrings=false],getBatchExecutor=<null>,setBatchExecutor=<null>]
 WARN config.BeanMappingConfigRespository - com.alibaba.tamper.object.TargetMappingObject:com.alibaba.tamper.object.SrcMappingObject has been replaced by : BeanMappingObject[name=<null>,srcKey=src,srcClass=class com.alibaba.tamper.object.TargetMappingObject,targetKey=target,targetClass=class com.alibaba.tamper.object.SrcMappingObject,reversable=true,beanFields=[BeanMappingField[srcField=BeanMappingFieldAttributes[locatorClass=<null>,name=intValue,clazz=<null>,componentClasses=<null>],targetField=BeanMappingFieldAttributes[locatorClass=<null>,name=intValue,clazz=<null>,componentClasses=<null>],defaultValue=<null>,convertor=<null>,convertorClass=<null>,script=<null>,mapping=false,nestName=<null>,behavior=BeanMappingBehavior[debug=true,mappingNullValue=true,mappingEmptyStrings=true,trimStrings=false],nestObject=<null>,convertorRef=<null>,getExecutor=<null>,setExecutor=<null>], BeanMappingField[srcField=BeanMappingFieldAttributes[locatorClass=<null>,name=integerValue,clazz=<null>,componentClasses=<null>],targetField=BeanMappingFieldAttributes[locatorClass=<null>,name=integerValue,clazz=<null>,componentClasses=<null>],defaultValue=<null>,convertor=<null>,convertorClass=<null>,script=<null>,mapping=false,nestName=<null>,behavior=BeanMappingBehavior[debug=true,mappingNullValue=true,mappingEmptyStrings=true,trimStrings=false],nestObject=<null>,convertorRef=<null>,getExecutor=<null>,setExecutor=<null>], BeanMappingField[srcField=BeanMappingFieldAttributes[locatorClass=<null>,name=start,clazz=<null>,componentClasses=<null>],targetField=BeanMappingFieldAttributes[locatorClass=<null>,name=start,clazz=<null>,componentClasses=<null>],defaultValue=<null>,convertor=<null>,convertorClass=<null>,script=<null>,mapping=false,nestName=<null>,behavior=BeanMappingBehavior[debug=true,mappingNullValue=true,mappingEmptyStrings=true,trimStrings=false],nestObject=<null>,convertorRef=<null>,getExecutor=<null>,setExecutor=<null>], BeanMappingField[srcField=BeanMappingFieldAttributes[locatorClass=<null>,name=targetName,clazz=<null>,componentClasses=<null>],targetField=BeanMappingFieldAttributes[locatorClass=<null>,name=name,clazz=<null>,componentClasses=<null>],defaultValue=<null>,convertor=<null>,convertorClass=<null>,script=<null>,mapping=false,nestName=<null>,behavior=BeanMappingBehavior[debug=true,mappingNullValue=true,mappingEmptyStrings=true,trimStrings=false],nestObject=<null>,convertorRef=<null>,getExecutor=<null>,setExecutor=<null>], BeanMappingField[srcField=BeanMappingFieldAttributes[locatorClass=<null>,name=mapping,clazz=<null>,componentClasses=<null>],targetField=BeanMappingFieldAttributes[locatorClass=<null>,name=mapping,clazz=<null>,componentClasses=<null>],defaultValue=<null>,convertor=<null>,convertorClass=<null>,script=<null>,mapping=true,nestName=<null>,behavior=BeanMappingBehavior[debug=true,mappingNullValue=true,mappingEmptyStrings=true,trimStrings=false],nestObject=<null>,convertorRef=<null>,getExecutor=<null>,setExecutor=<null>]],batch=true,behavior=BeanMappingBehavior[debug=true,mappingNullValue=true,mappingEmptyStrings=true,trimStrings=false],getBatchExecutor=<null>,setBatchExecutor=<null>]
 WARN config.BeanMappingConfigRespository - com.alibaba.tamper.object.NestedTargetMappingObject:com.alibaba.tamper.object.NestedSrcMappingObject has been replaced by : BeanMappingObject[name=<null>,srcKey=src,srcClass=class com.alibaba.tamper.object.NestedTargetMappingObject,targetKey=target,targetClass=class com.alibaba.tamper.object.NestedSrcMappingObject,reversable=true,beanFields=[BeanMappingField[srcField=BeanMappingFieldAttributes[locatorClass=<null>,name=name,clazz=<null>,componentClasses=<null>],targetField=BeanMappingFieldAttributes[locatorClass=<null>,name=name,clazz=<null>,componentClasses=<null>],defaultValue=ljh,convertor=<null>,convertorClass=<null>,script=<null>,mapping=false,nestName=<null>,behavior=BeanMappingBehavior[debug=true,mappingNullValue=true,mappingEmptyStrings=true,trimStrings=false],nestObject=<null>,convertorRef=<null>,getExecutor=<null>,setExecutor=<null>], BeanMappingField[srcField=BeanMappingFieldAttributes[locatorClass=<null>,name=value,clazz=class java.lang.String,componentClasses=<null>],targetField=BeanMappingFieldAttributes[locatorClass=<null>,name=bigDecimalValue,clazz=<null>,componentClasses=<null>],defaultValue=10,convertor=<null>,convertorClass=<null>,script=<null>,mapping=false,nestName=<null>,behavior=BeanMappingBehavior[debug=true,mappingNullValue=true,mappingEmptyStrings=true,trimStrings=false],nestObject=<null>,convertorRef=<null>,getExecutor=<null>,setExecutor=<null>]],batch=true,behavior=BeanMappingBehavior[debug=true,mappingNullValue=true,mappingEmptyStrings=true,trimStrings=false],getBatchExecutor=<null>,setBatchExecutor=<null>]
 WARN config.BeanMappingConfigRespository - java.util.HashMap:com.alibaba.tamper.object.SrcMappingObject has been replaced by : BeanMappingObject[name=<null>,srcKey=src,srcClass=class java.util.HashMap,targetKey=target,targetClass=class com.alibaba.tamper.object.SrcMappingObject,reversable=true,beanFields=[BeanMappingField[srcField=BeanMappingFieldAttributes[locatorClass=<null>,name=intValue,clazz=<null>,componentClasses=<null>],targetField=BeanMappingFieldAttributes[locatorClass=<null>,name=intValue,clazz=<null>,componentClasses=<null>],defaultValue=<null>,convertor=<null>,convertorClass=<null>,script=<null>,mapping=false,nestName=<null>,behavior=BeanMappingBehavior[debug=true,mappingNullValue=true,mappingEmptyStrings=true,trimStrings=false],nestObject=<null>,convertorRef=<null>,getExecutor=<null>,setExecutor=<null>], BeanMappingField[srcField=BeanMappingFieldAttributes[locatorClass=<null>,name=integerValue,clazz=class java.math.BigInteger,componentClasses=<null>],targetField=BeanMappingFieldAttributes[locatorClass=<null>,name=integerValue,clazz=<null>,componentClasses=<null>],defaultValue=1,convertor=<null>,convertorClass=<null>,script=<null>,mapping=false,nestName=<null>,behavior=BeanMappingBehavior[debug=true,mappingNullValue=true,mappingEmptyStrings=true,trimStrings=false],nestObject=<null>,convertorRef=<null>,getExecutor=<null>,setExecutor=<null>], BeanMappingField[srcField=BeanMappingFieldAttributes[locatorClass=<null>,name=start,clazz=<null>,componentClasses=<null>],targetField=BeanMappingFieldAttributes[locatorClass=<null>,name=start,clazz=<null>,componentClasses=<null>],defaultValue=<null>,convertor=<null>,convertorClass=<null>,script=<null>,mapping=false,nestName=<null>,behavior=BeanMappingBehavior[debug=true,mappingNullValue=true,mappingEmptyStrings=true,trimStrings=false],nestObject=<null>,convertorRef=<null>,getExecutor=<null>,setExecutor=<null>], BeanMappingField[srcField=BeanMappingFieldAttributes[locatorClass=<null>,name=targetName,clazz=<null>,componentClasses=<null>],targetField=BeanMappingFieldAttributes[locatorClass=<null>,name=name,clazz=<null>,componentClasses=<null>],defaultValue=<null>,convertor=<null>,convertorClass=<null>,script=<null>,mapping=false,nestName=<null>,behavior=BeanMappingBehavior[debug=true,mappingNullValue=true,mappingEmptyStrings=true,trimStrings=false],nestObject=<null>,convertorRef=<null>,getExecutor=<null>,setExecutor=<null>], BeanMappingField[srcField=BeanMappingFieldAttributes[locatorClass=<null>,name=mapping,clazz=<null>,componentClasses=<null>],targetField=BeanMappingFieldAttributes[locatorClass=<null>,name=mapping,clazz=<null>,componentClasses=<null>],defaultValue=<null>,convertor=<null>,convertorClass=<null>,script=<null>,mapping=true,nestName=<null>,behavior=BeanMappingBehavior[debug=true,mappingNullValue=true,mappingEmptyStrings=true,trimStrings=false],nestObject=<null>,convertorRef=<null>,getExecutor=<null>,setExecutor=<null>]],batch=true,behavior=BeanMappingBehavior[debug=true,mappingNullValue=true,mappingEmptyStrings=true,trimStrings=false],getBatchExecutor=<null>,setBatchExecutor=<null>]
 WARN config.BeanMappingConfigRespository - java.util.HashMap:com.alibaba.tamper.object.NestedSrcMappingObject has been replaced by : BeanMappingObject[name=<null>,srcKey=src,srcClass=class java.util.HashMap,targetKey=target,targetClass=class com.alibaba.tamper.object.NestedSrcMappingObject,reversable=true,beanFields=[BeanMappingField[srcField=BeanMappingFieldAttributes[locatorClass=<null>,name=name,clazz=<null>,componentClasses=<null>],targetField=BeanMappingFieldAttributes[locatorClass=<null>,name=name,clazz=<null>,componentClasses=<null>],defaultValue=ljh,convertor=<null>,convertorClass=<null>,script=<null>,mapping=false,nestName=<null>,behavior=BeanMappingBehavior[debug=true,mappingNullValue=true,mappingEmptyStrings=true,trimStrings=false],nestObject=<null>,convertorRef=<null>,getExecutor=<null>,setExecutor=<null>], BeanMappingField[srcField=BeanMappingFieldAttributes[locatorClass=<null>,name=value,clazz=class java.lang.String,componentClasses=<null>],targetField=BeanMappingFieldAttributes[locatorClass=<null>,name=bigDecimalValue,clazz=<null>,componentClasses=<null>],defaultValue=10,convertor=<null>,convertorClass=<null>,script=<null>,mapping=false,nestName=<null>,behavior=BeanMappingBehavior[debug=true,mappingNullValue=true,mappingEmptyStrings=true,trimStrings=false],nestObject=<null>,convertorRef=<null>,getExecutor=<null>,setExecutor=<null>]],batch=true,behavior=BeanMappingBehavior[debug=true,mappingNullValue=true,mappingEmptyStrings=true,trimStrings=false],getBatchExecutor=<null>,setBatchExecutor=<null>]
DEBUG core.BeanMappingExecutor - ====================== start mapping 
	 srcClass[class com.alibaba.tamper.object.SrcMappingObject] 
	 targetClass[class java.util.HashMap]
DEBUG process.DebugValueProcess - srcName[intValue],srcClass[int],targetName[intValue],targetClass[class java.lang.Integer], Value = 0
DEBUG process.DebugValueProcess - srcName[integerValue],srcClass[class java.lang.Integer],targetName[integerValue],targetClass[class java.math.BigInteger],[defaultValue=1], Value = 1
DEBUG process.DebugValueProcess - srcName[start],srcClass[boolean],targetName[start],targetClass[class java.lang.Boolean], Value = false
DEBUG process.DebugValueProcess - srcName[name],srcClass[class java.lang.String],targetName[targetName],targetClass[class java.lang.String], Value = ljh
DEBUG core.BeanMappingExecutor - ====================== start mapping 
	 srcClass[class com.alibaba.tamper.object.NestedSrcMappingObject] 
	 targetClass[class java.util.HashMap]
DEBUG process.DebugValueProcess - srcName[name],srcClass[class java.lang.String],targetName[name],targetClass[null],[defaultValue=ljh], Value = ljh
DEBUG process.DebugValueProcess - srcName[bigDecimalValue],srcClass[class java.math.BigDecimal],targetName[value],targetClass[class java.lang.String],[defaultValue=10], Value = 10
DEBUG core.BeanMappingExecutor - ====================== end mapping
DEBUG core.BeanMappingExecutor - ====================== end mapping
DEBUG core.BeanMappingExecutor - ====================== start mapping 
	 srcClass[class java.util.HashMap] 
	 targetClass[class com.alibaba.tamper.object.SrcMappingObject]
DEBUG process.DebugValueProcess - srcName[intValue],srcClass[class java.lang.Integer],targetName[intValue],targetClass[int], Value = 0
DEBUG process.DebugValueProcess - srcName[integerValue],srcClass[class java.math.BigInteger],targetName[integerValue],targetClass[class java.lang.Integer],[defaultValue=1], Value = 1
DEBUG process.DebugValueProcess - srcName[start],srcClass[class java.lang.Boolean],targetName[start],targetClass[boolean], Value = false
DEBUG process.DebugValueProcess - srcName[targetName],srcClass[class java.lang.String],targetName[name],targetClass[class java.lang.String], Value = ljh
DEBUG core.BeanMappingExecutor - ====================== start mapping 
	 srcClass[class java.util.HashMap] 
	 targetClass[class com.alibaba.tamper.object.NestedSrcMappingObject]
DEBUG process.DebugValueProcess - srcName[name],srcClass[class java.lang.String],targetName[name],targetClass[class java.lang.String],[defaultValue=ljh], Value = ljh
DEBUG process.DebugValueProcess - srcName[value],srcClass[class java.lang.String],targetName[bigDecimalValue],targetClass[class java.math.BigDecimal],[defaultValue=10], Value = 10
DEBUG core.BeanMappingExecutor - ====================== end mapping
DEBUG core.BeanMappingExecutor - ====================== end mapping
 WARN config.BeanMappingConfigRespository - com.alibaba.tamper.object.SrcMappingObject:com.alibaba.tamper.object.TargetMappingObject has been replaced by : BeanMappingObject[name=<null>,srcKey=src,srcClass=class com.alibaba.tamper.object.SrcMappingObject,targetKey=target,targetClass=class com.alibaba.tamper.object.TargetMappingObject,reversable=true,beanFields=[BeanMappingField[srcField=BeanMappingFieldAttributes[locatorClass=<null>,name=intValue,clazz=<null>,componentClasses=<null>],targetField=BeanMappingFieldAttributes[locatorClass=<null>,name=intValue,clazz=<null>,componentClasses=<null>],defaultValue=<null>,convertor=<null>,convertorClass=<null>,script=<null>,mapping=false,nestName=<null>,behavior=BeanMappingBehavior[debug=true,mappingNullValue=true,mappingEmptyStrings=true,trimStrings=false],nestObject=<null>,convertorRef=<null>,getExecutor=<null>,setExecutor=<null>], BeanMappingField[srcField=BeanMappingFieldAttributes[locatorClass=<null>,name=integerValue,clazz=<null>,componentClasses=<null>],targetField=BeanMappingFieldAttributes[locatorClass=<null>,name=integerValue,clazz=<null>,componentClasses=<null>],defaultValue=<null>,convertor=<null>,convertorClass=<null>,script=<null>,mapping=false,nestName=<null>,behavior=BeanMappingBehavior[debug=true,mappingNullValue=true,mappingEmptyStrings=true,trimStrings=false],nestObject=<null>,convertorRef=<null>,getExecutor=<null>,setExecutor=<null>], BeanMappingField[srcField=BeanMappingFieldAttributes[locatorClass=<null>,name=start,clazz=<null>,componentClasses=<null>],targetField=BeanMappingFieldAttributes[locatorClass=<null>,name=start,clazz=<null>,componentClasses=<null>],defaultValue=<null>,convertor=<null>,convertorClass=<null>,script=<null>,mapping=false,nestName=<null>,behavior=BeanMappingBehavior[debug=true,mappingNullValue=true,mappingEmptyStrings=true,trimStrings=false],nestObject=<null>,convertorRef=<null>,getExecutor=<null>,setExecutor=<null>], BeanMappingField[srcField=BeanMappingFieldAttributes[locatorClass=<null>,name=name,clazz=<null>,componentClasses=<null>],targetField=BeanMappingFieldAttributes[locatorClass=<null>,name=targetName,clazz=<null>,componentClasses=<null>],defaultValue=<null>,convertor=<null>,convertorClass=<null>,script=<null>,mapping=false,nestName=<null>,behavior=BeanMappingBehavior[debug=true,mappingNullValue=true,mappingEmptyStrings=true,trimStrings=false],nestObject=<null>,convertorRef=<null>,getExecutor=<null>,setExecutor=<null>], BeanMappingField[srcField=BeanMappingFieldAttributes[locatorClass=<null>,name=mapping,clazz=<null>,componentClasses=<null>],targetField=BeanMappingFieldAttributes[locatorClass=<null>,name=mapping,clazz=<null>,componentClasses=<null>],defaultValue=<null>,convertor=<null>,convertorClass=<null>,script=<null>,mapping=true,nestName=<null>,behavior=BeanMappingBehavior[debug=true,mappingNullValue=true,mappingEmptyStrings=true,trimStrings=false],nestObject=<null>,convertorRef=<null>,getExecutor=<null>,setExecutor=<null>]],batch=true,behavior=BeanMappingBehavior[debug=true,mappingNullValue=true,mappingEmptyStrings=true,trimStrings=false],getBatchExecutor=<null>,setBatchExecutor=<null>]
 WARN config.BeanMappingConfigRespository - com.alibaba.tamper.object.NestedSrcMappingObject:com.alibaba.tamper.object.NestedTargetMappingObject has been replaced by : BeanMappingObject[name=<null>,srcKey=src,srcClass=class com.alibaba.tamper.object.NestedSrcMappingObject,targetKey=target,targetClass=class com.alibaba.tamper.object.NestedTargetMappingObject,reversable=true,beanFields=[BeanMappingField[srcField=BeanMappingFieldAttributes[locatorClass=<null>,name=name,clazz=<null>,componentClasses=<null>],targetField=BeanMappingFieldAttributes[locatorClass=<null>,name=name,clazz=<null>,componentClasses=<null>],defaultValue=ljh,convertor=<null>,convertorClass=<null>,script=<null>,mapping=false,nestName=<null>,behavior=BeanMappingBehavior[debug=true,mappingNullValue=true,mappingEmptyStrings=true,trimStrings=false],nestObject=<null>,convertorRef=<null>,getExecutor=<null>,setExecutor=<null>], BeanMappingField[srcField=BeanMappingFieldAttributes[locatorClass=<null>,name=bigDecimalValue,clazz=<null>,componentClasses=<null>],targetField=BeanMappingFieldAttributes[locatorClass=<null>,name=value,clazz=class java.lang.String,componentClasses=<null>],defaultValue=10,convertor=<null>,convertorClass=<null>,script=<null>,mapping=false,nestName=<null>,behavior=BeanMappingBehavior[debug=true,mappingNullValue=true,mappingEmptyStrings=true,trimStrings=false],nestObject=<null>,convertorRef=<null>,getExecutor=<null>,setExecutor=<null>]],batch=true,behavior=BeanMappingBehavior[debug=true,mappingNullValue=true,mappingEmptyStrings=true,trimStrings=false],getBatchExecutor=<null>,setBatchExecutor=<null>]
 WARN config.BeanMappingConfigRespository - com.alibaba.tamper.object.SrcMappingObject:java.util.HashMap has been replaced by : BeanMappingObject[name=<null>,srcKey=src,srcClass=class com.alibaba.tamper.object.SrcMappingObject,targetKey=target,targetClass=class java.util.HashMap,reversable=true,beanFields=[BeanMappingField[srcField=BeanMappingFieldAttributes[locatorClass=<null>,name=intValue,clazz=<null>,componentClasses=<null>],targetField=BeanMappingFieldAttributes[locatorClass=<null>,name=intValue,clazz=<null>,componentClasses=<null>],defaultValue=<null>,convertor=<null>,convertorClass=<null>,script=<null>,mapping=false,nestName=<null>,behavior=BeanMappingBehavior[debug=true,mappingNullValue=true,mappingEmptyStrings=true,trimStrings=false],nestObject=<null>,convertorRef=<null>,getExecutor=<null>,setExecutor=<null>], BeanMappingField[srcField=BeanMappingFieldAttributes[locatorClass=<null>,name=integerValue,clazz=<null>,componentClasses=<null>],targetField=BeanMappingFieldAttributes[locatorClass=<null>,name=integerValue,clazz=class java.math.BigInteger,componentClasses=<null>],defaultValue=1,convertor=<null>,convertorClass=<null>,script=<null>,mapping=false,nestName=<null>,behavior=BeanMappingBehavior[debug=true,mappingNullValue=true,mappingEmptyStrings=true,trimStrings=false],nestObject=<null>,convertorRef=<null>,getExecutor=<null>,setExecutor=<null>], BeanMappingField[srcField=BeanMappingFieldAttributes[locatorClass=<null>,name=start,clazz=<null>,componentClasses=<null>],targetField=BeanMappingFieldAttributes[locatorClass=<null>,name=start,clazz=<null>,componentClasses=<null>],defaultValue=<null>,convertor=<null>,convertorClass=<null>,script=<null>,mapping=false,nestName=<null>,behavior=BeanMappingBehavior[debug=true,mappingNullValue=true,mappingEmptyStrings=true,trimStrings=false],nestObject=<null>,convertorRef=<null>,getExecutor=<null>,setExecutor=<null>], BeanMappingField[srcField=BeanMappingFieldAttributes[locatorClass=<null>,name=name,clazz=<null>,componentClasses=<null>],targetField=BeanMappingFieldAttributes[locatorClass=<null>,name=targetName,clazz=<null>,componentClasses=<null>],defaultValue=<null>,convertor=<null>,convertorClass=<null>,script=<null>,mapping=false,nestName=<null>,behavior=BeanMappingBehavior[debug=true,mappingNullValue=true,mappingEmptyStrings=true,trimStrings=false],nestObject=<null>,convertorRef=<null>,getExecutor=<null>,setExecutor=<null>], BeanMappingField[srcField=BeanMappingFieldAttributes[locatorClass=<null>,name=mapping,clazz=<null>,componentClasses=<null>],targetField=BeanMappingFieldAttributes[locatorClass=<null>,name=mapping,clazz=<null>,componentClasses=<null>],defaultValue=<null>,convertor=<null>,convertorClass=<null>,script=<null>,mapping=true,nestName=<null>,behavior=BeanMappingBehavior[debug=true,mappingNullValue=true,mappingEmptyStrings=true,trimStrings=false],nestObject=<null>,convertorRef=<null>,getExecutor=<null>,setExecutor=<null>]],batch=true,behavior=BeanMappingBehavior[debug=true,mappingNullValue=true,mappingEmptyStrings=true,trimStrings=false],getBatchExecutor=<null>,setBatchExecutor=<null>]
 WARN config.BeanMappingConfigRespository - com.alibaba.tamper.object.NestedSrcMappingObject:java.util.HashMap has been replaced by : BeanMappingObject[name=<null>,srcKey=src,srcClass=class com.alibaba.tamper.object.NestedSrcMappingObject,targetKey=target,targetClass=class java.util.HashMap,reversable=true,beanFields=[BeanMappingField[srcField=BeanMappingFieldAttributes[locatorClass=<null>,name=name,clazz=<null>,componentClasses=<null>],targetField=BeanMappingFieldAttributes[locatorClass=<null>,name=name,clazz=<null>,componentClasses=<null>],defaultValue=ljh,convertor=<null>,convertorClass=<null>,script=<null>,mapping=false,nestName=<null>,behavior=BeanMappingBehavior[debug=true,mappingNullValue=true,mappingEmptyStrings=true,trimStrings=false],nestObject=<null>,convertorRef=<null>,getExecutor=<null>,setExecutor=<null>], BeanMappingField[srcField=BeanMappingFieldAttributes[locatorClass=<null>,name=bigDecimalValue,clazz=<null>,componentClasses=<null>],targetField=BeanMappingFieldAttributes[locatorClass=<null>,name=value,clazz=class java.lang.String,componentClasses=<null>],defaultValue=10,convertor=<null>,convertorClass=<null>,script=<null>,mapping=false,nestName=<null>,behavior=BeanMappingBehavior[debug=true,mappingNullValue=true,mappingEmptyStrings=true,trimStrings=false],nestObject=<null>,convertorRef=<null>,getExecutor=<null>,setExecutor=<null>]],batch=true,behavior=BeanMappingBehavior[debug=true,mappingNullValue=true,mappingEmptyStrings=true,trimStrings=false],getBatchExecutor=<null>,setBatchExecutor=<null>]
 WARN config.BeanMappingConfigRespository - com.alibaba.tamper.object.TargetMappingObject:com.alibaba.tamper.object.SrcMappingObject has been replaced by : BeanMappingObject[name=<null>,srcKey=src,srcClass=class com.alibaba.tamper.object.TargetMappingObject,targetKey=target,targetClass=class com.alibaba.tamper.object.SrcMappingObject,reversable=true,beanFields=[BeanMappingField[srcField=BeanMappingFieldAttributes[locatorClass=<null>,name=intValue,clazz=<null>,componentClasses=<null>],targetField=BeanMappingFieldAttributes[locatorClass=<null>,name=intValue,clazz=<null>,componentClasses=<null>],defaultValue=<null>,convertor=<null>,convertorClass=<null>,script=<null>,mapping=false,nestName=<null>,behavior=BeanMappingBehavior[debug=true,mappingNullValue=true,mappingEmptyStrings=true,trimStrings=false],nestObject=<null>,convertorRef=<null>,getExecutor=<null>,setExecutor=<null>], BeanMappingField[srcField=BeanMappingFieldAttributes[locatorClass=<null>,name=integerValue,clazz=<null>,componentClasses=<null>],targetField=BeanMappingFieldAttributes[locatorClass=<null>,name=integerValue,clazz=<null>,componentClasses=<null>],defaultValue=<null>,convertor=<null>,convertorClass=<null>,script=<null>,mapping=false,nestName=<null>,behavior=BeanMappingBehavior[debug=true,mappingNullValue=true,mappingEmptyStrings=true,trimStrings=false],nestObject=<null>,convertorRef=<null>,getExecutor=<null>,setExecutor=<null>], BeanMappingField[srcField=BeanMappingFieldAttributes[locatorClass=<null>,name=start,clazz=<null>,componentClasses=<null>],targetField=BeanMappingFieldAttributes[locatorClass=<null>,name=start,clazz=<null>,componentClasses=<null>],defaultValue=<null>,convertor=<null>,convertorClass=<null>,script=<null>,mapping=false,nestName=<null>,behavior=BeanMappingBehavior[debug=true,mappingNullValue=true,mappingEmptyStrings=true,trimStrings=false],nestObject=<null>,convertorRef=<null>,getExecutor=<null>,setExecutor=<null>], BeanMappingField[srcField=BeanMappingFieldAttributes[locatorClass=<null>,name=targetName,clazz=<null>,componentClasses=<null>],targetField=BeanMappingFieldAttributes[locatorClass=<null>,name=name,clazz=<null>,componentClasses=<null>],defaultValue=<null>,convertor=<null>,convertorClass=<null>,script=<null>,mapping=false,nestName=<null>,behavior=BeanMappingBehavior[debug=true,mappingNullValue=true,mappingEmptyStrings=true,trimStrings=false],nestObject=<null>,convertorRef=<null>,getExecutor=<null>,setExecutor=<null>], BeanMappingField[srcField=BeanMappingFieldAttributes[locatorClass=<null>,name=mapping,clazz=<null>,componentClasses=<null>],targetField=BeanMappingFieldAttributes[locatorClass=<null>,name=mapping,clazz=<null>,componentClasses=<null>],defaultValue=<null>,convertor=<null>,convertorClass=<null>,script=<null>,mapping=true,nestName=<null>,behavior=BeanMappingBehavior[debug=true,mappingNullValue=true,mappingEmptyStrings=true,trimStrings=false],nestObject=<null>,convertorRef=<null>,getExecutor=<null>,setExecutor=<null>]],batch=true,behavior=BeanMappingBehavior[debug=true,mappingNullValue=true,mappingEmptyStrings=true,trimStrings=false],getBatchExecutor=<null>,setBatchExecutor=<null>]
 WARN config.BeanMappingConfigRespository - com.alibaba.tamper.object.NestedTargetMappingObject:com.alibaba.tamper.object.NestedSrcMappingObject has been replaced by : BeanMappingObject[name=<null>,srcKey=src,srcClass=class com.alibaba.tamper.object.NestedTargetMappingObject,targetKey=target,targetClass=class com.alibaba.tamper.object.NestedSrcMappingObject,reversable=true,beanFields=[BeanMappingField[srcField=BeanMappingFieldAttributes[locatorClass=<null>,name=name,clazz=<null>,componentClasses=<null>],targetField=BeanMappingFieldAttributes[locatorClass=<null>,name=name,clazz=<null>,componentClasses=<null>],defaultValue=ljh,convertor=<null>,convertorClass=<null>,script=<null>,mapping=false,nestName=<null>,behavior=BeanMappingBehavior[debug=true,mappingNullValue=true,mappingEmptyStrings=true,trimStrings=false],nestObject=<null>,convertorRef=<null>,getExecutor=<null>,setExecutor=<null>], BeanMappingField[srcField=BeanMappingFieldAttributes[locatorClass=<null>,name=value,clazz=class java.lang.String,componentClasses=<null>],targetField=BeanMappingFieldAttributes[locatorClass=<null>,name=bigDecimalValue,clazz=<null>,componentClasses=<null>],defaultValue=10,convertor=<null>,convertorClass=<null>,script=<null>,mapping=false,nestName=<null>,behavior=BeanMappingBehavior[debug=true,mappingNullValue=true,mappingEmptyStrings=true,trimStrings=false],nestObject=<null>,convertorRef=<null>,getExecutor=<null>,setExecutor=<null>]],batch=true,behavior=BeanMappingBehavior[debug=true,mappingNullValue=true,mappingEmptyStrings=true,trimStrings=false],getBatchExecutor=<null>,setBatchExecutor=<null>]
 WARN config.BeanMappingConfigRespository - java.util.HashMap:com.alibaba.tamper.object.SrcMappingObject has been replaced by : BeanMappingObject[name=<null>,srcKey=src,srcClass=class java.util.HashMap,targetKey=target,targetClass=class com.alibaba.tamper.object.SrcMappingObject,reversable=true,beanFields=[BeanMappingField[srcField=BeanMappingFieldAttributes[locatorClass=<null>,name=intValue,clazz=<null>,componentClasses=<null>],targetField=BeanMappingFieldAttributes[locatorClass=<null>,name=intValue,clazz=<null>,componentClasses=<null>],defaultValue=<null>,convertor=<null>,convertorClass=<null>,script=<null>,mapping=false,nestName=<null>,behavior=BeanMappingBehavior[debug=true,mappingNullValue=true,mappingEmptyStrings=true,trimStrings=false],nestObject=<null>,convertorRef=<null>,getExecutor=<null>,setExecutor=<null>], BeanMappingField[srcField=BeanMappingFieldAttributes[locatorClass=<null>,name=integerValue,clazz=class java.math.BigInteger,componentClasses=<null>],targetField=BeanMappingFieldAttributes[locatorClass=<null>,name=integerValue,clazz=<null>,componentClasses=<null>],defaultValue=1,convertor=<null>,convertorClass=<null>,script=<null>,mapping=false,nestName=<null>,behavior=BeanMappingBehavior[debug=true,mappingNullValue=true,mappingEmptyStrings=true,trimStrings=false],nestObject=<null>,convertorRef=<null>,getExecutor=<null>,setExecutor=<null>], BeanMappingField[srcField=BeanMappingFieldAttributes[locatorClass=<null>,name=start,clazz=<null>,componentClasses=<null>],targetField=BeanMappingFieldAttributes[locatorClass=<null>,name=start,clazz=<null>,componentClasses=<null>],defaultValue=<null>,convertor=<null>,convertorClass=<null>,script=<null>,mapping=false,nestName=<null>,behavior=BeanMappingBehavior[debug=true,mappingNullValue=true,mappingEmptyStrings=true,trimStrings=false],nestObject=<null>,convertorRef=<null>,getExecutor=<null>,setExecutor=<null>], BeanMappingField[srcField=BeanMappingFieldAttributes[locatorClass=<null>,name=targetName,clazz=<null>,componentClasses=<null>],targetField=BeanMappingFieldAttributes[locatorClass=<null>,name=name,clazz=<null>,componentClasses=<null>],defaultValue=<null>,convertor=<null>,convertorClass=<null>,script=<null>,mapping=false,nestName=<null>,behavior=BeanMappingBehavior[debug=true,mappingNullValue=true,mappingEmptyStrings=true,trimStrings=false],nestObject=<null>,convertorRef=<null>,getExecutor=<null>,setExecutor=<null>], BeanMappingField[srcField=BeanMappingFieldAttributes[locatorClass=<null>,name=mapping,clazz=<null>,componentClasses=<null>],targetField=BeanMappingFieldAttributes[locatorClass=<null>,name=mapping,clazz=<null>,componentClasses=<null>],defaultValue=<null>,convertor=<null>,convertorClass=<null>,script=<null>,mapping=true,nestName=<null>,behavior=BeanMappingBehavior[debug=true,mappingNullValue=true,mappingEmptyStrings=true,trimStrings=false],nestObject=<null>,convertorRef=<null>,getExecutor=<null>,setExecutor=<null>]],batch=true,behavior=BeanMappingBehavior[debug=true,mappingNullValue=true,mappingEmptyStrings=true,trimStrings=false],getBatchExecutor=<null>,setBatchExecutor=<null>]
 WARN config.BeanMappingConfigRespository - java.util.HashMap:com.alibaba.tamper.object.NestedSrcMappingObject has been replaced by : BeanMappingObject[name=<null>,srcKey=src,srcClass=class java.util.HashMap,targetKey=target,targetClass=class com.alibaba.tamper.object.NestedSrcMappingObject,reversable=true,beanFields=[BeanMappingField[srcField=BeanMappingFieldAttributes[locatorClass=<null>,name=name,clazz=<null>,componentClasses=<null>],targetField=BeanMappingFieldAttributes[locatorClass=<null>,name=name,clazz=<null>,componentClasses=<null>],defaultValue=ljh,convertor=<null>,convertorClass=<null>,script=<null>,mapping=false,nestName=<null>,behavior=BeanMappingBehavior[debug=true,mappingNullValue=true,mappingEmptyStrings=true,trimStrings=false],nestObject=<null>,convertorRef=<null>,getExecutor=<null>,setExecutor=<null>], BeanMappingField[srcField=BeanMappingFieldAttributes[locatorClass=<null>,name=value,clazz=class java.lang.String,componentClasses=<null>],targetField=BeanMappingFieldAttributes[locatorClass=<null>,name=bigDecimalValue,clazz=<null>,componentClasses=<null>],defaultValue=10,convertor=<null>,convertorClass=<null>,script=<null>,mapping=false,nestName=<null>,behavior=BeanMappingBehavior[debug=true,mappingNullValue=true,mappingEmptyStrings=true,trimStrings=false],nestObject=<null>,convertorRef=<null>,getExecutor=<null>,setExecutor=<null>]],batch=true,behavior=BeanMappingBehavior[debug=true,mappingNullValue=true,mappingEmptyStrings=true,trimStrings=false],getBatchExecutor=<null>,setBatchExecutor=<null>]
DEBUG core.BeanMappingExecutor - ====================== start mapping 
	 srcClass[class com.alibaba.tamper.object.SrcMappingObject] 
	 targetClass[class java.util.HashMap]
DEBUG process.DebugValueProcess - srcName[intValue],srcClass[int],targetName[intValue],targetClass[class java.lang.Integer], Value = 1
DEBUG process.DebugValueProcess - srcName[integerValue],srcClass[class java.lang.Integer],targetName[integerValue],targetClass[class java.math.BigInteger],[defaultValue=1], Value = 1
DEBUG process.DebugValueProcess - srcName[start],srcClass[boolean],targetName[start],targetClass[class java.lang.Boolean], Value = true
DEBUG process.DebugValueProcess - srcName[name],srcClass[class java.lang.String],targetName[targetName],targetClass[class java.lang.String], Value = ljh
DEBUG core.BeanMappingExecutor - ====================== start mapping 
	 srcClass[class com.alibaba.tamper.object.NestedSrcMappingObject] 
	 targetClass[class java.util.HashMap]
DEBUG process.DebugValueProcess - srcName[name],srcClass[class java.lang.String],targetName[name],targetClass[null],[defaultValue=ljh], Value = ljh
DEBUG process.DebugValueProcess - srcName[bigDecimalValue],srcClass[class java.math.BigDecimal],targetName[value],targetClass[class java.lang.String],[defaultValue=10], Value = 1
DEBUG core.BeanMappingExecutor - ====================== end mapping
DEBUG core.BeanMappingExecutor - ====================== end mapping
DEBUG core.BeanMappingExecutor - ====================== start mapping 
	 srcClass[class java.util.HashMap] 
	 targetClass[class com.alibaba.tamper.object.SrcMappingObject]
DEBUG process.DebugValueProcess - srcName[intValue],srcClass[class java.lang.Integer],targetName[intValue],targetClass[int], Value = 1
DEBUG process.DebugValueProcess - srcName[integerValue],srcClass[class java.math.BigInteger],targetName[integerValue],targetClass[class java.lang.Integer],[defaultValue=1], Value = 1
DEBUG process.DebugValueProcess - srcName[start],srcClass[class java.lang.Boolean],targetName[start],targetClass[boolean], Value = true
DEBUG process.DebugValueProcess - srcName[targetName],srcClass[class java.lang.String],targetName[name],targetClass[class java.lang.String], Value = ljh
DEBUG core.BeanMappingExecutor - ====================== start mapping 
	 srcClass[class java.util.HashMap] 
	 targetClass[class com.alibaba.tamper.object.NestedSrcMappingObject]
DEBUG process.DebugValueProcess - srcName[name],srcClass[class java.lang.String],targetName[name],targetClass[class java.lang.String],[defaultValue=ljh], Value = ljh
DEBUG process.DebugValueProcess - srcName[value],srcClass[class java.lang.String],targetName[bigDecimalValue],targetClass[class java.math.BigDecimal],[defaultValue=10], Value = 1
DEBUG core.BeanMappingExecutor - ====================== end mapping
DEBUG core.BeanMappingExecutor - ====================== end mapping
Tests run: 8, Failures: 0, Errors: 0, Skipped: 0, Time elapsed: 0.565 sec - in com.alibaba.tamper.BeanMappingTest
Running com.alibaba.tamper.builder.BeanMappingBuilderTest
Tests run: 4, Failures: 0, Errors: 0, Skipped: 0, Time elapsed: 0 sec - in com.alibaba.tamper.builder.BeanMappingBuilderTest
Running com.alibaba.tamper.ConfigTest
com.alibaba.tamper.core.config.BeanMappingObject@70d77826[
  name=<null>
  srcKey=src
  srcClass=class com.alibaba.tamper.object.SrcMappingObject
  targetKey=target
  targetClass=class com.alibaba.tamper.object.TargetMappingObject
  reversable=true
  beanFields=[BeanMappingField[srcField=BeanMappingFieldAttributes[locatorClass=<null>,name=intValue,clazz=int,componentClasses=<null>],targetField=BeanMappingFieldAttributes[locatorClass=<null>,name=intValue,clazz=int,componentClasses=<null>],defaultValue=<null>,convertor=<null>,convertorClass=<null>,script=<null>,mapping=false,nestName=<null>,behavior=BeanMappingBehavior[debug=true,mappingNullValue=true,mappingEmptyStrings=true,trimStrings=false],nestObject=<null>,convertorRef=<null>,getExecutor=<null>,setExecutor=<null>], BeanMappingField[srcField=BeanMappingFieldAttributes[locatorClass=<null>,name=integerValue,clazz=class java.lang.Integer,componentClasses=<null>],targetField=BeanMappingFieldAttributes[locatorClass=<null>,name=integerValue,clazz=class java.lang.Integer,componentClasses=<null>],defaultValue=<null>,convertor=<null>,convertorClass=<null>,script=<null>,mapping=false,nestName=<null>,behavior=BeanMappingBehavior[debug=true,mappingNullValue=true,mappingEmptyStrings=true,trimStrings=false],nestObject=<null>,convertorRef=<null>,getExecutor=<null>,setExecutor=<null>], BeanMappingField[srcField=BeanMappingFieldAttributes[locatorClass=<null>,name=mapping,clazz=class com.alibaba.tamper.object.NestedSrcMappingObject,componentClasses=<null>],targetField=BeanMappingFieldAttributes[locatorClass=<null>,name=mapping,clazz=class com.alibaba.tamper.object.NestedTargetMappingObject,componentClasses=<null>],defaultValue=<null>,convertor=<null>,convertorClass=<null>,script=<null>,mapping=false,nestName=<null>,behavior=BeanMappingBehavior[debug=true,mappingNullValue=true,mappingEmptyStrings=true,trimStrings=false],nestObject=<null>,convertorRef=<null>,getExecutor=<null>,setExecutor=<null>], BeanMappingField[srcField=BeanMappingFieldAttributes[locatorClass=<null>,name=start,clazz=boolean,componentClasses=<null>],targetField=BeanMappingFieldAttributes[locatorClass=<null>,name=start,clazz=boolean,componentClasses=<null>],defaultValue=<null>,convertor=<null>,convertorClass=<null>,script=<null>,mapping=false,nestName=<null>,behavior=BeanMappingBehavior[debug=true,mappingNullValue=true,mappingEmptyStrings=true,trimStrings=false],nestObject=<null>,convertorRef=<null>,getExecutor=<null>,setExecutor=<null>]]
  batch=true
  behavior=BeanMappingBehavior[debug=true,mappingNullValue=true,mappingEmptyStrings=true,trimStrings=false]
  getBatchExecutor=<null>
  setBatchExecutor=<null>
]
com.alibaba.tamper.core.config.BeanMappingField@7f323b3a[
  srcField=BeanMappingFieldAttributes[locatorClass=<null>,name=intValue,clazz=int,componentClasses=<null>]
  targetField=BeanMappingFieldAttributes[locatorClass=<null>,name=intValue,clazz=int,componentClasses=<null>]
  defaultValue=<null>
  convertor=<null>
  convertorClass=<null>
  script=<null>
  mapping=false
  nestName=<null>
  behavior=BeanMappingBehavior[debug=true,mappingNullValue=true,mappingEmptyStrings=true,trimStrings=false]
  nestObject=<null>
  convertorRef=<null>
  getExecutor=<null>
  setExecutor=<null>
]
com.alibaba.tamper.core.config.BeanMappingField@4f169009[
  srcField=BeanMappingFieldAttributes[locatorClass=<null>,name=integerValue,clazz=class java.lang.Integer,componentClasses=<null>]
  targetField=BeanMappingFieldAttributes[locatorClass=<null>,name=integerValue,clazz=class java.lang.Integer,componentClasses=<null>]
  defaultValue=<null>
  convertor=<null>
  convertorClass=<null>
  script=<null>
  mapping=false
  nestName=<null>
  behavior=BeanMappingBehavior[debug=true,mappingNullValue=true,mappingEmptyStrings=true,trimStrings=false]
  nestObject=<null>
  convertorRef=<null>
  getExecutor=<null>
  setExecutor=<null>
]
com.alibaba.tamper.core.config.BeanMappingField@9dada78[
  srcField=BeanMappingFieldAttributes[locatorClass=<null>,name=mapping,clazz=class com.alibaba.tamper.object.NestedSrcMappingObject,componentClasses=<null>]
  targetField=BeanMappingFieldAttributes[locatorClass=<null>,name=mapping,clazz=class com.alibaba.tamper.object.NestedTargetMappingObject,componentClasses=<null>]
  defaultValue=<null>
  convertor=<null>
  convertorClass=<null>
  script=<null>
  mapping=false
  nestName=<null>
  behavior=BeanMappingBehavior[debug=true,mappingNullValue=true,mappingEmptyStrings=true,trimStrings=false]
  nestObject=<null>
  convertorRef=<null>
  getExecutor=<null>
  setExecutor=<null>
]
com.alibaba.tamper.core.config.BeanMappingField@4207852d[
  srcField=BeanMappingFieldAttributes[locatorClass=<null>,name=start,clazz=boolean,componentClasses=<null>]
  targetField=BeanMappingFieldAttributes[locatorClass=<null>,name=start,clazz=boolean,componentClasses=<null>]
  defaultValue=<null>
  convertor=<null>
  convertorClass=<null>
  script=<null>
  mapping=false
  nestName=<null>
  behavior=BeanMappingBehavior[debug=true,mappingNullValue=true,mappingEmptyStrings=true,trimStrings=false]
  nestObject=<null>
  convertorRef=<null>
  getExecutor=<null>
  setExecutor=<null>
]
DEBUG parse.ClassAliasParse - register class[class com.alibaba.tamper.process.convertor.CommonAndCommonConvertor$CommonToCommon] to alias[commonClass]
DEBUG parse.ConvertorParse - register Convertor[class com.alibaba.tamper.process.convertor.CommonAndCommonConvertor$CommonToCommon] to alias[common]
DEBUG parse.FunctionClassParse - register class[class com.alibaba.tamper.script.CustomFunctionClass] to name[customFunction]
Tests run: 2, Failures: 1, Errors: 0, Skipped: 0, Time elapsed: 0.011 sec <<< FAILURE! - in com.alibaba.tamper.ConfigTest
testFileParse(com.alibaba.tamper.ConfigTest)  Time elapsed: 0.001 sec  <<< FAILURE!
junit.framework.AssertionFailedError: null
	at com.alibaba.tamper.ConfigTest.testFileParse(ConfigTest.java:30)

Running com.alibaba.tamper.InheritObjectMappingTest
DEBUG core.BeanMappingExecutor - ====================== start mapping 
	 srcClass[class com.alibaba.tamper.object.inherit.TwoObject] 
	 targetClass[class java.util.HashMap]
DEBUG process.DebugValueProcess - srcName[name],srcClass[class java.lang.String],targetName[name],targetClass[class java.lang.String], Value = two
DEBUG process.DebugValueProcess - srcName[firstValue],srcClass[int],targetName[firstValue],targetClass[class java.lang.Integer], Value = 10
DEBUG process.DebugValueProcess - srcName[twoValue],srcClass[class java.math.BigInteger],targetName[twoValue],targetClass[class java.math.BigInteger], Value = 10
DEBUG core.BeanMappingExecutor - ====================== end mapping
DEBUG core.BeanMappingExecutor - ====================== start mapping 
	 srcClass[class com.alibaba.tamper.object.inherit.TwoObject] 
	 targetClass[class java.util.HashMap]
DEBUG process.DebugValueProcess - srcName[twoValue],srcClass[class java.math.BigInteger],targetName[twoValue],targetClass[class java.math.BigInteger], Value = 10
DEBUG core.BeanMappingExecutor - ====================== start mapping 
	 srcClass[class com.alibaba.tamper.object.inherit.TwoObject] 
	 targetClass[class java.util.HashMap]
DEBUG process.DebugValueProcess - srcName[firstValue],srcClass[int],targetName[firstValue],targetClass[class java.lang.Integer], Value = 10
DEBUG core.BeanMappingExecutor - ====================== end mapping
DEBUG core.BeanMappingExecutor - ====================== end mapping
DEBUG core.BeanMappingExecutor - ====================== start mapping 
	 srcClass[class com.alibaba.tamper.object.inherit.TwoObject] 
	 targetClass[class com.alibaba.tamper.object.inherit.TwoObject]
DEBUG process.DebugValueProcess - srcName[firstValue],srcClass[int],targetName[twoValue],targetClass[class java.math.BigInteger], Value = 11
DEBUG process.DebugValueProcess - srcName[twoValue],srcClass[class java.math.BigInteger],targetName[firstValue],targetClass[int], Value = 12
DEBUG core.BeanMappingExecutor - ====================== end mapping
Tests run: 3, Failures: 0, Errors: 0, Skipped: 0, Time elapsed: 0.004 sec - in com.alibaba.tamper.InheritObjectMappingTest
Running com.alibaba.tamper.BeanCopyTest
DEBUG core.BeanMappingExecutor - ====================== start mapping 
	 srcClass[class com.alibaba.tamper.object.SrcMappingObject] 
	 targetClass[class com.alibaba.tamper.object.TargetMappingObject]
DEBUG core.BeanMappingExecutor - SrcClass[class com.alibaba.tamper.object.SrcMappingObject]GetBatchExecutor is init
DEBUG core.BeanMappingExecutor - TargetClass[class com.alibaba.tamper.object.TargetMappingObject]SetBatchExecutor is init
DEBUG core.BeanMappingExecutor - ====================== end mapping
DEBUG core.BeanMappingExecutor - ====================== start mapping 
	 srcClass[class com.alibaba.tamper.object.TargetMappingObject] 
	 targetClass[class com.alibaba.tamper.object.SrcMappingObject]
DEBUG core.BeanMappingExecutor - SrcClass[class com.alibaba.tamper.object.TargetMappingObject]GetBatchExecutor is init
DEBUG core.BeanMappingExecutor - TargetClass[class com.alibaba.tamper.object.SrcMappingObject]SetBatchExecutor is init
DEBUG core.BeanMappingExecutor - ====================== end mapping
Tests run: 2, Failures: 0, Errors: 0, Skipped: 0, Time elapsed: 0.003 sec - in com.alibaba.tamper.BeanCopyTest

Results :

Failed tests: 
  ConfigTest.testFileParse:30 null

Tests run: 62, Failures: 1, Errors: 0, Skipped: 0

[ERROR] There are test failures.

Please refer to /tmp/tmpz9mjo13d/tamper/target/surefire-reports for the individual test results.
[INFO] 
[INFO] --- jacoco-maven-plugin:0.8.5:report (report) @ tamper ---
[INFO] Loading execution data file /tmp/tmpz9mjo13d/tamper/target/jacoco.exec
[INFO] Analyzed bundle 'tamper' with 247 classes
[INFO] ------------------------------------------------------------------------
[INFO] BUILD SUCCESS
[INFO] ------------------------------------------------------------------------
[INFO] Total time:  29:06 min
[INFO] Finished at: 2020-07-30T15:45:52Z
[INFO] ------------------------------------------------------------------------
