[INFO] Error stacktraces are turned on.
[INFO] Scanning for projects...
[INFO] 
[INFO] -----------------< com.hadoopbook:hadoop-book-mr-dev >------------------
[INFO] Building hadoop-book-mr-dev 3.0
[INFO] --------------------------------[ jar ]---------------------------------
[INFO] 
[INFO] --- jacoco-maven-plugin:0.8.5:prepare-agent (default) @ hadoop-book-mr-dev ---
[INFO] argLine set to -javaagent:/home/jdbl/.m2/repository/org/jacoco/org.jacoco.agent/0.8.5/org.jacoco.agent-0.8.5-runtime.jar=destfile=/tmp/tmpc0bw3tpg/hadoop-book-mr-dev/target/jacoco.exec
[INFO] 
[INFO] --- maven-resources-plugin:2.6:resources (default-resources) @ hadoop-book-mr-dev ---
[INFO] Using 'UTF-8' encoding to copy filtered resources.
[INFO] Copying 4 resources
[INFO] 
[INFO] --- maven-compiler-plugin:2.3.2:compile (default-compile) @ hadoop-book-mr-dev ---
[INFO] Compiling 18 source files to /tmp/tmpc0bw3tpg/hadoop-book-mr-dev/target/classes
[INFO] 
[INFO] --- maven-resources-plugin:2.6:testResources (default-testResources) @ hadoop-book-mr-dev ---
[INFO] Using 'UTF-8' encoding to copy filtered resources.
[INFO] Copying 1 resource
[INFO] 
[INFO] --- maven-compiler-plugin:2.3.2:testCompile (default-testCompile) @ hadoop-book-mr-dev ---
[INFO] Compiling 9 source files to /tmp/tmpc0bw3tpg/hadoop-book-mr-dev/target/test-classes
[INFO] 
[INFO] --- maven-surefire-plugin:2.19.1:test (default-test) @ hadoop-book-mr-dev ---
[INFO] Surefire report directory: /tmp/tmpc0bw3tpg/hadoop-book-mr-dev/target/surefire-reports

-------------------------------------------------------
 T E S T S
-------------------------------------------------------
Running v3.MaxTemperatureMapperTest
Tests run: 4, Failures: 0, Errors: 0, Skipped: 0, Time elapsed: 0.346 sec - in v3.MaxTemperatureMapperTest
Running v3.MaxTemperatureDriverMiniTest
20/08/03 09:51:28 INFO namenode.FSNamesystem: fsOwner=jdbl,jdbl,sudo
20/08/03 09:51:28 INFO namenode.FSNamesystem: supergroup=supergroup
20/08/03 09:51:28 INFO namenode.FSNamesystem: isPermissionEnabled=true
20/08/03 09:51:28 INFO common.Storage: Image file of size 94 saved in 0 seconds.
20/08/03 09:51:28 INFO common.Storage: Storage directory /tmp/dfs/name1 has been successfully formatted.
20/08/03 09:51:28 INFO common.Storage: Image file of size 94 saved in 0 seconds.
20/08/03 09:51:28 INFO common.Storage: Storage directory /tmp/dfs/name2 has been successfully formatted.
20/08/03 09:51:28 INFO metrics.RpcMetrics: Initializing RPC Metrics with hostName=NameNode, port=35897
20/08/03 09:51:29 INFO namenode.NameNode: Namenode up at: localhost/127.0.0.1:35897
20/08/03 09:51:29 INFO jvm.JvmMetrics: Initializing JVM Metrics with processName=NameNode, sessionId=null
20/08/03 09:51:29 INFO metrics.NameNodeMetrics: Initializing NameNodeMeterics using context object:org.apache.hadoop.metrics.spi.NullContext
20/08/03 09:51:29 INFO namenode.FSNamesystem: fsOwner=jdbl,jdbl,sudo
20/08/03 09:51:29 INFO namenode.FSNamesystem: supergroup=supergroup
20/08/03 09:51:29 INFO namenode.FSNamesystem: isPermissionEnabled=true
20/08/03 09:51:29 INFO metrics.FSNamesystemMetrics: Initializing FSNamesystemMetrics using context object:org.apache.hadoop.metrics.spi.NullContext
20/08/03 09:51:29 INFO namenode.FSNamesystem: Registered FSNamesystemStatusMBean
20/08/03 09:51:29 INFO common.Storage: Number of files = 1
20/08/03 09:51:29 INFO common.Storage: Number of files under construction = 0
20/08/03 09:51:29 INFO common.Storage: Image file of size 94 loaded in 0 seconds.
20/08/03 09:51:29 INFO common.Storage: Edits file /tmp/dfs/name1/current/edits of size 4 edits # 0 loaded in 0 seconds.
20/08/03 09:51:29 INFO common.Storage: Image file of size 94 saved in 0 seconds.
20/08/03 09:51:29 INFO common.Storage: Image file of size 94 saved in 0 seconds.
20/08/03 09:51:29 INFO namenode.FSNamesystem: Finished loading FSImage in 226 msecs
20/08/03 09:51:29 INFO namenode.FSNamesystem: Total number of blocks = 0
20/08/03 09:51:29 INFO namenode.FSNamesystem: Number of invalid blocks = 0
20/08/03 09:51:29 INFO namenode.FSNamesystem: Number of under-replicated blocks = 0
20/08/03 09:51:29 INFO namenode.FSNamesystem: Number of  over-replicated blocks = 0
20/08/03 09:51:29 INFO hdfs.StateChange: STATE* Leaving safe mode after 0 secs.
20/08/03 09:51:29 INFO hdfs.StateChange: STATE* Network topology has 0 racks and 0 datanodes
20/08/03 09:51:29 INFO hdfs.StateChange: STATE* UnderReplicatedBlocks has 0 blocks
SLF4J: Failed to load class "org.slf4j.impl.StaticLoggerBinder".
SLF4J: See http://www.slf4j.org/codes.html#StaticLoggerBinder for further details.
Tests run: 1, Failures: 0, Errors: 1, Skipped: 0, Time elapsed: 0.728 sec <<< FAILURE! - in v3.MaxTemperatureDriverMiniTest
test(v3.MaxTemperatureDriverMiniTest)  Time elapsed: 0.727 sec  <<< ERROR!
java.lang.NoClassDefFoundError: org/slf4j/impl/StaticLoggerBinder
	at v3.MaxTemperatureDriverMiniTest.setUp(MaxTemperatureDriverMiniTest.java:34)
Caused by: java.lang.ClassNotFoundException: org.slf4j.impl.StaticLoggerBinder
	at v3.MaxTemperatureDriverMiniTest.setUp(MaxTemperatureDriverMiniTest.java:34)

Running v3.MaxTemperatureDriverTest
20/08/03 09:51:29 INFO jvm.JvmMetrics: Cannot initialize JVM Metrics with processName=JobTracker, sessionId= - already initialized
20/08/03 09:51:29 WARN mapred.JobClient: Use GenericOptionsParser for parsing the arguments. Applications should implement Tool for the same.
20/08/03 09:51:29 WARN mapred.JobClient: No job jar file set.  User classes may not be found. See JobConf(Class) or JobConf#setJar(String).
20/08/03 09:51:29 INFO input.FileInputFormat: Total input paths to process : 1
20/08/03 09:51:29 INFO mapred.JobClient: Running job: job_local_0001
20/08/03 09:51:29 INFO input.FileInputFormat: Total input paths to process : 1
20/08/03 09:51:29 INFO mapred.MapTask: io.sort.mb = 100
20/08/03 09:51:29 INFO mapred.MapTask: data buffer = 79691776/99614720
20/08/03 09:51:29 INFO mapred.MapTask: record buffer = 262144/327680
20/08/03 09:51:29 INFO mapred.MapTask: Starting flush of map output
20/08/03 09:51:29 INFO mapred.MapTask: Finished spill 0
20/08/03 09:51:29 INFO mapred.TaskRunner: Task:attempt_local_0001_m_000000_0 is done. And is in the process of commiting
20/08/03 09:51:29 INFO mapred.LocalJobRunner: 
20/08/03 09:51:29 INFO mapred.TaskRunner: Task 'attempt_local_0001_m_000000_0' done.
20/08/03 09:51:29 INFO mapred.LocalJobRunner: 
20/08/03 09:51:29 INFO mapred.Merger: Merging 1 sorted segments
20/08/03 09:51:29 INFO mapred.Merger: Down to the last merge-pass, with 1 segments left of total size: 24 bytes
20/08/03 09:51:29 INFO mapred.LocalJobRunner: 
20/08/03 09:51:29 INFO mapred.TaskRunner: Task:attempt_local_0001_r_000000_0 is done. And is in the process of commiting
20/08/03 09:51:29 INFO mapred.LocalJobRunner: 
20/08/03 09:51:29 INFO mapred.TaskRunner: Task attempt_local_0001_r_000000_0 is allowed to commit now
20/08/03 09:51:29 INFO output.FileOutputCommitter: Saved output of task 'attempt_local_0001_r_000000_0' to output
20/08/03 09:51:29 INFO mapred.LocalJobRunner: reduce > reduce
20/08/03 09:51:29 INFO mapred.TaskRunner: Task 'attempt_local_0001_r_000000_0' done.
20/08/03 09:51:30 INFO mapred.JobClient:  map 100% reduce 100%
20/08/03 09:51:30 INFO mapred.JobClient: Job complete: job_local_0001
20/08/03 09:51:30 INFO mapred.JobClient: Counters: 12
20/08/03 09:51:30 INFO mapred.JobClient:   Map-Reduce Framework
20/08/03 09:51:30 INFO mapred.JobClient:     Combine output records=2
20/08/03 09:51:30 INFO mapred.JobClient:     Spilled Records=4
20/08/03 09:51:30 INFO mapred.JobClient:     Reduce input records=2
20/08/03 09:51:30 INFO mapred.JobClient:     Reduce output records=2
20/08/03 09:51:30 INFO mapred.JobClient:     Map input records=5
20/08/03 09:51:30 INFO mapred.JobClient:     Map output records=5
20/08/03 09:51:30 INFO mapred.JobClient:     Map output bytes=45
20/08/03 09:51:30 INFO mapred.JobClient:     Reduce shuffle bytes=0
20/08/03 09:51:30 INFO mapred.JobClient:     Combine input records=5
20/08/03 09:51:30 INFO mapred.JobClient:     Reduce input groups=2
20/08/03 09:51:30 INFO mapred.JobClient:   FileSystemCounters
20/08/03 09:51:30 INFO mapred.JobClient:     FILE_BYTES_WRITTEN=67129
20/08/03 09:51:30 INFO mapred.JobClient:     FILE_BYTES_READ=34254
Tests run: 1, Failures: 0, Errors: 0, Skipped: 0, Time elapsed: 1.145 sec - in v3.MaxTemperatureDriverTest
Running SingleResourceConfigurationTest
Tests run: 1, Failures: 0, Errors: 0, Skipped: 0, Time elapsed: 0.005 sec - in SingleResourceConfigurationTest
Running v2.MaxTemperatureMapperTest
Tests run: 2, Failures: 0, Errors: 0, Skipped: 0, Time elapsed: 0.008 sec - in v2.MaxTemperatureMapperTest
Running v1.MaxTemperatureMapperTest
Tests run: 3, Failures: 0, Errors: 0, Skipped: 1, Time elapsed: 0.024 sec - in v1.MaxTemperatureMapperTest
Running v1.MaxTemperatureReducerTest
Tests run: 1, Failures: 0, Errors: 0, Skipped: 0, Time elapsed: 0.035 sec - in v1.MaxTemperatureReducerTest
Running MultipleResourceConfigurationTest
20/08/03 09:51:30 WARN conf.Configuration: configuration-2.xml:a attempt to override final parameter: weight;  Ignoring.
Tests run: 1, Failures: 0, Errors: 0, Skipped: 0, Time elapsed: 0.008 sec - in MultipleResourceConfigurationTest
Running v5.MaxTemperatureMapperTest
Ignoring possibly corrupt input: 0335999999433181957042302005+37950+139117SAO  +0004RJSN V02011359003150070356999999433201957010100005+353
Tests run: 3, Failures: 0, Errors: 0, Skipped: 0, Time elapsed: 0.014 sec - in v5.MaxTemperatureMapperTest

Results :

Tests in error: 
  MaxTemperatureDriverMiniTest.setUp:34->ClusterMapReduceTestCase.setUp:56->ClusterMapReduceTestCase.startCluster:81 Â» NoClassDefFound

Tests run: 17, Failures: 0, Errors: 1, Skipped: 1

[ERROR] There are test failures.

Please refer to /tmp/tmpc0bw3tpg/hadoop-book-mr-dev/target/surefire-reports for the individual test results.
[INFO] 
[INFO] --- jacoco-maven-plugin:0.8.5:report (report) @ hadoop-book-mr-dev ---
[INFO] Loading execution data file /tmp/tmpc0bw3tpg/hadoop-book-mr-dev/target/jacoco.exec
[INFO] Analyzed bundle 'hadoop-book-mr-dev' with 5706 classes
[INFO] ------------------------------------------------------------------------
[INFO] BUILD SUCCESS
[INFO] ------------------------------------------------------------------------
[INFO] Total time:  13.352 s
[INFO] Finished at: 2020-08-03T09:51:36Z
[INFO] ------------------------------------------------------------------------
