[INFO] Error stacktraces are turned on.
[INFO] Scanning for projects...
[INFO] Inspecting build with total of 1 modules...
[INFO] Installing Nexus Staging features:
[INFO]   ... total of 1 executions of maven-deploy-plugin replaced with nexus-staging-maven-plugin
[INFO] 
[INFO] --------------------< com.github.xeroapi:xero-java >--------------------
[INFO] Building xero-java 4.1.1
[INFO] --------------------------------[ jar ]---------------------------------
[INFO] 
[INFO] --- jacoco-maven-plugin:0.8.5:prepare-agent (default) @ xero-java ---
[INFO] argLine set to -javaagent:/home/jdbl/.m2/repository/org/jacoco/org.jacoco.agent/0.8.5/org.jacoco.agent-0.8.5-runtime.jar=destfile=/tmp/tmpvvo38tbm/Xero-Java/target/jacoco.exec
[INFO] 
[INFO] --- maven-resources-plugin:2.6:resources (default-resources) @ xero-java ---
[INFO] Using 'UTF-8' encoding to copy filtered resources.
[INFO] skip non existing resourceDirectory /tmp/tmpvvo38tbm/Xero-Java/src/main/resources
[INFO] 
[INFO] --- maven-compiler-plugin:3.1:compile (default-compile) @ xero-java ---
[INFO] Changes detected - recompiling the module!
[INFO] Compiling 346 source files to /tmp/tmpvvo38tbm/Xero-Java/target/classes
[WARNING] /tmp/tmpvvo38tbm/Xero-Java/src/main/java/com/xero/api/RFC3339DateFormat.java: /tmp/tmpvvo38tbm/Xero-Java/src/main/java/com/xero/api/RFC3339DateFormat.java uses or overrides a deprecated API.
[WARNING] /tmp/tmpvvo38tbm/Xero-Java/src/main/java/com/xero/api/RFC3339DateFormat.java: Recompile with -Xlint:deprecation for details.
[INFO] 
[INFO] --- maven-resources-plugin:2.6:testResources (default-testResources) @ xero-java ---
[INFO] Using 'UTF-8' encoding to copy filtered resources.
[INFO] Copying 3 resources
[INFO] 
[INFO] --- maven-compiler-plugin:3.1:testCompile (default-testCompile) @ xero-java ---
[INFO] Changes detected - recompiling the module!
[INFO] Compiling 70 source files to /tmp/tmpvvo38tbm/Xero-Java/target/test-classes
[WARNING] /tmp/tmpvvo38tbm/Xero-Java/src/test/java/com/xero/api/client/AccountingApiContactsTest.java: Some input files use unchecked or unsafe operations.
[WARNING] /tmp/tmpvvo38tbm/Xero-Java/src/test/java/com/xero/api/client/AccountingApiContactsTest.java: Recompile with -Xlint:unchecked for details.
[INFO] 
[INFO] --- maven-surefire-plugin:2.19.1:test (default-test) @ xero-java ---
[INFO] Surefire report directory: /tmp/tmpvvo38tbm/Xero-Java/target/surefire-reports

-------------------------------------------------------
 T E S T S
-------------------------------------------------------
Running com.xero.api.client.PayrollAuApiSuperFundTest
SLF4J: Failed to load class "org.slf4j.impl.StaticLoggerBinder".
SLF4J: Defaulting to no-operation (NOP) logger implementation
SLF4J: See http://www.slf4j.org/codes.html#StaticLoggerBinder for further details.
@Test - updateSuperfundTest
@Test - getSuperFundsTest
@Test - createSuperfundTest
@Test - getSuperFundTest
Tests run: 4, Failures: 0, Errors: 0, Skipped: 0, Time elapsed: 15.749 sec - in com.xero.api.client.PayrollAuApiSuperFundTest
Running com.xero.api.client.AccountingApiBrandingThemeTest
Sleep for 60 seconds
@Test - getBrandingTheme
@Test - getBrandingThemes
@Test - getBrandingThemePaymentServices
@Test - createBrandingThemePaymentServices
Tests run: 4, Failures: 0, Errors: 0, Skipped: 0, Time elapsed: 11.654 sec - in com.xero.api.client.AccountingApiBrandingThemeTest
Running com.xero.api.client.AccountingApiReportsTest
Sleep for 60 seconds
@Test - getReportExecutiveSummary
@Test - getReportBASorGST - not implemented
@Test - getReportAgedReceivablesByContact
@Test - getReportProfitAndLoss
@Test - getReportBalanceSheet
@Test - getReportBankSummary
@Test - getReportBudgetSummary
@Test - getReportTenNinetyNine
@Test - getReportBASorGSTList - not implemented
@Test - getReportAgedPayablesByContact
@Test - getReportTrialBalance
Tests run: 11, Failures: 0, Errors: 0, Skipped: 0, Time elapsed: 3.701 sec - in com.xero.api.client.AccountingApiReportsTest
Running com.xero.api.client.AccountingApiOverpaymentsTest
Sleep for 60 seconds
@Test - getOverpayments
@Test - getOverpayment
@Test - createOverpaymentAllocations
Tests run: 3, Failures: 0, Errors: 0, Skipped: 0, Time elapsed: 2.011 sec - in com.xero.api.client.AccountingApiOverpaymentsTest
Running com.xero.api.client.AccountingApiTrackingCategoriesTest
Sleep for 60 seconds
@Test - getTrackingCategories
@Test - createTrackingOptions
@Test - createTrackingCategory
@Test - updateTrackingCategory
@Test - deleteTrackingCategory
@Test - getTrackingCategory
@Test - deleteTrackingOptions
Tests run: 7, Failures: 0, Errors: 0, Skipped: 0, Time elapsed: 3.156 sec - in com.xero.api.client.AccountingApiTrackingCategoriesTest
Running com.xero.api.client.ProjectsApiProjectUsersTest
Sleep for 60 seconds
@Test - getProjectUsersTest
Tests run: 1, Failures: 0, Errors: 0, Skipped: 0, Time elapsed: 6.481 sec - in com.xero.api.client.ProjectsApiProjectUsersTest
Running com.xero.api.client.AccountingApiPurchaseOrdersTest
Sleep for 60 seconds
@Test - getPurchaseOrder
@Test - getPurchaseOrders
@Test - updatePurchaseOrder
Tests run: 3, Failures: 0, Errors: 0, Skipped: 0, Time elapsed: 1.765 sec - in com.xero.api.client.AccountingApiPurchaseOrdersTest
Running com.xero.api.client.AccountingApiTaxRatesTest
Sleep for 60 seconds
@Test - getTaxRates
@Test - updateTaxRate
@Test - createTaxRates
Tests run: 3, Failures: 0, Errors: 0, Skipped: 0, Time elapsed: 1.996 sec - in com.xero.api.client.AccountingApiTaxRatesTest
Running com.xero.api.client.PayrollAuApiPayItemTest
@Test - getPayItemsTest
@Test - createPayItemTest
Tests run: 2, Failures: 0, Errors: 1, Skipped: 0, Time elapsed: 0.596 sec <<< FAILURE! - in com.xero.api.client.PayrollAuApiPayItemTest
createPayItemTest(com.xero.api.client.PayrollAuApiPayItemTest)  Time elapsed: 0.281 sec  <<< ERROR!
com.fasterxml.jackson.databind.exc.MismatchedInputException: 
Cannot deserialize instance of `java.lang.Double` out of VALUE_FALSE token
 at [Source: (GZIPInputStream); line: 1, column: 430] (through reference chain: com.xero.models.payrollau.PayItems["PayItems"]->com.xero.models.payrollau.PayItem["EarningsRates"]->java.util.ArrayList[0]->com.xero.models.payrollau.EarningsRate["AccrueLeave"])
	at com.xero.api.client.PayrollAuApiPayItemTest.createPayItemTest(PayrollAuApiPayItemTest.java:118)

Running com.xero.api.client.AccountingApiPrepaymentsTest
Sleep for 30 seconds
@Test - getPrepayment
@Test - getPrepayments
@Test - createPrepaymentAllocation
Tests run: 3, Failures: 0, Errors: 0, Skipped: 0, Time elapsed: 0.699 sec - in com.xero.api.client.AccountingApiPrepaymentsTest
Running com.xero.api.client.AccountingApiLinkedTransactionsTest
Sleep for 60 seconds
@Test - createLinkedTransaction
@Test - getLinkedTransactions
@Test - getLinkedTransaction
@Test - updateLinkedTransaction
@Test - deleteLinkedTransaction
Tests run: 5, Failures: 0, Errors: 0, Skipped: 0, Time elapsed: 2.409 sec - in com.xero.api.client.AccountingApiLinkedTransactionsTest
Running com.xero.api.client.PayrollUkApiEmployeeLeaveTypesTest
@Test UK Payroll - createEmployeeLeaveTypesTest
@Test UK Payroll - getEmployeeLeaveTypesTest
Tests run: 2, Failures: 0, Errors: 0, Skipped: 0, Time elapsed: 9.475 sec - in com.xero.api.client.PayrollUkApiEmployeeLeaveTypesTest
Running com.xero.api.client.PayrollUkApiTrackingCategoriesTest
@Test UK Payroll - getTrackingCategoriesTest
Tests run: 1, Failures: 0, Errors: 0, Skipped: 0, Time elapsed: 0.724 sec - in com.xero.api.client.PayrollUkApiTrackingCategoriesTest
Running com.xero.api.client.AccountingApiEmployeesTest
Sleep for 60 seconds
@Test - getEmployee
@Test - createEmployee
@Test - getEmployees
Tests run: 3, Failures: 0, Errors: 0, Skipped: 0, Time elapsed: 1.47 sec - in com.xero.api.client.AccountingApiEmployeesTest
Running com.xero.api.client.AccountingApiJournalsTest
Sleep for 60 seconds
@Test - getJournal
@Test - getJournals
Tests run: 2, Failures: 0, Errors: 0, Skipped: 0, Time elapsed: 0.805 sec - in com.xero.api.client.AccountingApiJournalsTest
Running com.xero.api.client.BankfeedApiStatementTest
Sleep for 60 seconds
@Test - getStatement
@Test - createStatements
@Test - getStatements
Tests run: 3, Failures: 0, Errors: 0, Skipped: 0, Time elapsed: 9.825 sec - in com.xero.api.client.BankfeedApiStatementTest
Running com.xero.api.client.PayrollAuApiPayslipTest
@Test - updatePayslipDTest
@Test - getPayslipTest
Tests run: 2, Failures: 0, Errors: 0, Skipped: 0, Time elapsed: 0.77 sec - in com.xero.api.client.PayrollAuApiPayslipTest
Running com.xero.api.client.ProjectsApiProjectTasksTest
Sleep for 60 seconds
@Test - getTasksTest
@Test - getTaskTest
Tests run: 2, Failures: 0, Errors: 0, Skipped: 0, Time elapsed: 0.827 sec - in com.xero.api.client.ProjectsApiProjectTasksTest
Running com.xero.api.client.PayrollAuApiSettingsTest
@Test - getSettingsTest
Tests run: 1, Failures: 0, Errors: 0, Skipped: 0, Time elapsed: 0.202 sec - in com.xero.api.client.PayrollAuApiSettingsTest
Running com.xero.api.client.AccountingApiItemsTest
Sleep for 60 seconds
@Test - getItems
@Test - getItem
@Test - deleteItem
@Test - updateItem
@Test - createItem
Tests run: 5, Failures: 0, Errors: 0, Skipped: 0, Time elapsed: 1.485 sec - in com.xero.api.client.AccountingApiItemsTest
Running com.xero.api.client.AccountingApiReceiptsTest
Sleep for 60 seconds
@Test - createReceipt
@Test - getReceiptAttachments
@Test - createReceiptAttachmentByFileName
@Test - getReceipts
@Test - updateReceipt
@Test - getReceipt
Tests run: 6, Failures: 0, Errors: 0, Skipped: 0, Time elapsed: 2.828 sec - in com.xero.api.client.AccountingApiReceiptsTest
Running com.xero.api.client.PayrollUkApiPayRunCalendarsTest
@Test UK Payroll - createPayRunCalendarTest
@Test UK Payroll - getPayRunCalendarTest
@Test UK Payroll - getPayRunCalendarsTest
Tests run: 3, Failures: 0, Errors: 0, Skipped: 0, Time elapsed: 1.183 sec - in com.xero.api.client.PayrollUkApiPayRunCalendarsTest
Running com.xero.api.client.AccountingApiManualJournalsTest
Sleep for 60 seconds
@Test - updateManualJournal
@Test - getManualJournal
@Test - getManualJournalAttachments
@Test - createManualJournals
@Test - getManualJournals
@Test - createManualJournalAttachmentByFileName
Tests run: 6, Failures: 0, Errors: 0, Skipped: 0, Time elapsed: 3.351 sec - in com.xero.api.client.AccountingApiManualJournalsTest
Running com.xero.api.client.PayrollAuApiLeaveApplicationTest
@Test - getLeaveApplicationTest
@Test - getLeaveApplicationsTest
@Test - createLeaveApplicationTest
@Test - updateLeaveApplicationTest
Tests run: 4, Failures: 0, Errors: 0, Skipped: 0, Time elapsed: 1.279 sec - in com.xero.api.client.PayrollAuApiLeaveApplicationTest
Running com.xero.api.client.PayrollAuApiPayRunTest
@Test - updatePayRunTest
@Test - getPayRunTest
@Test - getPayRunsTest
@Test - createPayRunTest
Tests run: 4, Failures: 0, Errors: 0, Skipped: 0, Time elapsed: 0.207 sec - in com.xero.api.client.PayrollAuApiPayRunTest
Running com.xero.api.client.ProjectsApiTimeEntriesTest
Sleep for 60 seconds
@Test - createTimeEntryTest
@Test - getTimeEntriesTest
@Test - getTimeEntryTest
Tests run: 3, Failures: 0, Errors: 0, Skipped: 0, Time elapsed: 0.84 sec - in com.xero.api.client.ProjectsApiTimeEntriesTest
Running com.xero.api.client.PayrollUkApiTimesheetsTest
@Test UK Payroll - getTimesheetsTest
@Test UK Payroll - createTimesheetTest
@Test UK Payroll - getTimesheetTest
@Test UK Payroll - createTimesheetLineTest
@Test UK Payroll - updateTimesheetLineTest
Tests run: 5, Failures: 0, Errors: 0, Skipped: 0, Time elapsed: 1.328 sec - in com.xero.api.client.PayrollUkApiTimesheetsTest
Running com.xero.api.client.BankfeedApiFeedConnectionTest
Sleep for 60 seconds
@Test - createFeedConnections
@Test - getFeedConnection
@Test - deleteFeedConnection
@Test - getFeedConnections
Tests run: 4, Failures: 0, Errors: 0, Skipped: 0, Time elapsed: 1.234 sec - in com.xero.api.client.BankfeedApiFeedConnectionTest
Running com.xero.api.client.AccountingApiBankTransferTest
Sleep for 60 seconds
@Test - createBankTransferAttachmentByFileNameTest
@Test - createBankTransfer
@Test - getBankTransfer
@Test - getBankTransfers
@Test - getBankTransferAttachmentsTest
Tests run: 5, Failures: 0, Errors: 0, Skipped: 0, Time elapsed: 1.759 sec - in com.xero.api.client.AccountingApiBankTransferTest
Running com.xero.api.client.PayrollUkApiEmployeePayTemplatesTest
@Test UK Payroll - getEmployeePayTemplateTest
@Test UK Payroll - createMultipleEmployeeEarningsTemplateTest
@Test UK Payroll - updateEmployeePayTemplateTest
Tests run: 3, Failures: 0, Errors: 0, Skipped: 0, Time elapsed: 0.864 sec - in com.xero.api.client.PayrollUkApiEmployeePayTemplatesTest
Running com.xero.api.client.PayrollUkApiPaymentMethodsTest
@Test UK Payroll - getEmployeePaymentMethodTest
@Test UK Payroll - createEmployeePaymentMethodTest
Tests run: 2, Failures: 0, Errors: 0, Skipped: 0, Time elapsed: 0.323 sec - in com.xero.api.client.PayrollUkApiPaymentMethodsTest
Running com.xero.api.client.PayrollUkApiLeaveTypesTest
@Test UK Payroll - getLeaveTypeTest
@Test UK Payroll - getLeaveTypesTest
@Test UK Payroll - createLeaveTypeTest
Tests run: 3, Failures: 0, Errors: 0, Skipped: 0, Time elapsed: 0.661 sec - in com.xero.api.client.PayrollUkApiLeaveTypesTest
Running com.xero.api.client.PayrollAuApiTimesheetTest
@Test - getTimesheetsTest
@Test - createTimesheetTest
@Test - getTimesheetTest
@Test - updateTimesheetTest
Tests run: 4, Failures: 0, Errors: 0, Skipped: 0, Time elapsed: 0.7 sec - in com.xero.api.client.PayrollAuApiTimesheetTest
Running com.xero.api.client.PayrollUkApiEmployeeTaxTest
@Test UK Payroll - getEmployeeTax
Tests run: 1, Failures: 0, Errors: 0, Skipped: 0, Time elapsed: 0.274 sec - in com.xero.api.client.PayrollUkApiEmployeeTaxTest
Running com.xero.api.client.PayrollAuApiEmployeeTest
@Test - getEmployeeTest
@Test - createEmployeeTest
@Test - getEmployeesTest
@Test - updateEmployeeTest
Tests run: 4, Failures: 0, Errors: 0, Skipped: 0, Time elapsed: 0.782 sec - in com.xero.api.client.PayrollAuApiEmployeeTest
Running com.xero.api.client.AccountingApiContactsTest
Sleep for 60 seconds
@Test - createContactAttachmentByFileNameTest
@Test - getContactsTest
@Test - updateContactTest
@Test - getContactTest
@Test - getContactCISSettingsTest - not implemented
@Test - getContactAttachmentsTest
Tests run: 6, Failures: 0, Errors: 0, Skipped: 0, Time elapsed: 1.195 sec - in com.xero.api.client.AccountingApiContactsTest
Running com.xero.api.client.AccountingApiQuotesTest
Sleep for 60 seconds
@Test - getQuote
@Test - updateOrCreateQuote
@Test - updateQuote
@Test - createQuote
@Test - getQuotes
Tests run: 5, Failures: 0, Errors: 0, Skipped: 0, Time elapsed: 3.931 sec - in com.xero.api.client.AccountingApiQuotesTest
Running com.xero.api.client.AccountingApiExpenseClaimsTest
Sleep for 60 seconds
@Test - createExpenseClaim
@Test - getExpenseClaim
@Test - updateExpenseClaim
@Test - getExpenseClaims
Tests run: 4, Failures: 0, Errors: 0, Skipped: 0, Time elapsed: 1.282 sec - in com.xero.api.client.AccountingApiExpenseClaimsTest
Running com.xero.api.client.AccountingApiBatchPaymentTest
Sleep for 60 seconds
@Test - createBatchPayment
@Test - getBatchPaymentHistory
@Test - getBatchPayment
@Test - createBatchPaymentHistoryRecord
Tests run: 4, Failures: 0, Errors: 0, Skipped: 0, Time elapsed: 1.179 sec - in com.xero.api.client.AccountingApiBatchPaymentTest
Running com.xero.api.client.AssetsApiTest
Sleep for 60 seconds
@Test - getAsset
@Test - createAsset
@Test - getAssetTypes
@Test - createAssetType
@Test - getAssetSettingss
@Test - getAssets
Tests run: 6, Failures: 0, Errors: 0, Skipped: 0, Time elapsed: 11.505 sec - in com.xero.api.client.AssetsApiTest
Running com.xero.api.client.AccountingApiInvoicesTest
Sleep for 60 seconds
@Test - updateInvoice
@Test - getInvoiceTest
@Test - createInvoices
@Test - getInvoiceReminders
@Test - getInvoices
@Test - getInvoiceAttachments
@Test - getOnlineInvoice
Tests run: 7, Failures: 0, Errors: 0, Skipped: 0, Time elapsed: 1.716 sec - in com.xero.api.client.AccountingApiInvoicesTest
Running com.xero.api.client.PayrollUkApiEarningRatesTest
@Test UK Payroll - createEarningsRateTest
@Test UK Payroll - getEarningsRateTest
@Test UK Payroll - getEarningsRatesTest
Tests run: 3, Failures: 0, Errors: 0, Skipped: 0, Time elapsed: 0.975 sec - in com.xero.api.client.PayrollUkApiEarningRatesTest
Running com.xero.api.client.AccountingApiUsersTest
Sleep for 30 seconds
@Test - getUsers
@Test - getUser
Tests run: 2, Failures: 0, Errors: 0, Skipped: 0, Time elapsed: 0.626 sec - in com.xero.api.client.AccountingApiUsersTest
Running com.xero.api.client.AccountingApiPaymentServicesTest
Sleep for 60 seconds
@Test - getPaymentServices
@Test - createPaymentService
Tests run: 2, Failures: 0, Errors: 0, Skipped: 0, Time elapsed: 0.38 sec - in com.xero.api.client.AccountingApiPaymentServicesTest
Running com.xero.api.client.AccountingApiOrganisationsTest
Sleep for 60 seconds
@Test - getOrganisations
Tests run: 1, Failures: 0, Errors: 0, Skipped: 0, Time elapsed: 0.242 sec - in com.xero.api.client.AccountingApiOrganisationsTest
Running com.xero.api.client.PayrollUkApiEmployeeLeaveBalancesTest
@Test UK Payroll - getEmployeeLeaveBalancesTest
Tests run: 1, Failures: 0, Errors: 0, Skipped: 0, Time elapsed: 0.349 sec - in com.xero.api.client.PayrollUkApiEmployeeLeaveBalancesTest
Running com.xero.api.client.PayrollUkApiEmployeeLeaveTest
@Test UK Payroll - updateEmployeeLeaveTest
@Test UK Payroll - getEmployeeLeaveTest
@Test UK Payroll - getEmployeeLeavesTest
@Test UK Payroll - createEmployeeLeaveTest
Tests run: 4, Failures: 0, Errors: 0, Skipped: 0, Time elapsed: 1.301 sec - in com.xero.api.client.PayrollUkApiEmployeeLeaveTest
Running com.xero.api.client.PayrollUkApiEmployeeStatutoryLeavesSummaryTest
@Test UK Payroll - getEmployeeStatutoryLeavesSummaryTest
Tests run: 1, Failures: 0, Errors: 0, Skipped: 0, Time elapsed: 0.331 sec - in com.xero.api.client.PayrollUkApiEmployeeStatutoryLeavesSummaryTest
Running com.xero.api.client.AccountingApiPaymentsTest
@Test - deletePayment
@Test - getPayments
@Test - createPayments
@Test - getPayment
Tests run: 4, Failures: 0, Errors: 0, Skipped: 0, Time elapsed: 1.571 sec - in com.xero.api.client.AccountingApiPaymentsTest
Running com.xero.api.client.PayrollUkApiSettingsTest
@Test UK Payroll - getSettingsTest
Tests run: 1, Failures: 0, Errors: 0, Skipped: 0, Time elapsed: 0.304 sec - in com.xero.api.client.PayrollUkApiSettingsTest
Running com.xero.api.client.AccountingApiBankTransactionTest
Sleep for 60 seconds
@Test - updateBankTransaction
@Test - getBankTransactions
@Test - getBankTransactionAttachmentsTest
@Test - getBankTransaction
@Test - createBankTransactionAttachmentByFileNameTest
Tests run: 5, Failures: 0, Errors: 0, Skipped: 0, Time elapsed: 1.398 sec - in com.xero.api.client.AccountingApiBankTransactionTest
Running com.xero.api.client.PayrollUkApiEmployeeStatutorySickLeaveTest
@Test UK Payroll - createEmployeeStatutorySickLeaveTest
@Test UK Payroll - getEmployeeStatutorySickLeaveTest
Tests run: 2, Failures: 0, Errors: 0, Skipped: 0, Time elapsed: 0.357 sec - in com.xero.api.client.PayrollUkApiEmployeeStatutorySickLeaveTest
Running com.xero.api.client.PayrollAuApiPayrollCalendarTest
@Test - createPayrollCalendarTest
@Test - getPayrollCalendarTest
@Test - getPayrollCalendarsTest
Tests run: 3, Failures: 0, Errors: 0, Skipped: 0, Time elapsed: 0.64 sec - in com.xero.api.client.PayrollAuApiPayrollCalendarTest
Running com.xero.api.client.PayrollUkApiEmployeeOpeningBalancesTest
@Test UK Payroll - createEmployeeOpeningBalancesTest - No Test Case - method works, but response NULL
@Test UK Payroll - getEmployeeOpeningBalancesTest
@Test UK Payroll - updateEmployeeOpeningBalancesTest No Test Case - method works, but response NULL
Tests run: 3, Failures: 0, Errors: 0, Skipped: 0, Time elapsed: 0.163 sec - in com.xero.api.client.PayrollUkApiEmployeeOpeningBalancesTest
Running com.xero.api.client.PayrollUkApiEmployeeLeavePeriodsTest
@Test UK Payroll - getEmployeeLeavePeriodsTest
Tests run: 1, Failures: 0, Errors: 0, Skipped: 0, Time elapsed: 0.167 sec - in com.xero.api.client.PayrollUkApiEmployeeLeavePeriodsTest
Running com.xero.api.client.ProjectsApiProjectsTest
Sleep for 60 seconds
@Test - getProjectsTest
@Test - getProjectTest
@Test - createProjectsTest
Tests run: 3, Failures: 0, Errors: 0, Skipped: 0, Time elapsed: 0.75 sec - in com.xero.api.client.ProjectsApiProjectsTest
Running com.xero.api.client.AccountingApiRepeatingInvoicesTest
Sleep for 60 seconds
@Test - getRepeatingInvoices
@Test - getRepeatingInvoiceAttachments
@Test - createRepeatingInvoiceAttachmentByFileName
@Test - getRepeatingInvoice
Tests run: 4, Failures: 0, Errors: 0, Skipped: 0, Time elapsed: 0.963 sec - in com.xero.api.client.AccountingApiRepeatingInvoicesTest
Running com.xero.api.client.PayrollUkApiEmployerPensionsTest
@Test UK Payroll - getBenefitTest
@Test UK Payroll - createBenefitTest
@Test UK Payroll - getBenefitsTest
Tests run: 3, Failures: 0, Errors: 0, Skipped: 0, Time elapsed: 1.548 sec - in com.xero.api.client.PayrollUkApiEmployerPensionsTest
Running com.xero.api.client.PayrollUkApiEmployeeStatutoryLeaveBalancesTest
@Test UK Payroll - getEmployeeStatutoryLeaveBalancesTest
Tests run: 1, Failures: 0, Errors: 0, Skipped: 0, Time elapsed: 0.159 sec - in com.xero.api.client.PayrollUkApiEmployeeStatutoryLeaveBalancesTest
Running com.xero.api.client.PayrollUkApiEmployeeTest
@Test UK Payroll - getEmployeeTest
@Test UK Payroll - createEmployeeTest
@Test UK Payroll - getEmployeesTest
@Test UK Payroll - updateEmployeeTest
Tests run: 4, Failures: 0, Errors: 0, Skipped: 0, Time elapsed: 0.637 sec - in com.xero.api.client.PayrollUkApiEmployeeTest
Running com.xero.api.client.PayrollUkApiEmploymentTest
@Test UK Payroll - createEmploymentTest
Tests run: 1, Failures: 0, Errors: 0, Skipped: 0, Time elapsed: 0.169 sec - in com.xero.api.client.PayrollUkApiEmploymentTest
Running com.xero.api.client.AccountingApiCreditNotesTest
Sleep for 60 seconds
@Test - getCreditNotes
@Test - createCreditNoteAllocation
@Test - updateCreditNote
@Test - getCreditNoteAttachments
@Test - createCreditNote
@Test - getCreditNote
Tests run: 6, Failures: 0, Errors: 0, Skipped: 0, Time elapsed: 1.649 sec - in com.xero.api.client.AccountingApiCreditNotesTest
Running com.xero.api.client.AccountingApiAccountsTest
Sleep for 60 seconds
@Test - createAccount
@Test - getAccount
@Test - updateAccount
@Test - getAccounts
@Test - createAccountAttachmentByFileName
@Test - deleteAccount
@Test - getAccountAttachments
Tests run: 7, Failures: 0, Errors: 0, Skipped: 0, Time elapsed: 1.416 sec - in com.xero.api.client.AccountingApiAccountsTest
Running com.xero.api.client.PayrollUkApiReimbursementsTest
@Test UK Payroll - getReimbursementsTest
@Test UK Payroll - createReimbursementTest
@Test UK Payroll - getReimbursementTest
Tests run: 3, Failures: 0, Errors: 0, Skipped: 0, Time elapsed: 0.709 sec - in com.xero.api.client.PayrollUkApiReimbursementsTest
Running com.xero.api.client.PayrollAuApiSuperfundProductTest
@Test - getSuperfundProductsTest
Tests run: 1, Failures: 0, Errors: 0, Skipped: 0, Time elapsed: 0.199 sec - in com.xero.api.client.PayrollAuApiSuperfundProductTest
Running com.xero.api.client.AccountingApiContactGroupTest
Sleep for 60 seconds
@Test - updateContactGroupTest
@Test - getContactGroupsTest
@Test - createContactGroupContactsTest
@Test - deleteContactGroupContactTest
@Test - createContactGroupTest
@Test - getContactGroupTest
@Test - deleteContactGroupContactsTest
Tests run: 7, Failures: 0, Errors: 0, Skipped: 0, Time elapsed: 1.212 sec - in com.xero.api.client.AccountingApiContactGroupTest
Running com.xero.api.client.PayrollUkApiPayslipsTest
@Test UK Payroll - getPayslipsTest
Tests run: 1, Failures: 0, Errors: 0, Skipped: 0, Time elapsed: 0.181 sec - in com.xero.api.client.PayrollUkApiPayslipsTest
Running com.xero.api.client.PayrollUkApiDeductionsTest
@Test UK Payroll - getDeductionTest
@Test UK Payroll - createDeductionTest
@Test UK Payroll - getDeductionsTest
Tests run: 3, Failures: 0, Errors: 0, Skipped: 0, Time elapsed: 0.49 sec - in com.xero.api.client.PayrollUkApiDeductionsTest
Running com.xero.api.client.PayrollUkApiPayRunsTest
@Test UK Payroll - updatePayRunTest
@Test UK Payroll - getPayRunTest
@Test UK Payroll - getPayRunsTest
Tests run: 3, Failures: 0, Errors: 0, Skipped: 0, Time elapsed: 0.493 sec - in com.xero.api.client.PayrollUkApiPayRunsTest
Running com.xero.api.client.PayrollUkApiEarningsOrdersTest
@Test UK Payroll - getEarningsOrderTest
@Test UK Payroll - getEarningsOrdersTest
Tests run: 2, Failures: 0, Errors: 0, Skipped: 0, Time elapsed: 0.347 sec - in com.xero.api.client.PayrollUkApiEarningsOrdersTest

Results :

Tests in error: 
  PayrollAuApiPayItemTest.createPayItemTest:118 Â» MismatchedInput Cannot deseria...

Tests run: 238, Failures: 0, Errors: 1, Skipped: 0

[ERROR] There are test failures.

Please refer to /tmp/tmpvvo38tbm/Xero-Java/target/surefire-reports for the individual test results.
[INFO] 
[INFO] --- jacoco-maven-plugin:0.8.5:report (report) @ xero-java ---
[INFO] Loading execution data file /tmp/tmpvvo38tbm/Xero-Java/target/jacoco.exec
[INFO] Analyzed bundle 'xero-java' with 1056 classes
[INFO] ------------------------------------------------------------------------
[INFO] BUILD SUCCESS
[INFO] ------------------------------------------------------------------------
[INFO] Total time:  02:52 min
[INFO] Finished at: 2020-07-30T21:31:55Z
[INFO] ------------------------------------------------------------------------
