[INFO] Error stacktraces are turned on.
[INFO] Scanning for projects...
[INFO] 
[INFO] -------------------< com.github.bingoohuang:westid >--------------------
[INFO] Building westid 0.0.4-SNAPSHOT
[INFO] --------------------------------[ jar ]---------------------------------
[INFO] 
[INFO] --- jacoco-maven-plugin:0.8.5:prepare-agent (default) @ westid ---
[INFO] argLine set to -javaagent:/home/jdbl/.m2/repository/org/jacoco/org.jacoco.agent/0.8.5/org.jacoco.agent-0.8.5-runtime.jar=destfile=/tmp/tmp33mydn01/westid/target/jacoco.exec
[INFO] 
[INFO] --- maven-resources-plugin:2.6:resources (default-resources) @ westid ---
[INFO] Using 'UTF-8' encoding to copy filtered resources.
[INFO] skip non existing resourceDirectory /tmp/tmp33mydn01/westid/src/main/resources
[INFO] 
[INFO] --- maven-compiler-plugin:3.1:compile (default-compile) @ westid ---
[INFO] Changes detected - recompiling the module!
[INFO] Compiling 16 source files to /tmp/tmp33mydn01/westid/target/classes
[INFO] 
[INFO] --- maven-resources-plugin:2.6:testResources (default-testResources) @ westid ---
[INFO] Using 'UTF-8' encoding to copy filtered resources.
[INFO] Copying 2 resources
[INFO] 
[INFO] --- maven-compiler-plugin:3.1:testCompile (default-testCompile) @ westid ---
[INFO] Changes detected - recompiling the module!
[INFO] Compiling 7 source files to /tmp/tmp33mydn01/westid/target/test-classes
[INFO] 
[INFO] --- maven-surefire-plugin:2.19.1:test (default-test) @ westid ---
[INFO] Surefire report directory: /tmp/tmp33mydn01/westid/target/surefire-reports

-------------------------------------------------------
 T E S T S
-------------------------------------------------------
Running com.github.bingoohuang.westid.WestIdTest
05:58:01.744 [main] WARN  com.github.bingoohuang.westid.WestId com.github.bingoohuang.westid. not defined, use class com.github.bingoohuang.westid.workerid.IpWorkerIdAssigner  instead
05:58:01.803 [main] DEBUG com.github.bingoohuang.westid.WestIdGenerator IdGenerator created for config WestIdConfig(epoch=1490346283706, workerBits=10, sequenceBits=12, maxWorkerId=1023), workerId 10
05:58:01.805 [main] DEBUG com.github.bingoohuang.westid.WestIdGenerator IdGenerator created for config WestIdConfig(epoch=1490346283706, workerBits=10, sequenceBits=12, maxWorkerId=1023), workerId 330
05:58:01.815 [main] DEBUG com.github.bingoohuang.westid.WestIdGenerator IdGenerator created for config WestIdConfig(epoch=1490346283706, workerBits=10, sequenceBits=12, maxWorkerId=1023), workerId 657
generated 1000000 ids in 254 ms, or 3,937,008 ids/second
05:58:02.072 [main] DEBUG com.github.bingoohuang.westid.WestIdGenerator IdGenerator created for config WestIdConfig(epoch=1490346283706, workerBits=10, sequenceBits=12, maxWorkerId=1023), workerId 0
05:58:02.072 [main] DEBUG com.github.bingoohuang.westid.WestIdGenerator IdGenerator created for config WestIdConfig(epoch=1490346283706, workerBits=10, sequenceBits=12, maxWorkerId=1023), workerId 4
05:58:02.073 [main] DEBUG com.github.bingoohuang.westid.WestIdGenerator IdGenerator created for config WestIdConfig(epoch=1490346283706, workerBits=10, sequenceBits=12, maxWorkerId=1023), workerId 502
05:58:02.073 [main] DEBUG com.github.bingoohuang.westid.WestIdGenerator IdGenerator created for config WestIdConfig(epoch=1490346283706, workerBits=10, sequenceBits=12, maxWorkerId=1023), workerId 90
05:58:02.073 [main] DEBUG com.github.bingoohuang.westid.WestIdGenerator IdGenerator created for config WestIdConfig(epoch=1490346283706, workerBits=10, sequenceBits=12, maxWorkerId=1023), workerId 1
05:58:02.081 [main] WARN  com.github.bingoohuang.westid.WestId com.github.bingoohuang.westid. not defined, use class com.github.bingoohuang.westid.workerid.IpWorkerIdAssigner  instead
05:58:02.081 [main] DEBUG com.github.bingoohuang.westid.WestIdGenerator IdGenerator created for config WestIdConfig(epoch=1490346283706, workerBits=10, sequenceBits=12, maxWorkerId=1023), workerId 10
Tests run: 9, Failures: 0, Errors: 8, Skipped: 0, Time elapsed: 1.325 sec <<< FAILURE! - in com.github.bingoohuang.westid.WestIdTest
testEpoch(com.github.bingoohuang.westid.WestIdTest)  Time elapsed: 0.289 sec  <<< ERROR!
java.lang.NoSuchMethodError: com.google.common.base.Preconditions.checkArgument(ZLjava/lang/String;Ljava/lang/Object;Ljava/lang/Object;Ljava/lang/Object;)V
	at com.github.bingoohuang.westid.WestIdTest.testEpoch(WestIdTest.java:78)

whenTimeGoesBackward(com.github.bingoohuang.westid.WestIdTest)  Time elapsed: 0.001 sec  <<< ERROR!
java.lang.NoClassDefFoundError: Could not initialize class com.google.common.truth.Truth
	at com.github.bingoohuang.westid.WestIdTest.whenTimeGoesBackward(WestIdTest.java:226)

testRollover(com.github.bingoohuang.westid.WestIdTest)  Time elapsed: 0.001 sec  <<< ERROR!
java.lang.NoClassDefFoundError: Could not initialize class com.google.common.truth.Truth
	at com.github.bingoohuang.westid.WestIdTest.testRollover(WestIdTest.java:99)

testIncreasing(com.github.bingoohuang.westid.WestIdTest)  Time elapsed: 0 sec  <<< ERROR!
java.lang.NoClassDefFoundError: Could not initialize class com.google.common.truth.Truth
	at com.github.bingoohuang.westid.WestIdTest.testIncreasing(WestIdTest.java:111)

testWorkerId(com.github.bingoohuang.westid.WestIdTest)  Time elapsed: 0.001 sec  <<< ERROR!
java.lang.NoClassDefFoundError: Could not initialize class com.google.common.truth.Truth
	at com.github.bingoohuang.westid.WestIdTest.testWorkerId(WestIdTest.java:64)

sameMilli(com.github.bingoohuang.westid.WestIdTest)  Time elapsed: 0.006 sec  <<< ERROR!
java.lang.NoClassDefFoundError: Could not initialize class com.google.common.truth.Truth
	at com.github.bingoohuang.westid.WestIdTest.sameMilli(WestIdTest.java:185)

onlyUniqueIds(com.github.bingoohuang.westid.WestIdTest)  Time elapsed: 0.733 sec  <<< ERROR!
java.lang.NoClassDefFoundError: Could not initialize class com.google.common.truth.Truth
	at com.github.bingoohuang.westid.WestIdTest.onlyUniqueIds(WestIdTest.java:201)

generateAnId(com.github.bingoohuang.westid.WestIdTest)  Time elapsed: 0.001 sec  <<< ERROR!
java.lang.NoClassDefFoundError: Could not initialize class com.google.common.truth.Truth
	at com.github.bingoohuang.westid.WestIdTest.generateAnId(WestIdTest.java:25)

Running com.github.bingoohuang.westid.PerfTest
25ms 100000
27ms 100000
Tests run: 2, Failures: 0, Errors: 0, Skipped: 0, Time elapsed: 0.047 sec - in com.github.bingoohuang.westid.PerfTest
Running com.github.bingoohuang.westid.RedisWorkerWestIdAssignerTest
Tests run: 1, Failures: 0, Errors: 1, Skipped: 0, Time elapsed: 0.129 sec <<< FAILURE! - in com.github.bingoohuang.westid.RedisWorkerWestIdAssignerTest
test(com.github.bingoohuang.westid.RedisWorkerWestIdAssignerTest)  Time elapsed: 0.04 sec  <<< ERROR!
java.lang.NoClassDefFoundError: Could not initialize class com.google.common.truth.Truth
	at com.github.bingoohuang.westid.RedisWorkerWestIdAssignerTest.test(RedisWorkerWestIdAssignerTest.java:49)

Running com.github.bingoohuang.westid.DbWorkerWestIdAssignerTest
Tests run: 1, Failures: 0, Errors: 1, Skipped: 0, Time elapsed: 0.577 sec <<< FAILURE! - in com.github.bingoohuang.westid.DbWorkerWestIdAssignerTest
test1(com.github.bingoohuang.westid.DbWorkerWestIdAssignerTest)  Time elapsed: 0.577 sec  <<< ERROR!
java.lang.NoClassDefFoundError: Could not initialize class com.google.common.truth.Truth
	at com.github.bingoohuang.westid.DbWorkerWestIdAssignerTest.test1(DbWorkerWestIdAssignerTest.java:21)

Running com.github.bingoohuang.westid.SystemEnvWorkerWestIdTest
05:58:03.596 [main] DEBUG com.github.bingoohuang.westid.WestIdGenerator IdGenerator created for config WestIdConfig(epoch=1490346283706, workerBits=10, sequenceBits=12, maxWorkerId=1023), workerId 13
Tests run: 1, Failures: 0, Errors: 1, Skipped: 0, Time elapsed: 0.003 sec <<< FAILURE! - in com.github.bingoohuang.westid.SystemEnvWorkerWestIdTest
test(com.github.bingoohuang.westid.SystemEnvWorkerWestIdTest)  Time elapsed: 0.001 sec  <<< ERROR!
java.lang.NoClassDefFoundError: Could not initialize class com.google.common.truth.Truth
	at com.github.bingoohuang.westid.SystemEnvWorkerWestIdTest.test(SystemEnvWorkerWestIdTest.java:22)

Running com.github.bingoohuang.westid.SystemPropertyWorkerWestIdTest
05:58:03.599 [main] DEBUG com.github.bingoohuang.westid.WestIdGenerator IdGenerator created for config WestIdConfig(epoch=1490346283706, workerBits=10, sequenceBits=12, maxWorkerId=1023), workerId 12
Tests run: 1, Failures: 0, Errors: 1, Skipped: 0, Time elapsed: 0.001 sec <<< FAILURE! - in com.github.bingoohuang.westid.SystemPropertyWorkerWestIdTest
test(com.github.bingoohuang.westid.SystemPropertyWorkerWestIdTest)  Time elapsed: 0.001 sec  <<< ERROR!
java.lang.NoClassDefFoundError: Could not initialize class com.google.common.truth.Truth
	at com.github.bingoohuang.westid.SystemPropertyWorkerWestIdTest.test(SystemPropertyWorkerWestIdTest.java:22)

Running com.github.bingoohuang.westid.QrSceneWestIdTest
05:58:03.600 [main] WARN  com.github.bingoohuang.westid.WestId com.github.bingoohuang.westid. not defined, use class com.github.bingoohuang.westid.workerid.IpWorkerIdAssigner  instead
05:58:03.600 [main] DEBUG com.github.bingoohuang.westid.WestIdGenerator IdGenerator created for config WestIdConfig(epoch=1490346283706, workerBits=5, sequenceBits=5, maxWorkerId=31), workerId 10
Tests run: 1, Failures: 0, Errors: 1, Skipped: 0, Time elapsed: 0.001 sec <<< FAILURE! - in com.github.bingoohuang.westid.QrSceneWestIdTest
test(com.github.bingoohuang.westid.QrSceneWestIdTest)  Time elapsed: 0.001 sec  <<< ERROR!
java.lang.NoClassDefFoundError: Could not initialize class com.google.common.truth.Truth
	at com.github.bingoohuang.westid.QrSceneWestIdTest.test(QrSceneWestIdTest.java:14)


Results :

Tests in error: 
  DbWorkerWestIdAssignerTest.test1:21 NoClassDefFound Could not initialize class...
  QrSceneWestIdTest.test:14 NoClassDefFound Could not initialize class com.googl...
  RedisWorkerWestIdAssignerTest.test:49 NoClassDefFound Could not initialize cla...
  SystemEnvWorkerWestIdTest.test:22 NoClassDefFound Could not initialize class c...
  SystemPropertyWorkerWestIdTest.test:22 NoClassDefFound Could not initialize cl...
  WestIdTest.generateAnId:25 NoClassDefFound Could not initialize class com.goog...
  WestIdTest.onlyUniqueIds:201 NoClassDefFound Could not initialize class com.go...
  WestIdTest.sameMilli:185 NoClassDefFound Could not initialize class com.google...
  WestIdTest.testEpoch:78 Â» NoSuchMethod com.google.common.base.Preconditions.ch...
  WestIdTest.testIncreasing:111 NoClassDefFound Could not initialize class com.g...
  WestIdTest.testRollover:99 NoClassDefFound Could not initialize class com.goog...
  WestIdTest.testWorkerId:64 NoClassDefFound Could not initialize class com.goog...
  WestIdTest.whenTimeGoesBackward:226 NoClassDefFound Could not initialize class...

Tests run: 16, Failures: 0, Errors: 13, Skipped: 0

[ERROR] There are test failures.

Please refer to /tmp/tmp33mydn01/westid/target/surefire-reports for the individual test results.
[INFO] 
[INFO] --- jacoco-maven-plugin:0.8.5:report (report) @ westid ---
[INFO] Loading execution data file /tmp/tmp33mydn01/westid/target/jacoco.exec
[INFO] Analyzed bundle 'westid' with 1680 classes
[INFO] ------------------------------------------------------------------------
[INFO] BUILD SUCCESS
[INFO] ------------------------------------------------------------------------
[INFO] Total time:  10.284 s
[INFO] Finished at: 2020-07-31T05:58:05Z
[INFO] ------------------------------------------------------------------------
