[INFO] Error stacktraces are turned on.
[INFO] Scanning for projects...
[INFO] 
[INFO] ---------------------< com.csforge:sstable-tools >----------------------
[INFO] Building SSTable Tools 3.11.0-alpha12-SNAPSHOT
[INFO] --------------------------------[ jar ]---------------------------------
[INFO] 
[INFO] --- jacoco-maven-plugin:0.8.5:prepare-agent (default) @ sstable-tools ---
[INFO] argLine set to -javaagent:/home/jdbl/.m2/repository/org/jacoco/org.jacoco.agent/0.8.5/org.jacoco.agent-0.8.5-runtime.jar=destfile=/tmp/tmpjbod43qg/sstable-tools/target/jacoco.exec
[INFO] 
[INFO] --- maven-resources-plugin:2.6:resources (default-resources) @ sstable-tools ---
[INFO] Using 'UTF-8' encoding to copy filtered resources.
[INFO] Copying 4 resources
[INFO] 
[INFO] --- maven-compiler-plugin:3.1:compile (default-compile) @ sstable-tools ---
[INFO] Changes detected - recompiling the module!
[INFO] Compiling 13 source files to /tmp/tmpjbod43qg/sstable-tools/target/classes
[WARNING] /tmp/tmpjbod43qg/sstable-tools/src/main/java/com/csforge/sstable/TableTransformer.java: Some input files use unchecked or unsafe operations.
[WARNING] /tmp/tmpjbod43qg/sstable-tools/src/main/java/com/csforge/sstable/TableTransformer.java: Recompile with -Xlint:unchecked for details.
[INFO] 
[INFO] --- maven-resources-plugin:2.6:testResources (default-testResources) @ sstable-tools ---
[INFO] Using 'UTF-8' encoding to copy filtered resources.
[INFO] Copying 49 resources
[INFO] 
[INFO] --- maven-compiler-plugin:3.1:testCompile (default-testCompile) @ sstable-tools ---
[INFO] Changes detected - recompiling the module!
[INFO] Compiling 4 source files to /tmp/tmpjbod43qg/sstable-tools/target/test-classes
[INFO] 
[INFO] --- maven-surefire-plugin:2.19.1:test (default-test) @ sstable-tools ---
[INFO] Surefire report directory: /tmp/tmpjbod43qg/sstable-tools/target/surefire-reports

-------------------------------------------------------
 T E S T S
-------------------------------------------------------
Running com.csforge.sstable.TestSelect
 ┌────────────────────┬──────────┬──────┐
 │weatherstation_id   │date      │avg   │
 ╞════════════════════╪══════════╪══════╡
 │1234WXYZ            │2016-04-03│71.5  │
 ├────────────────────┼──────────┼──────┤
 │1234WXYZ            │2016-04-04│73.5  │
 └────────────────────┴──────────┴──────┘
 ┌────────┐
 │count   │
 ╞════════╡
 │36      │
 └────────┘
 ┌────────────┬─────────────┬──────┬───────┬────────┐
 │partition   │partition1   │row   │row1   │value   │
 ╞════════════╪═════════════╪══════╪═══════╪════════╡
 │e           │f            │g     │h      │2       │
 ├────────────┼─────────────┼──────┼───────┼────────┤
 │a           │b            │c     │d      │1       │
 └────────────┴─────────────┴──────┴───────┴────────┘
 ┌───────┬──────────┬─────────────────┬─────────┐
 │key1   │listval   │mapval           │setval   │
 ╞═══════╪══════════╪═════════════════╪═════════╡
 │1      │[1]       │{mapkey=mapvalue}│[set]    │
 └───────┴──────────┴─────────────────┴─────────┘
Tests run: 7, Failures: 2, Errors: 0, Skipped: 0, Time elapsed: 1.808 sec <<< FAILURE! - in com.csforge.sstable.TestSelect
testSelectLimit(com.csforge.sstable.TestSelect)  Time elapsed: 0.06 sec  <<< FAILURE!
java.lang.AssertionError
	at com.csforge.sstable.TestSelect.getLength(TestSelect.java:65)
	at com.csforge.sstable.TestSelect.testSelectLimit(TestSelect.java:82)

testSelectAllMB(com.csforge.sstable.TestSelect)  Time elapsed: 0.004 sec  <<< FAILURE!
java.lang.AssertionError
	at com.csforge.sstable.TestSelect.testSelectAllMB(TestSelect.java:52)

Running com.csforge.sstable.TestCUtils
Tests run: 3, Failures: 0, Errors: 0, Skipped: 0, Time elapsed: 0.027 sec - in com.csforge.sstable.TestCUtils
Running com.csforge.sstable.TestCqlsh
Using: /tmp/ma-2-big-Data.db
Using: /tmp/ma-3-big-Data.db
Using: /tmp/mc-1-big-Data.db
Using: /tmp/ma-4-big-Data.db
Using: /tmp/ma-1-big-Data.db
Using: /tmp/mb-1-big-Data.db
Cannot find '/tmp/tmpjbod43qg/sstable-tools/ban ana'.
Using: /tmp/ma-3-big-Data.db
Tests run: 2, Failures: 0, Errors: 0, Skipped: 0, Time elapsed: 0.211 sec - in com.csforge.sstable.TestCqlsh

Results :

Failed tests: 
  TestSelect.testSelectAllMB:52
  TestSelect.testSelectLimit:82->getLength:65

Tests run: 12, Failures: 2, Errors: 0, Skipped: 0

[ERROR] There are test failures.

Please refer to /tmp/tmpjbod43qg/sstable-tools/target/surefire-reports for the individual test results.
[INFO] 
[INFO] --- jacoco-maven-plugin:0.8.5:report (report) @ sstable-tools ---
[INFO] Loading execution data file /tmp/tmpjbod43qg/sstable-tools/target/jacoco.exec
[INFO] Analyzed bundle 'SSTable Tools' with 115 classes
[INFO] ------------------------------------------------------------------------
[INFO] BUILD SUCCESS
[INFO] ------------------------------------------------------------------------
[INFO] Total time:  27.551 s
[INFO] Finished at: 2020-08-03T11:06:20Z
[INFO] ------------------------------------------------------------------------
