[INFO] Error stacktraces are turned on.
[INFO] Scanning for projects...
[INFO] 
[INFO] -----------------------------< allr:fastr >-----------------------------
[INFO] Building fastr 1.0-SNAPSHOT
[INFO] --------------------------------[ jar ]---------------------------------
[INFO] 
[INFO] --- jacoco-maven-plugin:0.8.5:prepare-agent (default) @ fastr ---
[INFO] argLine set to -javaagent:/home/jdbl/.m2/repository/org/jacoco/org.jacoco.agent/0.8.5/org.jacoco.agent-0.8.5-runtime.jar=destfile=/tmp/tmpywmtjmg1/purdue-fastr/target/jacoco.exec
[INFO] 
[INFO] --- antlr3-maven-plugin:3.5:antlr (default) @ fastr ---
[INFO] ANTLR: Processing source directory /tmp/tmpywmtjmg1/purdue-fastr/src
ANTLR Parser Generator  Version 3.5
Output file /tmp/tmpywmtjmg1/purdue-fastr/target/generated-sources/antlr3/r/parser/RParser.java does not exist: must build /tmp/tmpywmtjmg1/purdue-fastr/src/r/parser/R.g
r/parser/R.g
warning(24):  template error: context [/outputFile /parser /genericParser /region__/genericParser__members] 32:3 no such property or can't access: org.antlr.tool.Grammar.indirectDelegates
Caused by: org.stringtemplate.v4.misc.STNoSuchPropertyException: no such property: org.antlr.tool.Grammar.indirectDelegates
	at org.stringtemplate.v4.misc.ObjectModelAdaptor.throwNoSuchProperty(ObjectModelAdaptor.java:106)
	at org.stringtemplate.v4.misc.ObjectModelAdaptor.lookupMethod(ObjectModelAdaptor.java:99)
	at org.stringtemplate.v4.misc.ObjectModelAdaptor.getProperty(ObjectModelAdaptor.java:67)
	at org.stringtemplate.v4.Interpreter.getObjectProperty(Interpreter.java:1158)
	at org.stringtemplate.v4.Interpreter._exec(Interpreter.java:210)
	at org.stringtemplate.v4.Interpreter.exec(Interpreter.java:145)
	at org.stringtemplate.v4.Interpreter.writeObject(Interpreter.java:703)
	at org.stringtemplate.v4.Interpreter.writeObjectNoOptions(Interpreter.java:635)
	at org.stringtemplate.v4.Interpreter._exec(Interpreter.java:285)
	at org.stringtemplate.v4.Interpreter.exec(Interpreter.java:145)
	at org.stringtemplate.v4.Interpreter.writeObject(Interpreter.java:703)
	at org.stringtemplate.v4.Interpreter.writeObjectNoOptions(Interpreter.java:635)
	at org.stringtemplate.v4.Interpreter._exec(Interpreter.java:285)
	at org.stringtemplate.v4.Interpreter.exec(Interpreter.java:145)
	at org.stringtemplate.v4.Interpreter.writeObject(Interpreter.java:703)
	at org.stringtemplate.v4.Interpreter.writeObjectNoOptions(Interpreter.java:635)
	at org.stringtemplate.v4.Interpreter._exec(Interpreter.java:285)
	at org.stringtemplate.v4.Interpreter.exec(Interpreter.java:145)
	at org.stringtemplate.v4.ST.write(ST.java:415)
	at org.antlr.codegen.CodeGenerator.write(CodeGenerator.java:1296)
	at org.antlr.codegen.Target.genRecognizerFile(Target.java:98)
	at org.antlr.codegen.CodeGenerator.genRecognizer(CodeGenerator.java:459)
	at org.antlr.Tool.generateRecognizer(Tool.java:696)
	at org.antlr.Tool.process(Tool.java:509)
	at org.antlr.mojo.antlr3.Antlr3Mojo.execute(Antlr3Mojo.java:382)
	at org.apache.maven.plugin.DefaultBuildPluginManager.executeMojo(DefaultBuildPluginManager.java:137)
	at org.apache.maven.lifecycle.internal.MojoExecutor.execute(MojoExecutor.java:210)
	at org.apache.maven.lifecycle.internal.MojoExecutor.execute(MojoExecutor.java:156)
	at org.apache.maven.lifecycle.internal.MojoExecutor.execute(MojoExecutor.java:148)
	at org.apache.maven.lifecycle.internal.LifecycleModuleBuilder.buildProject(LifecycleModuleBuilder.java:117)
	at org.apache.maven.lifecycle.internal.LifecycleModuleBuilder.buildProject(LifecycleModuleBuilder.java:81)
	at org.apache.maven.lifecycle.internal.builder.singlethreaded.SingleThreadedBuilder.build(SingleThreadedBuilder.java:56)
	at org.apache.maven.lifecycle.internal.LifecycleStarter.execute(LifecycleStarter.java:128)
	at org.apache.maven.DefaultMaven.doExecute(DefaultMaven.java:305)
	at org.apache.maven.DefaultMaven.doExecute(DefaultMaven.java:192)
	at org.apache.maven.DefaultMaven.execute(DefaultMaven.java:105)
	at org.apache.maven.cli.MavenCli.execute(MavenCli.java:957)
	at org.apache.maven.cli.MavenCli.doMain(MavenCli.java:289)
	at org.apache.maven.cli.MavenCli.main(MavenCli.java:193)
	at sun.reflect.NativeMethodAccessorImpl.invoke0(Native Method)
	at sun.reflect.NativeMethodAccessorImpl.invoke(NativeMethodAccessorImpl.java:62)
	at sun.reflect.DelegatingMethodAccessorImpl.invoke(DelegatingMethodAccessorImpl.java:43)
	at java.lang.reflect.Method.invoke(Method.java:498)
	at org.codehaus.plexus.classworlds.launcher.Launcher.launchEnhanced(Launcher.java:282)
	at org.codehaus.plexus.classworlds.launcher.Launcher.launch(Launcher.java:225)
	at org.codehaus.plexus.classworlds.launcher.Launcher.mainWithExitCode(Launcher.java:406)
	at org.codehaus.plexus.classworlds.launcher.Launcher.main(Launcher.java:347)
Caused by: java.lang.reflect.InvocationTargetException
	at sun.reflect.NativeMethodAccessorImpl.invoke0(Native Method)
	at sun.reflect.NativeMethodAccessorImpl.invoke(NativeMethodAccessorImpl.java:62)
	at sun.reflect.DelegatingMethodAccessorImpl.invoke(DelegatingMethodAccessorImpl.java:43)
	at java.lang.reflect.Method.invoke(Method.java:498)
	at org.stringtemplate.v4.misc.Misc.invokeMethod(Misc.java:218)
	at org.stringtemplate.v4.misc.ObjectModelAdaptor.lookupMethod(ObjectModelAdaptor.java:84)
	... 45 more
Caused by: java.lang.NullPointerException
	at java.util.Objects.requireNonNull(Objects.java:203)
	at java.util.ArrayList.removeAll(ArrayList.java:695)
	at org.antlr.tool.CompositeGrammar.getIndirectDelegates(CompositeGrammar.java:226)
	at org.antlr.tool.Grammar.getIndirectDelegates(Grammar.java:2722)
	... 51 more

[INFO] 
[INFO] --- maven-resources-plugin:2.6:resources (default-resources) @ fastr ---
[INFO] Using 'UTF-8' encoding to copy filtered resources.
[INFO] skip non existing resourceDirectory /tmp/tmpywmtjmg1/purdue-fastr/src/main/resources
[INFO] 
[INFO] --- maven-compiler-plugin:3.0:compile (default-compile) @ fastr ---
[INFO] Changes detected - recompiling the module!
[INFO] Compiling 343 source files to /tmp/tmpywmtjmg1/purdue-fastr/target/classes
[WARNING] /tmp/tmpywmtjmg1/purdue-fastr/src/r/data/internal/ProfilingView.java: Some input files use unchecked or unsafe operations.
[WARNING] /tmp/tmpywmtjmg1/purdue-fastr/src/r/data/internal/ProfilingView.java: Recompile with -Xlint:unchecked for details.
[INFO] 
[INFO] --- maven-resources-plugin:2.6:testResources (default-testResources) @ fastr ---
[INFO] Using 'UTF-8' encoding to copy filtered resources.
[INFO] skip non existing resourceDirectory /tmp/tmpywmtjmg1/purdue-fastr/src/test/resources
[INFO] 
[INFO] --- maven-compiler-plugin:3.0:testCompile (default-testCompile) @ fastr ---
[INFO] Changes detected - recompiling the module!
[INFO] Compiling 33 source files to /tmp/tmpywmtjmg1/purdue-fastr/target/test-classes
[INFO] 
[INFO] --- maven-surefire-plugin:2.19.1:test (default-test) @ fastr ---
[INFO] Surefire report directory: /tmp/tmpywmtjmg1/purdue-fastr/target/surefire-reports

-------------------------------------------------------
 T E S T S
-------------------------------------------------------
Running r.simple.TestSimpleVectors
Tests run: 16, Failures: 0, Errors: 0, Skipped: 0, Time elapsed: 1.068 sec - in r.simple.TestSimpleVectors
Running r.simple.TestSimpleAttributes
Tests run: 6, Failures: 0, Errors: 0, Skipped: 0, Time elapsed: 0.118 sec - in r.simple.TestSimpleAttributes
Running r.simple.TestSimpleComparison
Tests run: 3, Failures: 0, Errors: 0, Skipped: 0, Time elapsed: 0.023 sec - in r.simple.TestSimpleComparison
Running r.simple.TestSimpleArrays
Tests run: 16, Failures: 0, Errors: 0, Skipped: 0, Time elapsed: 0.241 sec - in r.simple.TestSimpleArrays
Running r.simple.TestSimpleBuiltins
Tests run: 75, Failures: 0, Errors: 0, Skipped: 0, Time elapsed: 2.183 sec - in r.simple.TestSimpleBuiltins
Running r.simple.TestSimpleAssignment
Tests run: 4, Failures: 0, Errors: 0, Skipped: 0, Time elapsed: 0.01 sec - in r.simple.TestSimpleAssignment
Running r.simple.TestSimpleFunctions
Tests run: 8, Failures: 0, Errors: 0, Skipped: 0, Time elapsed: 0.083 sec - in r.simple.TestSimpleFunctions
Running r.simple.TestSimpleArithmetic
Tests run: 8, Failures: 0, Errors: 0, Skipped: 0, Time elapsed: 0.108 sec - in r.simple.TestSimpleArithmetic
Running r.simple.TestSimpleIfEvaluator
Tests run: 4, Failures: 0, Errors: 0, Skipped: 0, Time elapsed: 0.007 sec - in r.simple.TestSimpleIfEvaluator
Running r.simple.TestSimpleLoop
Tests run: 2, Failures: 0, Errors: 0, Skipped: 0, Time elapsed: 0.014 sec - in r.simple.TestSimpleLoop
Running r.runtime.TestNodes
Tests run: 1, Failures: 1, Errors: 0, Skipped: 0, Time elapsed: 0.006 sec <<< FAILURE! - in r.runtime.TestNodes
testReplaceChild(r.runtime.TestNodes)  Time elapsed: 0.006 sec  <<< FAILURE!
java.lang.AssertionError: Cannot walk the source tree: java.nio.file.NoSuchFileException: bin/r
	at r.runtime.TestNodes.testReplaceChild(TestNodes.java:46)

Running r.nodes.tools.TestPP
Tests run: 6, Failures: 0, Errors: 0, Skipped: 0, Time elapsed: 0.001 sec - in r.nodes.tools.TestPP
Running r.shootout.fannkuch.TestFannkuch
Running file test/r/shootout/fannkuch/fannkuchredux-naive.r...
Running file test/r/shootout/fannkuch/fannkuchredux.r...
Tests run: 2, Failures: 0, Errors: 0, Skipped: 0, Time elapsed: 0.024 sec - in r.shootout.fannkuch.TestFannkuch
Running r.shootout.fasta.TestFasta
Running file test/r/shootout/fasta/fasta-3.r...
Running file test/r/shootout/fasta/fasta-naive.r...
Running file test/r/shootout/fasta/fasta-2.r...
Running file test/r/shootout/fasta/fasta.r...
Running file test/r/shootout/fasta/fasta-naive2.r...
Tests run: 5, Failures: 0, Errors: 0, Skipped: 0, Time elapsed: 0.041 sec - in r.shootout.fasta.TestFasta
Running r.shootout.reversecomplement.TestReverseComplement
Running file test/r/shootout/fastaredux/fastaredux.r...
Running file test/r/shootout/reversecomplement/reversecomplement.r...
Running file test/r/shootout/fastaredux/fastaredux.r...
Running file test/r/shootout/reversecomplement/reversecomplement-naive.r...
Running file test/r/shootout/fastaredux/fastaredux.r...
Running file test/r/shootout/reversecomplement/reversecomplement-2.r...
Tests run: 3, Failures: 0, Errors: 0, Skipped: 0, Time elapsed: 0.051 sec - in r.shootout.reversecomplement.TestReverseComplement
Running r.shootout.fastaredux.TestFastaRedux
Running file test/r/shootout/fastaredux/fastaredux.r...
Running file test/r/shootout/fastaredux/fastaredux-naive.r...
Tests run: 2, Failures: 0, Errors: 0, Skipped: 0, Time elapsed: 0.017 sec - in r.shootout.fastaredux.TestFastaRedux
Running r.shootout.nbody.TestNbody
Running file test/r/shootout/nbody/nbody.r...
Running file test/r/shootout/nbody/nbody.r...
Running file test/r/shootout/nbody/nbody-3.r...
Running file test/r/shootout/nbody/nbody-3.r...
Running file test/r/shootout/nbody/nbody-naive2.r...
Running file test/r/shootout/nbody/nbody-naive2.r...
Running file test/r/shootout/nbody/nbody-naive.r...
Running file test/r/shootout/nbody/nbody-naive.r...
Running file test/r/shootout/nbody/nbody-2.r...
Running file test/r/shootout/nbody/nbody-2.r...
Tests run: 5, Failures: 0, Errors: 0, Skipped: 0, Time elapsed: 0.088 sec - in r.shootout.nbody.TestNbody
Running r.shootout.regexdna.TestRegexdna
Running file test/r/shootout/fastaredux/fastaredux.r...
Running file test/r/shootout/regexdna/regexdna.r...
Tests run: 1, Failures: 0, Errors: 0, Skipped: 0, Time elapsed: 0.035 sec - in r.shootout.regexdna.TestRegexdna
Running r.shootout.knucleotide.TestKNucleotide
Running file test/r/shootout/fastaredux/fastaredux.r...
Running file test/r/shootout/knucleotide/knucleotide.r...
Running file test/r/shootout/fastaredux/fastaredux.r...
Running file test/r/shootout/knucleotide/knucleotide-brute.r...
Running file test/r/shootout/fastaredux/fastaredux.r...
Running file test/r/shootout/knucleotide/knucleotide-brute2.r...
Running file test/r/shootout/fastaredux/fastaredux.r...
Running file test/r/shootout/knucleotide/knucleotide-brute3.r...
Tests run: 4, Failures: 0, Errors: 0, Skipped: 0, Time elapsed: 0.074 sec - in r.shootout.knucleotide.TestKNucleotide
Running r.shootout.binarytrees.TestBinaryTrees
Running file test/r/shootout/binarytrees/binarytrees-naive.r...
Running file test/r/shootout/binarytrees/binarytrees.r...
Running file test/r/shootout/binarytrees/binarytrees-2.r...
Tests run: 3, Failures: 0, Errors: 0, Skipped: 0, Time elapsed: 0.065 sec - in r.shootout.binarytrees.TestBinaryTrees
Running r.shootout.mandelbrot.TestMandelbrot
Running file test/r/shootout/mandelbrot/mandelbrot-ascii.r...
Running file test/r/shootout/mandelbrot/mandelbrot-noout.r...
Running file test/r/shootout/mandelbrot/mandelbrot-naive-ascii.r...
Running file test/r/shootout/mandelbrot/mandelbrot-noout-naive.r...
Tests run: 4, Failures: 0, Errors: 0, Skipped: 0, Time elapsed: 0.032 sec - in r.shootout.mandelbrot.TestMandelbrot
Running r.shootout.spectralnorm.TestSpectralNorm
Running file test/r/shootout/spectralnorm/spectralnorm-alt.r...
Running file test/r/shootout/spectralnorm/spectralnorm-alt.r...
Running file test/r/shootout/spectralnorm/spectralnorm-alt2.r...
Running file test/r/shootout/spectralnorm/spectralnorm-alt2.r...
Running file test/r/shootout/spectralnorm/spectralnorm-alt3.r...
Running file test/r/shootout/spectralnorm/spectralnorm-alt3.r...
Running file test/r/shootout/spectralnorm/spectralnorm-math.r...
Running file test/r/shootout/spectralnorm/spectralnorm-math.r...
Running file test/r/shootout/spectralnorm/spectralnorm-alt4.r...
Running file test/r/shootout/spectralnorm/spectralnorm-alt4.r...
Running file test/r/shootout/spectralnorm/spectralnorm-naive.r...
Running file test/r/shootout/spectralnorm/spectralnorm-naive.r...
Running file test/r/shootout/spectralnorm/spectralnorm.r...
Running file test/r/shootout/spectralnorm/spectralnorm.r...
Tests run: 7, Failures: 0, Errors: 0, Skipped: 0, Time elapsed: 0.192 sec - in r.shootout.spectralnorm.TestSpectralNorm
Running r.shootout.pidigits.TestPidigits
Running file test/r/shootout/pidigits/pidigits.r...
Running file test/r/shootout/pidigits/pidigits.r...
Tests run: 1, Failures: 0, Errors: 0, Skipped: 0, Time elapsed: 0.127 sec - in r.shootout.pidigits.TestPidigits
Running r.benchmark25.test.TestProg
NOT running benchmark25 b25-prog-1 as GNUR is not available.
NOT running benchmark25 b25-prog-2 as GNUR is not available.
NOT running benchmark25 b25-prog-3 as GNUR is not available.
NOT running benchmark25 b25-prog-4 as GNUR is not available.
NOT running benchmark25 b25-prog-5 as GNUR is not available.
Tests run: 5, Failures: 0, Errors: 0, Skipped: 0, Time elapsed: 0 sec - in r.benchmark25.test.TestProg
Running r.benchmark25.test.TestMatfunc
NOT running benchmark25 b25-matfunc-1 as GNUR is not available.
NOT running benchmark25 b25-matfunc-2 as GNUR is not available.
NOT running benchmark25 b25-matfunc-3 as GNUR is not available.
NOT running benchmark25 b25-matfunc-4 as GNUR is not available.
NOT running benchmark25 b25-matfunc-5 as GNUR is not available.
Tests run: 5, Failures: 0, Errors: 0, Skipped: 0, Time elapsed: 0.001 sec - in r.benchmark25.test.TestMatfunc
Running r.benchmark25.test.TestMatcal
NOT running benchmark25 b25-matcal-1 as GNUR is not available.
NOT running benchmark25 b25-matcal-2 as GNUR is not available.
NOT running benchmark25 b25-matcal-3 as GNUR is not available.
NOT running benchmark25 b25-matcal-4 as GNUR is not available.
NOT running benchmark25 b25-matcal-5 as GNUR is not available.
Tests run: 5, Failures: 0, Errors: 0, Skipped: 0, Time elapsed: 0 sec - in r.benchmark25.test.TestMatcal
Running r.tud.test.TestTUD
NOT running TUD benchmark gibbs as GNUR is not available.
Tests run: 1, Failures: 0, Errors: 0, Skipped: 0, Time elapsed: 0 sec - in r.tud.test.TestTUD

Results :

Failed tests: 
  TestNodes.testReplaceChild:46 Cannot walk the source tree: java.nio.file.NoSuchFileException: bin/r

Tests run: 202, Failures: 1, Errors: 0, Skipped: 0

[ERROR] There are test failures.

Please refer to /tmp/tmpywmtjmg1/purdue-fastr/target/surefire-reports for the individual test results.
[INFO] 
[INFO] --- jacoco-maven-plugin:0.8.5:report (report) @ fastr ---
[INFO] Loading execution data file /tmp/tmpywmtjmg1/purdue-fastr/target/jacoco.exec
[INFO] Analyzed bundle 'fastr' with 1431 classes
[INFO] ------------------------------------------------------------------------
[INFO] BUILD SUCCESS
[INFO] ------------------------------------------------------------------------
[INFO] Total time:  13.952 s
[INFO] Finished at: 2020-07-30T19:08:13Z
[INFO] ------------------------------------------------------------------------
