[INFO] Error stacktraces are turned on.
[INFO] Scanning for projects...
[WARNING] 
[WARNING] Some problems were encountered while building the effective model for de.picturesafe.search:picturesafe-search:jar:3.5.0-SNAPSHOT
[WARNING] 'build.plugins.plugin.(groupId:artifactId)' must be unique but found duplicate declaration of plugin org.apache.maven.plugins:maven-surefire-plugin @ line 398, column 15
[WARNING] 'profiles.profile[build-jar-only].plugins.plugin.(groupId:artifactId)' must be unique but found duplicate declaration of plugin org.apache.maven.plugins:maven-source-plugin @ line 485, column 19
[WARNING] 
[WARNING] It is highly recommended to fix these problems because they threaten the stability of your build.
[WARNING] 
[WARNING] For this reason, future Maven versions might no longer support building such malformed projects.
[WARNING] 
[INFO] Inspecting build with total of 1 modules...
[INFO] Installing Nexus Staging features:
[INFO]   ... total of 1 executions of maven-deploy-plugin replaced with nexus-staging-maven-plugin
[INFO] 
[INFO] --------------< de.picturesafe.search:picturesafe-search >--------------
[INFO] Building picturesafe-search 3.5.0-SNAPSHOT
[INFO] --------------------------------[ jar ]---------------------------------
[INFO] 
[INFO] --- maven-checkstyle-plugin:3.1.1:check (checkstyle) @ picturesafe-search ---
[INFO] Starting audit...
Audit done.
[INFO] You have 0 Checkstyle violations.
[INFO] 
[INFO] --- jacoco-maven-plugin:0.8.5:prepare-agent (default) @ picturesafe-search ---
[INFO] argLine set to -javaagent:/home/jdbl/.m2/repository/org/jacoco/org.jacoco.agent/0.8.5/org.jacoco.agent-0.8.5-runtime.jar=destfile=/tmp/tmp2r6khhln/picturesafe-search/target/jacoco.exec
[INFO] 
[INFO] --- maven-resources-plugin:2.6:resources (default-resources) @ picturesafe-search ---
[INFO] Using 'UTF-8' encoding to copy filtered resources.
[INFO] Copying 1 resource
[INFO] 
[INFO] --- maven-compiler-plugin:3.8.1:compile (default-compile) @ picturesafe-search ---
[INFO] Changes detected - recompiling the module!
[INFO] Compiling 166 source files to /tmp/tmp2r6khhln/picturesafe-search/target/classes
[INFO] 
[INFO] --- maven-resources-plugin:2.6:testResources (default-testResources) @ picturesafe-search ---
[INFO] Using 'UTF-8' encoding to copy filtered resources.
[INFO] Copying 2 resources
[INFO] 
[INFO] --- maven-compiler-plugin:3.8.1:testCompile (default-testCompile) @ picturesafe-search ---
[INFO] Changes detected - recompiling the module!
[INFO] Compiling 52 source files to /tmp/tmp2r6khhln/picturesafe-search/target/test-classes
[INFO] /tmp/tmp2r6khhln/picturesafe-search/src/test/java/de/picturesafe/search/elasticsearch/connect/AdminIT.java: /tmp/tmp2r6khhln/picturesafe-search/src/test/java/de/picturesafe/search/elasticsearch/connect/AdminIT.java uses unchecked or unsafe operations.
[INFO] /tmp/tmp2r6khhln/picturesafe-search/src/test/java/de/picturesafe/search/elasticsearch/connect/AdminIT.java: Recompile with -Xlint:unchecked for details.
[INFO] 
[INFO] --- maven-surefire-plugin:2.19.1:test (default-test) @ picturesafe-search ---
[INFO] Surefire report directory: /tmp/tmp2r6khhln/picturesafe-search/target/surefire-reports

-------------------------------------------------------
 T E S T S
-------------------------------------------------------
Running de.picturesafe.search.elasticsearch.model.SearchResultTest
Tests run: 3, Failures: 0, Errors: 0, Skipped: 0, Time elapsed: 0.152 sec - in de.picturesafe.search.elasticsearch.model.SearchResultTest
Running de.picturesafe.search.elasticsearch.model.DocumentBuilderTest
Tests run: 2, Failures: 0, Errors: 0, Skipped: 0, Time elapsed: 0.071 sec - in de.picturesafe.search.elasticsearch.model.DocumentBuilderTest
Running de.picturesafe.search.elasticsearch.model.IdFormatTest
Tests run: 1, Failures: 0, Errors: 0, Skipped: 0, Time elapsed: 0.001 sec - in de.picturesafe.search.elasticsearch.model.IdFormatTest
Running de.picturesafe.search.elasticsearch.config.IndexSettingsObjectTest
Tests run: 1, Failures: 0, Errors: 0, Skipped: 0, Time elapsed: 0.187 sec - in de.picturesafe.search.elasticsearch.config.IndexSettingsObjectTest
Running de.picturesafe.search.elasticsearch.config.impl.StandardIndexPresetConfigurationTest
Tests run: 2, Failures: 0, Errors: 0, Skipped: 0, Time elapsed: 0.031 sec - in de.picturesafe.search.elasticsearch.config.impl.StandardIndexPresetConfigurationTest
Running de.picturesafe.search.elasticsearch.config.FieldConfigurationTest
Tests run: 5, Failures: 0, Errors: 0, Skipped: 0, Time elapsed: 0.011 sec - in de.picturesafe.search.elasticsearch.config.FieldConfigurationTest
Running de.picturesafe.search.elasticsearch.JarHellTest
22:46:33.658 [main] [DEBUG] de.picturesafe.search.util.test.JarHellUtils - java.class.path: /tmp/tmp2r6khhln/picturesafe-search/target/test-classes:/tmp/tmp2r6khhln/picturesafe-search/target/classes:/home/jdbl/.m2/repository/org/elasticsearch/elasticsearch/7.7.1/elasticsearch-7.7.1.jar:/home/jdbl/.m2/repository/org/elasticsearch/elasticsearch-core/7.7.1/elasticsearch-core-7.7.1.jar:/home/jdbl/.m2/repository/org/elasticsearch/elasticsearch-secure-sm/7.7.1/elasticsearch-secure-sm-7.7.1.jar:/home/jdbl/.m2/repository/org/elasticsearch/elasticsearch-x-content/7.7.1/elasticsearch-x-content-7.7.1.jar:/home/jdbl/.m2/repository/org/yaml/snakeyaml/1.26/snakeyaml-1.26.jar:/home/jdbl/.m2/repository/com/fasterxml/jackson/dataformat/jackson-dataformat-smile/2.10.4/jackson-dataformat-smile-2.10.4.jar:/home/jdbl/.m2/repository/com/fasterxml/jackson/dataformat/jackson-dataformat-yaml/2.10.4/jackson-dataformat-yaml-2.10.4.jar:/home/jdbl/.m2/repository/com/fasterxml/jackson/dataformat/jackson-dataformat-cbor/2.10.4/jackson-dataformat-cbor-2.10.4.jar:/home/jdbl/.m2/repository/org/elasticsearch/elasticsearch-geo/7.7.1/elasticsearch-geo-7.7.1.jar:/home/jdbl/.m2/repository/org/apache/lucene/lucene-core/8.5.1/lucene-core-8.5.1.jar:/home/jdbl/.m2/repository/org/apache/lucene/lucene-analyzers-common/8.5.1/lucene-analyzers-common-8.5.1.jar:/home/jdbl/.m2/repository/org/apache/lucene/lucene-backward-codecs/8.5.1/lucene-backward-codecs-8.5.1.jar:/home/jdbl/.m2/repository/org/apache/lucene/lucene-grouping/8.5.1/lucene-grouping-8.5.1.jar:/home/jdbl/.m2/repository/org/apache/lucene/lucene-highlighter/8.5.1/lucene-highlighter-8.5.1.jar:/home/jdbl/.m2/repository/org/apache/lucene/lucene-join/8.5.1/lucene-join-8.5.1.jar:/home/jdbl/.m2/repository/org/apache/lucene/lucene-memory/8.5.1/lucene-memory-8.5.1.jar:/home/jdbl/.m2/repository/org/apache/lucene/lucene-misc/8.5.1/lucene-misc-8.5.1.jar:/home/jdbl/.m2/repository/org/apache/lucene/lucene-queries/8.5.1/lucene-queries-8.5.1.jar:/home/jdbl/.m2/repository/org/apache/lucene/lucene-queryparser/8.5.1/lucene-queryparser-8.5.1.jar:/home/jdbl/.m2/repository/org/apache/lucene/lucene-sandbox/8.5.1/lucene-sandbox-8.5.1.jar:/home/jdbl/.m2/repository/org/apache/lucene/lucene-spatial-extras/8.5.1/lucene-spatial-extras-8.5.1.jar:/home/jdbl/.m2/repository/org/apache/lucene/lucene-spatial3d/8.5.1/lucene-spatial3d-8.5.1.jar:/home/jdbl/.m2/repository/org/apache/lucene/lucene-suggest/8.5.1/lucene-suggest-8.5.1.jar:/home/jdbl/.m2/repository/org/elasticsearch/elasticsearch-cli/7.7.1/elasticsearch-cli-7.7.1.jar:/home/jdbl/.m2/repository/net/sf/jopt-simple/jopt-simple/5.0.2/jopt-simple-5.0.2.jar:/home/jdbl/.m2/repository/com/carrotsearch/hppc/0.8.1/hppc-0.8.1.jar:/home/jdbl/.m2/repository/joda-time/joda-time/2.10.4/joda-time-2.10.4.jar:/home/jdbl/.m2/repository/com/tdunning/t-digest/3.2/t-digest-3.2.jar:/home/jdbl/.m2/repository/org/hdrhistogram/HdrHistogram/2.1.9/HdrHistogram-2.1.9.jar:/home/jdbl/.m2/repository/org/elasticsearch/client/elasticsearch-rest-high-level-client/7.7.1/elasticsearch-rest-high-level-client-7.7.1.jar:/home/jdbl/.m2/repository/org/elasticsearch/client/elasticsearch-rest-client/7.7.1/elasticsearch-rest-client-7.7.1.jar:/home/jdbl/.m2/repository/org/apache/httpcomponents/httpasyncclient/4.1.4/httpasyncclient-4.1.4.jar:/home/jdbl/.m2/repository/org/apache/httpcomponents/httpcore-nio/4.4.12/httpcore-nio-4.4.12.jar:/home/jdbl/.m2/repository/org/elasticsearch/plugin/mapper-extras-client/7.7.1/mapper-extras-client-7.7.1.jar:/home/jdbl/.m2/repository/org/elasticsearch/plugin/parent-join-client/7.7.1/parent-join-client-7.7.1.jar:/home/jdbl/.m2/repository/org/elasticsearch/plugin/aggs-matrix-stats-client/7.7.1/aggs-matrix-stats-client-7.7.1.jar:/home/jdbl/.m2/repository/org/elasticsearch/plugin/rank-eval-client/7.7.1/rank-eval-client-7.7.1.jar:/home/jdbl/.m2/repository/org/elasticsearch/plugin/lang-mustache-client/7.7.1/lang-mustache-client-7.7.1.jar:/home/jdbl/.m2/repository/com/github/spullara/mustache/java/compiler/0.9.6/compiler-0.9.6.jar:/home/jdbl/.m2/repository/org/elasticsearch/client/elasticsearch-rest-client-sniffer/7.7.1/elasticsearch-rest-client-sniffer-7.7.1.jar:/home/jdbl/.m2/repository/org/apache/httpcomponents/httpclient/4.5.10/httpclient-4.5.10.jar:/home/jdbl/.m2/repository/org/apache/httpcomponents/httpcore/4.4.12/httpcore-4.4.12.jar:/home/jdbl/.m2/repository/commons-codec/commons-codec/1.11/commons-codec-1.11.jar:/home/jdbl/.m2/repository/com/fasterxml/jackson/core/jackson-core/2.10.4/jackson-core-2.10.4.jar:/home/jdbl/.m2/repository/org/apache/commons/commons-lang3/3.9/commons-lang3-3.9.jar:/home/jdbl/.m2/repository/commons-collections/commons-collections/3.2.2/commons-collections-3.2.2.jar:/home/jdbl/.m2/repository/commons-io/commons-io/2.6/commons-io-2.6.jar:/home/jdbl/.m2/repository/org/slf4j/slf4j-api/1.7.30/slf4j-api-1.7.30.jar:/home/jdbl/.m2/repository/org/springframework/spring-context/5.2.5.RELEASE/spring-context-5.2.5.RELEASE.jar:/home/jdbl/.m2/repository/org/springframework/spring-core/5.2.5.RELEASE/spring-core-5.2.5.RELEASE.jar:/home/jdbl/.m2/repository/org/springframework/spring-jcl/5.2.5.RELEASE/spring-jcl-5.2.5.RELEASE.jar:/home/jdbl/.m2/repository/org/springframework/spring-expression/5.2.5.RELEASE/spring-expression-5.2.5.RELEASE.jar:/home/jdbl/.m2/repository/org/springframework/spring-beans/5.2.5.RELEASE/spring-beans-5.2.5.RELEASE.jar:/home/jdbl/.m2/repository/org/springframework/spring-tx/5.2.5.RELEASE/spring-tx-5.2.5.RELEASE.jar:/home/jdbl/.m2/repository/org/apache/logging/log4j/log4j-core/2.13.0/log4j-core-2.13.0.jar:/home/jdbl/.m2/repository/org/apache/logging/log4j/log4j-api/2.13.0/log4j-api-2.13.0.jar:/home/jdbl/.m2/repository/org/apache/logging/log4j/log4j-slf4j-impl/2.13.0/log4j-slf4j-impl-2.13.0.jar:/home/jdbl/.m2/repository/org/elasticsearch/test/framework/7.7.1/framework-7.7.1.jar:/home/jdbl/.m2/repository/org/elasticsearch/elasticsearch-nio/7.7.1/elasticsearch-nio-7.7.1.jar:/home/jdbl/.m2/repository/com/carrotsearch/randomizedtesting/randomizedtesting-runner/2.7.1/randomizedtesting-runner-2.7.1.jar:/home/jdbl/.m2/repository/org/hamcrest/hamcrest/2.1/hamcrest-2.1.jar:/home/jdbl/.m2/repository/org/apache/lucene/lucene-test-framework/8.5.1/lucene-test-framework-8.5.1.jar:/home/jdbl/.m2/repository/org/apache/lucene/lucene-codecs/8.5.1/lucene-codecs-8.5.1.jar:/home/jdbl/.m2/repository/org/elasticsearch/mocksocket/1.2/mocksocket-1.2.jar:/home/jdbl/.m2/repository/junit/junit/4.12/junit-4.12.jar:/home/jdbl/.m2/repository/org/mockito/mockito-core/1.10.19/mockito-core-1.10.19.jar:/home/jdbl/.m2/repository/org/objenesis/objenesis/2.1/objenesis-2.1.jar:/home/jdbl/.m2/repository/org/springframework/spring-test/5.2.5.RELEASE/spring-test-5.2.5.RELEASE.jar:/home/jdbl/.m2/repository/org/springframework/spring-aop/5.2.5.RELEASE/spring-aop-5.2.5.RELEASE.jar:/home/jdbl/.m2/repository/org/springframework/spring-jdbc/5.2.5.RELEASE/spring-jdbc-5.2.5.RELEASE.jar:/home/jdbl/.m2/repository/org/hsqldb/hsqldb/2.3.3/hsqldb-2.3.3.jar:/home/jdbl/.m2/repository/com/jayway/jsonpath/json-path/2.4.0/json-path-2.4.0.jar:/home/jdbl/.m2/repository/net/minidev/json-smart/2.3/json-smart-2.3.jar:/home/jdbl/.m2/repository/net/minidev/accessors-smart/1.2/accessors-smart-1.2.jar:/home/jdbl/.m2/repository/org/ow2/asm/asm/5.0.4/asm-5.0.4.jar:
22:46:33.663 [main] [DEBUG] de.picturesafe.search.util.test.JarHellUtils - sun.boot.class.path: /usr/local/openjdk-8/jre/lib/resources.jar:/usr/local/openjdk-8/jre/lib/rt.jar:/usr/local/openjdk-8/jre/lib/sunrsasign.jar:/usr/local/openjdk-8/jre/lib/jsse.jar:/usr/local/openjdk-8/jre/lib/jce.jar:/usr/local/openjdk-8/jre/lib/charsets.jar:/usr/local/openjdk-8/jre/lib/jfr.jar:/usr/local/openjdk-8/jre/classes
22:46:33.663 [main] [DEBUG] de.picturesafe.search.util.test.JarHellUtils - classloader urls: [file:/tmp/tmp2r6khhln/picturesafe-search/target/surefire/surefirebooter3504036069685416044.jar, file:/home/jdbl/.m2/repository/org/jacoco/org.jacoco.agent/0.8.5/org.jacoco.agent-0.8.5-runtime.jar]
22:46:33.672 [main] [DEBUG] de.picturesafe.search.util.test.JarHellUtils - java.home: /usr/local/openjdk-8/jre
22:46:33.673 [main] [DEBUG] de.picturesafe.search.util.test.JarHellUtils - examining directory: /tmp/tmp2r6khhln/picturesafe-search/target/test-classes
22:46:33.686 [main] [DEBUG] de.picturesafe.search.util.test.JarHellUtils - examining directory: /tmp/tmp2r6khhln/picturesafe-search/target/classes
22:46:33.725 [main] [DEBUG] de.picturesafe.search.util.test.JarHellUtils - examining jar: /home/jdbl/.m2/repository/org/elasticsearch/elasticsearch/7.7.1/elasticsearch-7.7.1.jar
22:46:33.741 [main] [DEBUG] de.picturesafe.search.util.test.JarHellUtils - examining jar: /home/jdbl/.m2/repository/org/elasticsearch/elasticsearch-core/7.7.1/elasticsearch-core-7.7.1.jar
22:46:33.742 [main] [DEBUG] de.picturesafe.search.util.test.JarHellUtils - examining jar: /home/jdbl/.m2/repository/org/elasticsearch/elasticsearch-secure-sm/7.7.1/elasticsearch-secure-sm-7.7.1.jar
22:46:33.742 [main] [DEBUG] de.picturesafe.search.util.test.JarHellUtils - examining jar: /home/jdbl/.m2/repository/org/elasticsearch/elasticsearch-x-content/7.7.1/elasticsearch-x-content-7.7.1.jar
22:46:33.743 [main] [DEBUG] de.picturesafe.search.util.test.JarHellUtils - examining jar: /home/jdbl/.m2/repository/org/yaml/snakeyaml/1.26/snakeyaml-1.26.jar
22:46:33.744 [main] [DEBUG] de.picturesafe.search.util.test.JarHellUtils - examining jar: /home/jdbl/.m2/repository/com/fasterxml/jackson/dataformat/jackson-dataformat-smile/2.10.4/jackson-dataformat-smile-2.10.4.jar
22:46:33.745 [main] [DEBUG] de.picturesafe.search.util.test.JarHellUtils - examining jar: /home/jdbl/.m2/repository/com/fasterxml/jackson/dataformat/jackson-dataformat-yaml/2.10.4/jackson-dataformat-yaml-2.10.4.jar
22:46:33.754 [main] [DEBUG] de.picturesafe.search.util.test.JarHellUtils - examining jar: /home/jdbl/.m2/repository/com/fasterxml/jackson/dataformat/jackson-dataformat-cbor/2.10.4/jackson-dataformat-cbor-2.10.4.jar
22:46:33.755 [main] [DEBUG] de.picturesafe.search.util.test.JarHellUtils - examining jar: /home/jdbl/.m2/repository/org/elasticsearch/elasticsearch-geo/7.7.1/elasticsearch-geo-7.7.1.jar
22:46:33.755 [main] [DEBUG] de.picturesafe.search.util.test.JarHellUtils - examining jar: /home/jdbl/.m2/repository/org/apache/lucene/lucene-core/8.5.1/lucene-core-8.5.1.jar
22:46:33.760 [main] [DEBUG] de.picturesafe.search.util.test.JarHellUtils - examining jar: /home/jdbl/.m2/repository/org/apache/lucene/lucene-analyzers-common/8.5.1/lucene-analyzers-common-8.5.1.jar
22:46:33.761 [main] [DEBUG] de.picturesafe.search.util.test.JarHellUtils - examining jar: /home/jdbl/.m2/repository/org/apache/lucene/lucene-backward-codecs/8.5.1/lucene-backward-codecs-8.5.1.jar
22:46:33.762 [main] [DEBUG] de.picturesafe.search.util.test.JarHellUtils - examining jar: /home/jdbl/.m2/repository/org/apache/lucene/lucene-grouping/8.5.1/lucene-grouping-8.5.1.jar
22:46:33.762 [main] [DEBUG] de.picturesafe.search.util.test.JarHellUtils - examining jar: /home/jdbl/.m2/repository/org/apache/lucene/lucene-highlighter/8.5.1/lucene-highlighter-8.5.1.jar
22:46:33.763 [main] [DEBUG] de.picturesafe.search.util.test.JarHellUtils - examining jar: /home/jdbl/.m2/repository/org/apache/lucene/lucene-join/8.5.1/lucene-join-8.5.1.jar
22:46:33.764 [main] [DEBUG] de.picturesafe.search.util.test.JarHellUtils - examining jar: /home/jdbl/.m2/repository/org/apache/lucene/lucene-memory/8.5.1/lucene-memory-8.5.1.jar
22:46:33.764 [main] [DEBUG] de.picturesafe.search.util.test.JarHellUtils - examining jar: /home/jdbl/.m2/repository/org/apache/lucene/lucene-misc/8.5.1/lucene-misc-8.5.1.jar
22:46:33.765 [main] [DEBUG] de.picturesafe.search.util.test.JarHellUtils - examining jar: /home/jdbl/.m2/repository/org/apache/lucene/lucene-queries/8.5.1/lucene-queries-8.5.1.jar
22:46:33.766 [main] [DEBUG] de.picturesafe.search.util.test.JarHellUtils - examining jar: /home/jdbl/.m2/repository/org/apache/lucene/lucene-queryparser/8.5.1/lucene-queryparser-8.5.1.jar
22:46:33.767 [main] [DEBUG] de.picturesafe.search.util.test.JarHellUtils - examining jar: /home/jdbl/.m2/repository/org/apache/lucene/lucene-sandbox/8.5.1/lucene-sandbox-8.5.1.jar
22:46:33.767 [main] [DEBUG] de.picturesafe.search.util.test.JarHellUtils - examining jar: /home/jdbl/.m2/repository/org/apache/lucene/lucene-spatial-extras/8.5.1/lucene-spatial-extras-8.5.1.jar
22:46:33.768 [main] [DEBUG] de.picturesafe.search.util.test.JarHellUtils - examining jar: /home/jdbl/.m2/repository/org/apache/lucene/lucene-spatial3d/8.5.1/lucene-spatial3d-8.5.1.jar
22:46:33.768 [main] [DEBUG] de.picturesafe.search.util.test.JarHellUtils - examining jar: /home/jdbl/.m2/repository/org/apache/lucene/lucene-suggest/8.5.1/lucene-suggest-8.5.1.jar
22:46:33.769 [main] [DEBUG] de.picturesafe.search.util.test.JarHellUtils - examining jar: /home/jdbl/.m2/repository/org/elasticsearch/elasticsearch-cli/7.7.1/elasticsearch-cli-7.7.1.jar
22:46:33.769 [main] [DEBUG] de.picturesafe.search.util.test.JarHellUtils - examining jar: /home/jdbl/.m2/repository/net/sf/jopt-simple/jopt-simple/5.0.2/jopt-simple-5.0.2.jar
22:46:33.769 [main] [DEBUG] de.picturesafe.search.util.test.JarHellUtils - examining jar: /home/jdbl/.m2/repository/com/carrotsearch/hppc/0.8.1/hppc-0.8.1.jar
22:46:33.770 [main] [DEBUG] de.picturesafe.search.util.test.JarHellUtils - examining jar: /home/jdbl/.m2/repository/joda-time/joda-time/2.10.4/joda-time-2.10.4.jar
22:46:33.771 [main] [DEBUG] de.picturesafe.search.util.test.JarHellUtils - examining jar: /home/jdbl/.m2/repository/com/tdunning/t-digest/3.2/t-digest-3.2.jar
22:46:33.772 [main] [DEBUG] de.picturesafe.search.util.test.JarHellUtils - examining jar: /home/jdbl/.m2/repository/org/hdrhistogram/HdrHistogram/2.1.9/HdrHistogram-2.1.9.jar
22:46:33.772 [main] [DEBUG] de.picturesafe.search.util.test.JarHellUtils - examining jar: /home/jdbl/.m2/repository/org/elasticsearch/client/elasticsearch-rest-high-level-client/7.7.1/elasticsearch-rest-high-level-client-7.7.1.jar
22:46:33.773 [main] [DEBUG] de.picturesafe.search.util.test.JarHellUtils - examining jar: /home/jdbl/.m2/repository/org/elasticsearch/client/elasticsearch-rest-client/7.7.1/elasticsearch-rest-client-7.7.1.jar
22:46:33.774 [main] [DEBUG] de.picturesafe.search.util.test.JarHellUtils - examining jar: /home/jdbl/.m2/repository/org/apache/httpcomponents/httpasyncclient/4.1.4/httpasyncclient-4.1.4.jar
22:46:33.774 [main] [DEBUG] de.picturesafe.search.util.test.JarHellUtils - examining jar: /home/jdbl/.m2/repository/org/apache/httpcomponents/httpcore-nio/4.4.12/httpcore-nio-4.4.12.jar
22:46:33.775 [main] [DEBUG] de.picturesafe.search.util.test.JarHellUtils - examining jar: /home/jdbl/.m2/repository/org/elasticsearch/plugin/mapper-extras-client/7.7.1/mapper-extras-client-7.7.1.jar
22:46:33.775 [main] [DEBUG] de.picturesafe.search.util.test.JarHellUtils - examining jar: /home/jdbl/.m2/repository/org/elasticsearch/plugin/parent-join-client/7.7.1/parent-join-client-7.7.1.jar
22:46:33.776 [main] [DEBUG] de.picturesafe.search.util.test.JarHellUtils - examining jar: /home/jdbl/.m2/repository/org/elasticsearch/plugin/aggs-matrix-stats-client/7.7.1/aggs-matrix-stats-client-7.7.1.jar
22:46:33.777 [main] [DEBUG] de.picturesafe.search.util.test.JarHellUtils - examining jar: /home/jdbl/.m2/repository/org/elasticsearch/plugin/rank-eval-client/7.7.1/rank-eval-client-7.7.1.jar
22:46:33.777 [main] [DEBUG] de.picturesafe.search.util.test.JarHellUtils - examining jar: /home/jdbl/.m2/repository/org/elasticsearch/plugin/lang-mustache-client/7.7.1/lang-mustache-client-7.7.1.jar
22:46:33.778 [main] [DEBUG] de.picturesafe.search.util.test.JarHellUtils - examining jar: /home/jdbl/.m2/repository/com/github/spullara/mustache/java/compiler/0.9.6/compiler-0.9.6.jar
22:46:33.778 [main] [DEBUG] de.picturesafe.search.util.test.JarHellUtils - examining jar: /home/jdbl/.m2/repository/org/elasticsearch/client/elasticsearch-rest-client-sniffer/7.7.1/elasticsearch-rest-client-sniffer-7.7.1.jar
22:46:33.779 [main] [DEBUG] de.picturesafe.search.util.test.JarHellUtils - examining jar: /home/jdbl/.m2/repository/org/apache/httpcomponents/httpclient/4.5.10/httpclient-4.5.10.jar
22:46:33.779 [main] [DEBUG] de.picturesafe.search.util.test.JarHellUtils - examining jar: /home/jdbl/.m2/repository/org/apache/httpcomponents/httpcore/4.4.12/httpcore-4.4.12.jar
22:46:33.780 [main] [DEBUG] de.picturesafe.search.util.test.JarHellUtils - examining jar: /home/jdbl/.m2/repository/commons-codec/commons-codec/1.11/commons-codec-1.11.jar
22:46:33.781 [main] [DEBUG] de.picturesafe.search.util.test.JarHellUtils - examining jar: /home/jdbl/.m2/repository/com/fasterxml/jackson/core/jackson-core/2.10.4/jackson-core-2.10.4.jar
22:46:33.782 [main] [DEBUG] de.picturesafe.search.util.test.JarHellUtils - examining jar: /home/jdbl/.m2/repository/org/apache/commons/commons-lang3/3.9/commons-lang3-3.9.jar
Tests run: 1, Failures: 0, Errors: 1, Skipped: 0, Time elapsed: 0.656 sec <<< FAILURE! - in de.picturesafe.search.elasticsearch.JarHellTest
checkJarHell(de.picturesafe.search.elasticsearch.JarHellTest)  Time elapsed: 0.656 sec  <<< ERROR!
java.lang.IllegalStateException: 
jar hell!
class: org.apache.commons.lang3.SerializationException
jar1: /tmp/tmp2r6khhln/picturesafe-search/target/classes
jar2: /home/jdbl/.m2/repository/org/apache/commons/commons-lang3/3.9/commons-lang3-3.9.jar
	at de.picturesafe.search.elasticsearch.JarHellTest.checkJarHell(JarHellTest.java:26)

Running de.picturesafe.search.elasticsearch.impl.ElasticsearchServiceImplTest
Tests run: 1, Failures: 0, Errors: 0, Skipped: 0, Time elapsed: 0.311 sec - in de.picturesafe.search.elasticsearch.impl.ElasticsearchServiceImplTest
Running de.picturesafe.search.elasticsearch.timezone.TimeZonePropertySetterTest
22:46:34.302 [main] [INFO ] org.springframework.test.context.support.DefaultTestContextBootstrapper - Loaded default TestExecutionListener class names from location [META-INF/spring.factories]: [org.springframework.test.context.web.ServletTestExecutionListener, org.springframework.test.context.support.DirtiesContextBeforeModesTestExecutionListener, org.springframework.test.context.support.DependencyInjectionTestExecutionListener, org.springframework.test.context.support.DirtiesContextTestExecutionListener, org.springframework.test.context.transaction.TransactionalTestExecutionListener, org.springframework.test.context.jdbc.SqlScriptsTestExecutionListener, org.springframework.test.context.event.EventPublishingTestExecutionListener]
22:46:34.314 [main] [INFO ] org.springframework.test.context.support.DefaultTestContextBootstrapper - Using TestExecutionListeners: [org.springframework.test.context.support.DirtiesContextBeforeModesTestExecutionListener@58052571, org.springframework.test.context.support.DependencyInjectionTestExecutionListener@1464a177, org.springframework.test.context.support.DirtiesContextTestExecutionListener@14144cc9, org.springframework.test.context.transaction.TransactionalTestExecutionListener@259647f2, org.springframework.test.context.jdbc.SqlScriptsTestExecutionListener@54c9c09c, org.springframework.test.context.event.EventPublishingTestExecutionListener@6517bc6b]
Tests run: 1, Failures: 0, Errors: 0, Skipped: 0, Time elapsed: 0.495 sec - in de.picturesafe.search.elasticsearch.timezone.TimeZonePropertySetterTest
Running de.picturesafe.search.elasticsearch.SearchResultItemTest
Tests run: 5, Failures: 0, Errors: 0, Skipped: 0, Time elapsed: 0.001 sec - in de.picturesafe.search.elasticsearch.SearchResultItemTest
Running de.picturesafe.search.elasticsearch.connect.impl.WriteRequestHandlerTest
22:46:34.724 [main] [DEBUG] de.picturesafe.search.elasticsearch.connect.impl.ElasticsearchImpl - Created index request: index {[test][_doc][1], source[{"id":"1"}]}
22:46:34.724 [main] [DEBUG] de.picturesafe.search.elasticsearch.connect.impl.ElasticsearchImpl - Created index request: index {[test][_doc][2], source[{"id":"2"}]}
22:46:34.724 [main] [DEBUG] de.picturesafe.search.elasticsearch.connect.impl.ElasticsearchImpl - Adding 2 documents to index 'test'.
22:46:34.741 [main] [DEBUG] de.picturesafe.search.elasticsearch.connect.impl.ElasticsearchImpl - Bulk add response: org.elasticsearch.action.bulk.BulkResponse@368814bb
22:46:34.742 [main] [DEBUG] de.picturesafe.search.elasticsearch.connect.impl.ElasticsearchImpl - StopWatch 'index': running time = 16969676 ns
---------------------------------------------
ns         %     Task name
---------------------------------------------
016969676  100%  add

22:46:34.747 [main] [DEBUG] de.picturesafe.search.elasticsearch.connect.impl.ElasticsearchImpl - Created index request: index {[test][_doc][1], source[{"id":"1"}]}
22:46:34.747 [main] [DEBUG] de.picturesafe.search.elasticsearch.connect.impl.ElasticsearchImpl - Created index request: index {[test][_doc][2], source[{"id":"2"}]}
22:46:34.748 [main] [DEBUG] de.picturesafe.search.elasticsearch.connect.impl.ElasticsearchImpl - StopWatch 'index': running time = 0 ns
---------------------------------------------
ns         %     Task name
---------------------------------------------

22:46:34.749 [main] [DEBUG] de.picturesafe.search.elasticsearch.connect.impl.ElasticsearchImpl - Created delete request: delete {[test][_doc][1]}
22:46:34.750 [main] [DEBUG] de.picturesafe.search.elasticsearch.connect.impl.ElasticsearchImpl - Delete response: DeleteResponse[index=test,type=test,id=1,version=0,result=deleted,shards=null]
22:46:34.750 [main] [DEBUG] de.picturesafe.search.elasticsearch.connect.impl.ElasticsearchImpl - Created delete request: delete {[test][_doc][1]}
22:46:34.752 [main] [DEBUG] de.picturesafe.search.elasticsearch.connect.impl.ElasticsearchImpl - Bulk remove response: org.elasticsearch.action.bulk.BulkResponse@639f7054
22:46:34.753 [main] [DEBUG] de.picturesafe.search.elasticsearch.connect.impl.ElasticsearchImpl - Created index request: index {[test][_doc][1], source[{"id":"1"}]}
22:46:34.755 [main] [DEBUG] de.picturesafe.search.elasticsearch.connect.impl.ElasticsearchImpl - Created delete request: delete {[test][_doc][1]}
Tests run: 4, Failures: 0, Errors: 0, Skipped: 0, Time elapsed: 0.127 sec - in de.picturesafe.search.elasticsearch.connect.impl.WriteRequestHandlerTest
Running de.picturesafe.search.elasticsearch.connect.query.preprocessor.SpringBeanStandardQuerystringPreprocessorTest
22:46:34.759 [main] [INFO ] org.springframework.test.context.support.DefaultTestContextBootstrapper - Loaded default TestExecutionListener class names from location [META-INF/spring.factories]: [org.springframework.test.context.web.ServletTestExecutionListener, org.springframework.test.context.support.DirtiesContextBeforeModesTestExecutionListener, org.springframework.test.context.support.DependencyInjectionTestExecutionListener, org.springframework.test.context.support.DirtiesContextTestExecutionListener, org.springframework.test.context.transaction.TransactionalTestExecutionListener, org.springframework.test.context.jdbc.SqlScriptsTestExecutionListener, org.springframework.test.context.event.EventPublishingTestExecutionListener]
22:46:34.760 [main] [INFO ] org.springframework.test.context.support.DefaultTestContextBootstrapper - Using TestExecutionListeners: [org.springframework.test.context.support.DirtiesContextBeforeModesTestExecutionListener@18211894, org.springframework.test.context.support.DependencyInjectionTestExecutionListener@d61ac34, org.springframework.test.context.support.DirtiesContextTestExecutionListener@234a8c1f, org.springframework.test.context.transaction.TransactionalTestExecutionListener@663e2cfd, org.springframework.test.context.jdbc.SqlScriptsTestExecutionListener@76cb6d16, org.springframework.test.context.event.EventPublishingTestExecutionListener@764b7ff7]
22:46:35.411 [main] [DEBUG] de.picturesafe.search.elasticsearch.connect.query.preprocessor.StandardQuerystringPreprocessor - StandardQuerystringPreprocessor:{"enabled":true,"autoBracket":true,"insertMissingOperators":false,"tokenDelimiters":", "(){}[]:=\/^~","synonymsForAnd":[and, und, &, +],"synonymsForOr":[or, oder, |, ,],"synonymsForNot":[not, nicht, -]}: term1 AND term2 -> (term1 && term2)
22:46:35.412 [main] [DEBUG] de.picturesafe.search.elasticsearch.connect.query.preprocessor.StandardQuerystringPreprocessor - StandardQuerystringPreprocessor:{"enabled":true,"autoBracket":true,"insertMissingOperators":false,"tokenDelimiters":", "(){}[]:=\/^~","synonymsForAnd":[and, und, &, +],"synonymsForOr":[or, oder, |, ,],"synonymsForNot":[not, nicht, -]}: term1 AND term2 AND term3 -> (term1 && term2 && term3)
22:46:35.412 [main] [DEBUG] de.picturesafe.search.elasticsearch.connect.query.preprocessor.StandardQuerystringPreprocessor - StandardQuerystringPreprocessor:{"enabled":true,"autoBracket":true,"insertMissingOperators":false,"tokenDelimiters":", "(){}[]:=\/^~","synonymsForAnd":[and, und, &, +],"synonymsForOr":[or, oder, |, ,],"synonymsForNot":[not, nicht, -]}: term1 OR term2 AND term3 -> term1 || (term2 && term3)
22:46:35.412 [main] [DEBUG] de.picturesafe.search.elasticsearch.connect.query.preprocessor.StandardQuerystringPreprocessor - StandardQuerystringPreprocessor:{"enabled":true,"autoBracket":true,"insertMissingOperators":false,"tokenDelimiters":", "(){}[]:=\/^~","synonymsForAnd":[and, und, &, +],"synonymsForOr":[or, oder, |, ,],"synonymsForNot":[not, nicht, -]}: term1 AND term2 OR term3 -> (term1 && term2) || term3
22:46:35.412 [main] [DEBUG] de.picturesafe.search.elasticsearch.connect.query.preprocessor.StandardQuerystringPreprocessor - StandardQuerystringPreprocessor:{"enabled":true,"autoBracket":true,"insertMissingOperators":false,"tokenDelimiters":", "(){}[]:=\/^~","synonymsForAnd":[and, und, &, +],"synonymsForOr":[or, oder, |, ,],"synonymsForNot":[not, nicht, -]}: term1 OR term2 AND term3 AND term4 -> term1 || (term2 && term3 && term4)
22:46:35.413 [main] [DEBUG] de.picturesafe.search.elasticsearch.connect.query.preprocessor.StandardQuerystringPreprocessor - StandardQuerystringPreprocessor:{"enabled":true,"autoBracket":true,"insertMissingOperators":false,"tokenDelimiters":", "(){}[]:=\/^~","synonymsForAnd":[and, und, &, +],"synonymsForOr":[or, oder, |, ,],"synonymsForNot":[not, nicht, -]}: term1 OR term2 AND term3 AND term4 OR term5 -> term1 || (term2 && term3 && term4) || term5
22:46:35.413 [main] [DEBUG] de.picturesafe.search.elasticsearch.connect.query.preprocessor.StandardQuerystringPreprocessor - StandardQuerystringPreprocessor:{"enabled":true,"autoBracket":true,"insertMissingOperators":false,"tokenDelimiters":", "(){}[]:=\/^~","synonymsForAnd":[and, und, &, +],"synonymsForOr":[or, oder, |, ,],"synonymsForNot":[not, nicht, -]}: term1 AND term2 OR term3 AND term4 -> (term1 && term2) || (term3 && term4)
22:46:35.413 [main] [DEBUG] de.picturesafe.search.elasticsearch.connect.query.preprocessor.StandardQuerystringPreprocessor - StandardQuerystringPreprocessor:{"enabled":true,"autoBracket":true,"insertMissingOperators":false,"tokenDelimiters":", "(){}[]:=\/^~","synonymsForAnd":[and, und, &, +],"synonymsForOr":[or, oder, |, ,],"synonymsForNot":[not, nicht, -]}: term1 AND term2 OR term3 AND term4 OR term5 -> (term1 && term2) || (term3 && term4) || term5
22:46:35.413 [main] [DEBUG] de.picturesafe.search.elasticsearch.connect.query.preprocessor.StandardQuerystringPreprocessor - StandardQuerystringPreprocessor:{"enabled":true,"autoBracket":true,"insertMissingOperators":false,"tokenDelimiters":", "(){}[]:=\/^~","synonymsForAnd":[and, und, &, +],"synonymsForOr":[or, oder, |, ,],"synonymsForNot":[not, nicht, -]}: term1 OR term2 AND term3 OR term4 AND term5 -> term1 || (term2 && term3) || (term4 && term5)
22:46:35.414 [main] [DEBUG] de.picturesafe.search.elasticsearch.connect.query.preprocessor.StandardQuerystringPreprocessor - StandardQuerystringPreprocessor:{"enabled":true,"autoBracket":true,"insertMissingOperators":false,"tokenDelimiters":", "(){}[]:=\/^~","synonymsForAnd":[and, und, &, +],"synonymsForOr":[or, oder, |, ,],"synonymsForNot":[not, nicht, -]}: term1 term2 AND term3 -> term1 (term2 && term3)
22:46:35.414 [main] [DEBUG] de.picturesafe.search.elasticsearch.connect.query.preprocessor.StandardQuerystringPreprocessor - StandardQuerystringPreprocessor:{"enabled":true,"autoBracket":true,"insertMissingOperators":false,"tokenDelimiters":", "(){}[]:=\/^~","synonymsForAnd":[and, und, &, +],"synonymsForOr":[or, oder, |, ,],"synonymsForNot":[not, nicht, -]}: term1 AND term2 term3 -> (term1 && term2) term3
22:46:35.414 [main] [DEBUG] de.picturesafe.search.elasticsearch.connect.query.preprocessor.StandardQuerystringPreprocessor - StandardQuerystringPreprocessor:{"enabled":true,"autoBracket":true,"insertMissingOperators":false,"tokenDelimiters":", "(){}[]:=\/^~","synonymsForAnd":[and, und, &, +],"synonymsForOr":[or, oder, |, ,],"synonymsForNot":[not, nicht, -]}: term1 term2 AND term3 term4 -> term1 (term2 && term3) term4
22:46:35.414 [main] [DEBUG] de.picturesafe.search.elasticsearch.connect.query.preprocessor.StandardQuerystringPreprocessor - StandardQuerystringPreprocessor:{"enabled":true,"autoBracket":true,"insertMissingOperators":false,"tokenDelimiters":", "(){}[]:=\/^~","synonymsForAnd":[and, und, &, +],"synonymsForOr":[or, oder, |, ,],"synonymsForNot":[not, nicht, -]}: "term1 OR term2 AND term3" -> "term1 OR term2 AND term3"
22:46:35.416 [main] [DEBUG] de.picturesafe.search.elasticsearch.connect.query.preprocessor.StandardQuerystringPreprocessor - StandardQuerystringPreprocessor:{"enabled":true,"autoBracket":true,"insertMissingOperators":true,"tokenDelimiters":", "(){}[]:=\/^~","synonymsForAnd":[and, und, &, +],"synonymsForOr":[or, oder, |, ,],"synonymsForNot":[not, nicht, -]}: vw up\! -> (vw && up\!)
22:46:35.417 [main] [DEBUG] de.picturesafe.search.elasticsearch.connect.query.preprocessor.StandardQuerystringPreprocessor - StandardQuerystringPreprocessor:{"enabled":true,"autoBracket":true,"insertMissingOperators":true,"tokenDelimiters":", "(){}[]:=\/^~","synonymsForAnd":[and, und, &, +],"synonymsForOr":[or, oder, |, ,],"synonymsForNot":[not, nicht, -]}: NDR \- DAS\! am Nachmittag -> (NDR && \- && DAS\! && am && Nachmittag)
22:46:35.417 [main] [DEBUG] de.picturesafe.search.elasticsearch.connect.query.preprocessor.StandardQuerystringPreprocessor - StandardQuerystringPreprocessor:{"enabled":true,"autoBracket":true,"insertMissingOperators":true,"tokenDelimiters":", "(){}[]:=\/^~","synonymsForAnd":[and, und, &, +],"synonymsForOr":[or, oder, |, ,],"synonymsForNot":[not, nicht, -]}: term1 \- term2 term3 -> (term1 && \- && term2 && term3)
22:46:35.417 [main] [DEBUG] de.picturesafe.search.elasticsearch.connect.query.preprocessor.StandardQuerystringPreprocessor - StandardQuerystringPreprocessor:{"enabled":true,"autoBracket":true,"insertMissingOperators":true,"tokenDelimiters":", "(){}[]:=\/^~","synonymsForAnd":[and, und, &, +],"synonymsForOr":[or, oder, |, ,],"synonymsForNot":[not, nicht, -]}: term1\-term2\-term3 -> term1\-term2\-term3
22:46:35.418 [main] [DEBUG] de.picturesafe.search.elasticsearch.connect.query.preprocessor.StandardQuerystringPreprocessor - StandardQuerystringPreprocessor:{"enabled":true,"autoBracket":true,"insertMissingOperators":true,"tokenDelimiters":", "(){}[]:=\/^~","synonymsForAnd":[and, und, &, +],"synonymsForOr":[or, oder, |, ,],"synonymsForNot":[not, nicht, -]}: "term1,term2",term3 -> "term1,term2" || term3
22:46:35.419 [main] [DEBUG] de.picturesafe.search.elasticsearch.connect.query.preprocessor.StandardQuerystringPreprocessor - StandardQuerystringPreprocessor:{"enabled":true,"autoBracket":true,"insertMissingOperators":true,"tokenDelimiters":", "(){}[]:=\/^~","synonymsForAnd":[and, und, &, +],"synonymsForOr":[or, oder, |, ,],"synonymsForNot":[not, nicht, -]}: term0 & "term1,term2",term3 -> (term0 && "term1,term2") || term3
22:46:35.419 [main] [DEBUG] de.picturesafe.search.elasticsearch.connect.query.preprocessor.StandardQuerystringPreprocessor - StandardQuerystringPreprocessor:{"enabled":true,"autoBracket":true,"insertMissingOperators":true,"tokenDelimiters":", "(){}[]:=\/^~","synonymsForAnd":[and, und, &, +],"synonymsForOr":[or, oder, |, ,],"synonymsForNot":[not, nicht, -]}: "term1,term2","term3,term4" -> "term1,term2" || "term3,term4"
22:46:35.419 [main] [DEBUG] de.picturesafe.search.elasticsearch.connect.query.preprocessor.StandardQuerystringPreprocessor - StandardQuerystringPreprocessor:{"enabled":true,"autoBracket":true,"insertMissingOperators":true,"tokenDelimiters":", "(){}[]:=\/^~","synonymsForAnd":[and, und, &, +],"synonymsForOr":[or, oder, |, ,],"synonymsForNot":[not, nicht, -]}: "term1 term2"~1 -> "term1 term2"~1
22:46:35.420 [main] [DEBUG] de.picturesafe.search.elasticsearch.connect.query.preprocessor.StandardQuerystringPreprocessor - StandardQuerystringPreprocessor:{"enabled":true,"autoBracket":false,"insertMissingOperators":false,"tokenDelimiters":", "(){}[]:=\/^~","synonymsForAnd":[and, und, &, +],"synonymsForOr":[or, oder, |, ,],"synonymsForNot":[not, nicht, -]}: "term1 term2 -> "term1 term2
22:46:35.420 [main] [DEBUG] de.picturesafe.search.elasticsearch.connect.query.preprocessor.StandardQuerystringPreprocessor - StandardQuerystringPreprocessor:{"enabled":true,"autoBracket":false,"insertMissingOperators":false,"tokenDelimiters":", "(){}[]:=\/^~","synonymsForAnd":[and, und, &, +],"synonymsForOr":[or, oder, |, ,],"synonymsForNot":[not, nicht, -]}: "term1 AND term2 -> "term1 AND term2
22:46:35.421 [main] [DEBUG] de.picturesafe.search.elasticsearch.connect.query.preprocessor.StandardQuerystringPreprocessor - StandardQuerystringPreprocessor:{"enabled":true,"autoBracket":false,"insertMissingOperators":false,"tokenDelimiters":", "(){}[]:=\/^~","synonymsForAnd":[and, und, &, +],"synonymsForOr":[or, oder, |, ,],"synonymsForNot":[not, nicht, -]}: "term1\"term2,term3" -> "term1\"term2,term3"
22:46:35.421 [main] [DEBUG] de.picturesafe.search.elasticsearch.connect.query.preprocessor.StandardQuerystringPreprocessor - StandardQuerystringPreprocessor:{"enabled":true,"autoBracket":false,"insertMissingOperators":false,"tokenDelimiters":", "(){}[]:=\/^~","synonymsForAnd":[and, und, &, +],"synonymsForOr":[or, oder, |, ,],"synonymsForNot":[not, nicht, -]}: "term1\"term2,term3",term4 -> "term1\"term2,term3" || term4
22:46:35.422 [main] [DEBUG] de.picturesafe.search.elasticsearch.connect.query.preprocessor.StandardQuerystringPreprocessor - StandardQuerystringPreprocessor:{"enabled":true,"autoBracket":false,"insertMissingOperators":false,"tokenDelimiters":", "(){}[]:=\/^~","synonymsForAnd":[and, und, &, +],"synonymsForOr":[or, oder, |, ,],"synonymsForNot":[not, nicht, -]}: term1,term2 -> term1 || term2
22:46:35.422 [main] [DEBUG] de.picturesafe.search.elasticsearch.connect.query.preprocessor.StandardQuerystringPreprocessor - StandardQuerystringPreprocessor:{"enabled":true,"autoBracket":false,"insertMissingOperators":false,"tokenDelimiters":", "(){}[]:=\/^~","synonymsForAnd":[and, und, &, +],"synonymsForOr":[or, oder, |, ,],"synonymsForNot":[not, nicht, -]}: term1 , term2 -> term1 || term2
22:46:35.422 [main] [DEBUG] de.picturesafe.search.elasticsearch.connect.query.preprocessor.StandardQuerystringPreprocessor - StandardQuerystringPreprocessor:{"enabled":true,"autoBracket":false,"insertMissingOperators":false,"tokenDelimiters":", "(){}[]:=\/^~","synonymsForAnd":[and, und, &, +],"synonymsForOr":[or, oder, |, ,],"synonymsForNot":[not, nicht, -]}: term1 | term2 -> term1 || term2
22:46:35.422 [main] [DEBUG] de.picturesafe.search.elasticsearch.connect.query.preprocessor.StandardQuerystringPreprocessor - StandardQuerystringPreprocessor:{"enabled":true,"autoBracket":false,"insertMissingOperators":false,"tokenDelimiters":", "(){}[]:=\/^~","synonymsForAnd":[and, und, &, +],"synonymsForOr":[or, oder, |, ,],"synonymsForNot":[not, nicht, -]}: term1 oder term2 -> term1 || term2
22:46:35.422 [main] [DEBUG] de.picturesafe.search.elasticsearch.connect.query.preprocessor.StandardQuerystringPreprocessor - StandardQuerystringPreprocessor:{"enabled":true,"autoBracket":false,"insertMissingOperators":false,"tokenDelimiters":", "(){}[]:=\/^~","synonymsForAnd":[and, und, &, +],"synonymsForOr":[or, oder, |, ,],"synonymsForNot":[not, nicht, -]}: term1 or term2 -> term1 || term2
22:46:35.422 [main] [DEBUG] de.picturesafe.search.elasticsearch.connect.query.preprocessor.StandardQuerystringPreprocessor - StandardQuerystringPreprocessor:{"enabled":true,"autoBracket":false,"insertMissingOperators":false,"tokenDelimiters":", "(){}[]:=\/^~","synonymsForAnd":[and, und, &, +],"synonymsForOr":[or, oder, |, ,],"synonymsForNot":[not, nicht, -]}: term1 & term2 -> term1 && term2
22:46:35.422 [main] [DEBUG] de.picturesafe.search.elasticsearch.connect.query.preprocessor.StandardQuerystringPreprocessor - StandardQuerystringPreprocessor:{"enabled":true,"autoBracket":false,"insertMissingOperators":false,"tokenDelimiters":", "(){}[]:=\/^~","synonymsForAnd":[and, und, &, +],"synonymsForOr":[or, oder, |, ,],"synonymsForNot":[not, nicht, -]}: term1 + term2 -> term1 && term2
22:46:35.423 [main] [DEBUG] de.picturesafe.search.elasticsearch.connect.query.preprocessor.StandardQuerystringPreprocessor - StandardQuerystringPreprocessor:{"enabled":true,"autoBracket":false,"insertMissingOperators":false,"tokenDelimiters":", "(){}[]:=\/^~","synonymsForAnd":[and, und, &, +],"synonymsForOr":[or, oder, |, ,],"synonymsForNot":[not, nicht, -]}: term1 +term2 -> term1 +term2
22:46:35.423 [main] [DEBUG] de.picturesafe.search.elasticsearch.connect.query.preprocessor.StandardQuerystringPreprocessor - StandardQuerystringPreprocessor:{"enabled":true,"autoBracket":false,"insertMissingOperators":false,"tokenDelimiters":", "(){}[]:=\/^~","synonymsForAnd":[and, und, &, +],"synonymsForOr":[or, oder, |, ,],"synonymsForNot":[not, nicht, -]}: term1+term2 -> term1+term2
22:46:35.423 [main] [DEBUG] de.picturesafe.search.elasticsearch.connect.query.preprocessor.StandardQuerystringPreprocessor - StandardQuerystringPreprocessor:{"enabled":true,"autoBracket":false,"insertMissingOperators":false,"tokenDelimiters":", "(){}[]:=\/^~","synonymsForAnd":[and, und, &, +],"synonymsForOr":[or, oder, |, ,],"synonymsForNot":[not, nicht, -]}: term1 und term2 -> term1 && term2
22:46:35.423 [main] [DEBUG] de.picturesafe.search.elasticsearch.connect.query.preprocessor.StandardQuerystringPreprocessor - StandardQuerystringPreprocessor:{"enabled":true,"autoBracket":false,"insertMissingOperators":false,"tokenDelimiters":", "(){}[]:=\/^~","synonymsForAnd":[and, und, &, +],"synonymsForOr":[or, oder, |, ,],"synonymsForNot":[not, nicht, -]}: term1 and term2 -> term1 && term2
22:46:35.423 [main] [DEBUG] de.picturesafe.search.elasticsearch.connect.query.preprocessor.StandardQuerystringPreprocessor - StandardQuerystringPreprocessor:{"enabled":true,"autoBracket":false,"insertMissingOperators":false,"tokenDelimiters":", "(){}[]:=\/^~","synonymsForAnd":[and, und, &, +],"synonymsForOr":[or, oder, |, ,],"synonymsForNot":[not, nicht, -]}: (term1 & term2) | term3 -> (term1 && term2) || term3
22:46:35.423 [main] [DEBUG] de.picturesafe.search.elasticsearch.connect.query.preprocessor.StandardQuerystringPreprocessor - StandardQuerystringPreprocessor:{"enabled":true,"autoBracket":false,"insertMissingOperators":false,"tokenDelimiters":", "(){}[]:=\/^~","synonymsForAnd":[and, und, &, +],"synonymsForOr":[or, oder, |, ,],"synonymsForNot":[not, nicht, -]}: term1 - term2 -> term1 NOT term2
22:46:35.424 [main] [DEBUG] de.picturesafe.search.elasticsearch.connect.query.preprocessor.StandardQuerystringPreprocessor - StandardQuerystringPreprocessor:{"enabled":true,"autoBracket":false,"insertMissingOperators":false,"tokenDelimiters":", "(){}[]:=\/^~","synonymsForAnd":[and, und, &, +],"synonymsForOr":[or, oder, |, ,],"synonymsForNot":[not, nicht, -]}: term1 -term2 -> term1 -term2
22:46:35.424 [main] [DEBUG] de.picturesafe.search.elasticsearch.connect.query.preprocessor.StandardQuerystringPreprocessor - StandardQuerystringPreprocessor:{"enabled":true,"autoBracket":false,"insertMissingOperators":false,"tokenDelimiters":", "(){}[]:=\/^~","synonymsForAnd":[and, und, &, +],"synonymsForOr":[or, oder, |, ,],"synonymsForNot":[not, nicht, -]}: term1-term2 -> term1-term2
22:46:35.424 [main] [DEBUG] de.picturesafe.search.elasticsearch.connect.query.preprocessor.StandardQuerystringPreprocessor - StandardQuerystringPreprocessor:{"enabled":true,"autoBracket":false,"insertMissingOperators":false,"tokenDelimiters":", "(){}[]:=\/^~","synonymsForAnd":[and, und, &, +],"synonymsForOr":[or, oder, |, ,],"synonymsForNot":[not, nicht, -]}: term1 nicht term2 -> term1 NOT term2
22:46:35.424 [main] [DEBUG] de.picturesafe.search.elasticsearch.connect.query.preprocessor.StandardQuerystringPreprocessor - StandardQuerystringPreprocessor:{"enabled":true,"autoBracket":false,"insertMissingOperators":false,"tokenDelimiters":", "(){}[]:=\/^~","synonymsForAnd":[and, und, &, +],"synonymsForOr":[or, oder, |, ,],"synonymsForNot":[not, nicht, -]}: term1 not term2 -> term1 NOT term2
22:46:35.424 [main] [DEBUG] de.picturesafe.search.elasticsearch.connect.query.preprocessor.StandardQuerystringPreprocessor - StandardQuerystringPreprocessor:{"enabled":true,"autoBracket":false,"insertMissingOperators":false,"tokenDelimiters":", "(){}[]:=\/^~","synonymsForAnd":[and, und, &, +],"synonymsForOr":[or, oder, |, ,],"synonymsForNot":[not, nicht, -]}: term1/term2 -> term1 term2
22:46:35.424 [main] [DEBUG] de.picturesafe.search.elasticsearch.connect.query.preprocessor.StandardQuerystringPreprocessor - StandardQuerystringPreprocessor:{"enabled":true,"autoBracket":false,"insertMissingOperators":false,"tokenDelimiters":", "(){}[]:=\/^~","synonymsForAnd":[and, und, &, +],"synonymsForOr":[or, oder, |, ,],"synonymsForNot":[not, nicht, -]}: term1[term2] -> term1 term2 
22:46:35.424 [main] [DEBUG] de.picturesafe.search.elasticsearch.connect.query.preprocessor.StandardQuerystringPreprocessor - StandardQuerystringPreprocessor:{"enabled":true,"autoBracket":false,"insertMissingOperators":false,"tokenDelimiters":", "(){}[]:=\/^~","synonymsForAnd":[and, und, &, +],"synonymsForOr":[or, oder, |, ,],"synonymsForNot":[not, nicht, -]}: term1{term2} -> term1 term2 
22:46:35.424 [main] [DEBUG] de.picturesafe.search.elasticsearch.connect.query.preprocessor.StandardQuerystringPreprocessor - StandardQuerystringPreprocessor:{"enabled":true,"autoBracket":false,"insertMissingOperators":false,"tokenDelimiters":", "(){}[]:=\/^~","synonymsForAnd":[and, und, &, +],"synonymsForOr":[or, oder, |, ,],"synonymsForNot":[not, nicht, -]}: term1^term2 -> term1 term2
22:46:35.425 [main] [DEBUG] de.picturesafe.search.elasticsearch.connect.query.preprocessor.StandardQuerystringPreprocessor - StandardQuerystringPreprocessor:{"enabled":true,"autoBracket":true,"insertMissingOperators":true,"tokenDelimiters":", "(){}[]:=\/^~","synonymsForAnd":[and, und, &, +],"synonymsForOr":[or, oder, |, ,],"synonymsForNot":[not, nicht, -]}: term1\: term2 -> (term1\: && term2)
22:46:35.426 [main] [DEBUG] de.picturesafe.search.elasticsearch.connect.query.preprocessor.StandardQuerystringPreprocessor - StandardQuerystringPreprocessor:{"enabled":true,"autoBracket":true,"insertMissingOperators":true,"tokenDelimiters":", "(){}[]:=\/^~","synonymsForAnd":[and, und, &, +],"synonymsForOr":[or, oder, |, ,],"synonymsForNot":[not, nicht, -]}: term1 \:term2,term3\" -> (term1 && \:term2) || term3\"
22:46:35.426 [main] [DEBUG] de.picturesafe.search.elasticsearch.connect.query.preprocessor.StandardQuerystringPreprocessor - StandardQuerystringPreprocessor:{"enabled":true,"autoBracket":true,"insertMissingOperators":false,"tokenDelimiters":", "(){}[]:=\/^~","synonymsForAnd":[and, und, &, +],"synonymsForOr":[or, oder, |, ,],"synonymsForNot":[not, nicht, -]}: AND term1 -> && term1
22:46:35.427 [main] [DEBUG] de.picturesafe.search.elasticsearch.connect.query.preprocessor.StandardQuerystringPreprocessor - StandardQuerystringPreprocessor:{"enabled":true,"autoBracket":true,"insertMissingOperators":false,"tokenDelimiters":", "(){}[]:=\/^~","synonymsForAnd":[and, und, &, +],"synonymsForOr":[or, oder, |, ,],"synonymsForNot":[not, nicht, -]}: AND term1 AND term2 -> && (term1 && term2)
22:46:35.427 [main] [DEBUG] de.picturesafe.search.elasticsearch.connect.query.preprocessor.StandardQuerystringPreprocessor - StandardQuerystringPreprocessor:{"enabled":true,"autoBracket":true,"insertMissingOperators":false,"tokenDelimiters":", "(){}[]:=\/^~","synonymsForAnd":[and, und, &, +],"synonymsForOr":[or, oder, |, ,],"synonymsForNot":[not, nicht, -]}: term1 AND -> term1 &&
22:46:35.427 [main] [DEBUG] de.picturesafe.search.elasticsearch.connect.query.preprocessor.StandardQuerystringPreprocessor - StandardQuerystringPreprocessor:{"enabled":true,"autoBracket":true,"insertMissingOperators":false,"tokenDelimiters":", "(){}[]:=\/^~","synonymsForAnd":[and, und, &, +],"synonymsForOr":[or, oder, |, ,],"synonymsForNot":[not, nicht, -]}: term1 AND term2 AND -> term1 && term2 &&
22:46:35.428 [main] [DEBUG] de.picturesafe.search.elasticsearch.connect.query.preprocessor.StandardQuerystringPreprocessor - StandardQuerystringPreprocessor:{"enabled":true,"autoBracket":false,"insertMissingOperators":false,"tokenDelimiters":", "(){}[]:=\/^~","synonymsForAnd":[and, und, &, +],"synonymsForOr":[or, oder, |, ,],"synonymsForNot":[not, nicht, -]}: "term1,term2" -> "term1,term2"
22:46:35.428 [main] [DEBUG] de.picturesafe.search.elasticsearch.connect.query.preprocessor.StandardQuerystringPreprocessor - StandardQuerystringPreprocessor:{"enabled":true,"autoBracket":false,"insertMissingOperators":false,"tokenDelimiters":", "(){}[]:=\/^~","synonymsForAnd":[and, und, &, +],"synonymsForOr":[or, oder, |, ,],"synonymsForNot":[not, nicht, -]}: "term1,term2",term3 -> "term1,term2" || term3
22:46:35.428 [main] [DEBUG] de.picturesafe.search.elasticsearch.connect.query.preprocessor.StandardQuerystringPreprocessor - StandardQuerystringPreprocessor:{"enabled":true,"autoBracket":false,"insertMissingOperators":false,"tokenDelimiters":", "(){}[]:=\/^~","synonymsForAnd":[and, und, &, +],"synonymsForOr":[or, oder, |, ,],"synonymsForNot":[not, nicht, -]}: term0 & "term1,term2",term3 -> term0 && "term1,term2" || term3
22:46:35.428 [main] [DEBUG] de.picturesafe.search.elasticsearch.connect.query.preprocessor.StandardQuerystringPreprocessor - StandardQuerystringPreprocessor:{"enabled":true,"autoBracket":false,"insertMissingOperators":false,"tokenDelimiters":", "(){}[]:=\/^~","synonymsForAnd":[and, und, &, +],"synonymsForOr":[or, oder, |, ,],"synonymsForNot":[not, nicht, -]}: "term1,term2","term3,term4" -> "term1,term2" || "term3,term4"
22:46:35.429 [main] [DEBUG] de.picturesafe.search.elasticsearch.connect.query.preprocessor.StandardQuerystringPreprocessor - StandardQuerystringPreprocessor:{"enabled":true,"autoBracket":true,"insertMissingOperators":true,"tokenDelimiters":", "(){}[]:=\/^~","synonymsForAnd":[and, und, &, +],"synonymsForOr":[or, oder, |, ,],"synonymsForNot":[not, nicht, -]}: term1 term2 -> (term1 && term2)
22:46:35.429 [main] [DEBUG] de.picturesafe.search.elasticsearch.connect.query.preprocessor.StandardQuerystringPreprocessor - StandardQuerystringPreprocessor:{"enabled":true,"autoBracket":true,"insertMissingOperators":true,"tokenDelimiters":", "(){}[]:=\/^~","synonymsForAnd":[and, und, &, +],"synonymsForOr":[or, oder, |, ,],"synonymsForNot":[not, nicht, -]}: term1 OR term2 NOT term3 -> term1 || (term2 && (NOT term3))
22:46:35.429 [main] [DEBUG] de.picturesafe.search.elasticsearch.connect.query.preprocessor.StandardQuerystringPreprocessor - StandardQuerystringPreprocessor:{"enabled":true,"autoBracket":true,"insertMissingOperators":true,"tokenDelimiters":", "(){}[]:=\/^~","synonymsForAnd":[and, und, &, +],"synonymsForOr":[or, oder, |, ,],"synonymsForNot":[not, nicht, -]}: term1 term2 NOT term3 -> (term1 && term2 && (NOT term3))
22:46:35.429 [main] [DEBUG] de.picturesafe.search.elasticsearch.connect.query.preprocessor.StandardQuerystringPreprocessor - StandardQuerystringPreprocessor:{"enabled":true,"autoBracket":true,"insertMissingOperators":true,"tokenDelimiters":", "(){}[]:=\/^~","synonymsForAnd":[and, und, &, +],"synonymsForOr":[or, oder, |, ,],"synonymsForNot":[not, nicht, -]}: term1 AND term2 term3 OR NOT term4 -> (term1 && term2 && term3) || (NOT term4)
22:46:35.429 [main] [DEBUG] de.picturesafe.search.elasticsearch.connect.query.preprocessor.StandardQuerystringPreprocessor - StandardQuerystringPreprocessor:{"enabled":true,"autoBracket":true,"insertMissingOperators":true,"tokenDelimiters":", "(){}[]:=\/^~","synonymsForAnd":[and, und, &, +],"synonymsForOr":[or, oder, |, ,],"synonymsForNot":[not, nicht, -]}: term1 term2~ -> (term1 && term2~)
22:46:35.429 [main] [DEBUG] de.picturesafe.search.elasticsearch.connect.query.preprocessor.StandardQuerystringPreprocessor - StandardQuerystringPreprocessor:{"enabled":true,"autoBracket":true,"insertMissingOperators":true,"tokenDelimiters":", "(){}[]:=\/^~","synonymsForAnd":[and, und, &, +],"synonymsForOr":[or, oder, |, ,],"synonymsForNot":[not, nicht, -]}: term1~ AND term2 -> (term1~ && term2)
22:46:35.430 [main] [DEBUG] de.picturesafe.search.elasticsearch.connect.query.preprocessor.StandardQuerystringPreprocessor - StandardQuerystringPreprocessor:{"enabled":true,"autoBracket":true,"insertMissingOperators":false,"tokenDelimiters":", "(){}[]:=\/^~","synonymsForAnd":[and, und, &, +],"synonymsForOr":[or, oder, |, ,],"synonymsForNot":[not, nicht, -]}: term1 AND NOT term2 -> (term1 && (NOT term2))
22:46:35.431 [main] [DEBUG] de.picturesafe.search.elasticsearch.connect.query.preprocessor.StandardQuerystringPreprocessor - StandardQuerystringPreprocessor:{"enabled":true,"autoBracket":true,"insertMissingOperators":false,"tokenDelimiters":", "(){}[]:=\/^~","synonymsForAnd":[and, und, &, +],"synonymsForOr":[or, oder, |, ,],"synonymsForNot":[not, nicht, -]}: term1 OR NOT term2 -> term1 || (NOT term2)
22:46:35.431 [main] [DEBUG] de.picturesafe.search.elasticsearch.connect.query.preprocessor.StandardQuerystringPreprocessor - StandardQuerystringPreprocessor:{"enabled":true,"autoBracket":true,"insertMissingOperators":false,"tokenDelimiters":", "(){}[]:=\/^~","synonymsForAnd":[and, und, &, +],"synonymsForOr":[or, oder, |, ,],"synonymsForNot":[not, nicht, -]}: NOT term1 AND term2 -> ((NOT term1) && term2)
22:46:35.431 [main] [DEBUG] de.picturesafe.search.elasticsearch.connect.query.preprocessor.StandardQuerystringPreprocessor - StandardQuerystringPreprocessor:{"enabled":true,"autoBracket":true,"insertMissingOperators":false,"tokenDelimiters":", "(){}[]:=\/^~","synonymsForAnd":[and, und, &, +],"synonymsForOr":[or, oder, |, ,],"synonymsForNot":[not, nicht, -]}: NOT term1 OR term2 -> (NOT term1) || term2
22:46:35.431 [main] [DEBUG] de.picturesafe.search.elasticsearch.connect.query.preprocessor.StandardQuerystringPreprocessor - StandardQuerystringPreprocessor:{"enabled":true,"autoBracket":true,"insertMissingOperators":false,"tokenDelimiters":", "(){}[]:=\/^~","synonymsForAnd":[and, und, &, +],"synonymsForOr":[or, oder, |, ,],"synonymsForNot":[not, nicht, -]}: term1 OR NOT term2 AND term3 -> term1 || ((NOT term2) && term3)
22:46:35.431 [main] [DEBUG] de.picturesafe.search.elasticsearch.connect.query.preprocessor.StandardQuerystringPreprocessor - StandardQuerystringPreprocessor:{"enabled":true,"autoBracket":true,"insertMissingOperators":false,"tokenDelimiters":", "(){}[]:=\/^~","synonymsForAnd":[and, und, &, +],"synonymsForOr":[or, oder, |, ,],"synonymsForNot":[not, nicht, -]}: term1 AND NOT term2 OR term3 -> (term1 && (NOT term2)) || term3
22:46:35.431 [main] [DEBUG] de.picturesafe.search.elasticsearch.connect.query.preprocessor.StandardQuerystringPreprocessor - StandardQuerystringPreprocessor:{"enabled":true,"autoBracket":true,"insertMissingOperators":false,"tokenDelimiters":", "(){}[]:=\/^~","synonymsForAnd":[and, und, &, +],"synonymsForOr":[or, oder, |, ,],"synonymsForNot":[not, nicht, -]}: term1 AND NOT term2 AND term3 -> (term1 && (NOT term2) && term3)
22:46:35.431 [main] [DEBUG] de.picturesafe.search.elasticsearch.connect.query.preprocessor.StandardQuerystringPreprocessor - StandardQuerystringPreprocessor:{"enabled":true,"autoBracket":true,"insertMissingOperators":false,"tokenDelimiters":", "(){}[]:=\/^~","synonymsForAnd":[and, und, &, +],"synonymsForOr":[or, oder, |, ,],"synonymsForNot":[not, nicht, -]}: term1 OR term2 AND NOT term3 -> term1 || (term2 && (NOT term3))
22:46:35.431 [main] [DEBUG] de.picturesafe.search.elasticsearch.connect.query.preprocessor.StandardQuerystringPreprocessor - StandardQuerystringPreprocessor:{"enabled":true,"autoBracket":true,"insertMissingOperators":false,"tokenDelimiters":", "(){}[]:=\/^~","synonymsForAnd":[and, und, &, +],"synonymsForOr":[or, oder, |, ,],"synonymsForNot":[not, nicht, -]}: term1 OR term2 NOT term3 -> term1 || term2 (NOT term3)
22:46:35.432 [main] [DEBUG] de.picturesafe.search.elasticsearch.connect.query.preprocessor.StandardQuerystringPreprocessor - StandardQuerystringPreprocessor:{"enabled":true,"autoBracket":true,"insertMissingOperators":false,"tokenDelimiters":", "(){}[]:=\/^~","synonymsForAnd":[and, und, &, +],"synonymsForOr":[or, oder, |, ,],"synonymsForNot":[not, nicht, -]}: (term1 || term2) -> (term1 || term2)
22:46:35.432 [main] [DEBUG] de.picturesafe.search.elasticsearch.connect.query.preprocessor.StandardQuerystringPreprocessor - StandardQuerystringPreprocessor:{"enabled":true,"autoBracket":true,"insertMissingOperators":false,"tokenDelimiters":", "(){}[]:=\/^~","synonymsForAnd":[and, und, &, +],"synonymsForOr":[or, oder, |, ,],"synonymsForNot":[not, nicht, -]}: term1 AND (term2 || term3) -> term1 && (term2 || term3)
22:46:35.432 [main] [DEBUG] de.picturesafe.search.elasticsearch.connect.query.preprocessor.StandardQuerystringPreprocessor - StandardQuerystringPreprocessor:{"enabled":true,"autoBracket":true,"insertMissingOperators":false,"tokenDelimiters":", "(){}[]:=\/^~","synonymsForAnd":[and, und, &, +],"synonymsForOr":[or, oder, |, ,],"synonymsForNot":[not, nicht, -]}: (term1 || term2) AND term3 -> (term1 || term2) && term3
22:46:35.433 [main] [DEBUG] de.picturesafe.search.elasticsearch.connect.query.preprocessor.StandardQuerystringPreprocessor - StandardQuerystringPreprocessor:{"enabled":true,"autoBracket":false,"insertMissingOperators":true,"tokenDelimiters":", "(){}[]:=\/^~","synonymsForAnd":[and, und, &, +],"synonymsForOr":[or, oder, |, ,],"synonymsForNot":[not, nicht, -]}: term1 term2 -> term1 && term2
22:46:35.433 [main] [DEBUG] de.picturesafe.search.elasticsearch.connect.query.preprocessor.StandardQuerystringPreprocessor - StandardQuerystringPreprocessor:{"enabled":true,"autoBracket":false,"insertMissingOperators":true,"tokenDelimiters":", "(){}[]:=\/^~","synonymsForAnd":[and, und, &, +],"synonymsForOr":[or, oder, |, ,],"synonymsForNot":[not, nicht, -]}: term1 term2 OR term3 -> term1 && term2 || term3
22:46:35.433 [main] [DEBUG] de.picturesafe.search.elasticsearch.connect.query.preprocessor.StandardQuerystringPreprocessor - StandardQuerystringPreprocessor:{"enabled":true,"autoBracket":false,"insertMissingOperators":true,"tokenDelimiters":", "(){}[]:=\/^~","synonymsForAnd":[and, und, &, +],"synonymsForOr":[or, oder, |, ,],"synonymsForNot":[not, nicht, -]}: term1 AND term2 term3 OR term4 -> term1 && term2 && term3 || term4
22:46:35.433 [main] [DEBUG] de.picturesafe.search.elasticsearch.connect.query.preprocessor.StandardQuerystringPreprocessor - StandardQuerystringPreprocessor:{"enabled":true,"autoBracket":false,"insertMissingOperators":true,"tokenDelimiters":", "(){}[]:=\/^~","synonymsForAnd":[and, und, &, +],"synonymsForOr":[or, oder, |, ,],"synonymsForNot":[not, nicht, -]}:  term1  ->  term1 
22:46:35.433 [main] [DEBUG] de.picturesafe.search.elasticsearch.connect.query.preprocessor.StandardQuerystringPreprocessor - StandardQuerystringPreprocessor:{"enabled":true,"autoBracket":false,"insertMissingOperators":true,"tokenDelimiters":", "(){}[]:=\/^~","synonymsForAnd":[and, und, &, +],"synonymsForOr":[or, oder, |, ,],"synonymsForNot":[not, nicht, -]}:  term1 term2  ->  term1 && term2 
Tests run: 13, Failures: 0, Errors: 0, Skipped: 0, Time elapsed: 0.715 sec - in de.picturesafe.search.elasticsearch.connect.query.preprocessor.SpringBeanStandardQuerystringPreprocessorTest
Running de.picturesafe.search.elasticsearch.connect.query.preprocessor.ManualConstructStandardQuerystringPreprocessorTest
22:46:35.435 [main] [DEBUG] de.picturesafe.search.elasticsearch.connect.query.preprocessor.StandardQuerystringPreprocessor - StandardQuerystringPreprocessor:{"enabled":true,"autoBracket":true,"insertMissingOperators":false,"tokenDelimiters":", "(){}[]:=\/^~","synonymsForAnd":[and, und, &, +],"synonymsForOr":[or, oder, |, ,],"synonymsForNot":[not, nicht, -]}: term1 AND term2 -> (term1 && term2)
22:46:35.435 [main] [DEBUG] de.picturesafe.search.elasticsearch.connect.query.preprocessor.StandardQuerystringPreprocessor - StandardQuerystringPreprocessor:{"enabled":true,"autoBracket":true,"insertMissingOperators":false,"tokenDelimiters":", "(){}[]:=\/^~","synonymsForAnd":[and, und, &, +],"synonymsForOr":[or, oder, |, ,],"synonymsForNot":[not, nicht, -]}: term1 AND term2 AND term3 -> (term1 && term2 && term3)
22:46:35.435 [main] [DEBUG] de.picturesafe.search.elasticsearch.connect.query.preprocessor.StandardQuerystringPreprocessor - StandardQuerystringPreprocessor:{"enabled":true,"autoBracket":true,"insertMissingOperators":false,"tokenDelimiters":", "(){}[]:=\/^~","synonymsForAnd":[and, und, &, +],"synonymsForOr":[or, oder, |, ,],"synonymsForNot":[not, nicht, -]}: term1 OR term2 AND term3 -> term1 || (term2 && term3)
22:46:35.435 [main] [DEBUG] de.picturesafe.search.elasticsearch.connect.query.preprocessor.StandardQuerystringPreprocessor - StandardQuerystringPreprocessor:{"enabled":true,"autoBracket":true,"insertMissingOperators":false,"tokenDelimiters":", "(){}[]:=\/^~","synonymsForAnd":[and, und, &, +],"synonymsForOr":[or, oder, |, ,],"synonymsForNot":[not, nicht, -]}: term1 AND term2 OR term3 -> (term1 && term2) || term3
22:46:35.435 [main] [DEBUG] de.picturesafe.search.elasticsearch.connect.query.preprocessor.StandardQuerystringPreprocessor - StandardQuerystringPreprocessor:{"enabled":true,"autoBracket":true,"insertMissingOperators":false,"tokenDelimiters":", "(){}[]:=\/^~","synonymsForAnd":[and, und, &, +],"synonymsForOr":[or, oder, |, ,],"synonymsForNot":[not, nicht, -]}: term1 OR term2 AND term3 AND term4 -> term1 || (term2 && term3 && term4)
22:46:35.436 [main] [DEBUG] de.picturesafe.search.elasticsearch.connect.query.preprocessor.StandardQuerystringPreprocessor - StandardQuerystringPreprocessor:{"enabled":true,"autoBracket":true,"insertMissingOperators":false,"tokenDelimiters":", "(){}[]:=\/^~","synonymsForAnd":[and, und, &, +],"synonymsForOr":[or, oder, |, ,],"synonymsForNot":[not, nicht, -]}: term1 OR term2 AND term3 AND term4 OR term5 -> term1 || (term2 && term3 && term4) || term5
22:46:35.436 [main] [DEBUG] de.picturesafe.search.elasticsearch.connect.query.preprocessor.StandardQuerystringPreprocessor - StandardQuerystringPreprocessor:{"enabled":true,"autoBracket":true,"insertMissingOperators":false,"tokenDelimiters":", "(){}[]:=\/^~","synonymsForAnd":[and, und, &, +],"synonymsForOr":[or, oder, |, ,],"synonymsForNot":[not, nicht, -]}: term1 AND term2 OR term3 AND term4 -> (term1 && term2) || (term3 && term4)
22:46:35.436 [main] [DEBUG] de.picturesafe.search.elasticsearch.connect.query.preprocessor.StandardQuerystringPreprocessor - StandardQuerystringPreprocessor:{"enabled":true,"autoBracket":true,"insertMissingOperators":false,"tokenDelimiters":", "(){}[]:=\/^~","synonymsForAnd":[and, und, &, +],"synonymsForOr":[or, oder, |, ,],"synonymsForNot":[not, nicht, -]}: term1 AND term2 OR term3 AND term4 OR term5 -> (term1 && term2) || (term3 && term4) || term5
22:46:35.436 [main] [DEBUG] de.picturesafe.search.elasticsearch.connect.query.preprocessor.StandardQuerystringPreprocessor - StandardQuerystringPreprocessor:{"enabled":true,"autoBracket":true,"insertMissingOperators":false,"tokenDelimiters":", "(){}[]:=\/^~","synonymsForAnd":[and, und, &, +],"synonymsForOr":[or, oder, |, ,],"synonymsForNot":[not, nicht, -]}: term1 OR term2 AND term3 OR term4 AND term5 -> term1 || (term2 && term3) || (term4 && term5)
22:46:35.436 [main] [DEBUG] de.picturesafe.search.elasticsearch.connect.query.preprocessor.StandardQuerystringPreprocessor - StandardQuerystringPreprocessor:{"enabled":true,"autoBracket":true,"insertMissingOperators":false,"tokenDelimiters":", "(){}[]:=\/^~","synonymsForAnd":[and, und, &, +],"synonymsForOr":[or, oder, |, ,],"synonymsForNot":[not, nicht, -]}: term1 term2 AND term3 -> term1 (term2 && term3)
22:46:35.436 [main] [DEBUG] de.picturesafe.search.elasticsearch.connect.query.preprocessor.StandardQuerystringPreprocessor - StandardQuerystringPreprocessor:{"enabled":true,"autoBracket":true,"insertMissingOperators":false,"tokenDelimiters":", "(){}[]:=\/^~","synonymsForAnd":[and, und, &, +],"synonymsForOr":[or, oder, |, ,],"synonymsForNot":[not, nicht, -]}: term1 AND term2 term3 -> (term1 && term2) term3
22:46:35.436 [main] [DEBUG] de.picturesafe.search.elasticsearch.connect.query.preprocessor.StandardQuerystringPreprocessor - StandardQuerystringPreprocessor:{"enabled":true,"autoBracket":true,"insertMissingOperators":false,"tokenDelimiters":", "(){}[]:=\/^~","synonymsForAnd":[and, und, &, +],"synonymsForOr":[or, oder, |, ,],"synonymsForNot":[not, nicht, -]}: term1 term2 AND term3 term4 -> term1 (term2 && term3) term4
22:46:35.436 [main] [DEBUG] de.picturesafe.search.elasticsearch.connect.query.preprocessor.StandardQuerystringPreprocessor - StandardQuerystringPreprocessor:{"enabled":true,"autoBracket":true,"insertMissingOperators":false,"tokenDelimiters":", "(){}[]:=\/^~","synonymsForAnd":[and, und, &, +],"synonymsForOr":[or, oder, |, ,],"synonymsForNot":[not, nicht, -]}: "term1 OR term2 AND term3" -> "term1 OR term2 AND term3"
22:46:35.437 [main] [DEBUG] de.picturesafe.search.elasticsearch.connect.query.preprocessor.StandardQuerystringPreprocessor - StandardQuerystringPreprocessor:{"enabled":true,"autoBracket":true,"insertMissingOperators":true,"tokenDelimiters":", "(){}[]:=\/^~","synonymsForAnd":[and, und, &, +],"synonymsForOr":[or, oder, |, ,],"synonymsForNot":[not, nicht, -]}: vw up\! -> (vw && up\!)
22:46:35.437 [main] [DEBUG] de.picturesafe.search.elasticsearch.connect.query.preprocessor.StandardQuerystringPreprocessor - StandardQuerystringPreprocessor:{"enabled":true,"autoBracket":true,"insertMissingOperators":true,"tokenDelimiters":", "(){}[]:=\/^~","synonymsForAnd":[and, und, &, +],"synonymsForOr":[or, oder, |, ,],"synonymsForNot":[not, nicht, -]}: NDR \- DAS\! am Nachmittag -> (NDR && \- && DAS\! && am && Nachmittag)
22:46:35.437 [main] [DEBUG] de.picturesafe.search.elasticsearch.connect.query.preprocessor.StandardQuerystringPreprocessor - StandardQuerystringPreprocessor:{"enabled":true,"autoBracket":true,"insertMissingOperators":true,"tokenDelimiters":", "(){}[]:=\/^~","synonymsForAnd":[and, und, &, +],"synonymsForOr":[or, oder, |, ,],"synonymsForNot":[not, nicht, -]}: term1 \- term2 term3 -> (term1 && \- && term2 && term3)
22:46:35.437 [main] [DEBUG] de.picturesafe.search.elasticsearch.connect.query.preprocessor.StandardQuerystringPreprocessor - StandardQuerystringPreprocessor:{"enabled":true,"autoBracket":true,"insertMissingOperators":true,"tokenDelimiters":", "(){}[]:=\/^~","synonymsForAnd":[and, und, &, +],"synonymsForOr":[or, oder, |, ,],"synonymsForNot":[not, nicht, -]}: term1\-term2\-term3 -> term1\-term2\-term3
22:46:35.437 [main] [DEBUG] de.picturesafe.search.elasticsearch.connect.query.preprocessor.StandardQuerystringPreprocessor - StandardQuerystringPreprocessor:{"enabled":true,"autoBracket":true,"insertMissingOperators":true,"tokenDelimiters":", "(){}[]:=\/^~","synonymsForAnd":[and, und, &, +],"synonymsForOr":[or, oder, |, ,],"synonymsForNot":[not, nicht, -]}: "term1,term2",term3 -> "term1,term2" || term3
22:46:35.438 [main] [DEBUG] de.picturesafe.search.elasticsearch.connect.query.preprocessor.StandardQuerystringPreprocessor - StandardQuerystringPreprocessor:{"enabled":true,"autoBracket":true,"insertMissingOperators":true,"tokenDelimiters":", "(){}[]:=\/^~","synonymsForAnd":[and, und, &, +],"synonymsForOr":[or, oder, |, ,],"synonymsForNot":[not, nicht, -]}: term0 & "term1,term2",term3 -> (term0 && "term1,term2") || term3
22:46:35.438 [main] [DEBUG] de.picturesafe.search.elasticsearch.connect.query.preprocessor.StandardQuerystringPreprocessor - StandardQuerystringPreprocessor:{"enabled":true,"autoBracket":true,"insertMissingOperators":true,"tokenDelimiters":", "(){}[]:=\/^~","synonymsForAnd":[and, und, &, +],"synonymsForOr":[or, oder, |, ,],"synonymsForNot":[not, nicht, -]}: "term1,term2","term3,term4" -> "term1,term2" || "term3,term4"
22:46:35.438 [main] [DEBUG] de.picturesafe.search.elasticsearch.connect.query.preprocessor.StandardQuerystringPreprocessor - StandardQuerystringPreprocessor:{"enabled":true,"autoBracket":true,"insertMissingOperators":true,"tokenDelimiters":", "(){}[]:=\/^~","synonymsForAnd":[and, und, &, +],"synonymsForOr":[or, oder, |, ,],"synonymsForNot":[not, nicht, -]}: "term1 term2"~1 -> "term1 term2"~1
22:46:35.438 [main] [DEBUG] de.picturesafe.search.elasticsearch.connect.query.preprocessor.StandardQuerystringPreprocessor - StandardQuerystringPreprocessor:{"enabled":true,"autoBracket":false,"insertMissingOperators":false,"tokenDelimiters":", "(){}[]:=\/^~","synonymsForAnd":[and, und, &, +],"synonymsForOr":[or, oder, |, ,],"synonymsForNot":[not, nicht, -]}: "term1 term2 -> "term1 term2
22:46:35.438 [main] [DEBUG] de.picturesafe.search.elasticsearch.connect.query.preprocessor.StandardQuerystringPreprocessor - StandardQuerystringPreprocessor:{"enabled":true,"autoBracket":false,"insertMissingOperators":false,"tokenDelimiters":", "(){}[]:=\/^~","synonymsForAnd":[and, und, &, +],"synonymsForOr":[or, oder, |, ,],"synonymsForNot":[not, nicht, -]}: "term1 AND term2 -> "term1 AND term2
22:46:35.438 [main] [DEBUG] de.picturesafe.search.elasticsearch.connect.query.preprocessor.StandardQuerystringPreprocessor - StandardQuerystringPreprocessor:{"enabled":true,"autoBracket":false,"insertMissingOperators":false,"tokenDelimiters":", "(){}[]:=\/^~","synonymsForAnd":[and, und, &, +],"synonymsForOr":[or, oder, |, ,],"synonymsForNot":[not, nicht, -]}: "term1\"term2,term3" -> "term1\"term2,term3"
22:46:35.438 [main] [DEBUG] de.picturesafe.search.elasticsearch.connect.query.preprocessor.StandardQuerystringPreprocessor - StandardQuerystringPreprocessor:{"enabled":true,"autoBracket":false,"insertMissingOperators":false,"tokenDelimiters":", "(){}[]:=\/^~","synonymsForAnd":[and, und, &, +],"synonymsForOr":[or, oder, |, ,],"synonymsForNot":[not, nicht, -]}: "term1\"term2,term3",term4 -> "term1\"term2,term3" || term4
22:46:35.439 [main] [DEBUG] de.picturesafe.search.elasticsearch.connect.query.preprocessor.StandardQuerystringPreprocessor - StandardQuerystringPreprocessor:{"enabled":true,"autoBracket":false,"insertMissingOperators":false,"tokenDelimiters":", "(){}[]:=\/^~","synonymsForAnd":[and, und, &, +],"synonymsForOr":[or, oder, |, ,],"synonymsForNot":[not, nicht, -]}: term1,term2 -> term1 || term2
22:46:35.439 [main] [DEBUG] de.picturesafe.search.elasticsearch.connect.query.preprocessor.StandardQuerystringPreprocessor - StandardQuerystringPreprocessor:{"enabled":true,"autoBracket":false,"insertMissingOperators":false,"tokenDelimiters":", "(){}[]:=\/^~","synonymsForAnd":[and, und, &, +],"synonymsForOr":[or, oder, |, ,],"synonymsForNot":[not, nicht, -]}: term1 , term2 -> term1 || term2
22:46:35.439 [main] [DEBUG] de.picturesafe.search.elasticsearch.connect.query.preprocessor.StandardQuerystringPreprocessor - StandardQuerystringPreprocessor:{"enabled":true,"autoBracket":false,"insertMissingOperators":false,"tokenDelimiters":", "(){}[]:=\/^~","synonymsForAnd":[and, und, &, +],"synonymsForOr":[or, oder, |, ,],"synonymsForNot":[not, nicht, -]}: term1 | term2 -> term1 || term2
22:46:35.439 [main] [DEBUG] de.picturesafe.search.elasticsearch.connect.query.preprocessor.StandardQuerystringPreprocessor - StandardQuerystringPreprocessor:{"enabled":true,"autoBracket":false,"insertMissingOperators":false,"tokenDelimiters":", "(){}[]:=\/^~","synonymsForAnd":[and, und, &, +],"synonymsForOr":[or, oder, |, ,],"synonymsForNot":[not, nicht, -]}: term1 oder term2 -> term1 || term2
22:46:35.439 [main] [DEBUG] de.picturesafe.search.elasticsearch.connect.query.preprocessor.StandardQuerystringPreprocessor - StandardQuerystringPreprocessor:{"enabled":true,"autoBracket":false,"insertMissingOperators":false,"tokenDelimiters":", "(){}[]:=\/^~","synonymsForAnd":[and, und, &, +],"synonymsForOr":[or, oder, |, ,],"synonymsForNot":[not, nicht, -]}: term1 or term2 -> term1 || term2
22:46:35.439 [main] [DEBUG] de.picturesafe.search.elasticsearch.connect.query.preprocessor.StandardQuerystringPreprocessor - StandardQuerystringPreprocessor:{"enabled":true,"autoBracket":false,"insertMissingOperators":false,"tokenDelimiters":", "(){}[]:=\/^~","synonymsForAnd":[and, und, &, +],"synonymsForOr":[or, oder, |, ,],"synonymsForNot":[not, nicht, -]}: term1 & term2 -> term1 && term2
22:46:35.439 [main] [DEBUG] de.picturesafe.search.elasticsearch.connect.query.preprocessor.StandardQuerystringPreprocessor - StandardQuerystringPreprocessor:{"enabled":true,"autoBracket":false,"insertMissingOperators":false,"tokenDelimiters":", "(){}[]:=\/^~","synonymsForAnd":[and, und, &, +],"synonymsForOr":[or, oder, |, ,],"synonymsForNot":[not, nicht, -]}: term1 + term2 -> term1 && term2
22:46:35.439 [main] [DEBUG] de.picturesafe.search.elasticsearch.connect.query.preprocessor.StandardQuerystringPreprocessor - StandardQuerystringPreprocessor:{"enabled":true,"autoBracket":false,"insertMissingOperators":false,"tokenDelimiters":", "(){}[]:=\/^~","synonymsForAnd":[and, und, &, +],"synonymsForOr":[or, oder, |, ,],"synonymsForNot":[not, nicht, -]}: term1 +term2 -> term1 +term2
22:46:35.439 [main] [DEBUG] de.picturesafe.search.elasticsearch.connect.query.preprocessor.StandardQuerystringPreprocessor - StandardQuerystringPreprocessor:{"enabled":true,"autoBracket":false,"insertMissingOperators":false,"tokenDelimiters":", "(){}[]:=\/^~","synonymsForAnd":[and, und, &, +],"synonymsForOr":[or, oder, |, ,],"synonymsForNot":[not, nicht, -]}: term1+term2 -> term1+term2
22:46:35.439 [main] [DEBUG] de.picturesafe.search.elasticsearch.connect.query.preprocessor.StandardQuerystringPreprocessor - StandardQuerystringPreprocessor:{"enabled":true,"autoBracket":false,"insertMissingOperators":false,"tokenDelimiters":", "(){}[]:=\/^~","synonymsForAnd":[and, und, &, +],"synonymsForOr":[or, oder, |, ,],"synonymsForNot":[not, nicht, -]}: term1 und term2 -> term1 && term2
22:46:35.439 [main] [DEBUG] de.picturesafe.search.elasticsearch.connect.query.preprocessor.StandardQuerystringPreprocessor - StandardQuerystringPreprocessor:{"enabled":true,"autoBracket":false,"insertMissingOperators":false,"tokenDelimiters":", "(){}[]:=\/^~","synonymsForAnd":[and, und, &, +],"synonymsForOr":[or, oder, |, ,],"synonymsForNot":[not, nicht, -]}: term1 and term2 -> term1 && term2
22:46:35.439 [main] [DEBUG] de.picturesafe.search.elasticsearch.connect.query.preprocessor.StandardQuerystringPreprocessor - StandardQuerystringPreprocessor:{"enabled":true,"autoBracket":false,"insertMissingOperators":false,"tokenDelimiters":", "(){}[]:=\/^~","synonymsForAnd":[and, und, &, +],"synonymsForOr":[or, oder, |, ,],"synonymsForNot":[not, nicht, -]}: (term1 & term2) | term3 -> (term1 && term2) || term3
22:46:35.440 [main] [DEBUG] de.picturesafe.search.elasticsearch.connect.query.preprocessor.StandardQuerystringPreprocessor - StandardQuerystringPreprocessor:{"enabled":true,"autoBracket":false,"insertMissingOperators":false,"tokenDelimiters":", "(){}[]:=\/^~","synonymsForAnd":[and, und, &, +],"synonymsForOr":[or, oder, |, ,],"synonymsForNot":[not, nicht, -]}: term1 - term2 -> term1 NOT term2
22:46:35.440 [main] [DEBUG] de.picturesafe.search.elasticsearch.connect.query.preprocessor.StandardQuerystringPreprocessor - StandardQuerystringPreprocessor:{"enabled":true,"autoBracket":false,"insertMissingOperators":false,"tokenDelimiters":", "(){}[]:=\/^~","synonymsForAnd":[and, und, &, +],"synonymsForOr":[or, oder, |, ,],"synonymsForNot":[not, nicht, -]}: term1 -term2 -> term1 -term2
22:46:35.440 [main] [DEBUG] de.picturesafe.search.elasticsearch.connect.query.preprocessor.StandardQuerystringPreprocessor - StandardQuerystringPreprocessor:{"enabled":true,"autoBracket":false,"insertMissingOperators":false,"tokenDelimiters":", "(){}[]:=\/^~","synonymsForAnd":[and, und, &, +],"synonymsForOr":[or, oder, |, ,],"synonymsForNot":[not, nicht, -]}: term1-term2 -> term1-term2
22:46:35.440 [main] [DEBUG] de.picturesafe.search.elasticsearch.connect.query.preprocessor.StandardQuerystringPreprocessor - StandardQuerystringPreprocessor:{"enabled":true,"autoBracket":false,"insertMissingOperators":false,"tokenDelimiters":", "(){}[]:=\/^~","synonymsForAnd":[and, und, &, +],"synonymsForOr":[or, oder, |, ,],"synonymsForNot":[not, nicht, -]}: term1 nicht term2 -> term1 NOT term2
22:46:35.440 [main] [DEBUG] de.picturesafe.search.elasticsearch.connect.query.preprocessor.StandardQuerystringPreprocessor - StandardQuerystringPreprocessor:{"enabled":true,"autoBracket":false,"insertMissingOperators":false,"tokenDelimiters":", "(){}[]:=\/^~","synonymsForAnd":[and, und, &, +],"synonymsForOr":[or, oder, |, ,],"synonymsForNot":[not, nicht, -]}: term1 not term2 -> term1 NOT term2
22:46:35.440 [main] [DEBUG] de.picturesafe.search.elasticsearch.connect.query.preprocessor.StandardQuerystringPreprocessor - StandardQuerystringPreprocessor:{"enabled":true,"autoBracket":false,"insertMissingOperators":false,"tokenDelimiters":", "(){}[]:=\/^~","synonymsForAnd":[and, und, &, +],"synonymsForOr":[or, oder, |, ,],"synonymsForNot":[not, nicht, -]}: term1/term2 -> term1 term2
22:46:35.440 [main] [DEBUG] de.picturesafe.search.elasticsearch.connect.query.preprocessor.StandardQuerystringPreprocessor - StandardQuerystringPreprocessor:{"enabled":true,"autoBracket":false,"insertMissingOperators":false,"tokenDelimiters":", "(){}[]:=\/^~","synonymsForAnd":[and, und, &, +],"synonymsForOr":[or, oder, |, ,],"synonymsForNot":[not, nicht, -]}: term1[term2] -> term1 term2 
22:46:35.440 [main] [DEBUG] de.picturesafe.search.elasticsearch.connect.query.preprocessor.StandardQuerystringPreprocessor - StandardQuerystringPreprocessor:{"enabled":true,"autoBracket":false,"insertMissingOperators":false,"tokenDelimiters":", "(){}[]:=\/^~","synonymsForAnd":[and, und, &, +],"synonymsForOr":[or, oder, |, ,],"synonymsForNot":[not, nicht, -]}: term1{term2} -> term1 term2 
22:46:35.440 [main] [DEBUG] de.picturesafe.search.elasticsearch.connect.query.preprocessor.StandardQuerystringPreprocessor - StandardQuerystringPreprocessor:{"enabled":true,"autoBracket":false,"insertMissingOperators":false,"tokenDelimiters":", "(){}[]:=\/^~","synonymsForAnd":[and, und, &, +],"synonymsForOr":[or, oder, |, ,],"synonymsForNot":[not, nicht, -]}: term1^term2 -> term1 term2
22:46:35.441 [main] [DEBUG] de.picturesafe.search.elasticsearch.connect.query.preprocessor.StandardQuerystringPreprocessor - StandardQuerystringPreprocessor:{"enabled":true,"autoBracket":true,"insertMissingOperators":true,"tokenDelimiters":", "(){}[]:=\/^~","synonymsForAnd":[and, und, &, +],"synonymsForOr":[or, oder, |, ,],"synonymsForNot":[not, nicht, -]}: term1\: term2 -> (term1\: && term2)
22:46:35.441 [main] [DEBUG] de.picturesafe.search.elasticsearch.connect.query.preprocessor.StandardQuerystringPreprocessor - StandardQuerystringPreprocessor:{"enabled":true,"autoBracket":true,"insertMissingOperators":true,"tokenDelimiters":", "(){}[]:=\/^~","synonymsForAnd":[and, und, &, +],"synonymsForOr":[or, oder, |, ,],"synonymsForNot":[not, nicht, -]}: term1 \:term2,term3\" -> (term1 && \:term2) || term3\"
22:46:35.441 [main] [DEBUG] de.picturesafe.search.elasticsearch.connect.query.preprocessor.StandardQuerystringPreprocessor - StandardQuerystringPreprocessor:{"enabled":true,"autoBracket":true,"insertMissingOperators":false,"tokenDelimiters":", "(){}[]:=\/^~","synonymsForAnd":[and, und, &, +],"synonymsForOr":[or, oder, |, ,],"synonymsForNot":[not, nicht, -]}: AND term1 -> && term1
22:46:35.441 [main] [DEBUG] de.picturesafe.search.elasticsearch.connect.query.preprocessor.StandardQuerystringPreprocessor - StandardQuerystringPreprocessor:{"enabled":true,"autoBracket":true,"insertMissingOperators":false,"tokenDelimiters":", "(){}[]:=\/^~","synonymsForAnd":[and, und, &, +],"synonymsForOr":[or, oder, |, ,],"synonymsForNot":[not, nicht, -]}: AND term1 AND term2 -> && (term1 && term2)
22:46:35.441 [main] [DEBUG] de.picturesafe.search.elasticsearch.connect.query.preprocessor.StandardQuerystringPreprocessor - StandardQuerystringPreprocessor:{"enabled":true,"autoBracket":true,"insertMissingOperators":false,"tokenDelimiters":", "(){}[]:=\/^~","synonymsForAnd":[and, und, &, +],"synonymsForOr":[or, oder, |, ,],"synonymsForNot":[not, nicht, -]}: term1 AND -> term1 &&
22:46:35.441 [main] [DEBUG] de.picturesafe.search.elasticsearch.connect.query.preprocessor.StandardQuerystringPreprocessor - StandardQuerystringPreprocessor:{"enabled":true,"autoBracket":true,"insertMissingOperators":false,"tokenDelimiters":", "(){}[]:=\/^~","synonymsForAnd":[and, und, &, +],"synonymsForOr":[or, oder, |, ,],"synonymsForNot":[not, nicht, -]}: term1 AND term2 AND -> term1 && term2 &&
22:46:35.442 [main] [DEBUG] de.picturesafe.search.elasticsearch.connect.query.preprocessor.StandardQuerystringPreprocessor - StandardQuerystringPreprocessor:{"enabled":true,"autoBracket":false,"insertMissingOperators":false,"tokenDelimiters":", "(){}[]:=\/^~","synonymsForAnd":[and, und, &, +],"synonymsForOr":[or, oder, |, ,],"synonymsForNot":[not, nicht, -]}: "term1,term2" -> "term1,term2"
22:46:35.442 [main] [DEBUG] de.picturesafe.search.elasticsearch.connect.query.preprocessor.StandardQuerystringPreprocessor - StandardQuerystringPreprocessor:{"enabled":true,"autoBracket":false,"insertMissingOperators":false,"tokenDelimiters":", "(){}[]:=\/^~","synonymsForAnd":[and, und, &, +],"synonymsForOr":[or, oder, |, ,],"synonymsForNot":[not, nicht, -]}: "term1,term2",term3 -> "term1,term2" || term3
22:46:35.442 [main] [DEBUG] de.picturesafe.search.elasticsearch.connect.query.preprocessor.StandardQuerystringPreprocessor - StandardQuerystringPreprocessor:{"enabled":true,"autoBracket":false,"insertMissingOperators":false,"tokenDelimiters":", "(){}[]:=\/^~","synonymsForAnd":[and, und, &, +],"synonymsForOr":[or, oder, |, ,],"synonymsForNot":[not, nicht, -]}: term0 & "term1,term2",term3 -> term0 && "term1,term2" || term3
22:46:35.442 [main] [DEBUG] de.picturesafe.search.elasticsearch.connect.query.preprocessor.StandardQuerystringPreprocessor - StandardQuerystringPreprocessor:{"enabled":true,"autoBracket":false,"insertMissingOperators":false,"tokenDelimiters":", "(){}[]:=\/^~","synonymsForAnd":[and, und, &, +],"synonymsForOr":[or, oder, |, ,],"synonymsForNot":[not, nicht, -]}: "term1,term2","term3,term4" -> "term1,term2" || "term3,term4"
22:46:35.442 [main] [DEBUG] de.picturesafe.search.elasticsearch.connect.query.preprocessor.StandardQuerystringPreprocessor - StandardQuerystringPreprocessor:{"enabled":true,"autoBracket":true,"insertMissingOperators":true,"tokenDelimiters":", "(){}[]:=\/^~","synonymsForAnd":[and, und, &, +],"synonymsForOr":[or, oder, |, ,],"synonymsForNot":[not, nicht, -]}: term1 term2 -> (term1 && term2)
22:46:35.443 [main] [DEBUG] de.picturesafe.search.elasticsearch.connect.query.preprocessor.StandardQuerystringPreprocessor - StandardQuerystringPreprocessor:{"enabled":true,"autoBracket":true,"insertMissingOperators":true,"tokenDelimiters":", "(){}[]:=\/^~","synonymsForAnd":[and, und, &, +],"synonymsForOr":[or, oder, |, ,],"synonymsForNot":[not, nicht, -]}: term1 OR term2 NOT term3 -> term1 || (term2 && (NOT term3))
22:46:35.443 [main] [DEBUG] de.picturesafe.search.elasticsearch.connect.query.preprocessor.StandardQuerystringPreprocessor - StandardQuerystringPreprocessor:{"enabled":true,"autoBracket":true,"insertMissingOperators":true,"tokenDelimiters":", "(){}[]:=\/^~","synonymsForAnd":[and, und, &, +],"synonymsForOr":[or, oder, |, ,],"synonymsForNot":[not, nicht, -]}: term1 term2 NOT term3 -> (term1 && term2 && (NOT term3))
22:46:35.443 [main] [DEBUG] de.picturesafe.search.elasticsearch.connect.query.preprocessor.StandardQuerystringPreprocessor - StandardQuerystringPreprocessor:{"enabled":true,"autoBracket":true,"insertMissingOperators":true,"tokenDelimiters":", "(){}[]:=\/^~","synonymsForAnd":[and, und, &, +],"synonymsForOr":[or, oder, |, ,],"synonymsForNot":[not, nicht, -]}: term1 AND term2 term3 OR NOT term4 -> (term1 && term2 && term3) || (NOT term4)
22:46:35.443 [main] [DEBUG] de.picturesafe.search.elasticsearch.connect.query.preprocessor.StandardQuerystringPreprocessor - StandardQuerystringPreprocessor:{"enabled":true,"autoBracket":true,"insertMissingOperators":true,"tokenDelimiters":", "(){}[]:=\/^~","synonymsForAnd":[and, und, &, +],"synonymsForOr":[or, oder, |, ,],"synonymsForNot":[not, nicht, -]}: term1 term2~ -> (term1 && term2~)
22:46:35.443 [main] [DEBUG] de.picturesafe.search.elasticsearch.connect.query.preprocessor.StandardQuerystringPreprocessor - StandardQuerystringPreprocessor:{"enabled":true,"autoBracket":true,"insertMissingOperators":true,"tokenDelimiters":", "(){}[]:=\/^~","synonymsForAnd":[and, und, &, +],"synonymsForOr":[or, oder, |, ,],"synonymsForNot":[not, nicht, -]}: term1~ AND term2 -> (term1~ && term2)
22:46:35.443 [main] [DEBUG] de.picturesafe.search.elasticsearch.connect.query.preprocessor.StandardQuerystringPreprocessor - StandardQuerystringPreprocessor:{"enabled":true,"autoBracket":true,"insertMissingOperators":false,"tokenDelimiters":", "(){}[]:=\/^~","synonymsForAnd":[and, und, &, +],"synonymsForOr":[or, oder, |, ,],"synonymsForNot":[not, nicht, -]}: term1 AND NOT term2 -> (term1 && (NOT term2))
22:46:35.443 [main] [DEBUG] de.picturesafe.search.elasticsearch.connect.query.preprocessor.StandardQuerystringPreprocessor - StandardQuerystringPreprocessor:{"enabled":true,"autoBracket":true,"insertMissingOperators":false,"tokenDelimiters":", "(){}[]:=\/^~","synonymsForAnd":[and, und, &, +],"synonymsForOr":[or, oder, |, ,],"synonymsForNot":[not, nicht, -]}: term1 OR NOT term2 -> term1 || (NOT term2)
22:46:35.443 [main] [DEBUG] de.picturesafe.search.elasticsearch.connect.query.preprocessor.StandardQuerystringPreprocessor - StandardQuerystringPreprocessor:{"enabled":true,"autoBracket":true,"insertMissingOperators":false,"tokenDelimiters":", "(){}[]:=\/^~","synonymsForAnd":[and, und, &, +],"synonymsForOr":[or, oder, |, ,],"synonymsForNot":[not, nicht, -]}: NOT term1 AND term2 -> ((NOT term1) && term2)
22:46:35.444 [main] [DEBUG] de.picturesafe.search.elasticsearch.connect.query.preprocessor.StandardQuerystringPreprocessor - StandardQuerystringPreprocessor:{"enabled":true,"autoBracket":true,"insertMissingOperators":false,"tokenDelimiters":", "(){}[]:=\/^~","synonymsForAnd":[and, und, &, +],"synonymsForOr":[or, oder, |, ,],"synonymsForNot":[not, nicht, -]}: NOT term1 OR term2 -> (NOT term1) || term2
22:46:35.444 [main] [DEBUG] de.picturesafe.search.elasticsearch.connect.query.preprocessor.StandardQuerystringPreprocessor - StandardQuerystringPreprocessor:{"enabled":true,"autoBracket":true,"insertMissingOperators":false,"tokenDelimiters":", "(){}[]:=\/^~","synonymsForAnd":[and, und, &, +],"synonymsForOr":[or, oder, |, ,],"synonymsForNot":[not, nicht, -]}: term1 OR NOT term2 AND term3 -> term1 || ((NOT term2) && term3)
22:46:35.444 [main] [DEBUG] de.picturesafe.search.elasticsearch.connect.query.preprocessor.StandardQuerystringPreprocessor - StandardQuerystringPreprocessor:{"enabled":true,"autoBracket":true,"insertMissingOperators":false,"tokenDelimiters":", "(){}[]:=\/^~","synonymsForAnd":[and, und, &, +],"synonymsForOr":[or, oder, |, ,],"synonymsForNot":[not, nicht, -]}: term1 AND NOT term2 OR term3 -> (term1 && (NOT term2)) || term3
22:46:35.444 [main] [DEBUG] de.picturesafe.search.elasticsearch.connect.query.preprocessor.StandardQuerystringPreprocessor - StandardQuerystringPreprocessor:{"enabled":true,"autoBracket":true,"insertMissingOperators":false,"tokenDelimiters":", "(){}[]:=\/^~","synonymsForAnd":[and, und, &, +],"synonymsForOr":[or, oder, |, ,],"synonymsForNot":[not, nicht, -]}: term1 AND NOT term2 AND term3 -> (term1 && (NOT term2) && term3)
22:46:35.444 [main] [DEBUG] de.picturesafe.search.elasticsearch.connect.query.preprocessor.StandardQuerystringPreprocessor - StandardQuerystringPreprocessor:{"enabled":true,"autoBracket":true,"insertMissingOperators":false,"tokenDelimiters":", "(){}[]:=\/^~","synonymsForAnd":[and, und, &, +],"synonymsForOr":[or, oder, |, ,],"synonymsForNot":[not, nicht, -]}: term1 OR term2 AND NOT term3 -> term1 || (term2 && (NOT term3))
22:46:35.444 [main] [DEBUG] de.picturesafe.search.elasticsearch.connect.query.preprocessor.StandardQuerystringPreprocessor - StandardQuerystringPreprocessor:{"enabled":true,"autoBracket":true,"insertMissingOperators":false,"tokenDelimiters":", "(){}[]:=\/^~","synonymsForAnd":[and, und, &, +],"synonymsForOr":[or, oder, |, ,],"synonymsForNot":[not, nicht, -]}: term1 OR term2 NOT term3 -> term1 || term2 (NOT term3)
22:46:35.444 [main] [DEBUG] de.picturesafe.search.elasticsearch.connect.query.preprocessor.StandardQuerystringPreprocessor - StandardQuerystringPreprocessor:{"enabled":true,"autoBracket":true,"insertMissingOperators":false,"tokenDelimiters":", "(){}[]:=\/^~","synonymsForAnd":[and, und, &, +],"synonymsForOr":[or, oder, |, ,],"synonymsForNot":[not, nicht, -]}: (term1 || term2) -> (term1 || term2)
22:46:35.444 [main] [DEBUG] de.picturesafe.search.elasticsearch.connect.query.preprocessor.StandardQuerystringPreprocessor - StandardQuerystringPreprocessor:{"enabled":true,"autoBracket":true,"insertMissingOperators":false,"tokenDelimiters":", "(){}[]:=\/^~","synonymsForAnd":[and, und, &, +],"synonymsForOr":[or, oder, |, ,],"synonymsForNot":[not, nicht, -]}: term1 AND (term2 || term3) -> term1 && (term2 || term3)
22:46:35.444 [main] [DEBUG] de.picturesafe.search.elasticsearch.connect.query.preprocessor.StandardQuerystringPreprocessor - StandardQuerystringPreprocessor:{"enabled":true,"autoBracket":true,"insertMissingOperators":false,"tokenDelimiters":", "(){}[]:=\/^~","synonymsForAnd":[and, und, &, +],"synonymsForOr":[or, oder, |, ,],"synonymsForNot":[not, nicht, -]}: (term1 || term2) AND term3 -> (term1 || term2) && term3
22:46:35.445 [main] [DEBUG] de.picturesafe.search.elasticsearch.connect.query.preprocessor.StandardQuerystringPreprocessor - StandardQuerystringPreprocessor:{"enabled":true,"autoBracket":false,"insertMissingOperators":true,"tokenDelimiters":", "(){}[]:=\/^~","synonymsForAnd":[and, und, &, +],"synonymsForOr":[or, oder, |, ,],"synonymsForNot":[not, nicht, -]}: term1 term2 -> term1 && term2
22:46:35.445 [main] [DEBUG] de.picturesafe.search.elasticsearch.connect.query.preprocessor.StandardQuerystringPreprocessor - StandardQuerystringPreprocessor:{"enabled":true,"autoBracket":false,"insertMissingOperators":true,"tokenDelimiters":", "(){}[]:=\/^~","synonymsForAnd":[and, und, &, +],"synonymsForOr":[or, oder, |, ,],"synonymsForNot":[not, nicht, -]}: term1 term2 OR term3 -> term1 && term2 || term3
22:46:35.445 [main] [DEBUG] de.picturesafe.search.elasticsearch.connect.query.preprocessor.StandardQuerystringPreprocessor - StandardQuerystringPreprocessor:{"enabled":true,"autoBracket":false,"insertMissingOperators":true,"tokenDelimiters":", "(){}[]:=\/^~","synonymsForAnd":[and, und, &, +],"synonymsForOr":[or, oder, |, ,],"synonymsForNot":[not, nicht, -]}: term1 AND term2 term3 OR term4 -> term1 && term2 && term3 || term4
22:46:35.445 [main] [DEBUG] de.picturesafe.search.elasticsearch.connect.query.preprocessor.StandardQuerystringPreprocessor - StandardQuerystringPreprocessor:{"enabled":true,"autoBracket":false,"insertMissingOperators":true,"tokenDelimiters":", "(){}[]:=\/^~","synonymsForAnd":[and, und, &, +],"synonymsForOr":[or, oder, |, ,],"synonymsForNot":[not, nicht, -]}:  term1  ->  term1 
22:46:35.445 [main] [DEBUG] de.picturesafe.search.elasticsearch.connect.query.preprocessor.StandardQuerystringPreprocessor - StandardQuerystringPreprocessor:{"enabled":true,"autoBracket":false,"insertMissingOperators":true,"tokenDelimiters":", "(){}[]:=\/^~","synonymsForAnd":[and, und, &, +],"synonymsForOr":[or, oder, |, ,],"synonymsForNot":[not, nicht, -]}:  term1 term2  ->  term1 && term2 
Tests run: 13, Failures: 0, Errors: 0, Skipped: 0, Time elapsed: 0.047 sec - in de.picturesafe.search.elasticsearch.connect.query.preprocessor.ManualConstructStandardQuerystringPreprocessorTest
Running de.picturesafe.search.elasticsearch.connect.util.ElasticDateUtilsTest
22:46:35.451 [main] [INFO ] org.springframework.test.context.support.DefaultTestContextBootstrapper - Loaded default TestExecutionListener class names from location [META-INF/spring.factories]: [org.springframework.test.context.web.ServletTestExecutionListener, org.springframework.test.context.support.DirtiesContextBeforeModesTestExecutionListener, org.springframework.test.context.support.DependencyInjectionTestExecutionListener, org.springframework.test.context.support.DirtiesContextTestExecutionListener, org.springframework.test.context.transaction.TransactionalTestExecutionListener, org.springframework.test.context.jdbc.SqlScriptsTestExecutionListener, org.springframework.test.context.event.EventPublishingTestExecutionListener]
22:46:35.452 [main] [INFO ] org.springframework.test.context.support.DefaultTestContextBootstrapper - Using TestExecutionListeners: [org.springframework.test.context.support.DirtiesContextBeforeModesTestExecutionListener@205d8cfa, org.springframework.test.context.support.DependencyInjectionTestExecutionListener@2ccea84b, org.springframework.test.context.support.DirtiesContextTestExecutionListener@698ba673, org.springframework.test.context.transaction.TransactionalTestExecutionListener@312d7705, org.springframework.test.context.jdbc.SqlScriptsTestExecutionListener@7d5b1786, org.springframework.test.context.event.EventPublishingTestExecutionListener@248e6496]
Tests run: 4, Failures: 0, Errors: 0, Skipped: 0, Time elapsed: 0.051 sec - in de.picturesafe.search.elasticsearch.connect.util.ElasticDateUtilsTest
Running de.picturesafe.search.elasticsearch.connect.util.StringTrimUtilityTest
Tests run: 4, Failures: 0, Errors: 0, Skipped: 0, Time elapsed: 0 sec - in de.picturesafe.search.elasticsearch.connect.util.StringTrimUtilityTest
Running de.picturesafe.search.elasticsearch.connect.filter.expression.DayExpressionFilterBuilderTest
22:46:35.575 [main] [INFO ] org.springframework.test.context.support.DefaultTestContextBootstrapper - Loaded default TestExecutionListener class names from location [META-INF/spring.factories]: [org.springframework.test.context.web.ServletTestExecutionListener, org.springframework.test.context.support.DirtiesContextBeforeModesTestExecutionListener, org.springframework.test.context.support.DependencyInjectionTestExecutionListener, org.springframework.test.context.support.DirtiesContextTestExecutionListener, org.springframework.test.context.transaction.TransactionalTestExecutionListener, org.springframework.test.context.jdbc.SqlScriptsTestExecutionListener, org.springframework.test.context.event.EventPublishingTestExecutionListener]
22:46:35.575 [main] [INFO ] org.springframework.test.context.support.DefaultTestContextBootstrapper - Using TestExecutionListeners: [org.springframework.test.context.support.DirtiesContextBeforeModesTestExecutionListener@64ff7aaf, org.springframework.test.context.support.DependencyInjectionTestExecutionListener@54b70c50, org.springframework.test.context.support.DirtiesContextTestExecutionListener@778ebf6f, org.springframework.test.context.transaction.TransactionalTestExecutionListener@114c2c2b, org.springframework.test.context.jdbc.SqlScriptsTestExecutionListener@e7906af, org.springframework.test.context.event.EventPublishingTestExecutionListener@62405ebc]
Tests run: 5, Failures: 0, Errors: 0, Skipped: 0, Time elapsed: 0.086 sec - in de.picturesafe.search.elasticsearch.connect.filter.expression.DayExpressionFilterBuilderTest
Running de.picturesafe.search.elasticsearch.connect.filter.expression.MustNotExpressionFilterBuilderTest
Tests run: 3, Failures: 0, Errors: 0, Skipped: 0, Time elapsed: 0.028 sec - in de.picturesafe.search.elasticsearch.connect.filter.expression.MustNotExpressionFilterBuilderTest
Running de.picturesafe.search.util.ArrayUtilsTest
Tests run: 3, Failures: 0, Errors: 0, Skipped: 0, Time elapsed: 0.002 sec - in de.picturesafe.search.util.ArrayUtilsTest
Running de.picturesafe.search.util.SetUtilsTest
Tests run: 3, Failures: 0, Errors: 0, Skipped: 0, Time elapsed: 0 sec - in de.picturesafe.search.util.SetUtilsTest
Running de.picturesafe.search.expression.KeywordExpressionTest
22:46:35.716 [main] [DEBUG] de.picturesafe.search.expression.KeywordExpressionTest - Testing comparison: LIKE
22:46:35.717 [main] [DEBUG] de.picturesafe.search.expression.KeywordExpressionTest - Caught expected exception
java.lang.IllegalArgumentException: Unsupported comparison for keyword expressions: LIKE
	at org.apache.commons.lang3.Validate.isTrue(Validate.java:158) ~[classes/:?]
	at de.picturesafe.search.expression.KeywordExpression.validateComparison(KeywordExpression.java:72) ~[classes/:?]
	at de.picturesafe.search.expression.KeywordExpression.<init>(KeywordExpression.java:68) ~[classes/:?]
	at de.picturesafe.search.expression.KeywordExpressionTest.lambda$testNotAllowedComparisons$1(KeywordExpressionTest.java:51) ~[test-classes/:?]
	at java.lang.Iterable.forEach(Iterable.java:75) [?:1.8.0_262]
	at de.picturesafe.search.expression.KeywordExpressionTest.testNotAllowedComparisons(KeywordExpressionTest.java:48) [test-classes/:?]
	at sun.reflect.NativeMethodAccessorImpl.invoke0(Native Method) ~[?:1.8.0_262]
	at sun.reflect.NativeMethodAccessorImpl.invoke(NativeMethodAccessorImpl.java:62) ~[?:1.8.0_262]
	at sun.reflect.DelegatingMethodAccessorImpl.invoke(DelegatingMethodAccessorImpl.java:43) ~[?:1.8.0_262]
	at java.lang.reflect.Method.invoke(Method.java:498) ~[?:1.8.0_262]
	at org.junit.runners.model.FrameworkMethod$1.runReflectiveCall(FrameworkMethod.java:50) [junit-4.12.jar:4.12]
	at org.junit.internal.runners.model.ReflectiveCallable.run(ReflectiveCallable.java:12) [junit-4.12.jar:4.12]
	at org.junit.runners.model.FrameworkMethod.invokeExplosively(FrameworkMethod.java:47) [junit-4.12.jar:4.12]
	at org.junit.internal.runners.statements.InvokeMethod.evaluate(InvokeMethod.java:17) [junit-4.12.jar:4.12]
	at org.junit.runners.ParentRunner.runLeaf(ParentRunner.java:325) [junit-4.12.jar:4.12]
	at org.junit.runners.BlockJUnit4ClassRunner.runChild(BlockJUnit4ClassRunner.java:78) [junit-4.12.jar:4.12]
	at org.junit.runners.BlockJUnit4ClassRunner.runChild(BlockJUnit4ClassRunner.java:57) [junit-4.12.jar:4.12]
	at org.junit.runners.ParentRunner$3.run(ParentRunner.java:290) [junit-4.12.jar:4.12]
	at org.junit.runners.ParentRunner$1.schedule(ParentRunner.java:71) [junit-4.12.jar:4.12]
	at org.junit.runners.ParentRunner.runChildren(ParentRunner.java:288) [junit-4.12.jar:4.12]
	at org.junit.runners.ParentRunner.access$000(ParentRunner.java:58) [junit-4.12.jar:4.12]
	at org.junit.runners.ParentRunner$2.evaluate(ParentRunner.java:268) [junit-4.12.jar:4.12]
	at org.junit.runners.ParentRunner.run(ParentRunner.java:363) [junit-4.12.jar:4.12]
	at org.apache.maven.surefire.junit4.JUnit4Provider.execute(JUnit4Provider.java:367) [surefire-junit4-2.19.1.jar:2.19.1]
	at org.apache.maven.surefire.junit4.JUnit4Provider.executeWithRerun(JUnit4Provider.java:274) [surefire-junit4-2.19.1.jar:2.19.1]
	at org.apache.maven.surefire.junit4.JUnit4Provider.executeTestSet(JUnit4Provider.java:238) [surefire-junit4-2.19.1.jar:2.19.1]
	at org.apache.maven.surefire.junit4.JUnit4Provider.invoke(JUnit4Provider.java:161) [surefire-junit4-2.19.1.jar:2.19.1]
	at org.apache.maven.surefire.booter.ForkedBooter.invokeProviderInSameClassLoader(ForkedBooter.java:290) [surefire-booter-2.19.1.jar:2.19.1]
	at org.apache.maven.surefire.booter.ForkedBooter.runSuitesInProcess(ForkedBooter.java:242) [surefire-booter-2.19.1.jar:2.19.1]
	at org.apache.maven.surefire.booter.ForkedBooter.main(ForkedBooter.java:121) [surefire-booter-2.19.1.jar:2.19.1]
22:46:35.723 [main] [DEBUG] de.picturesafe.search.expression.KeywordExpressionTest - Testing comparison: NOT_LIKE
22:46:35.723 [main] [DEBUG] de.picturesafe.search.expression.KeywordExpressionTest - Caught expected exception
java.lang.IllegalArgumentException: Unsupported comparison for keyword expressions: NOT_LIKE
	at org.apache.commons.lang3.Validate.isTrue(Validate.java:158) ~[classes/:?]
	at de.picturesafe.search.expression.KeywordExpression.validateComparison(KeywordExpression.java:72) ~[classes/:?]
	at de.picturesafe.search.expression.KeywordExpression.<init>(KeywordExpression.java:68) ~[classes/:?]
	at de.picturesafe.search.expression.KeywordExpressionTest.lambda$testNotAllowedComparisons$1(KeywordExpressionTest.java:51) ~[test-classes/:?]
	at java.lang.Iterable.forEach(Iterable.java:75) [?:1.8.0_262]
	at de.picturesafe.search.expression.KeywordExpressionTest.testNotAllowedComparisons(KeywordExpressionTest.java:48) [test-classes/:?]
	at sun.reflect.NativeMethodAccessorImpl.invoke0(Native Method) ~[?:1.8.0_262]
	at sun.reflect.NativeMethodAccessorImpl.invoke(NativeMethodAccessorImpl.java:62) ~[?:1.8.0_262]
	at sun.reflect.DelegatingMethodAccessorImpl.invoke(DelegatingMethodAccessorImpl.java:43) ~[?:1.8.0_262]
	at java.lang.reflect.Method.invoke(Method.java:498) ~[?:1.8.0_262]
	at org.junit.runners.model.FrameworkMethod$1.runReflectiveCall(FrameworkMethod.java:50) [junit-4.12.jar:4.12]
	at org.junit.internal.runners.model.ReflectiveCallable.run(ReflectiveCallable.java:12) [junit-4.12.jar:4.12]
	at org.junit.runners.model.FrameworkMethod.invokeExplosively(FrameworkMethod.java:47) [junit-4.12.jar:4.12]
	at org.junit.internal.runners.statements.InvokeMethod.evaluate(InvokeMethod.java:17) [junit-4.12.jar:4.12]
	at org.junit.runners.ParentRunner.runLeaf(ParentRunner.java:325) [junit-4.12.jar:4.12]
	at org.junit.runners.BlockJUnit4ClassRunner.runChild(BlockJUnit4ClassRunner.java:78) [junit-4.12.jar:4.12]
	at org.junit.runners.BlockJUnit4ClassRunner.runChild(BlockJUnit4ClassRunner.java:57) [junit-4.12.jar:4.12]
	at org.junit.runners.ParentRunner$3.run(ParentRunner.java:290) [junit-4.12.jar:4.12]
	at org.junit.runners.ParentRunner$1.schedule(ParentRunner.java:71) [junit-4.12.jar:4.12]
	at org.junit.runners.ParentRunner.runChildren(ParentRunner.java:288) [junit-4.12.jar:4.12]
	at org.junit.runners.ParentRunner.access$000(ParentRunner.java:58) [junit-4.12.jar:4.12]
	at org.junit.runners.ParentRunner$2.evaluate(ParentRunner.java:268) [junit-4.12.jar:4.12]
	at org.junit.runners.ParentRunner.run(ParentRunner.java:363) [junit-4.12.jar:4.12]
	at org.apache.maven.surefire.junit4.JUnit4Provider.execute(JUnit4Provider.java:367) [surefire-junit4-2.19.1.jar:2.19.1]
	at org.apache.maven.surefire.junit4.JUnit4Provider.executeWithRerun(JUnit4Provider.java:274) [surefire-junit4-2.19.1.jar:2.19.1]
	at org.apache.maven.surefire.junit4.JUnit4Provider.executeTestSet(JUnit4Provider.java:238) [surefire-junit4-2.19.1.jar:2.19.1]
	at org.apache.maven.surefire.junit4.JUnit4Provider.invoke(JUnit4Provider.java:161) [surefire-junit4-2.19.1.jar:2.19.1]
	at org.apache.maven.surefire.booter.ForkedBooter.invokeProviderInSameClassLoader(ForkedBooter.java:290) [surefire-booter-2.19.1.jar:2.19.1]
	at org.apache.maven.surefire.booter.ForkedBooter.runSuitesInProcess(ForkedBooter.java:242) [surefire-booter-2.19.1.jar:2.19.1]
	at org.apache.maven.surefire.booter.ForkedBooter.main(ForkedBooter.java:121) [surefire-booter-2.19.1.jar:2.19.1]
22:46:35.723 [main] [DEBUG] de.picturesafe.search.expression.KeywordExpressionTest - Testing comparison: GT
22:46:35.723 [main] [DEBUG] de.picturesafe.search.expression.KeywordExpressionTest - Caught expected exception
java.lang.IllegalArgumentException: Unsupported comparison for keyword expressions: GT
	at org.apache.commons.lang3.Validate.isTrue(Validate.java:158) ~[classes/:?]
	at de.picturesafe.search.expression.KeywordExpression.validateComparison(KeywordExpression.java:72) ~[classes/:?]
	at de.picturesafe.search.expression.KeywordExpression.<init>(KeywordExpression.java:68) ~[classes/:?]
	at de.picturesafe.search.expression.KeywordExpressionTest.lambda$testNotAllowedComparisons$1(KeywordExpressionTest.java:51) ~[test-classes/:?]
	at java.lang.Iterable.forEach(Iterable.java:75) [?:1.8.0_262]
	at de.picturesafe.search.expression.KeywordExpressionTest.testNotAllowedComparisons(KeywordExpressionTest.java:48) [test-classes/:?]
	at sun.reflect.NativeMethodAccessorImpl.invoke0(Native Method) ~[?:1.8.0_262]
	at sun.reflect.NativeMethodAccessorImpl.invoke(NativeMethodAccessorImpl.java:62) ~[?:1.8.0_262]
	at sun.reflect.DelegatingMethodAccessorImpl.invoke(DelegatingMethodAccessorImpl.java:43) ~[?:1.8.0_262]
	at java.lang.reflect.Method.invoke(Method.java:498) ~[?:1.8.0_262]
	at org.junit.runners.model.FrameworkMethod$1.runReflectiveCall(FrameworkMethod.java:50) [junit-4.12.jar:4.12]
	at org.junit.internal.runners.model.ReflectiveCallable.run(ReflectiveCallable.java:12) [junit-4.12.jar:4.12]
	at org.junit.runners.model.FrameworkMethod.invokeExplosively(FrameworkMethod.java:47) [junit-4.12.jar:4.12]
	at org.junit.internal.runners.statements.InvokeMethod.evaluate(InvokeMethod.java:17) [junit-4.12.jar:4.12]
	at org.junit.runners.ParentRunner.runLeaf(ParentRunner.java:325) [junit-4.12.jar:4.12]
	at org.junit.runners.BlockJUnit4ClassRunner.runChild(BlockJUnit4ClassRunner.java:78) [junit-4.12.jar:4.12]
	at org.junit.runners.BlockJUnit4ClassRunner.runChild(BlockJUnit4ClassRunner.java:57) [junit-4.12.jar:4.12]
	at org.junit.runners.ParentRunner$3.run(ParentRunner.java:290) [junit-4.12.jar:4.12]
	at org.junit.runners.ParentRunner$1.schedule(ParentRunner.java:71) [junit-4.12.jar:4.12]
	at org.junit.runners.ParentRunner.runChildren(ParentRunner.java:288) [junit-4.12.jar:4.12]
	at org.junit.runners.ParentRunner.access$000(ParentRunner.java:58) [junit-4.12.jar:4.12]
	at org.junit.runners.ParentRunner$2.evaluate(ParentRunner.java:268) [junit-4.12.jar:4.12]
	at org.junit.runners.ParentRunner.run(ParentRunner.java:363) [junit-4.12.jar:4.12]
	at org.apache.maven.surefire.junit4.JUnit4Provider.execute(JUnit4Provider.java:367) [surefire-junit4-2.19.1.jar:2.19.1]
	at org.apache.maven.surefire.junit4.JUnit4Provider.executeWithRerun(JUnit4Provider.java:274) [surefire-junit4-2.19.1.jar:2.19.1]
	at org.apache.maven.surefire.junit4.JUnit4Provider.executeTestSet(JUnit4Provider.java:238) [surefire-junit4-2.19.1.jar:2.19.1]
	at org.apache.maven.surefire.junit4.JUnit4Provider.invoke(JUnit4Provider.java:161) [surefire-junit4-2.19.1.jar:2.19.1]
	at org.apache.maven.surefire.booter.ForkedBooter.invokeProviderInSameClassLoader(ForkedBooter.java:290) [surefire-booter-2.19.1.jar:2.19.1]
	at org.apache.maven.surefire.booter.ForkedBooter.runSuitesInProcess(ForkedBooter.java:242) [surefire-booter-2.19.1.jar:2.19.1]
	at org.apache.maven.surefire.booter.ForkedBooter.main(ForkedBooter.java:121) [surefire-booter-2.19.1.jar:2.19.1]
22:46:35.724 [main] [DEBUG] de.picturesafe.search.expression.KeywordExpressionTest - Testing comparison: GE
22:46:35.724 [main] [DEBUG] de.picturesafe.search.expression.KeywordExpressionTest - Caught expected exception
java.lang.IllegalArgumentException: Unsupported comparison for keyword expressions: GE
	at org.apache.commons.lang3.Validate.isTrue(Validate.java:158) ~[classes/:?]
	at de.picturesafe.search.expression.KeywordExpression.validateComparison(KeywordExpression.java:72) ~[classes/:?]
	at de.picturesafe.search.expression.KeywordExpression.<init>(KeywordExpression.java:68) ~[classes/:?]
	at de.picturesafe.search.expression.KeywordExpressionTest.lambda$testNotAllowedComparisons$1(KeywordExpressionTest.java:51) ~[test-classes/:?]
	at java.lang.Iterable.forEach(Iterable.java:75) [?:1.8.0_262]
	at de.picturesafe.search.expression.KeywordExpressionTest.testNotAllowedComparisons(KeywordExpressionTest.java:48) [test-classes/:?]
	at sun.reflect.NativeMethodAccessorImpl.invoke0(Native Method) ~[?:1.8.0_262]
	at sun.reflect.NativeMethodAccessorImpl.invoke(NativeMethodAccessorImpl.java:62) ~[?:1.8.0_262]
	at sun.reflect.DelegatingMethodAccessorImpl.invoke(DelegatingMethodAccessorImpl.java:43) ~[?:1.8.0_262]
	at java.lang.reflect.Method.invoke(Method.java:498) ~[?:1.8.0_262]
	at org.junit.runners.model.FrameworkMethod$1.runReflectiveCall(FrameworkMethod.java:50) [junit-4.12.jar:4.12]
	at org.junit.internal.runners.model.ReflectiveCallable.run(ReflectiveCallable.java:12) [junit-4.12.jar:4.12]
	at org.junit.runners.model.FrameworkMethod.invokeExplosively(FrameworkMethod.java:47) [junit-4.12.jar:4.12]
	at org.junit.internal.runners.statements.InvokeMethod.evaluate(InvokeMethod.java:17) [junit-4.12.jar:4.12]
	at org.junit.runners.ParentRunner.runLeaf(ParentRunner.java:325) [junit-4.12.jar:4.12]
	at org.junit.runners.BlockJUnit4ClassRunner.runChild(BlockJUnit4ClassRunner.java:78) [junit-4.12.jar:4.12]
	at org.junit.runners.BlockJUnit4ClassRunner.runChild(BlockJUnit4ClassRunner.java:57) [junit-4.12.jar:4.12]
	at org.junit.runners.ParentRunner$3.run(ParentRunner.java:290) [junit-4.12.jar:4.12]
	at org.junit.runners.ParentRunner$1.schedule(ParentRunner.java:71) [junit-4.12.jar:4.12]
	at org.junit.runners.ParentRunner.runChildren(ParentRunner.java:288) [junit-4.12.jar:4.12]
	at org.junit.runners.ParentRunner.access$000(ParentRunner.java:58) [junit-4.12.jar:4.12]
	at org.junit.runners.ParentRunner$2.evaluate(ParentRunner.java:268) [junit-4.12.jar:4.12]
	at org.junit.runners.ParentRunner.run(ParentRunner.java:363) [junit-4.12.jar:4.12]
	at org.apache.maven.surefire.junit4.JUnit4Provider.execute(JUnit4Provider.java:367) [surefire-junit4-2.19.1.jar:2.19.1]
	at org.apache.maven.surefire.junit4.JUnit4Provider.executeWithRerun(JUnit4Provider.java:274) [surefire-junit4-2.19.1.jar:2.19.1]
	at org.apache.maven.surefire.junit4.JUnit4Provider.executeTestSet(JUnit4Provider.java:238) [surefire-junit4-2.19.1.jar:2.19.1]
	at org.apache.maven.surefire.junit4.JUnit4Provider.invoke(JUnit4Provider.java:161) [surefire-junit4-2.19.1.jar:2.19.1]
	at org.apache.maven.surefire.booter.ForkedBooter.invokeProviderInSameClassLoader(ForkedBooter.java:290) [surefire-booter-2.19.1.jar:2.19.1]
	at org.apache.maven.surefire.booter.ForkedBooter.runSuitesInProcess(ForkedBooter.java:242) [surefire-booter-2.19.1.jar:2.19.1]
	at org.apache.maven.surefire.booter.ForkedBooter.main(ForkedBooter.java:121) [surefire-booter-2.19.1.jar:2.19.1]
22:46:35.724 [main] [DEBUG] de.picturesafe.search.expression.KeywordExpressionTest - Testing comparison: LT
22:46:35.724 [main] [DEBUG] de.picturesafe.search.expression.KeywordExpressionTest - Caught expected exception
java.lang.IllegalArgumentException: Unsupported comparison for keyword expressions: LT
	at org.apache.commons.lang3.Validate.isTrue(Validate.java:158) ~[classes/:?]
	at de.picturesafe.search.expression.KeywordExpression.validateComparison(KeywordExpression.java:72) ~[classes/:?]
	at de.picturesafe.search.expression.KeywordExpression.<init>(KeywordExpression.java:68) ~[classes/:?]
	at de.picturesafe.search.expression.KeywordExpressionTest.lambda$testNotAllowedComparisons$1(KeywordExpressionTest.java:51) ~[test-classes/:?]
	at java.lang.Iterable.forEach(Iterable.java:75) [?:1.8.0_262]
	at de.picturesafe.search.expression.KeywordExpressionTest.testNotAllowedComparisons(KeywordExpressionTest.java:48) [test-classes/:?]
	at sun.reflect.NativeMethodAccessorImpl.invoke0(Native Method) ~[?:1.8.0_262]
	at sun.reflect.NativeMethodAccessorImpl.invoke(NativeMethodAccessorImpl.java:62) ~[?:1.8.0_262]
	at sun.reflect.DelegatingMethodAccessorImpl.invoke(DelegatingMethodAccessorImpl.java:43) ~[?:1.8.0_262]
	at java.lang.reflect.Method.invoke(Method.java:498) ~[?:1.8.0_262]
	at org.junit.runners.model.FrameworkMethod$1.runReflectiveCall(FrameworkMethod.java:50) [junit-4.12.jar:4.12]
	at org.junit.internal.runners.model.ReflectiveCallable.run(ReflectiveCallable.java:12) [junit-4.12.jar:4.12]
	at org.junit.runners.model.FrameworkMethod.invokeExplosively(FrameworkMethod.java:47) [junit-4.12.jar:4.12]
	at org.junit.internal.runners.statements.InvokeMethod.evaluate(InvokeMethod.java:17) [junit-4.12.jar:4.12]
	at org.junit.runners.ParentRunner.runLeaf(ParentRunner.java:325) [junit-4.12.jar:4.12]
	at org.junit.runners.BlockJUnit4ClassRunner.runChild(BlockJUnit4ClassRunner.java:78) [junit-4.12.jar:4.12]
	at org.junit.runners.BlockJUnit4ClassRunner.runChild(BlockJUnit4ClassRunner.java:57) [junit-4.12.jar:4.12]
	at org.junit.runners.ParentRunner$3.run(ParentRunner.java:290) [junit-4.12.jar:4.12]
	at org.junit.runners.ParentRunner$1.schedule(ParentRunner.java:71) [junit-4.12.jar:4.12]
	at org.junit.runners.ParentRunner.runChildren(ParentRunner.java:288) [junit-4.12.jar:4.12]
	at org.junit.runners.ParentRunner.access$000(ParentRunner.java:58) [junit-4.12.jar:4.12]
	at org.junit.runners.ParentRunner$2.evaluate(ParentRunner.java:268) [junit-4.12.jar:4.12]
	at org.junit.runners.ParentRunner.run(ParentRunner.java:363) [junit-4.12.jar:4.12]
	at org.apache.maven.surefire.junit4.JUnit4Provider.execute(JUnit4Provider.java:367) [surefire-junit4-2.19.1.jar:2.19.1]
	at org.apache.maven.surefire.junit4.JUnit4Provider.executeWithRerun(JUnit4Provider.java:274) [surefire-junit4-2.19.1.jar:2.19.1]
	at org.apache.maven.surefire.junit4.JUnit4Provider.executeTestSet(JUnit4Provider.java:238) [surefire-junit4-2.19.1.jar:2.19.1]
	at org.apache.maven.surefire.junit4.JUnit4Provider.invoke(JUnit4Provider.java:161) [surefire-junit4-2.19.1.jar:2.19.1]
	at org.apache.maven.surefire.booter.ForkedBooter.invokeProviderInSameClassLoader(ForkedBooter.java:290) [surefire-booter-2.19.1.jar:2.19.1]
	at org.apache.maven.surefire.booter.ForkedBooter.runSuitesInProcess(ForkedBooter.java:242) [surefire-booter-2.19.1.jar:2.19.1]
	at org.apache.maven.surefire.booter.ForkedBooter.main(ForkedBooter.java:121) [surefire-booter-2.19.1.jar:2.19.1]
22:46:35.725 [main] [DEBUG] de.picturesafe.search.expression.KeywordExpressionTest - Testing comparison: LE
22:46:35.725 [main] [DEBUG] de.picturesafe.search.expression.KeywordExpressionTest - Caught expected exception
java.lang.IllegalArgumentException: Unsupported comparison for keyword expressions: LE
	at org.apache.commons.lang3.Validate.isTrue(Validate.java:158) ~[classes/:?]
	at de.picturesafe.search.expression.KeywordExpression.validateComparison(KeywordExpression.java:72) ~[classes/:?]
	at de.picturesafe.search.expression.KeywordExpression.<init>(KeywordExpression.java:68) ~[classes/:?]
	at de.picturesafe.search.expression.KeywordExpressionTest.lambda$testNotAllowedComparisons$1(KeywordExpressionTest.java:51) ~[test-classes/:?]
	at java.lang.Iterable.forEach(Iterable.java:75) [?:1.8.0_262]
	at de.picturesafe.search.expression.KeywordExpressionTest.testNotAllowedComparisons(KeywordExpressionTest.java:48) [test-classes/:?]
	at sun.reflect.NativeMethodAccessorImpl.invoke0(Native Method) ~[?:1.8.0_262]
	at sun.reflect.NativeMethodAccessorImpl.invoke(NativeMethodAccessorImpl.java:62) ~[?:1.8.0_262]
	at sun.reflect.DelegatingMethodAccessorImpl.invoke(DelegatingMethodAccessorImpl.java:43) ~[?:1.8.0_262]
	at java.lang.reflect.Method.invoke(Method.java:498) ~[?:1.8.0_262]
	at org.junit.runners.model.FrameworkMethod$1.runReflectiveCall(FrameworkMethod.java:50) [junit-4.12.jar:4.12]
	at org.junit.internal.runners.model.ReflectiveCallable.run(ReflectiveCallable.java:12) [junit-4.12.jar:4.12]
	at org.junit.runners.model.FrameworkMethod.invokeExplosively(FrameworkMethod.java:47) [junit-4.12.jar:4.12]
	at org.junit.internal.runners.statements.InvokeMethod.evaluate(InvokeMethod.java:17) [junit-4.12.jar:4.12]
	at org.junit.runners.ParentRunner.runLeaf(ParentRunner.java:325) [junit-4.12.jar:4.12]
	at org.junit.runners.BlockJUnit4ClassRunner.runChild(BlockJUnit4ClassRunner.java:78) [junit-4.12.jar:4.12]
	at org.junit.runners.BlockJUnit4ClassRunner.runChild(BlockJUnit4ClassRunner.java:57) [junit-4.12.jar:4.12]
	at org.junit.runners.ParentRunner$3.run(ParentRunner.java:290) [junit-4.12.jar:4.12]
	at org.junit.runners.ParentRunner$1.schedule(ParentRunner.java:71) [junit-4.12.jar:4.12]
	at org.junit.runners.ParentRunner.runChildren(ParentRunner.java:288) [junit-4.12.jar:4.12]
	at org.junit.runners.ParentRunner.access$000(ParentRunner.java:58) [junit-4.12.jar:4.12]
	at org.junit.runners.ParentRunner$2.evaluate(ParentRunner.java:268) [junit-4.12.jar:4.12]
	at org.junit.runners.ParentRunner.run(ParentRunner.java:363) [junit-4.12.jar:4.12]
	at org.apache.maven.surefire.junit4.JUnit4Provider.execute(JUnit4Provider.java:367) [surefire-junit4-2.19.1.jar:2.19.1]
	at org.apache.maven.surefire.junit4.JUnit4Provider.executeWithRerun(JUnit4Provider.java:274) [surefire-junit4-2.19.1.jar:2.19.1]
	at org.apache.maven.surefire.junit4.JUnit4Provider.executeTestSet(JUnit4Provider.java:238) [surefire-junit4-2.19.1.jar:2.19.1]
	at org.apache.maven.surefire.junit4.JUnit4Provider.invoke(JUnit4Provider.java:161) [surefire-junit4-2.19.1.jar:2.19.1]
	at org.apache.maven.surefire.booter.ForkedBooter.invokeProviderInSameClassLoader(ForkedBooter.java:290) [surefire-booter-2.19.1.jar:2.19.1]
	at org.apache.maven.surefire.booter.ForkedBooter.runSuitesInProcess(ForkedBooter.java:242) [surefire-booter-2.19.1.jar:2.19.1]
	at org.apache.maven.surefire.booter.ForkedBooter.main(ForkedBooter.java:121) [surefire-booter-2.19.1.jar:2.19.1]
22:46:35.725 [main] [DEBUG] de.picturesafe.search.expression.KeywordExpressionTest - Testing comparison: BETWEEN
22:46:35.726 [main] [DEBUG] de.picturesafe.search.expression.KeywordExpressionTest - Caught expected exception
java.lang.IllegalArgumentException: Unsupported comparison for keyword expressions: BETWEEN
	at org.apache.commons.lang3.Validate.isTrue(Validate.java:158) ~[classes/:?]
	at de.picturesafe.search.expression.KeywordExpression.validateComparison(KeywordExpression.java:72) ~[classes/:?]
	at de.picturesafe.search.expression.KeywordExpression.<init>(KeywordExpression.java:68) ~[classes/:?]
	at de.picturesafe.search.expression.KeywordExpressionTest.lambda$testNotAllowedComparisons$1(KeywordExpressionTest.java:51) ~[test-classes/:?]
	at java.lang.Iterable.forEach(Iterable.java:75) [?:1.8.0_262]
	at de.picturesafe.search.expression.KeywordExpressionTest.testNotAllowedComparisons(KeywordExpressionTest.java:48) [test-classes/:?]
	at sun.reflect.NativeMethodAccessorImpl.invoke0(Native Method) ~[?:1.8.0_262]
	at sun.reflect.NativeMethodAccessorImpl.invoke(NativeMethodAccessorImpl.java:62) ~[?:1.8.0_262]
	at sun.reflect.DelegatingMethodAccessorImpl.invoke(DelegatingMethodAccessorImpl.java:43) ~[?:1.8.0_262]
	at java.lang.reflect.Method.invoke(Method.java:498) ~[?:1.8.0_262]
	at org.junit.runners.model.FrameworkMethod$1.runReflectiveCall(FrameworkMethod.java:50) [junit-4.12.jar:4.12]
	at org.junit.internal.runners.model.ReflectiveCallable.run(ReflectiveCallable.java:12) [junit-4.12.jar:4.12]
	at org.junit.runners.model.FrameworkMethod.invokeExplosively(FrameworkMethod.java:47) [junit-4.12.jar:4.12]
	at org.junit.internal.runners.statements.InvokeMethod.evaluate(InvokeMethod.java:17) [junit-4.12.jar:4.12]
	at org.junit.runners.ParentRunner.runLeaf(ParentRunner.java:325) [junit-4.12.jar:4.12]
	at org.junit.runners.BlockJUnit4ClassRunner.runChild(BlockJUnit4ClassRunner.java:78) [junit-4.12.jar:4.12]
	at org.junit.runners.BlockJUnit4ClassRunner.runChild(BlockJUnit4ClassRunner.java:57) [junit-4.12.jar:4.12]
	at org.junit.runners.ParentRunner$3.run(ParentRunner.java:290) [junit-4.12.jar:4.12]
	at org.junit.runners.ParentRunner$1.schedule(ParentRunner.java:71) [junit-4.12.jar:4.12]
	at org.junit.runners.ParentRunner.runChildren(ParentRunner.java:288) [junit-4.12.jar:4.12]
	at org.junit.runners.ParentRunner.access$000(ParentRunner.java:58) [junit-4.12.jar:4.12]
	at org.junit.runners.ParentRunner$2.evaluate(ParentRunner.java:268) [junit-4.12.jar:4.12]
	at org.junit.runners.ParentRunner.run(ParentRunner.java:363) [junit-4.12.jar:4.12]
	at org.apache.maven.surefire.junit4.JUnit4Provider.execute(JUnit4Provider.java:367) [surefire-junit4-2.19.1.jar:2.19.1]
	at org.apache.maven.surefire.junit4.JUnit4Provider.executeWithRerun(JUnit4Provider.java:274) [surefire-junit4-2.19.1.jar:2.19.1]
	at org.apache.maven.surefire.junit4.JUnit4Provider.executeTestSet(JUnit4Provider.java:238) [surefire-junit4-2.19.1.jar:2.19.1]
	at org.apache.maven.surefire.junit4.JUnit4Provider.invoke(JUnit4Provider.java:161) [surefire-junit4-2.19.1.jar:2.19.1]
	at org.apache.maven.surefire.booter.ForkedBooter.invokeProviderInSameClassLoader(ForkedBooter.java:290) [surefire-booter-2.19.1.jar:2.19.1]
	at org.apache.maven.surefire.booter.ForkedBooter.runSuitesInProcess(ForkedBooter.java:242) [surefire-booter-2.19.1.jar:2.19.1]
	at org.apache.maven.surefire.booter.ForkedBooter.main(ForkedBooter.java:121) [surefire-booter-2.19.1.jar:2.19.1]
22:46:35.726 [main] [DEBUG] de.picturesafe.search.expression.KeywordExpressionTest - Testing comparison: EQ
22:46:35.726 [main] [DEBUG] de.picturesafe.search.expression.KeywordExpressionTest - Testing comparison: NOT_EQ
22:46:35.727 [main] [DEBUG] de.picturesafe.search.expression.KeywordExpressionTest - Testing comparison: TERM_STARTS_WITH
22:46:35.727 [main] [DEBUG] de.picturesafe.search.expression.KeywordExpressionTest - Testing comparison: TERM_ENDS_WITH
22:46:35.727 [main] [DEBUG] de.picturesafe.search.expression.KeywordExpressionTest - Testing comparison: TERM_WILDCARD
Tests run: 2, Failures: 0, Errors: 0, Skipped: 0, Time elapsed: 0.046 sec - in de.picturesafe.search.expression.KeywordExpressionTest
Running de.picturesafe.search.expression.InExpressionTest
Tests run: 1, Failures: 0, Errors: 0, Skipped: 0, Time elapsed: 0 sec - in de.picturesafe.search.expression.InExpressionTest
Running de.picturesafe.search.expression.MustNotExpressionTest
Tests run: 1, Failures: 0, Errors: 0, Skipped: 0, Time elapsed: 0 sec - in de.picturesafe.search.expression.MustNotExpressionTest
Running de.picturesafe.search.expression.RangeValueExpressionTest
Tests run: 2, Failures: 0, Errors: 0, Skipped: 0, Time elapsed: 0 sec - in de.picturesafe.search.expression.RangeValueExpressionTest
Running de.picturesafe.search.expression.OperationExpressionTest
Tests run: 7, Failures: 0, Errors: 0, Skipped: 0, Time elapsed: 0 sec - in de.picturesafe.search.expression.OperationExpressionTest
Running de.picturesafe.search.expression.DayExpressionTest
22:46:35.740 [main] [DEBUG] de.picturesafe.search.expression.KeywordExpressionTest - Testing comparison: LIKE
22:46:35.741 [main] [DEBUG] de.picturesafe.search.expression.KeywordExpressionTest - Caught expected exception
java.lang.IllegalArgumentException: Unsupported comparison for day expressions: LIKE
	at org.apache.commons.lang3.Validate.isTrue(Validate.java:158) ~[classes/:?]
	at de.picturesafe.search.expression.DayExpression.validateComparison(DayExpression.java:70) ~[classes/:?]
	at de.picturesafe.search.expression.DayExpression.<init>(DayExpression.java:65) ~[classes/:?]
	at de.picturesafe.search.expression.DayExpressionTest.lambda$testNotAllowedComparisons$1(DayExpressionTest.java:57) ~[test-classes/:?]
	at java.lang.Iterable.forEach(Iterable.java:75) [?:1.8.0_262]
	at de.picturesafe.search.expression.DayExpressionTest.testNotAllowedComparisons(DayExpressionTest.java:54) [test-classes/:?]
	at sun.reflect.NativeMethodAccessorImpl.invoke0(Native Method) ~[?:1.8.0_262]
	at sun.reflect.NativeMethodAccessorImpl.invoke(NativeMethodAccessorImpl.java:62) ~[?:1.8.0_262]
	at sun.reflect.DelegatingMethodAccessorImpl.invoke(DelegatingMethodAccessorImpl.java:43) ~[?:1.8.0_262]
	at java.lang.reflect.Method.invoke(Method.java:498) ~[?:1.8.0_262]
	at org.junit.runners.model.FrameworkMethod$1.runReflectiveCall(FrameworkMethod.java:50) [junit-4.12.jar:4.12]
	at org.junit.internal.runners.model.ReflectiveCallable.run(ReflectiveCallable.java:12) [junit-4.12.jar:4.12]
	at org.junit.runners.model.FrameworkMethod.invokeExplosively(FrameworkMethod.java:47) [junit-4.12.jar:4.12]
	at org.junit.internal.runners.statements.InvokeMethod.evaluate(InvokeMethod.java:17) [junit-4.12.jar:4.12]
	at org.junit.runners.ParentRunner.runLeaf(ParentRunner.java:325) [junit-4.12.jar:4.12]
	at org.junit.runners.BlockJUnit4ClassRunner.runChild(BlockJUnit4ClassRunner.java:78) [junit-4.12.jar:4.12]
	at org.junit.runners.BlockJUnit4ClassRunner.runChild(BlockJUnit4ClassRunner.java:57) [junit-4.12.jar:4.12]
	at org.junit.runners.ParentRunner$3.run(ParentRunner.java:290) [junit-4.12.jar:4.12]
	at org.junit.runners.ParentRunner$1.schedule(ParentRunner.java:71) [junit-4.12.jar:4.12]
	at org.junit.runners.ParentRunner.runChildren(ParentRunner.java:288) [junit-4.12.jar:4.12]
	at org.junit.runners.ParentRunner.access$000(ParentRunner.java:58) [junit-4.12.jar:4.12]
	at org.junit.runners.ParentRunner$2.evaluate(ParentRunner.java:268) [junit-4.12.jar:4.12]
	at org.junit.runners.ParentRunner.run(ParentRunner.java:363) [junit-4.12.jar:4.12]
	at org.apache.maven.surefire.junit4.JUnit4Provider.execute(JUnit4Provider.java:367) [surefire-junit4-2.19.1.jar:2.19.1]
	at org.apache.maven.surefire.junit4.JUnit4Provider.executeWithRerun(JUnit4Provider.java:274) [surefire-junit4-2.19.1.jar:2.19.1]
	at org.apache.maven.surefire.junit4.JUnit4Provider.executeTestSet(JUnit4Provider.java:238) [surefire-junit4-2.19.1.jar:2.19.1]
	at org.apache.maven.surefire.junit4.JUnit4Provider.invoke(JUnit4Provider.java:161) [surefire-junit4-2.19.1.jar:2.19.1]
	at org.apache.maven.surefire.booter.ForkedBooter.invokeProviderInSameClassLoader(ForkedBooter.java:290) [surefire-booter-2.19.1.jar:2.19.1]
	at org.apache.maven.surefire.booter.ForkedBooter.runSuitesInProcess(ForkedBooter.java:242) [surefire-booter-2.19.1.jar:2.19.1]
	at org.apache.maven.surefire.booter.ForkedBooter.main(ForkedBooter.java:121) [surefire-booter-2.19.1.jar:2.19.1]
22:46:35.741 [main] [DEBUG] de.picturesafe.search.expression.KeywordExpressionTest - Testing comparison: NOT_LIKE
22:46:35.742 [main] [DEBUG] de.picturesafe.search.expression.KeywordExpressionTest - Caught expected exception
java.lang.IllegalArgumentException: Unsupported comparison for day expressions: NOT_LIKE
	at org.apache.commons.lang3.Validate.isTrue(Validate.java:158) ~[classes/:?]
	at de.picturesafe.search.expression.DayExpression.validateComparison(DayExpression.java:70) ~[classes/:?]
	at de.picturesafe.search.expression.DayExpression.<init>(DayExpression.java:65) ~[classes/:?]
	at de.picturesafe.search.expression.DayExpressionTest.lambda$testNotAllowedComparisons$1(DayExpressionTest.java:57) ~[test-classes/:?]
	at java.lang.Iterable.forEach(Iterable.java:75) [?:1.8.0_262]
	at de.picturesafe.search.expression.DayExpressionTest.testNotAllowedComparisons(DayExpressionTest.java:54) [test-classes/:?]
	at sun.reflect.NativeMethodAccessorImpl.invoke0(Native Method) ~[?:1.8.0_262]
	at sun.reflect.NativeMethodAccessorImpl.invoke(NativeMethodAccessorImpl.java:62) ~[?:1.8.0_262]
	at sun.reflect.DelegatingMethodAccessorImpl.invoke(DelegatingMethodAccessorImpl.java:43) ~[?:1.8.0_262]
	at java.lang.reflect.Method.invoke(Method.java:498) ~[?:1.8.0_262]
	at org.junit.runners.model.FrameworkMethod$1.runReflectiveCall(FrameworkMethod.java:50) [junit-4.12.jar:4.12]
	at org.junit.internal.runners.model.ReflectiveCallable.run(ReflectiveCallable.java:12) [junit-4.12.jar:4.12]
	at org.junit.runners.model.FrameworkMethod.invokeExplosively(FrameworkMethod.java:47) [junit-4.12.jar:4.12]
	at org.junit.internal.runners.statements.InvokeMethod.evaluate(InvokeMethod.java:17) [junit-4.12.jar:4.12]
	at org.junit.runners.ParentRunner.runLeaf(ParentRunner.java:325) [junit-4.12.jar:4.12]
	at org.junit.runners.BlockJUnit4ClassRunner.runChild(BlockJUnit4ClassRunner.java:78) [junit-4.12.jar:4.12]
	at org.junit.runners.BlockJUnit4ClassRunner.runChild(BlockJUnit4ClassRunner.java:57) [junit-4.12.jar:4.12]
	at org.junit.runners.ParentRunner$3.run(ParentRunner.java:290) [junit-4.12.jar:4.12]
	at org.junit.runners.ParentRunner$1.schedule(ParentRunner.java:71) [junit-4.12.jar:4.12]
	at org.junit.runners.ParentRunner.runChildren(ParentRunner.java:288) [junit-4.12.jar:4.12]
	at org.junit.runners.ParentRunner.access$000(ParentRunner.java:58) [junit-4.12.jar:4.12]
	at org.junit.runners.ParentRunner$2.evaluate(ParentRunner.java:268) [junit-4.12.jar:4.12]
	at org.junit.runners.ParentRunner.run(ParentRunner.java:363) [junit-4.12.jar:4.12]
	at org.apache.maven.surefire.junit4.JUnit4Provider.execute(JUnit4Provider.java:367) [surefire-junit4-2.19.1.jar:2.19.1]
	at org.apache.maven.surefire.junit4.JUnit4Provider.executeWithRerun(JUnit4Provider.java:274) [surefire-junit4-2.19.1.jar:2.19.1]
	at org.apache.maven.surefire.junit4.JUnit4Provider.executeTestSet(JUnit4Provider.java:238) [surefire-junit4-2.19.1.jar:2.19.1]
	at org.apache.maven.surefire.junit4.JUnit4Provider.invoke(JUnit4Provider.java:161) [surefire-junit4-2.19.1.jar:2.19.1]
	at org.apache.maven.surefire.booter.ForkedBooter.invokeProviderInSameClassLoader(ForkedBooter.java:290) [surefire-booter-2.19.1.jar:2.19.1]
	at org.apache.maven.surefire.booter.ForkedBooter.runSuitesInProcess(ForkedBooter.java:242) [surefire-booter-2.19.1.jar:2.19.1]
	at org.apache.maven.surefire.booter.ForkedBooter.main(ForkedBooter.java:121) [surefire-booter-2.19.1.jar:2.19.1]
22:46:35.742 [main] [DEBUG] de.picturesafe.search.expression.KeywordExpressionTest - Testing comparison: BETWEEN
22:46:35.742 [main] [DEBUG] de.picturesafe.search.expression.KeywordExpressionTest - Caught expected exception
java.lang.IllegalArgumentException: Unsupported comparison for day expressions: BETWEEN
	at org.apache.commons.lang3.Validate.isTrue(Validate.java:158) ~[classes/:?]
	at de.picturesafe.search.expression.DayExpression.validateComparison(DayExpression.java:70) ~[classes/:?]
	at de.picturesafe.search.expression.DayExpression.<init>(DayExpression.java:65) ~[classes/:?]
	at de.picturesafe.search.expression.DayExpressionTest.lambda$testNotAllowedComparisons$1(DayExpressionTest.java:57) ~[test-classes/:?]
	at java.lang.Iterable.forEach(Iterable.java:75) [?:1.8.0_262]
	at de.picturesafe.search.expression.DayExpressionTest.testNotAllowedComparisons(DayExpressionTest.java:54) [test-classes/:?]
	at sun.reflect.NativeMethodAccessorImpl.invoke0(Native Method) ~[?:1.8.0_262]
	at sun.reflect.NativeMethodAccessorImpl.invoke(NativeMethodAccessorImpl.java:62) ~[?:1.8.0_262]
	at sun.reflect.DelegatingMethodAccessorImpl.invoke(DelegatingMethodAccessorImpl.java:43) ~[?:1.8.0_262]
	at java.lang.reflect.Method.invoke(Method.java:498) ~[?:1.8.0_262]
	at org.junit.runners.model.FrameworkMethod$1.runReflectiveCall(FrameworkMethod.java:50) [junit-4.12.jar:4.12]
	at org.junit.internal.runners.model.ReflectiveCallable.run(ReflectiveCallable.java:12) [junit-4.12.jar:4.12]
	at org.junit.runners.model.FrameworkMethod.invokeExplosively(FrameworkMethod.java:47) [junit-4.12.jar:4.12]
	at org.junit.internal.runners.statements.InvokeMethod.evaluate(InvokeMethod.java:17) [junit-4.12.jar:4.12]
	at org.junit.runners.ParentRunner.runLeaf(ParentRunner.java:325) [junit-4.12.jar:4.12]
	at org.junit.runners.BlockJUnit4ClassRunner.runChild(BlockJUnit4ClassRunner.java:78) [junit-4.12.jar:4.12]
	at org.junit.runners.BlockJUnit4ClassRunner.runChild(BlockJUnit4ClassRunner.java:57) [junit-4.12.jar:4.12]
	at org.junit.runners.ParentRunner$3.run(ParentRunner.java:290) [junit-4.12.jar:4.12]
	at org.junit.runners.ParentRunner$1.schedule(ParentRunner.java:71) [junit-4.12.jar:4.12]
	at org.junit.runners.ParentRunner.runChildren(ParentRunner.java:288) [junit-4.12.jar:4.12]
	at org.junit.runners.ParentRunner.access$000(ParentRunner.java:58) [junit-4.12.jar:4.12]
	at org.junit.runners.ParentRunner$2.evaluate(ParentRunner.java:268) [junit-4.12.jar:4.12]
	at org.junit.runners.ParentRunner.run(ParentRunner.java:363) [junit-4.12.jar:4.12]
	at org.apache.maven.surefire.junit4.JUnit4Provider.execute(JUnit4Provider.java:367) [surefire-junit4-2.19.1.jar:2.19.1]
	at org.apache.maven.surefire.junit4.JUnit4Provider.executeWithRerun(JUnit4Provider.java:274) [surefire-junit4-2.19.1.jar:2.19.1]
	at org.apache.maven.surefire.junit4.JUnit4Provider.executeTestSet(JUnit4Provider.java:238) [surefire-junit4-2.19.1.jar:2.19.1]
	at org.apache.maven.surefire.junit4.JUnit4Provider.invoke(JUnit4Provider.java:161) [surefire-junit4-2.19.1.jar:2.19.1]
	at org.apache.maven.surefire.booter.ForkedBooter.invokeProviderInSameClassLoader(ForkedBooter.java:290) [surefire-booter-2.19.1.jar:2.19.1]
	at org.apache.maven.surefire.booter.ForkedBooter.runSuitesInProcess(ForkedBooter.java:242) [surefire-booter-2.19.1.jar:2.19.1]
	at org.apache.maven.surefire.booter.ForkedBooter.main(ForkedBooter.java:121) [surefire-booter-2.19.1.jar:2.19.1]
22:46:35.742 [main] [DEBUG] de.picturesafe.search.expression.KeywordExpressionTest - Testing comparison: TERM_STARTS_WITH
22:46:35.743 [main] [DEBUG] de.picturesafe.search.expression.KeywordExpressionTest - Caught expected exception
java.lang.IllegalArgumentException: Unsupported comparison for day expressions: TERM_STARTS_WITH
	at org.apache.commons.lang3.Validate.isTrue(Validate.java:158) ~[classes/:?]
	at de.picturesafe.search.expression.DayExpression.validateComparison(DayExpression.java:70) ~[classes/:?]
	at de.picturesafe.search.expression.DayExpression.<init>(DayExpression.java:65) ~[classes/:?]
	at de.picturesafe.search.expression.DayExpressionTest.lambda$testNotAllowedComparisons$1(DayExpressionTest.java:57) ~[test-classes/:?]
	at java.lang.Iterable.forEach(Iterable.java:75) [?:1.8.0_262]
	at de.picturesafe.search.expression.DayExpressionTest.testNotAllowedComparisons(DayExpressionTest.java:54) [test-classes/:?]
	at sun.reflect.NativeMethodAccessorImpl.invoke0(Native Method) ~[?:1.8.0_262]
	at sun.reflect.NativeMethodAccessorImpl.invoke(NativeMethodAccessorImpl.java:62) ~[?:1.8.0_262]
	at sun.reflect.DelegatingMethodAccessorImpl.invoke(DelegatingMethodAccessorImpl.java:43) ~[?:1.8.0_262]
	at java.lang.reflect.Method.invoke(Method.java:498) ~[?:1.8.0_262]
	at org.junit.runners.model.FrameworkMethod$1.runReflectiveCall(FrameworkMethod.java:50) [junit-4.12.jar:4.12]
	at org.junit.internal.runners.model.ReflectiveCallable.run(ReflectiveCallable.java:12) [junit-4.12.jar:4.12]
	at org.junit.runners.model.FrameworkMethod.invokeExplosively(FrameworkMethod.java:47) [junit-4.12.jar:4.12]
	at org.junit.internal.runners.statements.InvokeMethod.evaluate(InvokeMethod.java:17) [junit-4.12.jar:4.12]
	at org.junit.runners.ParentRunner.runLeaf(ParentRunner.java:325) [junit-4.12.jar:4.12]
	at org.junit.runners.BlockJUnit4ClassRunner.runChild(BlockJUnit4ClassRunner.java:78) [junit-4.12.jar:4.12]
	at org.junit.runners.BlockJUnit4ClassRunner.runChild(BlockJUnit4ClassRunner.java:57) [junit-4.12.jar:4.12]
	at org.junit.runners.ParentRunner$3.run(ParentRunner.java:290) [junit-4.12.jar:4.12]
	at org.junit.runners.ParentRunner$1.schedule(ParentRunner.java:71) [junit-4.12.jar:4.12]
	at org.junit.runners.ParentRunner.runChildren(ParentRunner.java:288) [junit-4.12.jar:4.12]
	at org.junit.runners.ParentRunner.access$000(ParentRunner.java:58) [junit-4.12.jar:4.12]
	at org.junit.runners.ParentRunner$2.evaluate(ParentRunner.java:268) [junit-4.12.jar:4.12]
	at org.junit.runners.ParentRunner.run(ParentRunner.java:363) [junit-4.12.jar:4.12]
	at org.apache.maven.surefire.junit4.JUnit4Provider.execute(JUnit4Provider.java:367) [surefire-junit4-2.19.1.jar:2.19.1]
	at org.apache.maven.surefire.junit4.JUnit4Provider.executeWithRerun(JUnit4Provider.java:274) [surefire-junit4-2.19.1.jar:2.19.1]
	at org.apache.maven.surefire.junit4.JUnit4Provider.executeTestSet(JUnit4Provider.java:238) [surefire-junit4-2.19.1.jar:2.19.1]
	at org.apache.maven.surefire.junit4.JUnit4Provider.invoke(JUnit4Provider.java:161) [surefire-junit4-2.19.1.jar:2.19.1]
	at org.apache.maven.surefire.booter.ForkedBooter.invokeProviderInSameClassLoader(ForkedBooter.java:290) [surefire-booter-2.19.1.jar:2.19.1]
	at org.apache.maven.surefire.booter.ForkedBooter.runSuitesInProcess(ForkedBooter.java:242) [surefire-booter-2.19.1.jar:2.19.1]
	at org.apache.maven.surefire.booter.ForkedBooter.main(ForkedBooter.java:121) [surefire-booter-2.19.1.jar:2.19.1]
22:46:35.743 [main] [DEBUG] de.picturesafe.search.expression.KeywordExpressionTest - Testing comparison: TERM_ENDS_WITH
22:46:35.743 [main] [DEBUG] de.picturesafe.search.expression.KeywordExpressionTest - Caught expected exception
java.lang.IllegalArgumentException: Unsupported comparison for day expressions: TERM_ENDS_WITH
	at org.apache.commons.lang3.Validate.isTrue(Validate.java:158) ~[classes/:?]
	at de.picturesafe.search.expression.DayExpression.validateComparison(DayExpression.java:70) ~[classes/:?]
	at de.picturesafe.search.expression.DayExpression.<init>(DayExpression.java:65) ~[classes/:?]
	at de.picturesafe.search.expression.DayExpressionTest.lambda$testNotAllowedComparisons$1(DayExpressionTest.java:57) ~[test-classes/:?]
	at java.lang.Iterable.forEach(Iterable.java:75) [?:1.8.0_262]
	at de.picturesafe.search.expression.DayExpressionTest.testNotAllowedComparisons(DayExpressionTest.java:54) [test-classes/:?]
	at sun.reflect.NativeMethodAccessorImpl.invoke0(Native Method) ~[?:1.8.0_262]
	at sun.reflect.NativeMethodAccessorImpl.invoke(NativeMethodAccessorImpl.java:62) ~[?:1.8.0_262]
	at sun.reflect.DelegatingMethodAccessorImpl.invoke(DelegatingMethodAccessorImpl.java:43) ~[?:1.8.0_262]
	at java.lang.reflect.Method.invoke(Method.java:498) ~[?:1.8.0_262]
	at org.junit.runners.model.FrameworkMethod$1.runReflectiveCall(FrameworkMethod.java:50) [junit-4.12.jar:4.12]
	at org.junit.internal.runners.model.ReflectiveCallable.run(ReflectiveCallable.java:12) [junit-4.12.jar:4.12]
	at org.junit.runners.model.FrameworkMethod.invokeExplosively(FrameworkMethod.java:47) [junit-4.12.jar:4.12]
	at org.junit.internal.runners.statements.InvokeMethod.evaluate(InvokeMethod.java:17) [junit-4.12.jar:4.12]
	at org.junit.runners.ParentRunner.runLeaf(ParentRunner.java:325) [junit-4.12.jar:4.12]
	at org.junit.runners.BlockJUnit4ClassRunner.runChild(BlockJUnit4ClassRunner.java:78) [junit-4.12.jar:4.12]
	at org.junit.runners.BlockJUnit4ClassRunner.runChild(BlockJUnit4ClassRunner.java:57) [junit-4.12.jar:4.12]
	at org.junit.runners.ParentRunner$3.run(ParentRunner.java:290) [junit-4.12.jar:4.12]
	at org.junit.runners.ParentRunner$1.schedule(ParentRunner.java:71) [junit-4.12.jar:4.12]
	at org.junit.runners.ParentRunner.runChildren(ParentRunner.java:288) [junit-4.12.jar:4.12]
	at org.junit.runners.ParentRunner.access$000(ParentRunner.java:58) [junit-4.12.jar:4.12]
	at org.junit.runners.ParentRunner$2.evaluate(ParentRunner.java:268) [junit-4.12.jar:4.12]
	at org.junit.runners.ParentRunner.run(ParentRunner.java:363) [junit-4.12.jar:4.12]
	at org.apache.maven.surefire.junit4.JUnit4Provider.execute(JUnit4Provider.java:367) [surefire-junit4-2.19.1.jar:2.19.1]
	at org.apache.maven.surefire.junit4.JUnit4Provider.executeWithRerun(JUnit4Provider.java:274) [surefire-junit4-2.19.1.jar:2.19.1]
	at org.apache.maven.surefire.junit4.JUnit4Provider.executeTestSet(JUnit4Provider.java:238) [surefire-junit4-2.19.1.jar:2.19.1]
	at org.apache.maven.surefire.junit4.JUnit4Provider.invoke(JUnit4Provider.java:161) [surefire-junit4-2.19.1.jar:2.19.1]
	at org.apache.maven.surefire.booter.ForkedBooter.invokeProviderInSameClassLoader(ForkedBooter.java:290) [surefire-booter-2.19.1.jar:2.19.1]
	at org.apache.maven.surefire.booter.ForkedBooter.runSuitesInProcess(ForkedBooter.java:242) [surefire-booter-2.19.1.jar:2.19.1]
	at org.apache.maven.surefire.booter.ForkedBooter.main(ForkedBooter.java:121) [surefire-booter-2.19.1.jar:2.19.1]
22:46:35.743 [main] [DEBUG] de.picturesafe.search.expression.KeywordExpressionTest - Testing comparison: TERM_WILDCARD
22:46:35.743 [main] [DEBUG] de.picturesafe.search.expression.KeywordExpressionTest - Caught expected exception
java.lang.IllegalArgumentException: Unsupported comparison for day expressions: TERM_WILDCARD
	at org.apache.commons.lang3.Validate.isTrue(Validate.java:158) ~[classes/:?]
	at de.picturesafe.search.expression.DayExpression.validateComparison(DayExpression.java:70) ~[classes/:?]
	at de.picturesafe.search.expression.DayExpression.<init>(DayExpression.java:65) ~[classes/:?]
	at de.picturesafe.search.expression.DayExpressionTest.lambda$testNotAllowedComparisons$1(DayExpressionTest.java:57) ~[test-classes/:?]
	at java.lang.Iterable.forEach(Iterable.java:75) [?:1.8.0_262]
	at de.picturesafe.search.expression.DayExpressionTest.testNotAllowedComparisons(DayExpressionTest.java:54) [test-classes/:?]
	at sun.reflect.NativeMethodAccessorImpl.invoke0(Native Method) ~[?:1.8.0_262]
	at sun.reflect.NativeMethodAccessorImpl.invoke(NativeMethodAccessorImpl.java:62) ~[?:1.8.0_262]
	at sun.reflect.DelegatingMethodAccessorImpl.invoke(DelegatingMethodAccessorImpl.java:43) ~[?:1.8.0_262]
	at java.lang.reflect.Method.invoke(Method.java:498) ~[?:1.8.0_262]
	at org.junit.runners.model.FrameworkMethod$1.runReflectiveCall(FrameworkMethod.java:50) [junit-4.12.jar:4.12]
	at org.junit.internal.runners.model.ReflectiveCallable.run(ReflectiveCallable.java:12) [junit-4.12.jar:4.12]
	at org.junit.runners.model.FrameworkMethod.invokeExplosively(FrameworkMethod.java:47) [junit-4.12.jar:4.12]
	at org.junit.internal.runners.statements.InvokeMethod.evaluate(InvokeMethod.java:17) [junit-4.12.jar:4.12]
	at org.junit.runners.ParentRunner.runLeaf(ParentRunner.java:325) [junit-4.12.jar:4.12]
	at org.junit.runners.BlockJUnit4ClassRunner.runChild(BlockJUnit4ClassRunner.java:78) [junit-4.12.jar:4.12]
	at org.junit.runners.BlockJUnit4ClassRunner.runChild(BlockJUnit4ClassRunner.java:57) [junit-4.12.jar:4.12]
	at org.junit.runners.ParentRunner$3.run(ParentRunner.java:290) [junit-4.12.jar:4.12]
	at org.junit.runners.ParentRunner$1.schedule(ParentRunner.java:71) [junit-4.12.jar:4.12]
	at org.junit.runners.ParentRunner.runChildren(ParentRunner.java:288) [junit-4.12.jar:4.12]
	at org.junit.runners.ParentRunner.access$000(ParentRunner.java:58) [junit-4.12.jar:4.12]
	at org.junit.runners.ParentRunner$2.evaluate(ParentRunner.java:268) [junit-4.12.jar:4.12]
	at org.junit.runners.ParentRunner.run(ParentRunner.java:363) [junit-4.12.jar:4.12]
	at org.apache.maven.surefire.junit4.JUnit4Provider.execute(JUnit4Provider.java:367) [surefire-junit4-2.19.1.jar:2.19.1]
	at org.apache.maven.surefire.junit4.JUnit4Provider.executeWithRerun(JUnit4Provider.java:274) [surefire-junit4-2.19.1.jar:2.19.1]
	at org.apache.maven.surefire.junit4.JUnit4Provider.executeTestSet(JUnit4Provider.java:238) [surefire-junit4-2.19.1.jar:2.19.1]
	at org.apache.maven.surefire.junit4.JUnit4Provider.invoke(JUnit4Provider.java:161) [surefire-junit4-2.19.1.jar:2.19.1]
	at org.apache.maven.surefire.booter.ForkedBooter.invokeProviderInSameClassLoader(ForkedBooter.java:290) [surefire-booter-2.19.1.jar:2.19.1]
	at org.apache.maven.surefire.booter.ForkedBooter.runSuitesInProcess(ForkedBooter.java:242) [surefire-booter-2.19.1.jar:2.19.1]
	at org.apache.maven.surefire.booter.ForkedBooter.main(ForkedBooter.java:121) [surefire-booter-2.19.1.jar:2.19.1]
22:46:35.744 [main] [DEBUG] de.picturesafe.search.expression.KeywordExpressionTest - Testing comparison: EQ
22:46:35.744 [main] [DEBUG] de.picturesafe.search.expression.KeywordExpressionTest - Testing comparison: NOT_EQ
22:46:35.745 [main] [DEBUG] de.picturesafe.search.expression.KeywordExpressionTest - Testing comparison: GT
22:46:35.745 [main] [DEBUG] de.picturesafe.search.expression.KeywordExpressionTest - Testing comparison: GE
22:46:35.745 [main] [DEBUG] de.picturesafe.search.expression.KeywordExpressionTest - Testing comparison: LT
22:46:35.745 [main] [DEBUG] de.picturesafe.search.expression.KeywordExpressionTest - Testing comparison: LE
Tests run: 2, Failures: 0, Errors: 0, Skipped: 0, Time elapsed: 0.032 sec - in de.picturesafe.search.expression.DayExpressionTest

Results :

Tests in error: 
  JarHellTest.checkJarHell:26 » IllegalState jar hell!
class: org.apache.commons...

Tests run: 89, Failures: 0, Errors: 1, Skipped: 0

[ERROR] There are test failures.

Please refer to /tmp/tmp2r6khhln/picturesafe-search/target/surefire-reports for the individual test results.
[INFO] 
[INFO] --- jacoco-maven-plugin:0.8.5:report (report) @ picturesafe-search ---
[INFO] Loading execution data file /tmp/tmp2r6khhln/picturesafe-search/target/jacoco.exec
[INFO] Analyzed bundle 'picturesafe-search' with 407 classes
[INFO] ------------------------------------------------------------------------
[INFO] BUILD SUCCESS
[INFO] ------------------------------------------------------------------------
[INFO] Total time:  37.294 s
[INFO] Finished at: 2020-07-30T20:46:37Z
[INFO] ------------------------------------------------------------------------
