[INFO] Error stacktraces are turned on.
[INFO] Scanning for projects...
[INFO] 
[INFO] -----------< com.jeklsoft.cassandraclient:cassandra-client >------------
[INFO] Building cassandra-client 1.0-SNAPSHOT
[INFO] --------------------------------[ jar ]---------------------------------
[INFO] 
[INFO] --- jacoco-maven-plugin:0.8.5:prepare-agent (default) @ cassandra-client ---
[INFO] argLine set to -javaagent:/home/jdbl/.m2/repository/org/jacoco/org.jacoco.agent/0.8.5/org.jacoco.agent-0.8.5-runtime.jar=destfile=/tmp/tmppubaifa5/Cassandra-Client-Tutorial/target/jacoco.exec
[INFO] 
[INFO] --- maven-resources-plugin:2.6:resources (default-resources) @ cassandra-client ---
[WARNING] Using platform encoding (UTF-8 actually) to copy filtered resources, i.e. build is platform dependent!
[INFO] skip non existing resourceDirectory /tmp/tmppubaifa5/Cassandra-Client-Tutorial/src/main/resources
[INFO] 
[INFO] --- maven-compiler-plugin:2.3.2:compile (default-compile) @ cassandra-client ---
[WARNING] File encoding has not been set, using platform encoding UTF-8, i.e. build is platform dependent!
[INFO] Compiling 15 source files to /tmp/tmppubaifa5/Cassandra-Client-Tutorial/target/classes
[INFO] 
[INFO] --- maven-resources-plugin:2.6:testResources (default-testResources) @ cassandra-client ---
[WARNING] Using platform encoding (UTF-8 actually) to copy filtered resources, i.e. build is platform dependent!
[INFO] Copying 2 resources
[INFO] 
[INFO] --- maven-compiler-plugin:2.3.2:testCompile (default-testCompile) @ cassandra-client ---
[WARNING] File encoding has not been set, using platform encoding UTF-8, i.e. build is platform dependent!
[INFO] Compiling 15 source files to /tmp/tmppubaifa5/Cassandra-Client-Tutorial/target/test-classes
[INFO] 
[INFO] --- maven-surefire-plugin:2.19.1:test (default-test) @ cassandra-client ---
[INFO] Surefire report directory: /tmp/tmppubaifa5/Cassandra-Client-Tutorial/target/surefire-reports

-------------------------------------------------------
 T E S T S
-------------------------------------------------------
Running com.jeklsoft.cassandraclient.TestReadingBuffer
Tests run: 3, Failures: 0, Errors: 0, Skipped: 0, Time elapsed: 0.94 sec - in com.jeklsoft.cassandraclient.TestReadingBuffer
Running com.jeklsoft.cassandraclient.astyanax.TestBigDecimalSerializer
Tests run: 1, Failures: 0, Errors: 0, Skipped: 0, Time elapsed: 0.001 sec - in com.jeklsoft.cassandraclient.astyanax.TestBigDecimalSerializer
Running com.jeklsoft.cassandraclient.astyanax.TestReadingSerializer
Tests run: 1, Failures: 0, Errors: 0, Skipped: 0, Time elapsed: 0.296 sec - in com.jeklsoft.cassandraclient.astyanax.TestReadingSerializer
Running com.jeklsoft.cassandraclient.astyanax.TestAstyanaxProtocolBufferWithStandardColumnExample
 WARN 20:33:36,437 Generated random token 239294383161890885379892552465184093. Random tokens will result in an unbalanced ring; see http://wiki.apache.org/cassandra/Operations
Connected to: "EmbeddedTestCluster" on localhost/9161
8940c2e6-1710-382b-afc9-04b3d0d324cd
Waiting for schema agreement...
... schemas agree across the cluster
Authenticated to keyspace: Climate
9e5b960e-3bed-3ebc-b1ae-bc41c2a9f00b
Waiting for schema agreement...
... schemas agree across the cluster
 INFO 20:33:40,323 Sensor1: com.jeklsoft.cassandraclient.Reading@5a26a14[sensorId=00000000-0000-0000-0000-000000000064,timestamp=2020-07-30T21:33:40.123Z,temperature=23.4,windSpeed=16,direction=W,humidity=17,badAirQualityDetected=false]
 INFO 20:33:40,323 Sensor1: com.jeklsoft.cassandraclient.Reading@5df785d1[sensorId=00000000-0000-0000-0000-000000000064,timestamp=2020-07-30T21:48:40.123Z,temperature=23.5,windSpeed=16,direction=W,humidity=17,badAirQualityDetected=false]
 INFO 20:33:40,324 Sensor1: com.jeklsoft.cassandraclient.Reading@6ce45045[sensorId=00000000-0000-0000-0000-000000000064,timestamp=2020-07-30T22:03:40.123Z,temperature=23.6,windSpeed=16,direction=W,humidity=17,badAirQualityDetected=false]
 INFO 20:33:40,328 Sensor2: com.jeklsoft.cassandraclient.Reading@2ba89cb2[sensorId=00000000-0000-0000-0000-0000000000c8,timestamp=2020-07-30T20:33:40.123Z,temperature=19.5,windSpeed=24,direction=ESE,humidity=17,badAirQualityDetected=false]
 INFO 20:33:40,330 Sensor2: com.jeklsoft.cassandraclient.Reading@4a105d1b[sensorId=00000000-0000-0000-0000-0000000000c8,timestamp=2020-07-30T20:48:40.123Z,temperature=19.4,windSpeed=24,direction=ESE,humidity=17,badAirQualityDetected=false]
 INFO 20:33:40,331 Sensor2: com.jeklsoft.cassandraclient.Reading@4b85a64[sensorId=00000000-0000-0000-0000-0000000000c8,timestamp=2020-07-30T21:03:40.123Z,temperature=19.3,windSpeed=24,direction=ESE,humidity=17,badAirQualityDetected=false]
 INFO 20:33:40,333 Sensor2: com.jeklsoft.cassandraclient.Reading@36c222ef[sensorId=00000000-0000-0000-0000-0000000000c8,timestamp=2020-07-30T21:18:40.123Z,temperature=19.2,windSpeed=24,direction=ESE,humidity=17,badAirQualityDetected=false]
Tests run: 1, Failures: 0, Errors: 0, Skipped: 0, Time elapsed: 6.032 sec - in com.jeklsoft.cassandraclient.astyanax.TestAstyanaxProtocolBufferWithStandardColumnExample
Running com.jeklsoft.cassandraclient.astyanax.TestDateTimeSerializer
Tests run: 1, Failures: 0, Errors: 0, Skipped: 0, Time elapsed: 0.001 sec - in com.jeklsoft.cassandraclient.astyanax.TestDateTimeSerializer
Running com.jeklsoft.cassandraclient.TestEmbeddedCassandra
Tests run: 1, Failures: 0, Errors: 1, Skipped: 0, Time elapsed: 0.052 sec <<< FAILURE! - in com.jeklsoft.cassandraclient.TestEmbeddedCassandra
sunnyDayTest(com.jeklsoft.cassandraclient.TestEmbeddedCassandra)  Time elapsed: 0.052 sec  <<< ERROR!
java.io.IOError: java.io.FileNotFoundException: target/cassandra/data/system/schema_keyspaces/system-schema_keyspaces-he-1-Data.db (No such file or directory)
	at com.jeklsoft.cassandraclient.TestEmbeddedCassandra.sunnyDayTest(TestEmbeddedCassandra.java:51)
Caused by: java.io.FileNotFoundException: target/cassandra/data/system/schema_keyspaces/system-schema_keyspaces-he-1-Data.db (No such file or directory)
	at com.jeklsoft.cassandraclient.TestEmbeddedCassandra.sunnyDayTest(TestEmbeddedCassandra.java:51)

Running com.jeklsoft.cassandraclient.hector.TestHectorProtocolBufferWithStandardColumnExample
Tests run: 1, Failures: 0, Errors: 1, Skipped: 0, Time elapsed: 0.015 sec <<< FAILURE! - in com.jeklsoft.cassandraclient.hector.TestHectorProtocolBufferWithStandardColumnExample
com.jeklsoft.cassandraclient.hector.TestHectorProtocolBufferWithStandardColumnExample  Time elapsed: 0.015 sec  <<< ERROR!
java.io.IOError: java.io.FileNotFoundException: target/cassandra/data/system/schema_keyspaces/system-schema_keyspaces-he-1-Data.db (No such file or directory)
	at com.jeklsoft.cassandraclient.hector.TestHectorProtocolBufferWithStandardColumnExample.configureCassandra(TestHectorProtocolBufferWithStandardColumnExample.java:47)
Caused by: java.io.FileNotFoundException: target/cassandra/data/system/schema_keyspaces/system-schema_keyspaces-he-1-Data.db (No such file or directory)
	at com.jeklsoft.cassandraclient.hector.TestHectorProtocolBufferWithStandardColumnExample.configureCassandra(TestHectorProtocolBufferWithStandardColumnExample.java:47)

Running com.jeklsoft.cassandraclient.hector.TestBigDecimalSerializer
Tests run: 3, Failures: 0, Errors: 0, Skipped: 0, Time elapsed: 0.008 sec - in com.jeklsoft.cassandraclient.hector.TestBigDecimalSerializer
Running com.jeklsoft.cassandraclient.hector.TestExtensibleTypeInferrringSerializer
Tests run: 36, Failures: 0, Errors: 0, Skipped: 0, Time elapsed: 0.027 sec - in com.jeklsoft.cassandraclient.hector.TestExtensibleTypeInferrringSerializer
Running com.jeklsoft.cassandraclient.hector.TestReadingSerializer
Tests run: 3, Failures: 0, Errors: 0, Skipped: 0, Time elapsed: 0 sec - in com.jeklsoft.cassandraclient.hector.TestReadingSerializer
Running com.jeklsoft.cassandraclient.hector.TestDateTimeSerializer
Tests run: 3, Failures: 0, Errors: 0, Skipped: 0, Time elapsed: 0 sec - in com.jeklsoft.cassandraclient.hector.TestDateTimeSerializer
Running com.jeklsoft.cassandraclient.hector.TestExtendedTypeInferringSerializer
Tests run: 16, Failures: 0, Errors: 0, Skipped: 0, Time elapsed: 0.023 sec - in com.jeklsoft.cassandraclient.hector.TestExtendedTypeInferringSerializer
Running com.jeklsoft.cassandraclient.hector.TestHectorHeterogeneousSuperColumnExample
Tests run: 1, Failures: 0, Errors: 1, Skipped: 0, Time elapsed: 0.005 sec <<< FAILURE! - in com.jeklsoft.cassandraclient.hector.TestHectorHeterogeneousSuperColumnExample
com.jeklsoft.cassandraclient.hector.TestHectorHeterogeneousSuperColumnExample  Time elapsed: 0.005 sec  <<< ERROR!
java.io.IOError: java.io.FileNotFoundException: target/cassandra/data/system/schema_keyspaces/system-schema_keyspaces-he-1-Data.db (No such file or directory)
	at com.jeklsoft.cassandraclient.hector.TestHectorHeterogeneousSuperColumnExample.configureCassandra(TestHectorHeterogeneousSuperColumnExample.java:48)
Caused by: java.io.FileNotFoundException: target/cassandra/data/system/schema_keyspaces/system-schema_keyspaces-he-1-Data.db (No such file or directory)
	at com.jeklsoft.cassandraclient.hector.TestHectorHeterogeneousSuperColumnExample.configureCassandra(TestHectorHeterogeneousSuperColumnExample.java:48)


Results :

Tests in error: 
  TestEmbeddedCassandra.sunnyDayTest:51 » IO java.io.FileNotFoundException: targ...
  TestHectorHeterogeneousSuperColumnExample.configureCassandra:48->HectorTest.configureHectorAccessToCassandra:48 » IO
  TestHectorProtocolBufferWithStandardColumnExample.configureCassandra:47->HectorTest.configureHectorAccessToCassandra:48 » IO

Tests run: 71, Failures: 0, Errors: 3, Skipped: 0

[ERROR] There are test failures.

Please refer to /tmp/tmppubaifa5/Cassandra-Client-Tutorial/target/surefire-reports for the individual test results.
[INFO] 
[INFO] --- jacoco-maven-plugin:0.8.5:report (report) @ cassandra-client ---
[INFO] Loading execution data file /tmp/tmppubaifa5/Cassandra-Client-Tutorial/target/jacoco.exec
[INFO] Analyzed bundle 'cassandra-client' with 118 classes
[INFO] ------------------------------------------------------------------------
[INFO] BUILD SUCCESS
[INFO] ------------------------------------------------------------------------
[INFO] Total time:  25.155 s
[INFO] Finished at: 2020-07-30T20:33:43Z
[INFO] ------------------------------------------------------------------------
