[INFO] Error stacktraces are turned on.
[INFO] Scanning for projects...
[INFO] 
[INFO] --------------------------< org.lsc:lsc-core >--------------------------
[INFO] Building LDAP Synchronization Connector 2.2-SNAPSHOT
[INFO] --------------------------------[ jar ]---------------------------------
[WARNING] The POM for org.forgerock.ce.opendj:opendj-server:jar:2.6.2 is missing, no dependency information available
[INFO] 
[INFO] --- jacoco-maven-plugin:0.8.5:prepare-agent (default) @ lsc-core ---
[INFO] argLine set to -javaagent:/home/jdbl/.m2/repository/org/jacoco/org.jacoco.agent/0.8.5/org.jacoco.agent-0.8.5-runtime.jar=destfile=/tmp/tmpmax4mvf5/lsc/target/jacoco.exec
[INFO] 
[INFO] --- maven-jaxb2-plugin:0.14.0:generate (default) @ lsc-core ---
[INFO] Latest timestamp of the source resources is [2020-08-03 11:20:59.000], earliest timestamp of the target resources is [2020-08-03 11:20:42.000].
[INFO] Sources are not up-to-date, XJC will be executed.
[INFO] Episode file [/tmp/tmpmax4mvf5/lsc/lsc.episode] was augmented with if-exists="true" attributes.
[INFO] 
[INFO] --- build-helper-maven-plugin:1.7:add-source (add-source) @ lsc-core ---
[INFO] Source directory: /tmp/tmpmax4mvf5/lsc/src/opendj/java added.
[INFO] 
[INFO] --- build-helper-maven-plugin:1.7:add-resource (add-resource) @ lsc-core ---
[INFO] 
[INFO] --- maven-resources-plugin:2.6:resources (default-resources) @ lsc-core ---
[INFO] Using 'UTF-8' encoding to copy filtered resources.
[INFO] Copying 4 resources
[INFO] Copying 1 resource
[INFO] 
[INFO] --- maven-compiler-plugin:2.3.2:compile (default-compile) @ lsc-core ---
[INFO] Compiling 139 source files to /tmp/tmpmax4mvf5/lsc/target/classes
[INFO] 
[INFO] --- maven-compiler-plugin:2.3.2:compile (default) @ lsc-core ---
[INFO] Nothing to compile - all classes are up to date
[INFO] 
[INFO] --- reflections-maven:0.9.9-RC1:reflections (default) @ lsc-core ---
[INFO] Reflections took 60 ms to scan 1 urls, producing 58 keys and 230 values 
[INFO] Reflections successfully saved in /tmp/tmpmax4mvf5/lsc/target/classes/META-INF/reflections/lsc-core-reflections.xml using XmlSerializer
[INFO] 
[INFO] --- maven-resources-plugin:2.6:testResources (default-testResources) @ lsc-core ---
[INFO] Using 'UTF-8' encoding to copy filtered resources.
[INFO] Copying 38 resources
[INFO] 
[INFO] --- maven-compiler-plugin:2.3.2:testCompile (default-testCompile) @ lsc-core ---
[INFO] Compiling 29 source files to /tmp/tmpmax4mvf5/lsc/target/test-classes
[INFO] 
[INFO] --- maven-antrun-plugin:1.3:run (startLdapServer) @ lsc-core ---
[INFO] Executing tasks

startLdapServer:
     [echo] Starting OpenDJ embedded server from /tmp/tmpmax4mvf5/lsc/target/test-classes
     [java] 11:28:13.917 [main] INFO  org.lsc.Configuration - Logging configuration successfully loaded from /tmp/tmpmax4mvf5/lsc/target/test-classes/etc/logback.xml 
     [java] 11:28:13.918 [main] INFO  org.lsc.Configuration - LSC configuration successfully loaded from /tmp/tmpmax4mvf5/lsc/target/test-classes/etc/
     [java] 11:28:15.828 [main] INFO  org.lsc.opendj.LdapServer - LDIF sample content loaded successfully
     [java] 2451 [main] INFO  org.lsc.opendj.LdapServer - LDIF sample content loaded successfully 
[INFO] Executed tasks
[INFO] 
[INFO] --- maven-surefire-plugin:2.19.1:test (default-test) @ lsc-core ---
[INFO] Surefire report directory: /tmp/tmpmax4mvf5/lsc/target/surefire-reports

-------------------------------------------------------
 T E S T S
-------------------------------------------------------
Running org.lsc.Ldap2LdapSyncTest
11:28:20.058 [main] INFO  org.lsc.Configuration - Logging configuration successfully loaded from /tmp/tmpmax4mvf5/lsc/target/test-classes/etc/logback.xml 
11:28:20.061 [main] INFO  org.lsc.Configuration - LSC configuration successfully loaded from /tmp/tmpmax4mvf5/lsc/target/test-classes/etc/
11:28:20.109 [main] INFO  org.lsc.jndi.JndiServices - Connecting to LDAP server ldap://localhost:33389/dc=lsc-project,dc=org as cn=Directory Manager
11:28:20.307 [main] INFO  org.lsc.jndi.JndiServices - Connecting to LDAP server ldap://localhost:33389/dc=lsc-project,dc=org anonymously
11:28:20.334 [main] WARN  org.lsc.jndi.SimpleJndiSrcService - No clean filter has been specified for task=ldap2ldapTestTask. During the clean phase, LSC wouldn't be able to get the right entries and may delete all destination entries !
11:28:20.339 [main] DEBUG org.lsc.persistence.DaoConfig - Reading sql-map-config.xml from file:/tmp/tmpmax4mvf5/lsc/target/test-classes/etc/sql-map-config.xml
11:28:20.478 [main] WARN  org.lsc.service.AbstractJdbcService - No clean request has been specified for task=db2ldapTestTask. During the clean phase, LSC wouldn't be able to get the right entries and may delete all destination entries !
11:28:20.479 [main] WARN  org.lsc.jndi.SimpleJndiSrcService - No clean filter has been specified for task=ldap2ldapJmxTestTask. During the clean phase, LSC wouldn't be able to get the right entries and may delete all destination entries !
11:28:20.480 [main] WARN  org.lsc.jndi.SimpleJndiSrcService - No clean filter has been specified for task=ldap2ldapBinary2StringTestTask. During the clean phase, LSC wouldn't be able to get the right entries and may delete all destination entries !
11:28:20.481 [main] WARN  org.lsc.jndi.SimpleJndiSrcService - No clean filter has been specified for task=ldap2ldapSamePivotConversionTestTask. During the clean phase, LSC wouldn't be able to get the right entries and may delete all destination entries !
11:28:20.483 [main] DEBUG org.lsc.persistence.DaoConfig - Reading sql-map-config.xml from file:/tmp/tmpmax4mvf5/lsc/target/test-classes/etc/sql-map-config.xml
11:28:20.494 [main] WARN  org.lsc.jndi.SimpleJndiSrcService - No clean filter has been specified for task=ldap2dbTestTask. During the clean phase, LSC wouldn't be able to get the right entries and may delete all destination entries !
11:28:20.496 [main] INFO  lsc.destination - Starting sync for ldap2ldapTestTask
11:28:20.999 [ldap2ldapTestTask-16] DEBUG org.lsc.utils.ScriptingEvaluator - Unsupported scripting engine: Oracle Nashorn
11:28:20.999 [ldap2ldapTestTask-14] DEBUG org.lsc.utils.ScriptingEvaluator - Unsupported scripting engine: Oracle Nashorn
11:28:20.999 [ldap2ldapTestTask-18] DEBUG org.lsc.utils.ScriptingEvaluator - Unsupported scripting engine: Oracle Nashorn
11:28:21.720 [ldap2ldapTestTask-18] DEBUG org.lsc.beans.BeanComparator - In object "cn=CN0003,ou=ldap2ldap2TestTaskDst,ou=Test Data,dc=lsc-project,dc=org":  List of attributes considered for writing in destination: [jpegPhoto, userPassword, telephoneNumber, mail, objectClass, description, cn, sn, seeAlso]
11:28:21.722 [ldap2ldapTestTask-18] DEBUG org.lsc.beans.BeanComparator - In object "cn=CN0003,ou=ldap2ldap2TestTaskDst,ou=Test Data,dc=lsc-project,dc=org":  Attribute "jpegPhoto" is in FORCE status
11:28:21.810 [ldap2ldapTestTask-18] DEBUG org.lsc.beans.BeanComparator - In object "cn=CN0003,ou=ldap2ldap2TestTaskDst,ou=Test Data,dc=lsc-project,dc=org":  Attribute "jpegPhoto" will not be written to the destination
11:28:21.811 [ldap2ldapTestTask-18] DEBUG org.lsc.beans.BeanComparator - In object "cn=CN0003,ou=ldap2ldap2TestTaskDst,ou=Test Data,dc=lsc-project,dc=org":  Attribute "userPassword" is in FORCE status
11:28:21.816 [ldap2ldapTestTask-14] DEBUG org.lsc.beans.BeanComparator - In object "cn=CN0001,ou=ldap2ldap2TestTaskDst,ou=Test Data,dc=lsc-project,dc=org":  List of attributes considered for writing in destination: [jpegPhoto, userPassword, telephoneNumber, mail, objectClass, description, cn, sn, seeAlso]
11:28:21.816 [ldap2ldapTestTask-14] DEBUG org.lsc.beans.BeanComparator - In object "cn=CN0001,ou=ldap2ldap2TestTaskDst,ou=Test Data,dc=lsc-project,dc=org":  Attribute "jpegPhoto" is in FORCE status
11:28:21.822 [ldap2ldapTestTask-16] WARN  org.lsc.jndi.JndiServices - WARNING: updating the RDN of the entry will cancel other modifications! Relaunch synchronization to complete update.
11:28:21.889 [ldap2ldapTestTask-16] INFO  lsc.destination - # Renaming object cn=CommonName0002,ou=ldap2ldap2TestTaskDst,ou=Test Data,dc=lsc-project,dc=org for ldap2ldapTestTask
# Mon Aug 03 11:28:21 UTC 2020
dn: cn=CommonName0002,ou=ldap2ldap2TestTaskDst,ou=Test Data,dc=lsc-project,dc=org
changetype: modrdn
newrdn: cn=CN0002
deleteoldrdn: 1
newsuperior: ou=ldap2ldap2TestTaskDst,ou=Test Data,dc=lsc-project,dc=org

11:28:21.895 [ldap2ldapTestTask-18] DEBUG org.lsc.beans.BeanComparator - In object "cn=CN0003,ou=ldap2ldap2TestTaskDst,ou=Test Data,dc=lsc-project,dc=org":  Adding attribute "userPassword" with values [secretCN0003]
11:28:21.899 [ldap2ldapTestTask-18] DEBUG org.lsc.beans.BeanComparator - In object "cn=CN0003,ou=ldap2ldap2TestTaskDst,ou=Test Data,dc=lsc-project,dc=org":  Attribute "telephoneNumber" is in MERGE status
11:28:21.901 [ldap2ldapTestTask-14] DEBUG org.lsc.beans.BeanComparator - In object "cn=CN0001,ou=ldap2ldap2TestTaskDst,ou=Test Data,dc=lsc-project,dc=org":  Adding attribute "jpegPhoto" with values [[B@7dec9da3]
11:28:21.902 [ldap2ldapTestTask-14] DEBUG org.lsc.beans.BeanComparator - In object "cn=CN0001,ou=ldap2ldap2TestTaskDst,ou=Test Data,dc=lsc-project,dc=org":  Attribute "userPassword" is in FORCE status
11:28:21.923 [ldap2ldapTestTask-14] DEBUG org.lsc.beans.BeanComparator - In object "cn=CN0001,ou=ldap2ldap2TestTaskDst,ou=Test Data,dc=lsc-project,dc=org":  Adding attribute "userPassword" with values [secretCN0001]
11:28:21.923 [ldap2ldapTestTask-14] DEBUG org.lsc.beans.BeanComparator - In object "cn=CN0001,ou=ldap2ldap2TestTaskDst,ou=Test Data,dc=lsc-project,dc=org":  Attribute "telephoneNumber" is in MERGE status
11:28:22.009 [ldap2ldapTestTask-18] DEBUG org.lsc.beans.BeanComparator - In object "cn=CN0003,ou=ldap2ldap2TestTaskDst,ou=Test Data,dc=lsc-project,dc=org":  Adding attribute "telephoneNumber" with values [000000, 11111]
11:28:22.010 [ldap2ldapTestTask-18] DEBUG org.lsc.beans.BeanComparator - In object "cn=CN0003,ou=ldap2ldap2TestTaskDst,ou=Test Data,dc=lsc-project,dc=org":  Attribute "mail" is in FORCE status
11:28:22.029 [ldap2ldapTestTask-18] DEBUG org.lsc.beans.BeanComparator - In object "cn=CN0003,ou=ldap2ldap2TestTaskDst,ou=Test Data,dc=lsc-project,dc=org":  Adding attribute "mail" with values [ok@domain.net]
11:28:22.030 [ldap2ldapTestTask-18] DEBUG org.lsc.beans.BeanComparator - In object "cn=CN0003,ou=ldap2ldap2TestTaskDst,ou=Test Data,dc=lsc-project,dc=org":  Attribute "objectClass" is in MERGE status
11:28:22.088 [ldap2ldapTestTask-14] DEBUG org.lsc.beans.BeanComparator - In object "cn=CN0001,ou=ldap2ldap2TestTaskDst,ou=Test Data,dc=lsc-project,dc=org":  Adding values to attribute "telephoneNumber": new values are [789987]
11:28:22.089 [ldap2ldapTestTask-14] DEBUG org.lsc.beans.BeanComparator - In object "cn=CN0001,ou=ldap2ldap2TestTaskDst,ou=Test Data,dc=lsc-project,dc=org":  Attribute "mail" is in FORCE status
11:28:22.090 [ldap2ldapTestTask-14] DEBUG org.lsc.beans.BeanComparator - In object "cn=CN0001,ou=ldap2ldap2TestTaskDst,ou=Test Data,dc=lsc-project,dc=org":  Attribute "objectClass" is in MERGE status
11:28:22.098 [ldap2ldapTestTask-18] DEBUG org.lsc.beans.BeanComparator - In object "cn=CN0003,ou=ldap2ldap2TestTaskDst,ou=Test Data,dc=lsc-project,dc=org":  Adding attribute "objectClass" with values [inetOrgPerson]
11:28:22.099 [ldap2ldapTestTask-18] DEBUG org.lsc.beans.BeanComparator - In object "cn=CN0003,ou=ldap2ldap2TestTaskDst,ou=Test Data,dc=lsc-project,dc=org":  Attribute "description" is in MERGE status
11:28:22.134 [ldap2ldapTestTask-14] DEBUG org.lsc.beans.BeanComparator - In object "cn=CN0001,ou=ldap2ldap2TestTaskDst,ou=Test Data,dc=lsc-project,dc=org":  Attribute "objectClass" will not be written to the destination
11:28:22.134 [ldap2ldapTestTask-14] DEBUG org.lsc.beans.BeanComparator - In object "cn=CN0001,ou=ldap2ldap2TestTaskDst,ou=Test Data,dc=lsc-project,dc=org":  Attribute "description" is in MERGE status
11:28:22.215 [ldap2ldapTestTask-14] DEBUG org.lsc.beans.BeanComparator - In object "cn=CN0001,ou=ldap2ldap2TestTaskDst,ou=Test Data,dc=lsc-project,dc=org":  Adding values to attribute "description": new values are [modified: Number one's descriptive text]
11:28:22.215 [ldap2ldapTestTask-18] DEBUG org.lsc.beans.BeanComparator - In object "cn=CN0003,ou=ldap2ldap2TestTaskDst,ou=Test Data,dc=lsc-project,dc=org":  Adding attribute "description" with values [modified: Number three's descriptive text]
11:28:22.216 [ldap2ldapTestTask-14] DEBUG org.lsc.beans.BeanComparator - In object "cn=CN0001,ou=ldap2ldap2TestTaskDst,ou=Test Data,dc=lsc-project,dc=org":  Attribute "cn" is in KEEP status
11:28:22.217 [ldap2ldapTestTask-18] DEBUG org.lsc.beans.BeanComparator - In object "cn=CN0003,ou=ldap2ldap2TestTaskDst,ou=Test Data,dc=lsc-project,dc=org":  Attribute "cn" is in KEEP status
11:28:22.217 [ldap2ldapTestTask-14] DEBUG org.lsc.beans.BeanComparator - In object "cn=CN0001,ou=ldap2ldap2TestTaskDst,ou=Test Data,dc=lsc-project,dc=org":  Attribute "sn" is in KEEP status
11:28:22.218 [ldap2ldapTestTask-18] DEBUG org.lsc.beans.BeanComparator - In object "cn=CN0003,ou=ldap2ldap2TestTaskDst,ou=Test Data,dc=lsc-project,dc=org":  Adding attribute "cn" with values [CN0003]
11:28:22.218 [ldap2ldapTestTask-14] DEBUG org.lsc.beans.BeanComparator - In object "cn=CN0001,ou=ldap2ldap2TestTaskDst,ou=Test Data,dc=lsc-project,dc=org":  Attribute "seeAlso" is in FORCE status
11:28:22.219 [ldap2ldapTestTask-18] DEBUG org.lsc.beans.BeanComparator - In object "cn=CN0003,ou=ldap2ldap2TestTaskDst,ou=Test Data,dc=lsc-project,dc=org":  Attribute "sn" is in KEEP status
11:28:22.219 [ldap2ldapTestTask-14] DEBUG org.lsc.beans.BeanComparator - In object "cn=CN0001,ou=ldap2ldap2TestTaskDst,ou=Test Data,dc=lsc-project,dc=org":  Deleting attribute  "seeAlso"
11:28:22.220 [ldap2ldapTestTask-18] DEBUG org.lsc.beans.BeanComparator - In object "cn=CN0003,ou=ldap2ldap2TestTaskDst,ou=Test Data,dc=lsc-project,dc=org":  Adding attribute "sn" with values [SN0003]
11:28:22.221 [ldap2ldapTestTask-18] DEBUG org.lsc.beans.BeanComparator - In object "cn=CN0003,ou=ldap2ldap2TestTaskDst,ou=Test Data,dc=lsc-project,dc=org":  Attribute "seeAlso" is in FORCE status
11:28:22.222 [ldap2ldapTestTask-18] DEBUG org.lsc.beans.BeanComparator - In object "cn=CN0003,ou=ldap2ldap2TestTaskDst,ou=Test Data,dc=lsc-project,dc=org":  Attribute "seeAlso" will not be written to the destination
11:28:22.228 [ldap2ldapTestTask-18] INFO  lsc.destination - # Adding new object cn=CN0003,ou=ldap2ldap2TestTaskDst,ou=Test Data,dc=lsc-project,dc=org for ldap2ldapTestTask
# Mon Aug 03 11:28:22 UTC 2020
dn: cn=CN0003,ou=ldap2ldap2TestTaskDst,ou=Test Data,dc=lsc-project,dc=org
changetype: add
userPassword: secretCN0003
telephoneNumber: 000000
telephoneNumber: 11111
mail: ok@domain.net
objectClass: inetOrgPerson
description: modified: Number three's descriptive text
cn: CN0003
sn: SN0003

11:28:22.290 [ldap2ldapTestTask-14] INFO  lsc.destination - # Updating object cn=CN0001,ou=ldap2ldap2TestTaskDst,ou=Test Data,dc=lsc-project,dc=org for ldap2ldapTestTask
# Mon Aug 03 11:28:22 UTC 2020
dn: cn=CN0001,ou=ldap2ldap2TestTaskDst,ou=Test Data,dc=lsc-project,dc=org
changetype: modify
replace: jpegPhoto
jpegPhoto:: /9j/4AAQSkZJRgABAQEBLAEsAAD/4QdkRXhpZgAASUkqAAgAAAAFABoBBQABAAAASgAAABsBBQABAAAAUgAAACgBAwABAAAAAgAAADEBAgAMAAAAWgAAADIBAgAUAAAAZgAAAHoAAAAsAQAAAQAAACwBAAABAAAAR0lNUCAyLjEwLjgAMjAxOTowMzowNSAxNzozMjo1NwAIAAABBAABAAAAAAEAAAEBBAABAAAAAAEAAAIBAwADAAAA4AAAAAMBAwABAAAABgAAAAYBAwABAAAABgAAABUBAwABAAAAAwAAAAECBAABAAAA5gAAAAICBAABAAAAdQYAAAAAAAAIAAgACAD/2P/gABBKRklGAAEBAAABAAEAAP/bAEMACAYGBwYFCAcHBwkJCAoMFA0MCwsMGRITDxQdGh8eHRocHCAkLicgIiwjHBwoNyksMDE0NDQfJzk9ODI8LjM0Mv/bAEMBCQkJDAsMGA0NGDIhHCEyMjIyMjIyMjIyMjIyMjIyMjIyMjIyMjIyMjIyMjIyMjIyMjIyMjIyMjIyMjIyMjIyMv/AABEIAQABAAMBIgACEQEDEQH/xAAfAAABBQEBAQEBAQAAAAAAAAAAAQIDBAUGBwgJCgv/xAC1EAACAQMDAgQDBQUEBAAAAX0BAgMABBEFEiExQQYTUWEHInEUMoGRoQgjQrHBFVLR8CQzYnKCCQoWFxgZGiUmJygpKjQ1Njc4OTpDREVGR0hJSlNUVVZXWFlaY2RlZmdoaWpzdHV2d3h5eoOEhYaHiImKkpOUlZaXmJmaoqOkpaanqKmqsrO0tba3uLm6wsPExcbHyMnK0tPU1dbX2Nna4eLj5OXm5+jp6vHy8/T19vf4+fr/xAAfAQADAQEBAQEBAQEBAAAAAAAAAQIDBAUGBwgJCgv/xAC1EQACAQIEBAMEBwUEBAABAncAAQIDEQQFITEGEkFRB2FxEyIygQgUQpGhscEJIzNS8BVictEKFiQ04SXxFxgZGiYnKCkqNTY3ODk6Q0RFRkdISUpTVFVWV1hZWmNkZWZnaGlqc3R1dnd4eXqCg4SFhoeIiYqSk5SVlpeYmZqio6Slpqeoqaqys7S1tre4ubrCw8TFxsfIycrS09TV1tfY2dri4+Tl5ufo6ery8/T19vf4+fr/2gAMAwEAAhEDEQA/AOfooor9MPnwooooAKKKKACiiigAooooAKKKKACiiigAooooAKKKKACiiigAooooAKKKKACiiigAooooAKKKKACiiigAooooAKKKKACiiigAooooAKKKKACiiigAooooAKKKKACiiigAooooAKKKKACiiigAooooAKKKKACiiigAooooAKKKKACiiigAooooAKKKKACiiigAooooAKKKKACiiigAooooAKKKKACiiigAooooAKKKKACiiigAooooAKKKKACiiigAooooAKKKKACiiigAooooAKKKKACiiigAooooAKKKKACiiigAooooAKKKKACiiigAooooAKKKKACiiigAooooAKKKKACiiigAooooAKKKKACiiigAooooAKKKKACiiigAooooAKKKKACiiigAooooAKKKKACiiigAooooAKKKKACiiigAooooAKKKKACiiigAooooAKKKKACiiigAooooAKKKKACiiigAooooAKKKKACiiigAooooAKKKKACiiigAooooAKKKKACiiigAooooAKKKKACiiigAooooAKKKKACiiigAooooAKKKKACiiigAooooAKKKKACiiigAooooAKKKKACiiigAooooAKKKKACiiigAooooAKKKKACiiigAooooAKKKKACiiigAooooAKKKKACiiigAooooAKKKKACiiigAooooAKKKKACiiigAooooAKKKKACiiigAooooAKKKKACiiigAooooAKKKKACiiigAooooAKKKKACiiigAooooAKKKKACiiigAooooAKKKKACiiigAooooAKKKKACiiigAooooAKKKKACiiigAooooAKKKKACiiigAooooAKKKKACiiigAooooAKKKKACiiigAooooAKKKKACiiigAooooAKKKKACiiigAooooAKKKKACiiigAooooAKKKKACiiigAooooAKKKKACiiigAooooAKKKKACiiigAooooAKKKKACiiigAooooAKKKKACiiigAooooAKKKKACiiigAooooAKKKKACiiigAooooAKKKKACiiigAooooAKKKKACiiigAooooAKKKKACiiigAooooAKKKKACiiigAooooAKKKKACiiigAooooAKKKKACiiigAooooAKKKKACiiigAooooAKKKKACiiigAooooAKKKKACiiigAooooAKKKKACiiigAooooAKKKKACiiigAooooAKKKKACiiigAooooAKKKKACiiigAooooAKKKKACiiigAooooAKKKKACiiigAooooAKKKKACiiigAooooAKKKKACiiigAooooAKKKKACiiigAooooAKKKKACiiigAooooAKKKKACiiigD/9kA/9sAQwD//////////////////////////////////////////////////////////////////////////////////////9sAQwH//////////////////////////////////////////////////////////////////////////////////////8IAEQgAAQABAwERAAIRAQMRAf/EABQAAQAAAAAAAAAAAAAAAAAAAAH/xAAUAQEAAAAAAAAAAAAAAAAAAAAB/9oADAMBAAIQAxAAAAET/8QAFBABAAAAAAAAAAAAAAAAAAAAAP/aAAgBAQABBQJ//8QAFBEBAAAAAAAAAAAAAAAAAAAAAP/aAAgBAwEBPwF//8QAFBEBAAAAAAAAAAAAAAAAAAAAAP/aAAgBAgEBPwF//8QAFBABAAAAAAAAAAAAAAAAAAAAAP/aAAgBAQAGPwJ//8QAFBABAAAAAAAAAAAAAAAAAAAAAP/aAAgBAQABPyF//9oADAMBAAIAAwAAABD/AP/EABQRAQAAAAAAAAAAAAAAAAAAAAD/2gAIAQMBAT8Qf//EABQRAQAAAAAAAAAAAAAAAAAAAAD/2gAIAQIBAT8Qf//EABQQAQAAAAAAAAAAAAAAAAAAAAD/2gAIAQEAAT8Qf//Z
-
replace: userPassword
userPassword: secretCN0001
-
add: telephoneNumber
telephoneNumber: 789987
-
add: description
description: modified: Number one's descriptive text
-
delete: seeAlso
-

11:28:22.308 [main] INFO  org.lsc.AbstractSynchronize - All entries: 3, to modify entries: 3, successfully modified entries: 3, errors: 0
11:28:22.309 [main] INFO  org.lsc.jndi.JndiServices - Connecting to LDAP server ldap://localhost:33389/dc=lsc-project,dc=org as cn=Directory Manager
11:28:22.390 [main] WARN  org.lsc.jndi.SimpleJndiSrcService - No clean filter has been specified for task=ldap2ldapTestTask. During the clean phase, LSC wouldn't be able to get the right entries and may delete all destination entries !
11:28:22.392 [main] WARN  org.lsc.service.AbstractJdbcService - No clean request has been specified for task=db2ldapTestTask. During the clean phase, LSC wouldn't be able to get the right entries and may delete all destination entries !
11:28:22.394 [main] WARN  org.lsc.jndi.SimpleJndiSrcService - No clean filter has been specified for task=ldap2ldapJmxTestTask. During the clean phase, LSC wouldn't be able to get the right entries and may delete all destination entries !
11:28:22.401 [main] WARN  org.lsc.jndi.SimpleJndiSrcService - No clean filter has been specified for task=ldap2ldapBinary2StringTestTask. During the clean phase, LSC wouldn't be able to get the right entries and may delete all destination entries !
11:28:22.402 [main] WARN  org.lsc.jndi.SimpleJndiSrcService - No clean filter has been specified for task=ldap2ldapSamePivotConversionTestTask. During the clean phase, LSC wouldn't be able to get the right entries and may delete all destination entries !
11:28:22.403 [main] WARN  org.lsc.jndi.SimpleJndiSrcService - No clean filter has been specified for task=ldap2dbTestTask. During the clean phase, LSC wouldn't be able to get the right entries and may delete all destination entries !
11:28:22.404 [main] INFO  lsc.destination - Starting sync for ldap2ldapTestTask
11:28:22.421 [ldap2ldapTestTask-23] DEBUG org.lsc.utils.ScriptingEvaluator - Unsupported scripting engine: Oracle Nashorn
11:28:22.485 [ldap2ldapTestTask-21] DEBUG org.lsc.utils.ScriptingEvaluator - Unsupported scripting engine: Oracle Nashorn
11:28:22.485 [ldap2ldapTestTask-25] DEBUG org.lsc.utils.ScriptingEvaluator - Unsupported scripting engine: Oracle Nashorn
11:28:22.919 [ldap2ldapTestTask-25] DEBUG org.lsc.beans.BeanComparator - In object "cn=CN0003,ou=ldap2ldap2TestTaskDst,ou=Test Data,dc=lsc-project,dc=org":  List of attributes considered for writing in destination: [jpegPhoto, userPassword, telephoneNumber, mail, objectClass, description, cn, sn, seeAlso]
11:28:22.919 [ldap2ldapTestTask-25] DEBUG org.lsc.beans.BeanComparator - In object "cn=CN0003,ou=ldap2ldap2TestTaskDst,ou=Test Data,dc=lsc-project,dc=org":  Attribute "jpegPhoto" is in FORCE status
11:28:22.924 [ldap2ldapTestTask-23] DEBUG org.lsc.beans.BeanComparator - In object "cn=CN0002,ou=ldap2ldap2TestTaskDst,ou=Test Data,dc=lsc-project,dc=org":  List of attributes considered for writing in destination: [jpegPhoto, userPassword, telephoneNumber, mail, objectClass, description, cn, sn, seeAlso]
11:28:22.985 [ldap2ldapTestTask-23] DEBUG org.lsc.beans.BeanComparator - In object "cn=CN0002,ou=ldap2ldap2TestTaskDst,ou=Test Data,dc=lsc-project,dc=org":  Attribute "jpegPhoto" is in FORCE status
11:28:22.993 [ldap2ldapTestTask-21] DEBUG org.lsc.beans.BeanComparator - In object "cn=CN0001,ou=ldap2ldap2TestTaskDst,ou=Test Data,dc=lsc-project,dc=org":  List of attributes considered for writing in destination: [jpegPhoto, userPassword, telephoneNumber, mail, objectClass, description, cn, sn, seeAlso]
11:28:22.995 [ldap2ldapTestTask-21] DEBUG org.lsc.beans.BeanComparator - In object "cn=CN0001,ou=ldap2ldap2TestTaskDst,ou=Test Data,dc=lsc-project,dc=org":  Attribute "jpegPhoto" is in FORCE status
11:28:23.006 [ldap2ldapTestTask-25] DEBUG org.lsc.beans.BeanComparator - In object "cn=CN0003,ou=ldap2ldap2TestTaskDst,ou=Test Data,dc=lsc-project,dc=org":  Attribute "jpegPhoto" will not be written to the destination
11:28:23.007 [ldap2ldapTestTask-25] DEBUG org.lsc.beans.BeanComparator - In object "cn=CN0003,ou=ldap2ldap2TestTaskDst,ou=Test Data,dc=lsc-project,dc=org":  Attribute "userPassword" is in FORCE status
11:28:23.014 [ldap2ldapTestTask-23] DEBUG org.lsc.beans.BeanComparator - In object "cn=CN0002,ou=ldap2ldap2TestTaskDst,ou=Test Data,dc=lsc-project,dc=org":  Attribute "jpegPhoto" will not be written to the destination
11:28:23.015 [ldap2ldapTestTask-23] DEBUG org.lsc.beans.BeanComparator - In object "cn=CN0002,ou=ldap2ldap2TestTaskDst,ou=Test Data,dc=lsc-project,dc=org":  Attribute "userPassword" is in FORCE status
11:28:23.025 [ldap2ldapTestTask-21] DEBUG org.lsc.beans.BeanComparator - In object "cn=CN0001,ou=ldap2ldap2TestTaskDst,ou=Test Data,dc=lsc-project,dc=org":  Attribute "jpegPhoto" will not be written to the destination
11:28:23.026 [ldap2ldapTestTask-21] DEBUG org.lsc.beans.BeanComparator - In object "cn=CN0001,ou=ldap2ldap2TestTaskDst,ou=Test Data,dc=lsc-project,dc=org":  Attribute "userPassword" is in FORCE status
11:28:23.026 [ldap2ldapTestTask-25] DEBUG org.lsc.beans.BeanComparator - In object "cn=CN0003,ou=ldap2ldap2TestTaskDst,ou=Test Data,dc=lsc-project,dc=org":  Replacing attribute "userPassword": source values are [], old values were [[B@75b59031], new values are [secretCN0003]
11:28:23.027 [ldap2ldapTestTask-25] DEBUG org.lsc.beans.BeanComparator - In object "cn=CN0003,ou=ldap2ldap2TestTaskDst,ou=Test Data,dc=lsc-project,dc=org":  Attribute "telephoneNumber" is in MERGE status
11:28:23.096 [ldap2ldapTestTask-23] DEBUG org.lsc.beans.BeanComparator - In object "cn=CN0002,ou=ldap2ldap2TestTaskDst,ou=Test Data,dc=lsc-project,dc=org":  Adding attribute "userPassword" with values [secretCN0002]
11:28:23.097 [ldap2ldapTestTask-23] DEBUG org.lsc.beans.BeanComparator - In object "cn=CN0002,ou=ldap2ldap2TestTaskDst,ou=Test Data,dc=lsc-project,dc=org":  Attribute "telephoneNumber" is in MERGE status
11:28:23.109 [ldap2ldapTestTask-21] DEBUG org.lsc.beans.BeanComparator - In object "cn=CN0001,ou=ldap2ldap2TestTaskDst,ou=Test Data,dc=lsc-project,dc=org":  Replacing attribute "userPassword": source values are [[B@1dbdc3bc], old values were [[B@1745a8cc], new values are [secretCN0001]
11:28:23.110 [ldap2ldapTestTask-21] DEBUG org.lsc.beans.BeanComparator - In object "cn=CN0001,ou=ldap2ldap2TestTaskDst,ou=Test Data,dc=lsc-project,dc=org":  Attribute "telephoneNumber" is in MERGE status
11:28:23.125 [ldap2ldapTestTask-25] DEBUG org.lsc.beans.BeanComparator - In object "cn=CN0003,ou=ldap2ldap2TestTaskDst,ou=Test Data,dc=lsc-project,dc=org":  Adding values to attribute "telephoneNumber": new values are [123456, 789987]
11:28:23.126 [ldap2ldapTestTask-25] DEBUG org.lsc.beans.BeanComparator - In object "cn=CN0003,ou=ldap2ldap2TestTaskDst,ou=Test Data,dc=lsc-project,dc=org":  Attribute "mail" is in FORCE status
11:28:23.126 [ldap2ldapTestTask-25] DEBUG org.lsc.beans.BeanComparator - In object "cn=CN0003,ou=ldap2ldap2TestTaskDst,ou=Test Data,dc=lsc-project,dc=org":  Attribute "objectClass" is in MERGE status
11:28:23.188 [ldap2ldapTestTask-23] DEBUG org.lsc.beans.BeanComparator - In object "cn=CN0002,ou=ldap2ldap2TestTaskDst,ou=Test Data,dc=lsc-project,dc=org":  Adding attribute "telephoneNumber" with values [987987, 123456, 789987]
11:28:23.190 [ldap2ldapTestTask-23] DEBUG org.lsc.beans.BeanComparator - In object "cn=CN0002,ou=ldap2ldap2TestTaskDst,ou=Test Data,dc=lsc-project,dc=org":  Attribute "mail" is in FORCE status
11:28:23.191 [ldap2ldapTestTask-23] DEBUG org.lsc.beans.BeanComparator - In object "cn=CN0002,ou=ldap2ldap2TestTaskDst,ou=Test Data,dc=lsc-project,dc=org":  Attribute "objectClass" is in MERGE status
11:28:23.206 [ldap2ldapTestTask-21] DEBUG org.lsc.beans.BeanComparator - In object "cn=CN0001,ou=ldap2ldap2TestTaskDst,ou=Test Data,dc=lsc-project,dc=org":  Attribute "telephoneNumber" will not be written to the destination
11:28:23.207 [ldap2ldapTestTask-21] DEBUG org.lsc.beans.BeanComparator - In object "cn=CN0001,ou=ldap2ldap2TestTaskDst,ou=Test Data,dc=lsc-project,dc=org":  Attribute "mail" is in FORCE status
11:28:23.208 [ldap2ldapTestTask-21] DEBUG org.lsc.beans.BeanComparator - In object "cn=CN0001,ou=ldap2ldap2TestTaskDst,ou=Test Data,dc=lsc-project,dc=org":  Attribute "objectClass" is in MERGE status
11:28:23.232 [ldap2ldapTestTask-25] DEBUG org.lsc.beans.BeanComparator - In object "cn=CN0003,ou=ldap2ldap2TestTaskDst,ou=Test Data,dc=lsc-project,dc=org":  Attribute "objectClass" will not be written to the destination
11:28:23.232 [ldap2ldapTestTask-25] DEBUG org.lsc.beans.BeanComparator - In object "cn=CN0003,ou=ldap2ldap2TestTaskDst,ou=Test Data,dc=lsc-project,dc=org":  Attribute "description" is in MERGE status
11:28:23.285 [ldap2ldapTestTask-23] DEBUG org.lsc.beans.BeanComparator - In object "cn=CN0002,ou=ldap2ldap2TestTaskDst,ou=Test Data,dc=lsc-project,dc=org":  Attribute "objectClass" will not be written to the destination
11:28:23.286 [ldap2ldapTestTask-23] DEBUG org.lsc.beans.BeanComparator - In object "cn=CN0002,ou=ldap2ldap2TestTaskDst,ou=Test Data,dc=lsc-project,dc=org":  Attribute "description" is in MERGE status
11:28:23.312 [ldap2ldapTestTask-25] DEBUG org.lsc.beans.BeanComparator - In object "cn=CN0003,ou=ldap2ldap2TestTaskDst,ou=Test Data,dc=lsc-project,dc=org":  Attribute "description" will not be written to the destination
11:28:23.312 [ldap2ldapTestTask-25] DEBUG org.lsc.beans.BeanComparator - In object "cn=CN0003,ou=ldap2ldap2TestTaskDst,ou=Test Data,dc=lsc-project,dc=org":  Attribute "cn" is in KEEP status
11:28:23.313 [ldap2ldapTestTask-25] DEBUG org.lsc.beans.BeanComparator - In object "cn=CN0003,ou=ldap2ldap2TestTaskDst,ou=Test Data,dc=lsc-project,dc=org":  Attribute "sn" is in KEEP status
11:28:23.313 [ldap2ldapTestTask-21] DEBUG org.lsc.beans.BeanComparator - In object "cn=CN0001,ou=ldap2ldap2TestTaskDst,ou=Test Data,dc=lsc-project,dc=org":  Attribute "objectClass" will not be written to the destination
11:28:23.313 [ldap2ldapTestTask-25] DEBUG org.lsc.beans.BeanComparator - In object "cn=CN0003,ou=ldap2ldap2TestTaskDst,ou=Test Data,dc=lsc-project,dc=org":  Attribute "seeAlso" is in FORCE status
11:28:23.314 [ldap2ldapTestTask-21] DEBUG org.lsc.beans.BeanComparator - In object "cn=CN0001,ou=ldap2ldap2TestTaskDst,ou=Test Data,dc=lsc-project,dc=org":  Attribute "description" is in MERGE status
11:28:23.314 [ldap2ldapTestTask-23] DEBUG org.lsc.beans.BeanComparator - In object "cn=CN0002,ou=ldap2ldap2TestTaskDst,ou=Test Data,dc=lsc-project,dc=org":  Adding attribute "description" with values [modified: Number two's descriptive text]
11:28:23.314 [ldap2ldapTestTask-25] DEBUG org.lsc.beans.BeanComparator - In object "cn=CN0003,ou=ldap2ldap2TestTaskDst,ou=Test Data,dc=lsc-project,dc=org":  Attribute "seeAlso" will not be written to the destination
11:28:23.315 [ldap2ldapTestTask-23] DEBUG org.lsc.beans.BeanComparator - In object "cn=CN0002,ou=ldap2ldap2TestTaskDst,ou=Test Data,dc=lsc-project,dc=org":  Attribute "cn" is in KEEP status
11:28:23.316 [ldap2ldapTestTask-23] DEBUG org.lsc.beans.BeanComparator - In object "cn=CN0002,ou=ldap2ldap2TestTaskDst,ou=Test Data,dc=lsc-project,dc=org":  Attribute "sn" is in KEEP status
11:28:23.316 [ldap2ldapTestTask-23] DEBUG org.lsc.beans.BeanComparator - In object "cn=CN0002,ou=ldap2ldap2TestTaskDst,ou=Test Data,dc=lsc-project,dc=org":  Attribute "seeAlso" is in FORCE status
11:28:23.316 [ldap2ldapTestTask-23] DEBUG org.lsc.beans.BeanComparator - In object "cn=CN0002,ou=ldap2ldap2TestTaskDst,ou=Test Data,dc=lsc-project,dc=org":  Attribute "seeAlso" will not be written to the destination
11:28:23.317 [ldap2ldapTestTask-25] INFO  lsc.destination - # Updating object cn=CN0003,ou=ldap2ldap2TestTaskDst,ou=Test Data,dc=lsc-project,dc=org for ldap2ldapTestTask
# Mon Aug 03 11:28:23 UTC 2020
dn: cn=CN0003,ou=ldap2ldap2TestTaskDst,ou=Test Data,dc=lsc-project,dc=org
changetype: modify
replace: userPassword
userPassword: secretCN0003
-
add: telephoneNumber
telephoneNumber: 123456
telephoneNumber: 789987
-

11:28:23.318 [ldap2ldapTestTask-23] INFO  lsc.destination - # Updating object cn=CN0002,ou=ldap2ldap2TestTaskDst,ou=Test Data,dc=lsc-project,dc=org for ldap2ldapTestTask
# Mon Aug 03 11:28:23 UTC 2020
dn: cn=CN0002,ou=ldap2ldap2TestTaskDst,ou=Test Data,dc=lsc-project,dc=org
changetype: modify
replace: userPassword
userPassword: secretCN0002
-
add: telephoneNumber
telephoneNumber: 987987
telephoneNumber: 123456
telephoneNumber: 789987
-
add: description
description: modified: Number two's descriptive text
-

11:28:23.331 [ldap2ldapTestTask-21] DEBUG org.lsc.beans.BeanComparator - In object "cn=CN0001,ou=ldap2ldap2TestTaskDst,ou=Test Data,dc=lsc-project,dc=org":  Attribute "description" will not be written to the destination
11:28:23.331 [ldap2ldapTestTask-21] DEBUG org.lsc.beans.BeanComparator - In object "cn=CN0001,ou=ldap2ldap2TestTaskDst,ou=Test Data,dc=lsc-project,dc=org":  Attribute "cn" is in KEEP status
11:28:23.331 [ldap2ldapTestTask-21] DEBUG org.lsc.beans.BeanComparator - In object "cn=CN0001,ou=ldap2ldap2TestTaskDst,ou=Test Data,dc=lsc-project,dc=org":  Attribute "sn" is in KEEP status
11:28:23.332 [ldap2ldapTestTask-21] DEBUG org.lsc.beans.BeanComparator - In object "cn=CN0001,ou=ldap2ldap2TestTaskDst,ou=Test Data,dc=lsc-project,dc=org":  Attribute "seeAlso" is in FORCE status
11:28:23.332 [ldap2ldapTestTask-21] DEBUG org.lsc.beans.BeanComparator - In object "cn=CN0001,ou=ldap2ldap2TestTaskDst,ou=Test Data,dc=lsc-project,dc=org":  Attribute "seeAlso" will not be written to the destination
11:28:23.334 [ldap2ldapTestTask-21] INFO  lsc.destination - # Updating object cn=CN0001,ou=ldap2ldap2TestTaskDst,ou=Test Data,dc=lsc-project,dc=org for ldap2ldapTestTask
# Mon Aug 03 11:28:23 UTC 2020
dn: cn=CN0001,ou=ldap2ldap2TestTaskDst,ou=Test Data,dc=lsc-project,dc=org
changetype: modify
replace: userPassword
userPassword: secretCN0001
-

11:28:23.335 [main] INFO  org.lsc.AbstractSynchronize - All entries: 3, to modify entries: 3, successfully modified entries: 3, errors: 0
11:28:23.335 [main] INFO  org.lsc.jndi.JndiServices - Connecting to LDAP server ldap://localhost:33389/dc=lsc-project,dc=org as cn=Directory Manager
11:28:23.407 [main] WARN  org.lsc.jndi.SimpleJndiSrcService - No clean filter has been specified for task=ldap2ldapTestTask. During the clean phase, LSC wouldn't be able to get the right entries and may delete all destination entries !
11:28:23.408 [main] WARN  org.lsc.service.AbstractJdbcService - No clean request has been specified for task=db2ldapTestTask. During the clean phase, LSC wouldn't be able to get the right entries and may delete all destination entries !
11:28:23.409 [main] WARN  org.lsc.jndi.SimpleJndiSrcService - No clean filter has been specified for task=ldap2ldapJmxTestTask. During the clean phase, LSC wouldn't be able to get the right entries and may delete all destination entries !
11:28:23.410 [main] WARN  org.lsc.jndi.SimpleJndiSrcService - No clean filter has been specified for task=ldap2ldapBinary2StringTestTask. During the clean phase, LSC wouldn't be able to get the right entries and may delete all destination entries !
11:28:23.411 [main] WARN  org.lsc.jndi.SimpleJndiSrcService - No clean filter has been specified for task=ldap2ldapSamePivotConversionTestTask. During the clean phase, LSC wouldn't be able to get the right entries and may delete all destination entries !
11:28:23.412 [main] WARN  org.lsc.jndi.SimpleJndiSrcService - No clean filter has been specified for task=ldap2dbTestTask. During the clean phase, LSC wouldn't be able to get the right entries and may delete all destination entries !
11:28:23.412 [main] INFO  lsc.destination - Starting sync for ldap2ldapTestTask
11:28:23.423 [ldap2ldapTestTask-30] DEBUG org.lsc.utils.ScriptingEvaluator - Unsupported scripting engine: Oracle Nashorn
11:28:23.426 [ldap2ldapTestTask-28] DEBUG org.lsc.utils.ScriptingEvaluator - Unsupported scripting engine: Oracle Nashorn
11:28:23.427 [ldap2ldapTestTask-32] DEBUG org.lsc.utils.ScriptingEvaluator - Unsupported scripting engine: Oracle Nashorn
11:28:23.605 [ldap2ldapTestTask-30] DEBUG org.lsc.beans.BeanComparator - In object "cn=CN0002,ou=ldap2ldap2TestTaskDst,ou=Test Data,dc=lsc-project,dc=org":  List of attributes considered for writing in destination: [jpegPhoto, userPassword, telephoneNumber, mail, objectClass, description, cn, sn, seeAlso]
11:28:23.606 [ldap2ldapTestTask-30] DEBUG org.lsc.beans.BeanComparator - In object "cn=CN0002,ou=ldap2ldap2TestTaskDst,ou=Test Data,dc=lsc-project,dc=org":  Attribute "jpegPhoto" is in FORCE status
11:28:23.621 [ldap2ldapTestTask-30] DEBUG org.lsc.beans.BeanComparator - In object "cn=CN0002,ou=ldap2ldap2TestTaskDst,ou=Test Data,dc=lsc-project,dc=org":  Attribute "jpegPhoto" will not be written to the destination
11:28:23.622 [ldap2ldapTestTask-30] DEBUG org.lsc.beans.BeanComparator - In object "cn=CN0002,ou=ldap2ldap2TestTaskDst,ou=Test Data,dc=lsc-project,dc=org":  Attribute "userPassword" is in FORCE status
11:28:23.624 [ldap2ldapTestTask-32] DEBUG org.lsc.beans.BeanComparator - In object "cn=CN0003,ou=ldap2ldap2TestTaskDst,ou=Test Data,dc=lsc-project,dc=org":  List of attributes considered for writing in destination: [jpegPhoto, userPassword, telephoneNumber, mail, objectClass, description, cn, sn, seeAlso]
11:28:23.624 [ldap2ldapTestTask-32] DEBUG org.lsc.beans.BeanComparator - In object "cn=CN0003,ou=ldap2ldap2TestTaskDst,ou=Test Data,dc=lsc-project,dc=org":  Attribute "jpegPhoto" is in FORCE status
11:28:23.691 [ldap2ldapTestTask-28] DEBUG org.lsc.beans.BeanComparator - In object "cn=CN0001,ou=ldap2ldap2TestTaskDst,ou=Test Data,dc=lsc-project,dc=org":  List of attributes considered for writing in destination: [jpegPhoto, userPassword, telephoneNumber, mail, objectClass, description, cn, sn, seeAlso]
11:28:23.692 [ldap2ldapTestTask-28] DEBUG org.lsc.beans.BeanComparator - In object "cn=CN0001,ou=ldap2ldap2TestTaskDst,ou=Test Data,dc=lsc-project,dc=org":  Attribute "jpegPhoto" is in FORCE status
11:28:23.702 [ldap2ldapTestTask-30] DEBUG org.lsc.beans.BeanComparator - In object "cn=CN0002,ou=ldap2ldap2TestTaskDst,ou=Test Data,dc=lsc-project,dc=org":  Replacing attribute "userPassword": source values are [[B@41e47215], old values were [[B@4f238459], new values are [secretCN0002]
11:28:23.703 [ldap2ldapTestTask-30] DEBUG org.lsc.beans.BeanComparator - In object "cn=CN0002,ou=ldap2ldap2TestTaskDst,ou=Test Data,dc=lsc-project,dc=org":  Attribute "telephoneNumber" is in MERGE status
11:28:23.705 [ldap2ldapTestTask-32] DEBUG org.lsc.beans.BeanComparator - In object "cn=CN0003,ou=ldap2ldap2TestTaskDst,ou=Test Data,dc=lsc-project,dc=org":  Attribute "jpegPhoto" will not be written to the destination
11:28:23.706 [ldap2ldapTestTask-32] DEBUG org.lsc.beans.BeanComparator - In object "cn=CN0003,ou=ldap2ldap2TestTaskDst,ou=Test Data,dc=lsc-project,dc=org":  Attribute "userPassword" is in FORCE status
11:28:23.710 [ldap2ldapTestTask-28] DEBUG org.lsc.beans.BeanComparator - In object "cn=CN0001,ou=ldap2ldap2TestTaskDst,ou=Test Data,dc=lsc-project,dc=org":  Attribute "jpegPhoto" will not be written to the destination
11:28:23.711 [ldap2ldapTestTask-28] DEBUG org.lsc.beans.BeanComparator - In object "cn=CN0001,ou=ldap2ldap2TestTaskDst,ou=Test Data,dc=lsc-project,dc=org":  Attribute "userPassword" is in FORCE status
11:28:23.722 [ldap2ldapTestTask-32] DEBUG org.lsc.beans.BeanComparator - In object "cn=CN0003,ou=ldap2ldap2TestTaskDst,ou=Test Data,dc=lsc-project,dc=org":  Replacing attribute "userPassword": source values are [], old values were [[B@1079f0d5], new values are [secretCN0003]
11:28:23.722 [ldap2ldapTestTask-28] DEBUG org.lsc.beans.BeanComparator - In object "cn=CN0001,ou=ldap2ldap2TestTaskDst,ou=Test Data,dc=lsc-project,dc=org":  Replacing attribute "userPassword": source values are [[B@7b45878c], old values were [[B@71bdecfc], new values are [secretCN0001]
11:28:23.722 [ldap2ldapTestTask-32] DEBUG org.lsc.beans.BeanComparator - In object "cn=CN0003,ou=ldap2ldap2TestTaskDst,ou=Test Data,dc=lsc-project,dc=org":  Attribute "telephoneNumber" is in MERGE status
11:28:23.723 [ldap2ldapTestTask-28] DEBUG org.lsc.beans.BeanComparator - In object "cn=CN0001,ou=ldap2ldap2TestTaskDst,ou=Test Data,dc=lsc-project,dc=org":  Attribute "telephoneNumber" is in MERGE status
11:28:23.805 [ldap2ldapTestTask-30] DEBUG org.lsc.beans.BeanComparator - In object "cn=CN0002,ou=ldap2ldap2TestTaskDst,ou=Test Data,dc=lsc-project,dc=org":  Attribute "telephoneNumber" will not be written to the destination
11:28:23.806 [ldap2ldapTestTask-30] DEBUG org.lsc.beans.BeanComparator - In object "cn=CN0002,ou=ldap2ldap2TestTaskDst,ou=Test Data,dc=lsc-project,dc=org":  Attribute "mail" is in FORCE status
11:28:23.806 [ldap2ldapTestTask-30] DEBUG org.lsc.beans.BeanComparator - In object "cn=CN0002,ou=ldap2ldap2TestTaskDst,ou=Test Data,dc=lsc-project,dc=org":  Attribute "objectClass" is in MERGE status
11:28:23.816 [ldap2ldapTestTask-28] DEBUG org.lsc.beans.BeanComparator - In object "cn=CN0001,ou=ldap2ldap2TestTaskDst,ou=Test Data,dc=lsc-project,dc=org":  Attribute "telephoneNumber" will not be written to the destination
11:28:23.816 [ldap2ldapTestTask-28] DEBUG org.lsc.beans.BeanComparator - In object "cn=CN0001,ou=ldap2ldap2TestTaskDst,ou=Test Data,dc=lsc-project,dc=org":  Attribute "mail" is in FORCE status
11:28:23.817 [ldap2ldapTestTask-28] DEBUG org.lsc.beans.BeanComparator - In object "cn=CN0001,ou=ldap2ldap2TestTaskDst,ou=Test Data,dc=lsc-project,dc=org":  Attribute "objectClass" is in MERGE status
11:28:23.818 [ldap2ldapTestTask-32] DEBUG org.lsc.beans.BeanComparator - In object "cn=CN0003,ou=ldap2ldap2TestTaskDst,ou=Test Data,dc=lsc-project,dc=org":  Attribute "telephoneNumber" will not be written to the destination
11:28:23.818 [ldap2ldapTestTask-32] DEBUG org.lsc.beans.BeanComparator - In object "cn=CN0003,ou=ldap2ldap2TestTaskDst,ou=Test Data,dc=lsc-project,dc=org":  Attribute "mail" is in FORCE status
11:28:23.819 [ldap2ldapTestTask-32] DEBUG org.lsc.beans.BeanComparator - In object "cn=CN0003,ou=ldap2ldap2TestTaskDst,ou=Test Data,dc=lsc-project,dc=org":  Attribute "objectClass" is in MERGE status
11:28:23.945 [ldap2ldapTestTask-28] DEBUG org.lsc.beans.BeanComparator - In object "cn=CN0001,ou=ldap2ldap2TestTaskDst,ou=Test Data,dc=lsc-project,dc=org":  Attribute "objectClass" will not be written to the destination
11:28:23.945 [ldap2ldapTestTask-28] DEBUG org.lsc.beans.BeanComparator - In object "cn=CN0001,ou=ldap2ldap2TestTaskDst,ou=Test Data,dc=lsc-project,dc=org":  Attribute "description" is in MERGE status
11:28:23.946 [ldap2ldapTestTask-30] DEBUG org.lsc.beans.BeanComparator - In object "cn=CN0002,ou=ldap2ldap2TestTaskDst,ou=Test Data,dc=lsc-project,dc=org":  Attribute "objectClass" will not be written to the destination
11:28:23.947 [ldap2ldapTestTask-30] DEBUG org.lsc.beans.BeanComparator - In object "cn=CN0002,ou=ldap2ldap2TestTaskDst,ou=Test Data,dc=lsc-project,dc=org":  Attribute "description" is in MERGE status
11:28:23.949 [ldap2ldapTestTask-32] DEBUG org.lsc.beans.BeanComparator - In object "cn=CN0003,ou=ldap2ldap2TestTaskDst,ou=Test Data,dc=lsc-project,dc=org":  Attribute "objectClass" will not be written to the destination
11:28:23.949 [ldap2ldapTestTask-32] DEBUG org.lsc.beans.BeanComparator - In object "cn=CN0003,ou=ldap2ldap2TestTaskDst,ou=Test Data,dc=lsc-project,dc=org":  Attribute "description" is in MERGE status
11:28:23.957 [ldap2ldapTestTask-28] DEBUG org.lsc.beans.BeanComparator - In object "cn=CN0001,ou=ldap2ldap2TestTaskDst,ou=Test Data,dc=lsc-project,dc=org":  Attribute "description" will not be written to the destination
11:28:23.957 [ldap2ldapTestTask-28] DEBUG org.lsc.beans.BeanComparator - In object "cn=CN0001,ou=ldap2ldap2TestTaskDst,ou=Test Data,dc=lsc-project,dc=org":  Attribute "cn" is in KEEP status
11:28:23.957 [ldap2ldapTestTask-28] DEBUG org.lsc.beans.BeanComparator - In object "cn=CN0001,ou=ldap2ldap2TestTaskDst,ou=Test Data,dc=lsc-project,dc=org":  Attribute "sn" is in KEEP status
11:28:23.958 [ldap2ldapTestTask-28] DEBUG org.lsc.beans.BeanComparator - In object "cn=CN0001,ou=ldap2ldap2TestTaskDst,ou=Test Data,dc=lsc-project,dc=org":  Attribute "seeAlso" is in FORCE status
11:28:23.958 [ldap2ldapTestTask-28] DEBUG org.lsc.beans.BeanComparator - In object "cn=CN0001,ou=ldap2ldap2TestTaskDst,ou=Test Data,dc=lsc-project,dc=org":  Attribute "seeAlso" will not be written to the destination
11:28:23.960 [ldap2ldapTestTask-28] INFO  lsc.destination - # Updating object cn=CN0001,ou=ldap2ldap2TestTaskDst,ou=Test Data,dc=lsc-project,dc=org for ldap2ldapTestTask
# Mon Aug 03 11:28:23 UTC 2020
dn: cn=CN0001,ou=ldap2ldap2TestTaskDst,ou=Test Data,dc=lsc-project,dc=org
changetype: modify
replace: userPassword
userPassword: secretCN0001
-

11:28:24.000 [ldap2ldapTestTask-30] DEBUG org.lsc.beans.BeanComparator - In object "cn=CN0002,ou=ldap2ldap2TestTaskDst,ou=Test Data,dc=lsc-project,dc=org":  Attribute "description" will not be written to the destination
11:28:24.001 [ldap2ldapTestTask-30] DEBUG org.lsc.beans.BeanComparator - In object "cn=CN0002,ou=ldap2ldap2TestTaskDst,ou=Test Data,dc=lsc-project,dc=org":  Attribute "cn" is in KEEP status
11:28:24.002 [ldap2ldapTestTask-30] DEBUG org.lsc.beans.BeanComparator - In object "cn=CN0002,ou=ldap2ldap2TestTaskDst,ou=Test Data,dc=lsc-project,dc=org":  Attribute "sn" is in KEEP status
11:28:24.002 [ldap2ldapTestTask-32] DEBUG org.lsc.beans.BeanComparator - In object "cn=CN0003,ou=ldap2ldap2TestTaskDst,ou=Test Data,dc=lsc-project,dc=org":  Attribute "description" will not be written to the destination
11:28:24.002 [ldap2ldapTestTask-30] DEBUG org.lsc.beans.BeanComparator - In object "cn=CN0002,ou=ldap2ldap2TestTaskDst,ou=Test Data,dc=lsc-project,dc=org":  Attribute "seeAlso" is in FORCE status
11:28:24.003 [ldap2ldapTestTask-32] DEBUG org.lsc.beans.BeanComparator - In object "cn=CN0003,ou=ldap2ldap2TestTaskDst,ou=Test Data,dc=lsc-project,dc=org":  Attribute "cn" is in KEEP status
11:28:24.003 [ldap2ldapTestTask-30] DEBUG org.lsc.beans.BeanComparator - In object "cn=CN0002,ou=ldap2ldap2TestTaskDst,ou=Test Data,dc=lsc-project,dc=org":  Attribute "seeAlso" will not be written to the destination
11:28:24.004 [ldap2ldapTestTask-32] DEBUG org.lsc.beans.BeanComparator - In object "cn=CN0003,ou=ldap2ldap2TestTaskDst,ou=Test Data,dc=lsc-project,dc=org":  Attribute "sn" is in KEEP status
11:28:24.005 [ldap2ldapTestTask-32] DEBUG org.lsc.beans.BeanComparator - In object "cn=CN0003,ou=ldap2ldap2TestTaskDst,ou=Test Data,dc=lsc-project,dc=org":  Attribute "seeAlso" is in FORCE status
11:28:24.005 [ldap2ldapTestTask-32] DEBUG org.lsc.beans.BeanComparator - In object "cn=CN0003,ou=ldap2ldap2TestTaskDst,ou=Test Data,dc=lsc-project,dc=org":  Attribute "seeAlso" will not be written to the destination
11:28:24.006 [ldap2ldapTestTask-30] INFO  lsc.destination - # Updating object cn=CN0002,ou=ldap2ldap2TestTaskDst,ou=Test Data,dc=lsc-project,dc=org for ldap2ldapTestTask
# Mon Aug 03 11:28:24 UTC 2020
dn: cn=CN0002,ou=ldap2ldap2TestTaskDst,ou=Test Data,dc=lsc-project,dc=org
changetype: modify
replace: userPassword
userPassword: secretCN0002
-

11:28:24.007 [ldap2ldapTestTask-32] INFO  lsc.destination - # Updating object cn=CN0003,ou=ldap2ldap2TestTaskDst,ou=Test Data,dc=lsc-project,dc=org for ldap2ldapTestTask
# Mon Aug 03 11:28:24 UTC 2020
dn: cn=CN0003,ou=ldap2ldap2TestTaskDst,ou=Test Data,dc=lsc-project,dc=org
changetype: modify
replace: userPassword
userPassword: secretCN0003
-

11:28:24.008 [main] INFO  org.lsc.AbstractSynchronize - All entries: 3, to modify entries: 3, successfully modified entries: 3, errors: 0
11:28:24.009 [main] INFO  org.lsc.jndi.JndiServices - Connecting to LDAP server ldap://localhost:33389/dc=lsc-project,dc=org as cn=Directory Manager
11:28:24.165 [main] DEBUG o.l.c.JaxbXmlConfigurationHelper - Loading XML configuration from: /tmp/tmpmax4mvf5/lsc/target/test-classes/etc/lsc.xml
11:28:24.166 [main] DEBUG org.reflections.Reflections - going to scan these urls:
file:/tmp/tmpmax4mvf5/lsc/target/test-classes/
file:/tmp/tmpmax4mvf5/lsc/target/classes/
11:28:24.198 [main] INFO  org.reflections.Reflections - Reflections took 31 ms to scan 2 urls, producing 102 keys and 201 values 
11:28:24.198 [main] DEBUG o.l.c.JaxbXmlConfigurationHelper - Importing XML schema file: schemas/lsc-core-2.2.xsd
11:28:24.249 [main] INFO  org.lsc.Configuration - Logging configuration successfully loaded from /tmp/tmpmax4mvf5/lsc/target/test-classes/etc/logback.xml 
11:28:24.249 [main] INFO  org.lsc.Configuration - LSC configuration successfully loaded from /tmp/tmpmax4mvf5/lsc/target/test-classes/etc/
11:28:24.250 [main] WARN  org.lsc.jndi.SimpleJndiSrcService - No clean filter has been specified for task=ldap2ldapTestTask. During the clean phase, LSC wouldn't be able to get the right entries and may delete all destination entries !
11:28:24.337 [main] DEBUG o.l.c.JaxbXmlConfigurationHelper - Loading XML configuration from: /tmp/tmpmax4mvf5/lsc/target/test-classes/etc/lsc.xml
11:28:24.338 [main] DEBUG org.reflections.Reflections - going to scan these urls:
file:/tmp/tmpmax4mvf5/lsc/target/test-classes/
file:/tmp/tmpmax4mvf5/lsc/target/classes/
11:28:24.350 [main] INFO  org.reflections.Reflections - Reflections took 12 ms to scan 2 urls, producing 102 keys and 201 values 
11:28:24.351 [main] DEBUG o.l.c.JaxbXmlConfigurationHelper - Importing XML schema file: schemas/lsc-core-2.2.xsd
11:28:24.432 [main] INFO  org.lsc.Configuration - Logging configuration successfully loaded from /tmp/tmpmax4mvf5/lsc/target/test-classes/etc/logback.xml 
11:28:24.432 [main] INFO  org.lsc.Configuration - LSC configuration successfully loaded from /tmp/tmpmax4mvf5/lsc/target/test-classes/etc/
11:28:24.432 [main] INFO  org.lsc.jndi.JndiServices - Connecting to LDAP server ldap://localhost:33389/dc=lsc-project,dc=org as cn=Directory Manager
11:28:24.437 [main] WARN  org.lsc.jndi.SimpleJndiSrcService - No clean filter has been specified for task=ldap2ldapTestTask. During the clean phase, LSC wouldn't be able to get the right entries and may delete all destination entries !
11:28:24.438 [main] WARN  org.lsc.service.AbstractJdbcService - No clean request has been specified for task=db2ldapTestTask. During the clean phase, LSC wouldn't be able to get the right entries and may delete all destination entries !
11:28:24.440 [main] WARN  org.lsc.jndi.SimpleJndiSrcService - No clean filter has been specified for task=ldap2ldapJmxTestTask. During the clean phase, LSC wouldn't be able to get the right entries and may delete all destination entries !
11:28:24.442 [main] WARN  org.lsc.jndi.SimpleJndiSrcService - No clean filter has been specified for task=ldap2ldapBinary2StringTestTask. During the clean phase, LSC wouldn't be able to get the right entries and may delete all destination entries !
11:28:24.444 [main] WARN  org.lsc.jndi.SimpleJndiSrcService - No clean filter has been specified for task=ldap2ldapSamePivotConversionTestTask. During the clean phase, LSC wouldn't be able to get the right entries and may delete all destination entries !
11:28:24.445 [main] WARN  org.lsc.jndi.SimpleJndiSrcService - No clean filter has been specified for task=ldap2dbTestTask. During the clean phase, LSC wouldn't be able to get the right entries and may delete all destination entries !
11:28:24.446 [main] INFO  lsc.destination - Starting clean for ldap2ldapTestTask
11:28:24.456 [main] INFO  lsc.destination - # Removing object cn=CN0004,ou=ldap2ldap2TestTaskDst,ou=Test Data,dc=lsc-project,dc=org for ldap2ldapTestTask
# Mon Aug 03 11:28:24 UTC 2020
dn: cn=CN0004,ou=ldap2ldap2TestTaskDst,ou=Test Data,dc=lsc-project,dc=org
changetype: delete

11:28:24.489 [main] INFO  org.lsc.AbstractSynchronize - All entries: 4, to modify entries: 1, successfully modified entries: 1, errors: 0
11:28:24.490 [main] INFO  org.lsc.jndi.JndiServices - Connecting to LDAP server ldap://localhost:33389/dc=lsc-project,dc=org as cn=Directory Manager
Tests run: 3, Failures: 0, Errors: 0, Skipped: 0, Time elapsed: 5.261 sec - in org.lsc.Ldap2LdapSyncTest
Running org.lsc.Ldap2LdapBinaryPivotSyncTest
11:28:24.548 [main] DEBUG o.l.c.JaxbXmlConfigurationHelper - Loading XML configuration from: /tmp/tmpmax4mvf5/lsc/target/test-classes/etc/lsc.xml
11:28:24.586 [main] DEBUG org.reflections.Reflections - going to scan these urls:
file:/tmp/tmpmax4mvf5/lsc/target/test-classes/
file:/tmp/tmpmax4mvf5/lsc/target/classes/
11:28:24.607 [main] INFO  org.reflections.Reflections - Reflections took 20 ms to scan 2 urls, producing 102 keys and 201 values 
11:28:24.607 [main] DEBUG o.l.c.JaxbXmlConfigurationHelper - Importing XML schema file: schemas/lsc-core-2.2.xsd
11:28:24.641 [main] INFO  org.lsc.Configuration - Logging configuration successfully loaded from /tmp/tmpmax4mvf5/lsc/target/test-classes/etc/logback.xml 
11:28:24.641 [main] INFO  org.lsc.Configuration - LSC configuration successfully loaded from /tmp/tmpmax4mvf5/lsc/target/test-classes/etc/
11:28:24.644 [main] WARN  org.lsc.jndi.SimpleJndiSrcService - No clean filter has been specified for task=ldap2ldapTestTask. During the clean phase, LSC wouldn't be able to get the right entries and may delete all destination entries !
11:28:24.644 [main] WARN  org.lsc.service.AbstractJdbcService - No clean request has been specified for task=db2ldapTestTask. During the clean phase, LSC wouldn't be able to get the right entries and may delete all destination entries !
11:28:24.645 [main] WARN  org.lsc.jndi.SimpleJndiSrcService - No clean filter has been specified for task=ldap2ldapJmxTestTask. During the clean phase, LSC wouldn't be able to get the right entries and may delete all destination entries !
11:28:24.646 [main] WARN  org.lsc.jndi.SimpleJndiSrcService - No clean filter has been specified for task=ldap2ldapBinary2StringTestTask. During the clean phase, LSC wouldn't be able to get the right entries and may delete all destination entries !
11:28:24.646 [main] WARN  org.lsc.jndi.SimpleJndiSrcService - No clean filter has been specified for task=ldap2ldapSamePivotConversionTestTask. During the clean phase, LSC wouldn't be able to get the right entries and may delete all destination entries !
11:28:24.647 [main] WARN  org.lsc.jndi.SimpleJndiSrcService - No clean filter has been specified for task=ldap2dbTestTask. During the clean phase, LSC wouldn't be able to get the right entries and may delete all destination entries !
11:28:24.647 [main] INFO  lsc.destination - Starting clean for ldap2ldapBinaryTestTask
11:28:24.658 [main] INFO  lsc.destination - # Removing object cn=CN0004,ou=ldap2ldapBinaryTestTaskDst,ou=Test Data,dc=lsc-project,dc=org for ldap2ldapBinaryTestTask
# Mon Aug 03 11:28:24 UTC 2020
dn: cn=CN0004,ou=ldap2ldapBinaryTestTaskDst,ou=Test Data,dc=lsc-project,dc=org
changetype: delete

11:28:24.660 [main] INFO  org.lsc.AbstractSynchronize - All entries: 3, to modify entries: 1, successfully modified entries: 1, errors: 0
11:28:24.661 [main] INFO  org.lsc.jndi.JndiServices - Connecting to LDAP server ldap://localhost:33389/dc=lsc-project,dc=org as cn=Directory Manager
11:28:24.739 [main] DEBUG o.l.c.JaxbXmlConfigurationHelper - Loading XML configuration from: /tmp/tmpmax4mvf5/lsc/target/test-classes/etc/lsc.xml
11:28:24.740 [main] DEBUG org.reflections.Reflections - going to scan these urls:
file:/tmp/tmpmax4mvf5/lsc/target/test-classes/
file:/tmp/tmpmax4mvf5/lsc/target/classes/
11:28:24.751 [main] INFO  org.reflections.Reflections - Reflections took 11 ms to scan 2 urls, producing 102 keys and 201 values 
11:28:24.751 [main] DEBUG o.l.c.JaxbXmlConfigurationHelper - Importing XML schema file: schemas/lsc-core-2.2.xsd
11:28:24.794 [main] INFO  org.lsc.Configuration - Logging configuration successfully loaded from /tmp/tmpmax4mvf5/lsc/target/test-classes/etc/logback.xml 
11:28:24.795 [main] INFO  org.lsc.Configuration - LSC configuration successfully loaded from /tmp/tmpmax4mvf5/lsc/target/test-classes/etc/
11:28:24.805 [main] WARN  org.lsc.jndi.SimpleJndiSrcService - No clean filter has been specified for task=ldap2ldapTestTask. During the clean phase, LSC wouldn't be able to get the right entries and may delete all destination entries !
11:28:24.805 [main] WARN  org.lsc.service.AbstractJdbcService - No clean request has been specified for task=db2ldapTestTask. During the clean phase, LSC wouldn't be able to get the right entries and may delete all destination entries !
11:28:24.806 [main] WARN  org.lsc.jndi.SimpleJndiSrcService - No clean filter has been specified for task=ldap2ldapJmxTestTask. During the clean phase, LSC wouldn't be able to get the right entries and may delete all destination entries !
11:28:24.806 [main] WARN  org.lsc.jndi.SimpleJndiSrcService - No clean filter has been specified for task=ldap2ldapBinary2StringTestTask. During the clean phase, LSC wouldn't be able to get the right entries and may delete all destination entries !
11:28:24.807 [main] WARN  org.lsc.jndi.SimpleJndiSrcService - No clean filter has been specified for task=ldap2ldapSamePivotConversionTestTask. During the clean phase, LSC wouldn't be able to get the right entries and may delete all destination entries !
11:28:24.807 [main] WARN  org.lsc.jndi.SimpleJndiSrcService - No clean filter has been specified for task=ldap2dbTestTask. During the clean phase, LSC wouldn't be able to get the right entries and may delete all destination entries !
11:28:24.808 [main] INFO  lsc.destination - Starting sync for ldap2ldapBinaryTestTask
11:28:24.816 [ldap2ldapBinaryTestTask-40] DEBUG org.lsc.utils.ScriptingEvaluator - Unsupported scripting engine: Oracle Nashorn
11:28:24.817 [ldap2ldapBinaryTestTask-42] DEBUG org.lsc.utils.ScriptingEvaluator - Unsupported scripting engine: Oracle Nashorn
11:28:24.819 [ldap2ldapBinaryTestTask-38] DEBUG org.lsc.utils.ScriptingEvaluator - Unsupported scripting engine: Oracle Nashorn
11:28:24.995 [ldap2ldapBinaryTestTask-42] DEBUG org.lsc.beans.BeanComparator - In object "cn=CN0003,ou=ldap2ldapBinaryTestTaskDst,ou=Test Data,dc=lsc-project,dc=org":  List of attributes considered for writing in destination: [userPassword, telephoneNumber, mail, personalSignature, objectClass, description, cn, sn, seeAlso]
11:28:24.996 [ldap2ldapBinaryTestTask-42] DEBUG org.lsc.beans.BeanComparator - In object "cn=CN0003,ou=ldap2ldapBinaryTestTaskDst,ou=Test Data,dc=lsc-project,dc=org":  Attribute "userPassword" is in FORCE status
11:28:25.001 [ldap2ldapBinaryTestTask-40] WARN  org.lsc.jndi.JndiServices - WARNING: updating the RDN of the entry will cancel other modifications! Relaunch synchronization to complete update.
11:28:25.003 [ldap2ldapBinaryTestTask-40] INFO  lsc.destination - # Renaming object cn=CommonName0002,ou=ldap2ldapBinaryTestTaskDst,ou=Test Data,dc=lsc-project,dc=org for ldap2ldapBinaryTestTask
# Mon Aug 03 11:28:25 UTC 2020
dn: cn=CommonName0002,ou=ldap2ldapBinaryTestTaskDst,ou=Test Data,dc=lsc-project,dc=org
changetype: modrdn
newrdn: cn=CN0002
deleteoldrdn: 1
newsuperior: ou=ldap2ldapBinaryTestTaskDst,ou=Test Data,dc=lsc-project,dc=org

11:28:25.011 [ldap2ldapBinaryTestTask-38] DEBUG org.lsc.beans.BeanComparator - In object "cn=CN0001,ou=ldap2ldapBinaryTestTaskDst,ou=Test Data,dc=lsc-project,dc=org":  List of attributes considered for writing in destination: [userPassword, telephoneNumber, mail, personalSignature, objectClass, description, cn, sn, seeAlso]
11:28:25.012 [ldap2ldapBinaryTestTask-38] DEBUG org.lsc.beans.BeanComparator - In object "cn=CN0001,ou=ldap2ldapBinaryTestTaskDst,ou=Test Data,dc=lsc-project,dc=org":  Attribute "userPassword" is in FORCE status
11:28:25.013 [ldap2ldapBinaryTestTask-42] DEBUG org.lsc.beans.BeanComparator - In object "cn=CN0003,ou=ldap2ldapBinaryTestTaskDst,ou=Test Data,dc=lsc-project,dc=org":  Adding attribute "userPassword" with values [secretCN0003]
11:28:25.013 [ldap2ldapBinaryTestTask-42] DEBUG org.lsc.beans.BeanComparator - In object "cn=CN0003,ou=ldap2ldapBinaryTestTaskDst,ou=Test Data,dc=lsc-project,dc=org":  Attribute "telephoneNumber" is in FORCE status
11:28:25.014 [ldap2ldapBinaryTestTask-42] DEBUG org.lsc.beans.BeanComparator - In object "cn=CN0003,ou=ldap2ldapBinaryTestTaskDst,ou=Test Data,dc=lsc-project,dc=org":  Attribute "telephoneNumber" will not be written to the destination
11:28:25.014 [ldap2ldapBinaryTestTask-42] DEBUG org.lsc.beans.BeanComparator - In object "cn=CN0003,ou=ldap2ldapBinaryTestTaskDst,ou=Test Data,dc=lsc-project,dc=org":  Attribute "mail" is in FORCE status
11:28:25.015 [ldap2ldapBinaryTestTask-42] DEBUG org.lsc.beans.BeanComparator - In object "cn=CN0003,ou=ldap2ldapBinaryTestTaskDst,ou=Test Data,dc=lsc-project,dc=org":  Attribute "mail" will not be written to the destination
11:28:25.015 [ldap2ldapBinaryTestTask-42] DEBUG org.lsc.beans.BeanComparator - In object "cn=CN0003,ou=ldap2ldapBinaryTestTaskDst,ou=Test Data,dc=lsc-project,dc=org":  Attribute "personalSignature" is in FORCE status
11:28:25.015 [ldap2ldapBinaryTestTask-42] DEBUG org.lsc.beans.BeanComparator - In object "cn=CN0003,ou=ldap2ldapBinaryTestTaskDst,ou=Test Data,dc=lsc-project,dc=org":  Adding attribute "personalSignature" with values [[B@56e2c124]
11:28:25.016 [ldap2ldapBinaryTestTask-42] DEBUG org.lsc.beans.BeanComparator - In object "cn=CN0003,ou=ldap2ldapBinaryTestTaskDst,ou=Test Data,dc=lsc-project,dc=org":  Attribute "objectClass" is in KEEP status
11:28:25.021 [ldap2ldapBinaryTestTask-38] DEBUG org.lsc.beans.BeanComparator - In object "cn=CN0001,ou=ldap2ldapBinaryTestTaskDst,ou=Test Data,dc=lsc-project,dc=org":  Replacing attribute "userPassword": source values are [[B@2210468b], old values were [[B@632d4cb0], new values are [secretCN0001]
11:28:25.021 [ldap2ldapBinaryTestTask-38] DEBUG org.lsc.beans.BeanComparator - In object "cn=CN0001,ou=ldap2ldapBinaryTestTaskDst,ou=Test Data,dc=lsc-project,dc=org":  Attribute "telephoneNumber" is in FORCE status
11:28:25.022 [ldap2ldapBinaryTestTask-38] DEBUG org.lsc.beans.BeanComparator - In object "cn=CN0001,ou=ldap2ldapBinaryTestTaskDst,ou=Test Data,dc=lsc-project,dc=org":  Deleting attribute  "telephoneNumber"
11:28:25.022 [ldap2ldapBinaryTestTask-38] DEBUG org.lsc.beans.BeanComparator - In object "cn=CN0001,ou=ldap2ldapBinaryTestTaskDst,ou=Test Data,dc=lsc-project,dc=org":  Attribute "mail" is in FORCE status
11:28:25.022 [ldap2ldapBinaryTestTask-38] DEBUG org.lsc.beans.BeanComparator - In object "cn=CN0001,ou=ldap2ldapBinaryTestTaskDst,ou=Test Data,dc=lsc-project,dc=org":  Attribute "mail" will not be written to the destination
11:28:25.023 [ldap2ldapBinaryTestTask-38] DEBUG org.lsc.beans.BeanComparator - In object "cn=CN0001,ou=ldap2ldapBinaryTestTaskDst,ou=Test Data,dc=lsc-project,dc=org":  Attribute "personalSignature" is in FORCE status
11:28:25.023 [ldap2ldapBinaryTestTask-38] DEBUG org.lsc.beans.BeanComparator - In object "cn=CN0001,ou=ldap2ldapBinaryTestTaskDst,ou=Test Data,dc=lsc-project,dc=org":  Attribute "personalSignature" will not be written to the destination
11:28:25.023 [ldap2ldapBinaryTestTask-38] DEBUG org.lsc.beans.BeanComparator - In object "cn=CN0001,ou=ldap2ldapBinaryTestTaskDst,ou=Test Data,dc=lsc-project,dc=org":  Attribute "objectClass" is in KEEP status
11:28:25.023 [ldap2ldapBinaryTestTask-42] DEBUG org.lsc.beans.BeanComparator - In object "cn=CN0003,ou=ldap2ldapBinaryTestTaskDst,ou=Test Data,dc=lsc-project,dc=org":  Adding attribute "objectClass" with values [pilotPerson]
11:28:25.024 [ldap2ldapBinaryTestTask-38] DEBUG org.lsc.beans.BeanComparator - In object "cn=CN0001,ou=ldap2ldapBinaryTestTaskDst,ou=Test Data,dc=lsc-project,dc=org":  Attribute "description" is in FORCE status
11:28:25.024 [ldap2ldapBinaryTestTask-42] DEBUG org.lsc.beans.BeanComparator - In object "cn=CN0003,ou=ldap2ldapBinaryTestTaskDst,ou=Test Data,dc=lsc-project,dc=org":  Attribute "description" is in FORCE status
11:28:25.024 [ldap2ldapBinaryTestTask-38] DEBUG org.lsc.beans.BeanComparator - In object "cn=CN0001,ou=ldap2ldapBinaryTestTaskDst,ou=Test Data,dc=lsc-project,dc=org":  Attribute "description" will not be written to the destination
11:28:25.025 [ldap2ldapBinaryTestTask-42] DEBUG org.lsc.beans.BeanComparator - In object "cn=CN0003,ou=ldap2ldapBinaryTestTaskDst,ou=Test Data,dc=lsc-project,dc=org":  Adding attribute "description" with values [Number three's descriptive text]
11:28:25.025 [ldap2ldapBinaryTestTask-38] DEBUG org.lsc.beans.BeanComparator - In object "cn=CN0001,ou=ldap2ldapBinaryTestTaskDst,ou=Test Data,dc=lsc-project,dc=org":  Attribute "cn" is in FORCE status
11:28:25.026 [ldap2ldapBinaryTestTask-42] DEBUG org.lsc.beans.BeanComparator - In object "cn=CN0003,ou=ldap2ldapBinaryTestTaskDst,ou=Test Data,dc=lsc-project,dc=org":  Attribute "cn" is in FORCE status
11:28:25.026 [ldap2ldapBinaryTestTask-38] DEBUG org.lsc.beans.BeanComparator - In object "cn=CN0001,ou=ldap2ldapBinaryTestTaskDst,ou=Test Data,dc=lsc-project,dc=org":  Attribute "cn" will not be written to the destination
11:28:25.027 [ldap2ldapBinaryTestTask-42] DEBUG org.lsc.beans.BeanComparator - In object "cn=CN0003,ou=ldap2ldapBinaryTestTaskDst,ou=Test Data,dc=lsc-project,dc=org":  Adding attribute "cn" with values [CN0003]
11:28:25.028 [ldap2ldapBinaryTestTask-38] DEBUG org.lsc.beans.BeanComparator - In object "cn=CN0001,ou=ldap2ldapBinaryTestTaskDst,ou=Test Data,dc=lsc-project,dc=org":  Attribute "sn" is in FORCE status
11:28:25.029 [ldap2ldapBinaryTestTask-42] DEBUG org.lsc.beans.BeanComparator - In object "cn=CN0003,ou=ldap2ldapBinaryTestTaskDst,ou=Test Data,dc=lsc-project,dc=org":  Attribute "sn" is in FORCE status
11:28:25.030 [ldap2ldapBinaryTestTask-38] DEBUG org.lsc.beans.BeanComparator - In object "cn=CN0001,ou=ldap2ldapBinaryTestTaskDst,ou=Test Data,dc=lsc-project,dc=org":  Attribute "sn" will not be written to the destination
11:28:25.031 [ldap2ldapBinaryTestTask-42] DEBUG org.lsc.beans.BeanComparator - In object "cn=CN0003,ou=ldap2ldapBinaryTestTaskDst,ou=Test Data,dc=lsc-project,dc=org":  Adding attribute "sn" with values [SN0003]
11:28:25.032 [ldap2ldapBinaryTestTask-38] DEBUG org.lsc.beans.BeanComparator - In object "cn=CN0001,ou=ldap2ldapBinaryTestTaskDst,ou=Test Data,dc=lsc-project,dc=org":  Attribute "seeAlso" is in FORCE status
11:28:25.032 [ldap2ldapBinaryTestTask-42] DEBUG org.lsc.beans.BeanComparator - In object "cn=CN0003,ou=ldap2ldapBinaryTestTaskDst,ou=Test Data,dc=lsc-project,dc=org":  Attribute "seeAlso" is in FORCE status
11:28:25.033 [ldap2ldapBinaryTestTask-38] DEBUG org.lsc.beans.BeanComparator - In object "cn=CN0001,ou=ldap2ldapBinaryTestTaskDst,ou=Test Data,dc=lsc-project,dc=org":  Deleting attribute  "seeAlso"
11:28:25.034 [ldap2ldapBinaryTestTask-42] DEBUG org.lsc.beans.BeanComparator - In object "cn=CN0003,ou=ldap2ldapBinaryTestTaskDst,ou=Test Data,dc=lsc-project,dc=org":  Attribute "seeAlso" will not be written to the destination
11:28:25.085 [ldap2ldapBinaryTestTask-38] INFO  lsc.destination - # Updating object cn=CN0001,ou=ldap2ldapBinaryTestTaskDst,ou=Test Data,dc=lsc-project,dc=org for ldap2ldapBinaryTestTask
# Mon Aug 03 11:28:25 UTC 2020
dn: cn=CN0001,ou=ldap2ldapBinaryTestTaskDst,ou=Test Data,dc=lsc-project,dc=org
changetype: modify
replace: userPassword
userPassword: secretCN0001
-
delete: telephoneNumber
-
delete: seeAlso
-

11:28:25.086 [ldap2ldapBinaryTestTask-42] INFO  lsc.destination - # Adding new object cn=CN0003,ou=ldap2ldapBinaryTestTaskDst,ou=Test Data,dc=lsc-project,dc=org for ldap2ldapBinaryTestTask
# Mon Aug 03 11:28:25 UTC 2020
dn: cn=CN0003,ou=ldap2ldapBinaryTestTaskDst,ou=Test Data,dc=lsc-project,dc=org
changetype: add
userPassword: secretCN0003
personalSignature:: AAM=
objectClass: pilotPerson
description: Number three's descriptive text
cn: CN0003
sn: SN0003

11:28:25.089 [main] INFO  org.lsc.AbstractSynchronize - All entries: 3, to modify entries: 3, successfully modified entries: 3, errors: 0
11:28:25.090 [main] INFO  org.lsc.jndi.JndiServices - Connecting to LDAP server ldap://localhost:33389/dc=lsc-project,dc=org as cn=Directory Manager
11:28:25.110 [main] WARN  org.lsc.jndi.SimpleJndiSrcService - No clean filter has been specified for task=ldap2ldapTestTask. During the clean phase, LSC wouldn't be able to get the right entries and may delete all destination entries !
11:28:25.111 [main] WARN  org.lsc.service.AbstractJdbcService - No clean request has been specified for task=db2ldapTestTask. During the clean phase, LSC wouldn't be able to get the right entries and may delete all destination entries !
11:28:25.112 [main] WARN  org.lsc.jndi.SimpleJndiSrcService - No clean filter has been specified for task=ldap2ldapJmxTestTask. During the clean phase, LSC wouldn't be able to get the right entries and may delete all destination entries !
11:28:25.114 [main] WARN  org.lsc.jndi.SimpleJndiSrcService - No clean filter has been specified for task=ldap2ldapBinary2StringTestTask. During the clean phase, LSC wouldn't be able to get the right entries and may delete all destination entries !
11:28:25.116 [main] WARN  org.lsc.jndi.SimpleJndiSrcService - No clean filter has been specified for task=ldap2ldapSamePivotConversionTestTask. During the clean phase, LSC wouldn't be able to get the right entries and may delete all destination entries !
11:28:25.117 [main] WARN  org.lsc.jndi.SimpleJndiSrcService - No clean filter has been specified for task=ldap2dbTestTask. During the clean phase, LSC wouldn't be able to get the right entries and may delete all destination entries !
11:28:25.118 [main] INFO  lsc.destination - Starting sync for ldap2ldapBinaryTestTask
11:28:25.130 [ldap2ldapBinaryTestTask-47] DEBUG org.lsc.utils.ScriptingEvaluator - Unsupported scripting engine: Oracle Nashorn
11:28:25.131 [ldap2ldapBinaryTestTask-45] DEBUG org.lsc.utils.ScriptingEvaluator - Unsupported scripting engine: Oracle Nashorn
11:28:25.131 [ldap2ldapBinaryTestTask-49] DEBUG org.lsc.utils.ScriptingEvaluator - Unsupported scripting engine: Oracle Nashorn
11:28:25.319 [ldap2ldapBinaryTestTask-47] DEBUG org.lsc.beans.BeanComparator - In object "cn=CN0002,ou=ldap2ldapBinaryTestTaskDst,ou=Test Data,dc=lsc-project,dc=org":  List of attributes considered for writing in destination: [userPassword, telephoneNumber, mail, personalSignature, objectClass, description, cn, sn, seeAlso]
11:28:25.319 [ldap2ldapBinaryTestTask-49] DEBUG org.lsc.beans.BeanComparator - In object "cn=CN0003,ou=ldap2ldapBinaryTestTaskDst,ou=Test Data,dc=lsc-project,dc=org":  List of attributes considered for writing in destination: [userPassword, telephoneNumber, mail, personalSignature, objectClass, description, cn, sn, seeAlso]
11:28:25.319 [ldap2ldapBinaryTestTask-47] DEBUG org.lsc.beans.BeanComparator - In object "cn=CN0002,ou=ldap2ldapBinaryTestTaskDst,ou=Test Data,dc=lsc-project,dc=org":  Attribute "userPassword" is in FORCE status
11:28:25.320 [ldap2ldapBinaryTestTask-49] DEBUG org.lsc.beans.BeanComparator - In object "cn=CN0003,ou=ldap2ldapBinaryTestTaskDst,ou=Test Data,dc=lsc-project,dc=org":  Attribute "userPassword" is in FORCE status
11:28:25.322 [ldap2ldapBinaryTestTask-45] DEBUG org.lsc.beans.BeanComparator - In object "cn=CN0001,ou=ldap2ldapBinaryTestTaskDst,ou=Test Data,dc=lsc-project,dc=org":  List of attributes considered for writing in destination: [userPassword, telephoneNumber, mail, personalSignature, objectClass, description, cn, sn, seeAlso]
11:28:25.322 [ldap2ldapBinaryTestTask-45] DEBUG org.lsc.beans.BeanComparator - In object "cn=CN0001,ou=ldap2ldapBinaryTestTaskDst,ou=Test Data,dc=lsc-project,dc=org":  Attribute "userPassword" is in FORCE status
11:28:25.331 [ldap2ldapBinaryTestTask-49] DEBUG org.lsc.beans.BeanComparator - In object "cn=CN0003,ou=ldap2ldapBinaryTestTaskDst,ou=Test Data,dc=lsc-project,dc=org":  Replacing attribute "userPassword": source values are [[B@118711be], old values were [[B@50ba1b85], new values are [secretCN0003]
11:28:25.332 [ldap2ldapBinaryTestTask-47] DEBUG org.lsc.beans.BeanComparator - In object "cn=CN0002,ou=ldap2ldapBinaryTestTaskDst,ou=Test Data,dc=lsc-project,dc=org":  Replacing attribute "userPassword": source values are [[B@1c52ff35], old values were [[B@5d6ff50e], new values are [secretCN0002]
11:28:25.332 [ldap2ldapBinaryTestTask-45] DEBUG org.lsc.beans.BeanComparator - In object "cn=CN0001,ou=ldap2ldapBinaryTestTaskDst,ou=Test Data,dc=lsc-project,dc=org":  Replacing attribute "userPassword": source values are [[B@286a7ea9], old values were [[B@69577492], new values are [secretCN0001]
11:28:25.332 [ldap2ldapBinaryTestTask-47] DEBUG org.lsc.beans.BeanComparator - In object "cn=CN0002,ou=ldap2ldapBinaryTestTaskDst,ou=Test Data,dc=lsc-project,dc=org":  Attribute "telephoneNumber" is in FORCE status
11:28:25.332 [ldap2ldapBinaryTestTask-49] DEBUG org.lsc.beans.BeanComparator - In object "cn=CN0003,ou=ldap2ldapBinaryTestTaskDst,ou=Test Data,dc=lsc-project,dc=org":  Attribute "telephoneNumber" is in FORCE status
11:28:25.333 [ldap2ldapBinaryTestTask-47] DEBUG org.lsc.beans.BeanComparator - In object "cn=CN0002,ou=ldap2ldapBinaryTestTaskDst,ou=Test Data,dc=lsc-project,dc=org":  Adding attribute "telephoneNumber" with values [987987]
11:28:25.333 [ldap2ldapBinaryTestTask-45] DEBUG org.lsc.beans.BeanComparator - In object "cn=CN0001,ou=ldap2ldapBinaryTestTaskDst,ou=Test Data,dc=lsc-project,dc=org":  Attribute "telephoneNumber" is in FORCE status
11:28:25.334 [ldap2ldapBinaryTestTask-47] DEBUG org.lsc.beans.BeanComparator - In object "cn=CN0002,ou=ldap2ldapBinaryTestTaskDst,ou=Test Data,dc=lsc-project,dc=org":  Attribute "mail" is in FORCE status
11:28:25.333 [ldap2ldapBinaryTestTask-49] DEBUG org.lsc.beans.BeanComparator - In object "cn=CN0003,ou=ldap2ldapBinaryTestTaskDst,ou=Test Data,dc=lsc-project,dc=org":  Attribute "telephoneNumber" will not be written to the destination
11:28:25.334 [ldap2ldapBinaryTestTask-47] DEBUG org.lsc.beans.BeanComparator - In object "cn=CN0002,ou=ldap2ldapBinaryTestTaskDst,ou=Test Data,dc=lsc-project,dc=org":  Attribute "mail" will not be written to the destination
11:28:25.334 [ldap2ldapBinaryTestTask-45] DEBUG org.lsc.beans.BeanComparator - In object "cn=CN0001,ou=ldap2ldapBinaryTestTaskDst,ou=Test Data,dc=lsc-project,dc=org":  Attribute "telephoneNumber" will not be written to the destination
11:28:25.335 [ldap2ldapBinaryTestTask-47] DEBUG org.lsc.beans.BeanComparator - In object "cn=CN0002,ou=ldap2ldapBinaryTestTaskDst,ou=Test Data,dc=lsc-project,dc=org":  Attribute "personalSignature" is in FORCE status
11:28:25.335 [ldap2ldapBinaryTestTask-49] DEBUG org.lsc.beans.BeanComparator - In object "cn=CN0003,ou=ldap2ldapBinaryTestTaskDst,ou=Test Data,dc=lsc-project,dc=org":  Attribute "mail" is in FORCE status
11:28:25.336 [ldap2ldapBinaryTestTask-47] DEBUG org.lsc.beans.BeanComparator - In object "cn=CN0002,ou=ldap2ldapBinaryTestTaskDst,ou=Test Data,dc=lsc-project,dc=org":  Attribute "personalSignature" will not be written to the destination
11:28:25.336 [ldap2ldapBinaryTestTask-47] DEBUG org.lsc.beans.BeanComparator - In object "cn=CN0002,ou=ldap2ldapBinaryTestTaskDst,ou=Test Data,dc=lsc-project,dc=org":  Attribute "objectClass" is in KEEP status
11:28:25.335 [ldap2ldapBinaryTestTask-45] DEBUG org.lsc.beans.BeanComparator - In object "cn=CN0001,ou=ldap2ldapBinaryTestTaskDst,ou=Test Data,dc=lsc-project,dc=org":  Attribute "mail" is in FORCE status
11:28:25.337 [ldap2ldapBinaryTestTask-47] DEBUG org.lsc.beans.BeanComparator - In object "cn=CN0002,ou=ldap2ldapBinaryTestTaskDst,ou=Test Data,dc=lsc-project,dc=org":  Attribute "description" is in FORCE status
11:28:25.336 [ldap2ldapBinaryTestTask-49] DEBUG org.lsc.beans.BeanComparator - In object "cn=CN0003,ou=ldap2ldapBinaryTestTaskDst,ou=Test Data,dc=lsc-project,dc=org":  Attribute "mail" will not be written to the destination
11:28:25.338 [ldap2ldapBinaryTestTask-49] DEBUG org.lsc.beans.BeanComparator - In object "cn=CN0003,ou=ldap2ldapBinaryTestTaskDst,ou=Test Data,dc=lsc-project,dc=org":  Attribute "personalSignature" is in FORCE status
11:28:25.338 [ldap2ldapBinaryTestTask-49] DEBUG org.lsc.beans.BeanComparator - In object "cn=CN0003,ou=ldap2ldapBinaryTestTaskDst,ou=Test Data,dc=lsc-project,dc=org":  Attribute "personalSignature" will not be written to the destination
11:28:25.338 [ldap2ldapBinaryTestTask-49] DEBUG org.lsc.beans.BeanComparator - In object "cn=CN0003,ou=ldap2ldapBinaryTestTaskDst,ou=Test Data,dc=lsc-project,dc=org":  Attribute "objectClass" is in KEEP status
11:28:25.339 [ldap2ldapBinaryTestTask-49] DEBUG org.lsc.beans.BeanComparator - In object "cn=CN0003,ou=ldap2ldapBinaryTestTaskDst,ou=Test Data,dc=lsc-project,dc=org":  Attribute "description" is in FORCE status
11:28:25.339 [ldap2ldapBinaryTestTask-49] DEBUG org.lsc.beans.BeanComparator - In object "cn=CN0003,ou=ldap2ldapBinaryTestTaskDst,ou=Test Data,dc=lsc-project,dc=org":  Attribute "description" will not be written to the destination
11:28:25.339 [ldap2ldapBinaryTestTask-49] DEBUG org.lsc.beans.BeanComparator - In object "cn=CN0003,ou=ldap2ldapBinaryTestTaskDst,ou=Test Data,dc=lsc-project,dc=org":  Attribute "cn" is in FORCE status
11:28:25.339 [ldap2ldapBinaryTestTask-49] DEBUG org.lsc.beans.BeanComparator - In object "cn=CN0003,ou=ldap2ldapBinaryTestTaskDst,ou=Test Data,dc=lsc-project,dc=org":  Attribute "cn" will not be written to the destination
11:28:25.340 [ldap2ldapBinaryTestTask-49] DEBUG org.lsc.beans.BeanComparator - In object "cn=CN0003,ou=ldap2ldapBinaryTestTaskDst,ou=Test Data,dc=lsc-project,dc=org":  Attribute "sn" is in FORCE status
11:28:25.340 [ldap2ldapBinaryTestTask-49] DEBUG org.lsc.beans.BeanComparator - In object "cn=CN0003,ou=ldap2ldapBinaryTestTaskDst,ou=Test Data,dc=lsc-project,dc=org":  Attribute "sn" will not be written to the destination
11:28:25.340 [ldap2ldapBinaryTestTask-49] DEBUG org.lsc.beans.BeanComparator - In object "cn=CN0003,ou=ldap2ldapBinaryTestTaskDst,ou=Test Data,dc=lsc-project,dc=org":  Attribute "seeAlso" is in FORCE status
11:28:25.340 [ldap2ldapBinaryTestTask-49] DEBUG org.lsc.beans.BeanComparator - In object "cn=CN0003,ou=ldap2ldapBinaryTestTaskDst,ou=Test Data,dc=lsc-project,dc=org":  Attribute "seeAlso" will not be written to the destination
11:28:25.337 [ldap2ldapBinaryTestTask-47] DEBUG org.lsc.beans.BeanComparator - In object "cn=CN0002,ou=ldap2ldapBinaryTestTaskDst,ou=Test Data,dc=lsc-project,dc=org":  Adding attribute "description" with values [Number two's descriptive text]
11:28:25.337 [ldap2ldapBinaryTestTask-45] DEBUG org.lsc.beans.BeanComparator - In object "cn=CN0001,ou=ldap2ldapBinaryTestTaskDst,ou=Test Data,dc=lsc-project,dc=org":  Attribute "mail" will not be written to the destination
11:28:25.386 [ldap2ldapBinaryTestTask-47] DEBUG org.lsc.beans.BeanComparator - In object "cn=CN0002,ou=ldap2ldapBinaryTestTaskDst,ou=Test Data,dc=lsc-project,dc=org":  Attribute "cn" is in FORCE status
11:28:25.387 [ldap2ldapBinaryTestTask-49] INFO  lsc.destination - # Updating object cn=CN0003,ou=ldap2ldapBinaryTestTaskDst,ou=Test Data,dc=lsc-project,dc=org for ldap2ldapBinaryTestTask
11:28:25.387 [ldap2ldapBinaryTestTask-45] DEBUG org.lsc.beans.BeanComparator - In object "cn=CN0001,ou=ldap2ldapBinaryTestTaskDst,ou=Test Data,dc=lsc-project,dc=org":  Attribute "personalSignature" is in FORCE status
# Mon Aug 03 11:28:25 UTC 2020
dn: cn=CN0003,ou=ldap2ldapBinaryTestTaskDst,ou=Test Data,dc=lsc-project,dc=org
changetype: modify
replace: userPassword
userPassword: secretCN0003
-

11:28:25.388 [ldap2ldapBinaryTestTask-47] DEBUG org.lsc.beans.BeanComparator - In object "cn=CN0002,ou=ldap2ldapBinaryTestTaskDst,ou=Test Data,dc=lsc-project,dc=org":  Attribute "cn" will not be written to the destination
11:28:25.389 [ldap2ldapBinaryTestTask-45] DEBUG org.lsc.beans.BeanComparator - In object "cn=CN0001,ou=ldap2ldapBinaryTestTaskDst,ou=Test Data,dc=lsc-project,dc=org":  Attribute "personalSignature" will not be written to the destination
11:28:25.391 [ldap2ldapBinaryTestTask-47] DEBUG org.lsc.beans.BeanComparator - In object "cn=CN0002,ou=ldap2ldapBinaryTestTaskDst,ou=Test Data,dc=lsc-project,dc=org":  Attribute "sn" is in FORCE status
11:28:25.392 [ldap2ldapBinaryTestTask-45] DEBUG org.lsc.beans.BeanComparator - In object "cn=CN0001,ou=ldap2ldapBinaryTestTaskDst,ou=Test Data,dc=lsc-project,dc=org":  Attribute "objectClass" is in KEEP status
11:28:25.393 [ldap2ldapBinaryTestTask-47] DEBUG org.lsc.beans.BeanComparator - In object "cn=CN0002,ou=ldap2ldapBinaryTestTaskDst,ou=Test Data,dc=lsc-project,dc=org":  Attribute "sn" will not be written to the destination
11:28:25.393 [ldap2ldapBinaryTestTask-45] DEBUG org.lsc.beans.BeanComparator - In object "cn=CN0001,ou=ldap2ldapBinaryTestTaskDst,ou=Test Data,dc=lsc-project,dc=org":  Attribute "description" is in FORCE status
11:28:25.394 [ldap2ldapBinaryTestTask-47] DEBUG org.lsc.beans.BeanComparator - In object "cn=CN0002,ou=ldap2ldapBinaryTestTaskDst,ou=Test Data,dc=lsc-project,dc=org":  Attribute "seeAlso" is in FORCE status
11:28:25.395 [ldap2ldapBinaryTestTask-45] DEBUG org.lsc.beans.BeanComparator - In object "cn=CN0001,ou=ldap2ldapBinaryTestTaskDst,ou=Test Data,dc=lsc-project,dc=org":  Attribute "description" will not be written to the destination
11:28:25.396 [ldap2ldapBinaryTestTask-47] DEBUG org.lsc.beans.BeanComparator - In object "cn=CN0002,ou=ldap2ldapBinaryTestTaskDst,ou=Test Data,dc=lsc-project,dc=org":  Attribute "seeAlso" will not be written to the destination
11:28:25.397 [ldap2ldapBinaryTestTask-45] DEBUG org.lsc.beans.BeanComparator - In object "cn=CN0001,ou=ldap2ldapBinaryTestTaskDst,ou=Test Data,dc=lsc-project,dc=org":  Attribute "cn" is in FORCE status
11:28:25.399 [ldap2ldapBinaryTestTask-45] DEBUG org.lsc.beans.BeanComparator - In object "cn=CN0001,ou=ldap2ldapBinaryTestTaskDst,ou=Test Data,dc=lsc-project,dc=org":  Attribute "cn" will not be written to the destination
11:28:25.399 [ldap2ldapBinaryTestTask-45] DEBUG org.lsc.beans.BeanComparator - In object "cn=CN0001,ou=ldap2ldapBinaryTestTaskDst,ou=Test Data,dc=lsc-project,dc=org":  Attribute "sn" is in FORCE status
11:28:25.400 [ldap2ldapBinaryTestTask-45] DEBUG org.lsc.beans.BeanComparator - In object "cn=CN0001,ou=ldap2ldapBinaryTestTaskDst,ou=Test Data,dc=lsc-project,dc=org":  Attribute "sn" will not be written to the destination
11:28:25.400 [ldap2ldapBinaryTestTask-47] INFO  lsc.destination - # Updating object cn=CN0002,ou=ldap2ldapBinaryTestTaskDst,ou=Test Data,dc=lsc-project,dc=org for ldap2ldapBinaryTestTask
11:28:25.400 [ldap2ldapBinaryTestTask-45] DEBUG org.lsc.beans.BeanComparator - In object "cn=CN0001,ou=ldap2ldapBinaryTestTaskDst,ou=Test Data,dc=lsc-project,dc=org":  Attribute "seeAlso" is in FORCE status
# Mon Aug 03 11:28:25 UTC 2020
dn: cn=CN0002,ou=ldap2ldapBinaryTestTaskDst,ou=Test Data,dc=lsc-project,dc=org
changetype: modify
replace: userPassword
userPassword: secretCN0002
-
replace: telephoneNumber
telephoneNumber: 987987
-
replace: description
description: Number two's descriptive text
-

11:28:25.402 [ldap2ldapBinaryTestTask-45] DEBUG org.lsc.beans.BeanComparator - In object "cn=CN0001,ou=ldap2ldapBinaryTestTaskDst,ou=Test Data,dc=lsc-project,dc=org":  Attribute "seeAlso" will not be written to the destination
11:28:25.407 [ldap2ldapBinaryTestTask-45] INFO  lsc.destination - # Updating object cn=CN0001,ou=ldap2ldapBinaryTestTaskDst,ou=Test Data,dc=lsc-project,dc=org for ldap2ldapBinaryTestTask
# Mon Aug 03 11:28:25 UTC 2020
dn: cn=CN0001,ou=ldap2ldapBinaryTestTaskDst,ou=Test Data,dc=lsc-project,dc=org
changetype: modify
replace: userPassword
userPassword: secretCN0001
-

11:28:25.408 [main] INFO  org.lsc.AbstractSynchronize - All entries: 3, to modify entries: 3, successfully modified entries: 3, errors: 0
11:28:25.408 [main] INFO  org.lsc.jndi.JndiServices - Connecting to LDAP server ldap://localhost:33389/dc=lsc-project,dc=org as cn=Directory Manager
Tests run: 2, Failures: 0, Errors: 0, Skipped: 0, Time elapsed: 0.914 sec - in org.lsc.Ldap2LdapBinaryPivotSyncTest
Running org.lsc.utils.SecurityUtilsTest
11:28:25.630 [main] DEBUG o.l.c.JaxbXmlConfigurationHelper - Loading XML configuration from: /tmp/tmpmax4mvf5/lsc/target/test-classes/etc/lsc.xml
11:28:25.632 [main] DEBUG org.reflections.Reflections - going to scan these urls:
file:/tmp/tmpmax4mvf5/lsc/target/test-classes/
file:/tmp/tmpmax4mvf5/lsc/target/classes/
11:28:25.643 [main] INFO  org.reflections.Reflections - Reflections took 11 ms to scan 2 urls, producing 103 keys and 202 values 
11:28:25.644 [main] DEBUG o.l.c.JaxbXmlConfigurationHelper - Importing XML schema file: schemas/lsc-core-2.2.xsd
11:28:25.673 [main] INFO  org.lsc.Configuration - Logging configuration successfully loaded from /tmp/tmpmax4mvf5/lsc/target/test-classes/etc/logback.xml 
11:28:25.673 [main] INFO  org.lsc.Configuration - LSC configuration successfully loaded from /tmp/tmpmax4mvf5/lsc/target/test-classes/etc/
Tests run: 3, Failures: 0, Errors: 0, Skipped: 0, Time elapsed: 0.461 sec - in org.lsc.utils.SecurityUtilsTest
Running org.lsc.utils.directory.ADTest
Tests run: 7, Failures: 0, Errors: 0, Skipped: 0, Time elapsed: 0.002 sec - in org.lsc.utils.directory.ADTest
Running org.lsc.utils.directory.LDAPTest
11:28:25.889 [main] INFO  org.lsc.jndi.JndiServices - Connecting to LDAP server ldap://localhost:33389/ anonymously
11:28:25.895 [main] DEBUG org.lsc.utils.ScriptingEvaluator - Unsupported scripting engine: Oracle Nashorn
11:28:25.902 [main] INFO  org.lsc.jndi.JndiServices - Connecting to LDAP server ldap://no.such.host.really:33389/ anonymously
11:28:25.924 [main] INFO  org.lsc.jndi.JndiServices - Connecting to LDAP server ldap://localhost:33389/dc=lsc-project,dc=com as cn=Directory Manager
11:28:25.928 [main] ERROR org.lsc.jndi.JndiServices - Error while looking for (cn=CN0001) in : javax.naming.NameNotFoundException: [LDAP: error code 32 - The entry dc=lsc-project,dc=com specified as the search base does not exist in the Directory Server]; remaining name ''
Tests run: 3, Failures: 0, Errors: 1, Skipped: 0, Time elapsed: 0.041 sec <<< FAILURE! - in org.lsc.utils.directory.LDAPTest
testCanBind(org.lsc.utils.directory.LDAPTest)  Time elapsed: 0.013 sec  <<< ERROR!
java.lang.NullPointerException
	at org.lsc.utils.directory.LDAPTest.testCanBind(LDAPTest.java:79)

Running org.lsc.utils.GroovyEvaluatorTest
Tests run: 1, Failures: 0, Errors: 1, Skipped: 0, Time elapsed: 0.009 sec <<< FAILURE! - in org.lsc.utils.GroovyEvaluatorTest
test1(org.lsc.utils.GroovyEvaluatorTest)  Time elapsed: 0.009 sec  <<< ERROR!
java.lang.ExceptionInInitializerError
	at org.lsc.utils.GroovyEvaluatorTest.test1(GroovyEvaluatorTest.java:37)
Caused by: java.lang.IllegalStateException: JMockit requires a Java 5 VM or later.
	at org.lsc.utils.GroovyEvaluatorTest.test1(GroovyEvaluatorTest.java:37)

Running org.lsc.utils.FrenchFiltersTest
Tests run: 9, Failures: 0, Errors: 0, Skipped: 0, Time elapsed: 0.009 sec - in org.lsc.utils.FrenchFiltersTest
Running org.lsc.utils.output.CsvLayoutTest
Tests run: 6, Failures: 0, Errors: 0, Skipped: 0, Time elapsed: 0.007 sec - in org.lsc.utils.output.CsvLayoutTest
Running org.lsc.utils.output.LdifLayoutTest
Tests run: 3, Failures: 0, Errors: 3, Skipped: 0, Time elapsed: 0 sec <<< FAILURE! - in org.lsc.utils.output.LdifLayoutTest
testRemove(org.lsc.utils.output.LdifLayoutTest)  Time elapsed: 0 sec  <<< ERROR!
java.lang.NoClassDefFoundError: mockit.NonStrictExpectations
	at org.lsc.utils.output.LdifLayoutTest.init(LdifLayoutTest.java:91)

testAdd(org.lsc.utils.output.LdifLayoutTest)  Time elapsed: 0 sec  <<< ERROR!
java.lang.NoClassDefFoundError: mockit.NonStrictExpectations
	at org.lsc.utils.output.LdifLayoutTest.init(LdifLayoutTest.java:91)

testModify(org.lsc.utils.output.LdifLayoutTest)  Time elapsed: 0 sec  <<< ERROR!
java.lang.NoClassDefFoundError: mockit.NonStrictExpectations
	at org.lsc.utils.output.LdifLayoutTest.init(LdifLayoutTest.java:91)

Running org.lsc.utils.DateUtilsTest
Tests run: 3, Failures: 0, Errors: 0, Skipped: 0, Time elapsed: 0 sec - in org.lsc.utils.DateUtilsTest
Running org.lsc.jndi.ScriptableJndiServicesTest
11:28:26.014 [main] DEBUG o.l.c.JaxbXmlConfigurationHelper - Loading XML configuration from: /tmp/tmpmax4mvf5/lsc/target/test-classes/etc/lsc.xml
11:28:26.015 [main] DEBUG org.reflections.Reflections - going to scan these urls:
file:/tmp/tmpmax4mvf5/lsc/target/test-classes/
file:/tmp/tmpmax4mvf5/lsc/target/classes/
11:28:26.027 [main] INFO  org.reflections.Reflections - Reflections took 11 ms to scan 2 urls, producing 103 keys and 202 values 
11:28:26.027 [main] DEBUG o.l.c.JaxbXmlConfigurationHelper - Importing XML schema file: schemas/lsc-core-2.2.xsd
11:28:26.091 [main] INFO  org.lsc.Configuration - Logging configuration successfully loaded from /tmp/tmpmax4mvf5/lsc/target/test-classes/etc/logback.xml 
11:28:26.091 [main] INFO  org.lsc.Configuration - LSC configuration successfully loaded from /tmp/tmpmax4mvf5/lsc/target/test-classes/etc/
Tests run: 3, Failures: 0, Errors: 0, Skipped: 0, Time elapsed: 0.105 sec - in org.lsc.jndi.ScriptableJndiServicesTest
Running org.lsc.jndi.JScriptEvaluatorTest
11:28:26.146 [main] DEBUG o.l.c.JaxbXmlConfigurationHelper - Loading XML configuration from: /tmp/tmpmax4mvf5/lsc/target/test-classes/etc/lsc.xml
11:28:26.147 [main] DEBUG org.reflections.Reflections - going to scan these urls:
file:/tmp/tmpmax4mvf5/lsc/target/test-classes/
file:/tmp/tmpmax4mvf5/lsc/target/classes/
11:28:26.159 [main] INFO  org.reflections.Reflections - Reflections took 11 ms to scan 2 urls, producing 103 keys and 202 values 
11:28:26.159 [main] DEBUG o.l.c.JaxbXmlConfigurationHelper - Importing XML schema file: schemas/lsc-core-2.2.xsd
11:28:26.201 [main] INFO  org.lsc.Configuration - Logging configuration successfully loaded from /tmp/tmpmax4mvf5/lsc/target/test-classes/etc/logback.xml 
11:28:26.201 [main] INFO  org.lsc.Configuration - LSC configuration successfully loaded from /tmp/tmpmax4mvf5/lsc/target/test-classes/etc/
Tests run: 5, Failures: 0, Errors: 5, Skipped: 0, Time elapsed: 0.107 sec <<< FAILURE! - in org.lsc.jndi.JScriptEvaluatorTest
testOk(org.lsc.jndi.JScriptEvaluatorTest)  Time elapsed: 0 sec  <<< ERROR!
java.lang.NullPointerException
	at org.lsc.jndi.JScriptEvaluatorTest.testOk(JScriptEvaluatorTest.java:93)

testNk(org.lsc.jndi.JScriptEvaluatorTest)  Time elapsed: 0.001 sec  <<< ERROR!
java.lang.Exception: Unexpected exception, expected<org.lsc.exception.LscServiceException> but was<java.lang.NullPointerException>
	at org.lsc.jndi.JScriptEvaluatorTest.testNk(JScriptEvaluatorTest.java:101)

testOk2(org.lsc.jndi.JScriptEvaluatorTest)  Time elapsed: 0.001 sec  <<< ERROR!
java.lang.NullPointerException
	at org.lsc.jndi.JScriptEvaluatorTest.testOk2(JScriptEvaluatorTest.java:109)

testList(org.lsc.jndi.JScriptEvaluatorTest)  Time elapsed: 0.001 sec  <<< ERROR!
java.lang.NullPointerException
	at org.lsc.jndi.JScriptEvaluatorTest.testList(JScriptEvaluatorTest.java:122)

testOkLdap(org.lsc.jndi.JScriptEvaluatorTest)  Time elapsed: 0.103 sec  <<< ERROR!
java.lang.NoClassDefFoundError: mockit.NonStrictExpectations
	at org.lsc.jndi.JScriptEvaluatorTest.testOkLdap(JScriptEvaluatorTest.java:157)

Running org.lsc.jndi.JndiServicesTest
11:28:26.204 [main] DEBUG org.lsc.jndi.JndiServicesTest - Counting all the directory entries ...
11:28:26.206 [main] DEBUG org.lsc.jndi.JndiServicesTest - key=ou=People,dc=lsc-project,dc=org, value=top
11:28:26.206 [main] DEBUG org.lsc.jndi.JndiServicesTest - key=ou=Sample,dc=lsc-project,dc=org, value=top
11:28:26.206 [main] DEBUG org.lsc.jndi.JndiServicesTest - key=ou=Groups,dc=lsc-project,dc=org, value=top
11:28:26.207 [main] DEBUG org.lsc.jndi.JndiServicesTest - key=ou=Test Data,dc=lsc-project,dc=org, value=top
11:28:26.207 [main] DEBUG org.lsc.jndi.JndiServicesTest -  Final count : 4
11:28:26.224 [main] ERROR org.lsc.jndi.JndiServices - Error while modifying entry ou=People in directory :javax.naming.directory.InvalidAttributeValueException: [LDAP: error code 19 - Entry ou=People,dc=lsc-project,dc=org cannot be modified because the modification attempted to update attribute creatorsName which is defined as NO-USER-MODIFICATION in the server schema]; remaining name 'ou=People'
Tests run: 7, Failures: 0, Errors: 0, Skipped: 0, Time elapsed: 0.017 sec - in org.lsc.jndi.JndiServicesTest
Running org.lsc.jndi.parser.LdapAttributeTypeTest
11:28:26.231 [main] DEBUG o.lsc.jndi.parser.LdapAttributeType - Re/Starting analysis with rest=" DESC 'BerkeleyDB DB_CONFIG configuration directives' SYNTAX 1.3.6.1.4.1.1466.115.121.1.15 X-ORDERED 'VALUES' "
11:28:26.233 [main] DEBUG o.lsc.jndi.parser.LdapAttributeType - Re/Starting analysis with rest="SYNTAX 1.3.6.1.4.1.1466.115.121.1.15 X-ORDERED 'VALUES' "
11:28:26.234 [main] DEBUG o.lsc.jndi.parser.LdapAttributeType - No inheritence found for "( 1.3.6.1.4.1.4203.666.11.1.3.2.1.3 NAME 'olcDbConfig' DESC 'BerkeleyDB DB_CONFIG configuration directives' SYNTAX 1.3.6.1.4.1.1466.115.121.1.15 X-ORDERED 'VALUES' )"
11:28:26.235 [main] DEBUG o.lsc.jndi.parser.LdapAttributeType - No equality rule found for "( 1.3.6.1.4.1.4203.666.11.1.3.2.1.3 NAME 'olcDbConfig' DESC 'BerkeleyDB DB_CONFIG configuration directives' SYNTAX 1.3.6.1.4.1.1466.115.121.1.15 X-ORDERED 'VALUES' )"
11:28:26.236 [main] DEBUG o.lsc.jndi.parser.LdapAttributeType - No substring rule found for "( 1.3.6.1.4.1.4203.666.11.1.3.2.1.3 NAME 'olcDbConfig' DESC 'BerkeleyDB DB_CONFIG configuration directives' SYNTAX 1.3.6.1.4.1.1466.115.121.1.15 X-ORDERED 'VALUES' )"
11:28:26.237 [main] DEBUG o.lsc.jndi.parser.LdapAttributeType - No ordering rule found for "( 1.3.6.1.4.1.4203.666.11.1.3.2.1.3 NAME 'olcDbConfig' DESC 'BerkeleyDB DB_CONFIG configuration directives' SYNTAX 1.3.6.1.4.1.1466.115.121.1.15 X-ORDERED 'VALUES' )"
11:28:26.238 [main] DEBUG o.lsc.jndi.parser.LdapAttributeType - Re/Starting analysis with rest=" EQUALITY caseIgnoreMatch SUBSTR caseIgnoreSubstringsMatch SYNTAX 1.3.6.1.4.1.1466.115.121.1.15{32768} SINGLE-VALUE "
11:28:26.239 [main] DEBUG o.lsc.jndi.parser.LdapAttributeType - Re/Starting analysis with rest="SYNTAX 1.3.6.1.4.1.1466.115.121.1.15{32768} SINGLE-VALUE "
11:28:26.240 [main] DEBUG o.lsc.jndi.parser.LdapAttributeType - No inheritence found for "( 1.3.6.1.4.1.7135.1.3.201.1.4.2.87 NAME 'attributeNameToTest' EQUALITY caseIgnoreMatch SUBSTR caseIgnoreSubstringsMatch SYNTAX 1.3.6.1.4.1.1466.115.121.1.15{32768} SINGLE-VALUE )"
11:28:26.241 [main] DEBUG o.lsc.jndi.parser.LdapAttributeType - No description found for "( 1.3.6.1.4.1.7135.1.3.201.1.4.2.87 NAME 'attributeNameToTest' EQUALITY caseIgnoreMatch SUBSTR caseIgnoreSubstringsMatch SYNTAX 1.3.6.1.4.1.1466.115.121.1.15{32768} SINGLE-VALUE )"
11:28:26.241 [main] DEBUG o.lsc.jndi.parser.LdapAttributeType - No ordering rule found for "( 1.3.6.1.4.1.7135.1.3.201.1.4.2.87 NAME 'attributeNameToTest' EQUALITY caseIgnoreMatch SUBSTR caseIgnoreSubstringsMatch SYNTAX 1.3.6.1.4.1.1466.115.121.1.15{32768} SINGLE-VALUE )"
11:28:26.242 [main] DEBUG o.lsc.jndi.parser.LdapAttributeType - No x rule found for "( 1.3.6.1.4.1.7135.1.3.201.1.4.2.87 NAME 'attributeNameToTest' EQUALITY caseIgnoreMatch SUBSTR caseIgnoreSubstringsMatch SYNTAX 1.3.6.1.4.1.1466.115.121.1.15{32768} SINGLE-VALUE )"
11:28:26.243 [main] DEBUG o.lsc.jndi.parser.LdapAttributeType - Re/Starting analysis with rest=" DESC '' EQUALITY caseIgnoreIA5Match SYNTAX 1.3.6.1.4.1.1466.115.121.1.26 SINGLE-VALUE "
11:28:26.243 [main] DEBUG o.lsc.jndi.parser.LdapAttributeType - Re/Starting analysis with rest="SYNTAX 1.3.6.1.4.1.1466.115.121.1.26 SINGLE-VALUE "
11:28:26.244 [main] DEBUG o.lsc.jndi.parser.LdapAttributeType - No inheritence found for "( 1.3.6.1.4.1.3317.4.3.1.57 NAME 'dialupAccess' DESC '' EQUALITY caseIgnoreIA5Match SYNTAX 1.3.6.1.4.1.1466.115.121.1.26 SINGLE-VALUE )"
11:28:26.245 [main] DEBUG o.lsc.jndi.parser.LdapAttributeType - No substring rule found for "( 1.3.6.1.4.1.3317.4.3.1.57 NAME 'dialupAccess' DESC '' EQUALITY caseIgnoreIA5Match SYNTAX 1.3.6.1.4.1.1466.115.121.1.26 SINGLE-VALUE )"
11:28:26.245 [main] DEBUG o.lsc.jndi.parser.LdapAttributeType - No ordering rule found for "( 1.3.6.1.4.1.3317.4.3.1.57 NAME 'dialupAccess' DESC '' EQUALITY caseIgnoreIA5Match SYNTAX 1.3.6.1.4.1.1466.115.121.1.26 SINGLE-VALUE )"
11:28:26.246 [main] DEBUG o.lsc.jndi.parser.LdapAttributeType - No x rule found for "( 1.3.6.1.4.1.3317.4.3.1.57 NAME 'dialupAccess' DESC '' EQUALITY caseIgnoreIA5Match SYNTAX 1.3.6.1.4.1.1466.115.121.1.26 SINGLE-VALUE )"
Tests run: 2, Failures: 0, Errors: 0, Skipped: 0, Time elapsed: 0.022 sec - in org.lsc.jndi.parser.LdapAttributeTypeTest
Running org.lsc.jndi.parser.LdapObjectClassTest
11:28:26.247 [main] INFO  o.l.jndi.parser.LdapObjectClassTest - A warn message about 'Multiple inheritence not supported' is normal.
11:28:26.248 [main] DEBUG o.lsc.jndi.parser.LdapAttributeType - Re/Starting analysis with rest=" DESC 'ObjectClass to test' SUP ( firstAttribute $ secondAttribute $ thirdAttribute $ organizationalUnit ) STRUCTURAL MUST ( description $ domaineMessagerie ) MAY ( adressePrincipaleService $ facsimileTelephoneNumber $ labeledURI $ mail $ mailLocalAddress $ mailRoutingAddress $ telephoneNumber ) "
11:28:26.249 [main] DEBUG o.lsc.jndi.parser.LdapAttributeType - Re/Starting analysis with rest="SUP ( firstAttribute $ secondAttribute $ thirdAttribute $ organizationalUnit ) STRUCTURAL MUST ( description $ domaineMessagerie ) MAY ( adressePrincipaleService $ facsimileTelephoneNumber $ labeledURI $ mail $ mailLocalAddress $ mailRoutingAddress $ telephoneNumber ) "
11:28:26.250 [main] WARN  o.lsc.jndi.parser.LdapAttributeType - Multiple inheritence not supported. Using first one ( firstAttribute ) for "( 1.3.6.1.4.1.7135.1.3.201.1.4.1.14 NAME 'objectclassToTest' DESC 'ObjectClass to test' SUP ( firstAttribute $ secondAttribute $ thirdAttribute $ organizationalUnit ) STRUCTURAL MUST ( description $ domaineMessagerie ) MAY ( adressePrincipaleService $ facsimileTelephoneNumber $ labeledURI $ mail $ mailLocalAddress $ mailRoutingAddress $ telephoneNumber ) )"
11:28:26.251 [main] DEBUG o.lsc.jndi.parser.LdapAttributeType - Re/Starting analysis with rest="MUST ( description $ domaineMessagerie ) MAY ( adressePrincipaleService $ facsimileTelephoneNumber $ labeledURI $ mail $ mailLocalAddress $ mailRoutingAddress $ telephoneNumber ) "
11:28:26.251 [main] DEBUG o.lsc.jndi.parser.LdapAttributeType - Successfully parsed objectclass objectclassToTest
11:28:26.252 [main] DEBUG o.lsc.jndi.parser.LdapAttributeType - Re/Starting analysis with rest=" DESC '' SUP top AUXILIARY MUST cn MAY ( radiusArapFeatures $ radiusArapSecurity $ radiusArapZoneAccess $ radiusAuthType $ radiusCallbackId $ radiusCallbackNumber $ radiusCalledStationId $ radiusCallingStationId $ radiusClass $ radiusClientIPAddress $ radiusFilterId $ radiusFramedAppleTalkLink $ radiusFramedAppleTalkNetwork $ radiusFramedAppleTalkZone $ radiusFramedCompression $ radiusFramedIPAddress $ radiusFramedIPNetmask $ radiusFramedIPXNetwork $ radiusFramedMTU $ radiusFramedProtocol $ radiusCheckItem $ radiusReplyItem $ radiusFramedRoute $ radiusFramedRouting $ radiusIdleTimeout $ radiusGroupName $ radiusHint $ radiusHuntgroupName $ radiusLoginIPHost $ radiusLoginLATGroup $ radiusLoginLATNode $ radiusLoginLATPort $ radiusLoginLATService $ radiusLoginService $ radiusLoginTCPPort $ radiusLoginTime $ radiusPasswordRetry $ radiusPortLimit $ radiusPrompt $ radiusProxyToRealm $ radiusRealm $ radiusReplicateToRealm $ radiusServiceType $ radiusSessionTimeout $ radiusStripUserName $ radiusTerminationAction $ radiusTunnelClientEndpoint $ radiusProfileDn $ radiusSimultaneousUse $ radiusTunnelAssignmentId $ radiusTunnelMediumType $ radiusTunnelPassword $ radiusTunnelPreference $ radiusTunnelPrivateGroupId $ radiusTunnelServerEndpoint $ radiusTunnelType $ radiusUserCategory $ radiusVSA $ radiusExpiration $ dialupAccess $ radiusNASIpAddress $ radiusReplyMessage ) "
11:28:26.255 [main] DEBUG o.lsc.jndi.parser.LdapAttributeType - Re/Starting analysis with rest="SUP top AUXILIARY MUST cn MAY ( radiusArapFeatures $ radiusArapSecurity $ radiusArapZoneAccess $ radiusAuthType $ radiusCallbackId $ radiusCallbackNumber $ radiusCalledStationId $ radiusCallingStationId $ radiusClass $ radiusClientIPAddress $ radiusFilterId $ radiusFramedAppleTalkLink $ radiusFramedAppleTalkNetwork $ radiusFramedAppleTalkZone $ radiusFramedCompression $ radiusFramedIPAddress $ radiusFramedIPNetmask $ radiusFramedIPXNetwork $ radiusFramedMTU $ radiusFramedProtocol $ radiusCheckItem $ radiusReplyItem $ radiusFramedRoute $ radiusFramedRouting $ radiusIdleTimeout $ radiusGroupName $ radiusHint $ radiusHuntgroupName $ radiusLoginIPHost $ radiusLoginLATGroup $ radiusLoginLATNode $ radiusLoginLATPort $ radiusLoginLATService $ radiusLoginService $ radiusLoginTCPPort $ radiusLoginTime $ radiusPasswordRetry $ radiusPortLimit $ radiusPrompt $ radiusProxyToRealm $ radiusRealm $ radiusReplicateToRealm $ radiusServiceType $ radiusSessionTimeout $ radiusStripUserName $ radiusTerminationAction $ radiusTunnelClientEndpoint $ radiusProfileDn $ radiusSimultaneousUse $ radiusTunnelAssignmentId $ radiusTunnelMediumType $ radiusTunnelPassword $ radiusTunnelPreference $ radiusTunnelPrivateGroupId $ radiusTunnelServerEndpoint $ radiusTunnelType $ radiusUserCategory $ radiusVSA $ radiusExpiration $ dialupAccess $ radiusNASIpAddress $ radiusReplyMessage ) "
11:28:26.285 [main] DEBUG o.lsc.jndi.parser.LdapAttributeType - Re/Starting analysis with rest="MUST cn MAY ( radiusArapFeatures $ radiusArapSecurity $ radiusArapZoneAccess $ radiusAuthType $ radiusCallbackId $ radiusCallbackNumber $ radiusCalledStationId $ radiusCallingStationId $ radiusClass $ radiusClientIPAddress $ radiusFilterId $ radiusFramedAppleTalkLink $ radiusFramedAppleTalkNetwork $ radiusFramedAppleTalkZone $ radiusFramedCompression $ radiusFramedIPAddress $ radiusFramedIPNetmask $ radiusFramedIPXNetwork $ radiusFramedMTU $ radiusFramedProtocol $ radiusCheckItem $ radiusReplyItem $ radiusFramedRoute $ radiusFramedRouting $ radiusIdleTimeout $ radiusGroupName $ radiusHint $ radiusHuntgroupName $ radiusLoginIPHost $ radiusLoginLATGroup $ radiusLoginLATNode $ radiusLoginLATPort $ radiusLoginLATService $ radiusLoginService $ radiusLoginTCPPort $ radiusLoginTime $ radiusPasswordRetry $ radiusPortLimit $ radiusPrompt $ radiusProxyToRealm $ radiusRealm $ radiusReplicateToRealm $ radiusServiceType $ radiusSessionTimeout $ radiusStripUserName $ radiusTerminationAction $ radiusTunnelClientEndpoint $ radiusProfileDn $ radiusSimultaneousUse $ radiusTunnelAssignmentId $ radiusTunnelMediumType $ radiusTunnelPassword $ radiusTunnelPreference $ radiusTunnelPrivateGroupId $ radiusTunnelServerEndpoint $ radiusTunnelType $ radiusUserCategory $ radiusVSA $ radiusExpiration $ dialupAccess $ radiusNASIpAddress $ radiusReplyMessage ) "
11:28:26.289 [main] DEBUG o.lsc.jndi.parser.LdapAttributeType - Successfully parsed objectclass radiusprofile
Tests run: 1, Failures: 0, Errors: 0, Skipped: 0, Time elapsed: 0.06 sec - in org.lsc.jndi.parser.LdapObjectClassTest
Running org.lsc.Ldap2LdapBinaryPivotWithStringConversionSyncTest
11:28:26.328 [main] DEBUG o.l.c.JaxbXmlConfigurationHelper - Loading XML configuration from: /tmp/tmpmax4mvf5/lsc/target/test-classes/etc/lsc.xml
11:28:26.329 [main] DEBUG org.reflections.Reflections - going to scan these urls:
file:/tmp/tmpmax4mvf5/lsc/target/test-classes/
file:/tmp/tmpmax4mvf5/lsc/target/classes/
11:28:26.340 [main] INFO  org.reflections.Reflections - Reflections took 10 ms to scan 2 urls, producing 103 keys and 202 values 
11:28:26.340 [main] DEBUG o.l.c.JaxbXmlConfigurationHelper - Importing XML schema file: schemas/lsc-core-2.2.xsd
11:28:26.364 [main] INFO  org.lsc.Configuration - Logging configuration successfully loaded from /tmp/tmpmax4mvf5/lsc/target/test-classes/etc/logback.xml 
11:28:26.365 [main] INFO  org.lsc.Configuration - LSC configuration successfully loaded from /tmp/tmpmax4mvf5/lsc/target/test-classes/etc/
11:28:26.387 [main] WARN  org.lsc.jndi.SimpleJndiSrcService - No clean filter has been specified for task=ldap2ldapTestTask. During the clean phase, LSC wouldn't be able to get the right entries and may delete all destination entries !
11:28:26.388 [main] WARN  org.lsc.service.AbstractJdbcService - No clean request has been specified for task=db2ldapTestTask. During the clean phase, LSC wouldn't be able to get the right entries and may delete all destination entries !
11:28:26.389 [main] WARN  org.lsc.jndi.SimpleJndiSrcService - No clean filter has been specified for task=ldap2ldapJmxTestTask. During the clean phase, LSC wouldn't be able to get the right entries and may delete all destination entries !
11:28:26.390 [main] WARN  org.lsc.jndi.SimpleJndiSrcService - No clean filter has been specified for task=ldap2ldapBinary2StringTestTask. During the clean phase, LSC wouldn't be able to get the right entries and may delete all destination entries !
11:28:26.391 [main] WARN  org.lsc.jndi.SimpleJndiSrcService - No clean filter has been specified for task=ldap2ldapSamePivotConversionTestTask. During the clean phase, LSC wouldn't be able to get the right entries and may delete all destination entries !
11:28:26.392 [main] WARN  org.lsc.jndi.SimpleJndiSrcService - No clean filter has been specified for task=ldap2dbTestTask. During the clean phase, LSC wouldn't be able to get the right entries and may delete all destination entries !
11:28:26.393 [main] INFO  lsc.destination - Starting clean for ldap2ldapBinary2StringTestTask
11:28:26.455 [main] INFO  lsc.destination - # Removing object cn=CN0004,ou=ldap2ldapBinary2StringTestTaskDst,ou=Test Data,dc=lsc-project,dc=org for ldap2ldapBinary2StringTestTask
# Mon Aug 03 11:28:26 UTC 2020
dn: cn=CN0004,ou=ldap2ldapBinary2StringTestTaskDst,ou=Test Data,dc=lsc-project,dc=org
changetype: delete

11:28:26.455 [main] INFO  org.lsc.AbstractSynchronize - All entries: 3, to modify entries: 1, successfully modified entries: 1, errors: 0
11:28:26.456 [main] INFO  org.lsc.jndi.JndiServices - Connecting to LDAP server ldap://localhost:33389/dc=lsc-project,dc=org as cn=Directory Manager
11:28:26.524 [main] DEBUG o.l.c.JaxbXmlConfigurationHelper - Loading XML configuration from: /tmp/tmpmax4mvf5/lsc/target/test-classes/etc/lsc.xml
11:28:26.525 [main] DEBUG org.reflections.Reflections - going to scan these urls:
file:/tmp/tmpmax4mvf5/lsc/target/test-classes/
file:/tmp/tmpmax4mvf5/lsc/target/classes/
11:28:26.535 [main] INFO  org.reflections.Reflections - Reflections took 10 ms to scan 2 urls, producing 103 keys and 202 values 
11:28:26.535 [main] DEBUG o.l.c.JaxbXmlConfigurationHelper - Importing XML schema file: schemas/lsc-core-2.2.xsd
11:28:26.561 [main] INFO  org.lsc.Configuration - Logging configuration successfully loaded from /tmp/tmpmax4mvf5/lsc/target/test-classes/etc/logback.xml 
11:28:26.561 [main] INFO  org.lsc.Configuration - LSC configuration successfully loaded from /tmp/tmpmax4mvf5/lsc/target/test-classes/etc/
11:28:26.569 [main] WARN  org.lsc.jndi.SimpleJndiSrcService - No clean filter has been specified for task=ldap2ldapTestTask. During the clean phase, LSC wouldn't be able to get the right entries and may delete all destination entries !
11:28:26.571 [main] WARN  org.lsc.service.AbstractJdbcService - No clean request has been specified for task=db2ldapTestTask. During the clean phase, LSC wouldn't be able to get the right entries and may delete all destination entries !
11:28:26.572 [main] WARN  org.lsc.jndi.SimpleJndiSrcService - No clean filter has been specified for task=ldap2ldapJmxTestTask. During the clean phase, LSC wouldn't be able to get the right entries and may delete all destination entries !
11:28:26.586 [main] WARN  org.lsc.jndi.SimpleJndiSrcService - No clean filter has been specified for task=ldap2ldapBinary2StringTestTask. During the clean phase, LSC wouldn't be able to get the right entries and may delete all destination entries !
11:28:26.588 [main] WARN  org.lsc.jndi.SimpleJndiSrcService - No clean filter has been specified for task=ldap2ldapSamePivotConversionTestTask. During the clean phase, LSC wouldn't be able to get the right entries and may delete all destination entries !
11:28:26.589 [main] WARN  org.lsc.jndi.SimpleJndiSrcService - No clean filter has been specified for task=ldap2dbTestTask. During the clean phase, LSC wouldn't be able to get the right entries and may delete all destination entries !
11:28:26.590 [main] INFO  lsc.destination - Starting sync for ldap2ldapBinary2StringTestTask
11:28:26.602 [ldap2ldapBinary2StringTestTask-56] DEBUG org.lsc.utils.ScriptingEvaluator - Unsupported scripting engine: Oracle Nashorn
11:28:26.602 [ldap2ldapBinary2StringTestTask-60] DEBUG org.lsc.utils.ScriptingEvaluator - Unsupported scripting engine: Oracle Nashorn
11:28:26.603 [ldap2ldapBinary2StringTestTask-58] DEBUG org.lsc.utils.ScriptingEvaluator - Unsupported scripting engine: Oracle Nashorn
11:28:26.808 [ldap2ldapBinary2StringTestTask-60] DEBUG org.lsc.beans.BeanComparator - In object "cn=CN0003,ou=ldap2ldapBinary2StringTestTaskDst,ou=Test Data,dc=lsc-project,dc=org":  List of attributes considered for writing in destination: [userPassword, telephoneNumber, mail, objectClass, description, favouriteDrink, cn, sn, seeAlso]
11:28:26.809 [ldap2ldapBinary2StringTestTask-60] DEBUG org.lsc.beans.BeanComparator - In object "cn=CN0003,ou=ldap2ldapBinary2StringTestTaskDst,ou=Test Data,dc=lsc-project,dc=org":  Attribute "userPassword" is in FORCE status
11:28:26.819 [ldap2ldapBinary2StringTestTask-60] DEBUG org.lsc.beans.BeanComparator - In object "cn=CN0003,ou=ldap2ldapBinary2StringTestTaskDst,ou=Test Data,dc=lsc-project,dc=org":  Adding attribute "userPassword" with values [secretCN0003]
11:28:26.820 [ldap2ldapBinary2StringTestTask-60] DEBUG org.lsc.beans.BeanComparator - In object "cn=CN0003,ou=ldap2ldapBinary2StringTestTaskDst,ou=Test Data,dc=lsc-project,dc=org":  Attribute "telephoneNumber" is in FORCE status
11:28:26.820 [ldap2ldapBinary2StringTestTask-60] DEBUG org.lsc.beans.BeanComparator - In object "cn=CN0003,ou=ldap2ldapBinary2StringTestTaskDst,ou=Test Data,dc=lsc-project,dc=org":  Attribute "telephoneNumber" will not be written to the destination
11:28:26.821 [ldap2ldapBinary2StringTestTask-60] DEBUG org.lsc.beans.BeanComparator - In object "cn=CN0003,ou=ldap2ldapBinary2StringTestTaskDst,ou=Test Data,dc=lsc-project,dc=org":  Attribute "mail" is in FORCE status
11:28:26.821 [ldap2ldapBinary2StringTestTask-60] DEBUG org.lsc.beans.BeanComparator - In object "cn=CN0003,ou=ldap2ldapBinary2StringTestTaskDst,ou=Test Data,dc=lsc-project,dc=org":  Attribute "mail" will not be written to the destination
11:28:26.821 [ldap2ldapBinary2StringTestTask-60] DEBUG org.lsc.beans.BeanComparator - In object "cn=CN0003,ou=ldap2ldapBinary2StringTestTaskDst,ou=Test Data,dc=lsc-project,dc=org":  Attribute "objectClass" is in KEEP status
11:28:26.823 [ldap2ldapBinary2StringTestTask-56] DEBUG org.lsc.beans.BeanComparator - In object "cn=CN0001,ou=ldap2ldapBinary2StringTestTaskDst,ou=Test Data,dc=lsc-project,dc=org":  List of attributes considered for writing in destination: [userPassword, telephoneNumber, mail, objectClass, description, favouriteDrink, cn, sn, seeAlso]
11:28:26.824 [ldap2ldapBinary2StringTestTask-56] DEBUG org.lsc.beans.BeanComparator - In object "cn=CN0001,ou=ldap2ldapBinary2StringTestTaskDst,ou=Test Data,dc=lsc-project,dc=org":  Attribute "userPassword" is in FORCE status
11:28:26.831 [ldap2ldapBinary2StringTestTask-60] DEBUG org.lsc.beans.BeanComparator - In object "cn=CN0003,ou=ldap2ldapBinary2StringTestTaskDst,ou=Test Data,dc=lsc-project,dc=org":  Adding attribute "objectClass" with values [pilotPerson]
11:28:26.832 [ldap2ldapBinary2StringTestTask-56] DEBUG org.lsc.beans.BeanComparator - In object "cn=CN0001,ou=ldap2ldapBinary2StringTestTaskDst,ou=Test Data,dc=lsc-project,dc=org":  Replacing attribute "userPassword": source values are [[B@40355f50], old values were [[B@37f1b6a3], new values are [secretCN0001]
11:28:26.832 [ldap2ldapBinary2StringTestTask-60] DEBUG org.lsc.beans.BeanComparator - In object "cn=CN0003,ou=ldap2ldapBinary2StringTestTaskDst,ou=Test Data,dc=lsc-project,dc=org":  Attribute "description" is in FORCE status
11:28:26.832 [ldap2ldapBinary2StringTestTask-56] DEBUG org.lsc.beans.BeanComparator - In object "cn=CN0001,ou=ldap2ldapBinary2StringTestTaskDst,ou=Test Data,dc=lsc-project,dc=org":  Attribute "telephoneNumber" is in FORCE status
11:28:26.833 [ldap2ldapBinary2StringTestTask-60] DEBUG org.lsc.beans.BeanComparator - In object "cn=CN0003,ou=ldap2ldapBinary2StringTestTaskDst,ou=Test Data,dc=lsc-project,dc=org":  Adding attribute "description" with values [Number three's descriptive text]
11:28:26.833 [ldap2ldapBinary2StringTestTask-56] DEBUG org.lsc.beans.BeanComparator - In object "cn=CN0001,ou=ldap2ldapBinary2StringTestTaskDst,ou=Test Data,dc=lsc-project,dc=org":  Deleting attribute  "telephoneNumber"
11:28:26.834 [ldap2ldapBinary2StringTestTask-60] DEBUG org.lsc.beans.BeanComparator - In object "cn=CN0003,ou=ldap2ldapBinary2StringTestTaskDst,ou=Test Data,dc=lsc-project,dc=org":  Attribute "favouriteDrink" is in FORCE status
11:28:26.837 [ldap2ldapBinary2StringTestTask-58] WARN  org.lsc.jndi.JndiServices - WARNING: updating the RDN of the entry will cancel other modifications! Relaunch synchronization to complete update.
11:28:26.834 [ldap2ldapBinary2StringTestTask-56] DEBUG org.lsc.beans.BeanComparator - In object "cn=CN0001,ou=ldap2ldapBinary2StringTestTaskDst,ou=Test Data,dc=lsc-project,dc=org":  Attribute "mail" is in FORCE status
11:28:26.886 [ldap2ldapBinary2StringTestTask-56] DEBUG org.lsc.beans.BeanComparator - In object "cn=CN0001,ou=ldap2ldapBinary2StringTestTaskDst,ou=Test Data,dc=lsc-project,dc=org":  Attribute "mail" will not be written to the destination
11:28:26.886 [ldap2ldapBinary2StringTestTask-58] INFO  lsc.destination - # Renaming object cn=CommonName0002,ou=ldap2ldapBinary2StringTestTaskDst,ou=Test Data,dc=lsc-project,dc=org for ldap2ldapBinary2StringTestTask
11:28:26.887 [ldap2ldapBinary2StringTestTask-56] DEBUG org.lsc.beans.BeanComparator - In object "cn=CN0001,ou=ldap2ldapBinary2StringTestTaskDst,ou=Test Data,dc=lsc-project,dc=org":  Attribute "objectClass" is in KEEP status
# Mon Aug 03 11:28:26 UTC 2020
dn: cn=CommonName0002,ou=ldap2ldapBinary2StringTestTaskDst,ou=Test Data,dc=lsc-project,dc=org
changetype: modrdn
newrdn: cn=CN0002
deleteoldrdn: 1
newsuperior: ou=ldap2ldapBinary2StringTestTaskDst,ou=Test Data,dc=lsc-project,dc=org

11:28:26.888 [ldap2ldapBinary2StringTestTask-56] DEBUG org.lsc.beans.BeanComparator - In object "cn=CN0001,ou=ldap2ldapBinary2StringTestTaskDst,ou=Test Data,dc=lsc-project,dc=org":  Attribute "description" is in FORCE status
11:28:26.890 [ldap2ldapBinary2StringTestTask-56] DEBUG org.lsc.beans.BeanComparator - In object "cn=CN0001,ou=ldap2ldapBinary2StringTestTaskDst,ou=Test Data,dc=lsc-project,dc=org":  Attribute "description" will not be written to the destination
11:28:26.891 [ldap2ldapBinary2StringTestTask-56] DEBUG org.lsc.beans.BeanComparator - In object "cn=CN0001,ou=ldap2ldapBinary2StringTestTaskDst,ou=Test Data,dc=lsc-project,dc=org":  Attribute "favouriteDrink" is in FORCE status
11:28:26.895 [ldap2ldapBinary2StringTestTask-60] DEBUG org.lsc.beans.BeanComparator - In object "cn=CN0003,ou=ldap2ldapBinary2StringTestTaskDst,ou=Test Data,dc=lsc-project,dc=org":  Adding attribute "favouriteDrink" with values [0-3]
11:28:26.895 [ldap2ldapBinary2StringTestTask-60] DEBUG org.lsc.beans.BeanComparator - In object "cn=CN0003,ou=ldap2ldapBinary2StringTestTaskDst,ou=Test Data,dc=lsc-project,dc=org":  Attribute "cn" is in FORCE status
11:28:26.895 [ldap2ldapBinary2StringTestTask-60] DEBUG org.lsc.beans.BeanComparator - In object "cn=CN0003,ou=ldap2ldapBinary2StringTestTaskDst,ou=Test Data,dc=lsc-project,dc=org":  Adding attribute "cn" with values [CN0003]
11:28:26.896 [ldap2ldapBinary2StringTestTask-60] DEBUG org.lsc.beans.BeanComparator - In object "cn=CN0003,ou=ldap2ldapBinary2StringTestTaskDst,ou=Test Data,dc=lsc-project,dc=org":  Attribute "sn" is in FORCE status
11:28:26.896 [ldap2ldapBinary2StringTestTask-60] DEBUG org.lsc.beans.BeanComparator - In object "cn=CN0003,ou=ldap2ldapBinary2StringTestTaskDst,ou=Test Data,dc=lsc-project,dc=org":  Adding attribute "sn" with values [SN0003]
11:28:26.896 [ldap2ldapBinary2StringTestTask-60] DEBUG org.lsc.beans.BeanComparator - In object "cn=CN0003,ou=ldap2ldapBinary2StringTestTaskDst,ou=Test Data,dc=lsc-project,dc=org":  Attribute "seeAlso" is in FORCE status
11:28:26.897 [ldap2ldapBinary2StringTestTask-60] DEBUG org.lsc.beans.BeanComparator - In object "cn=CN0003,ou=ldap2ldapBinary2StringTestTaskDst,ou=Test Data,dc=lsc-project,dc=org":  Attribute "seeAlso" will not be written to the destination
11:28:26.898 [ldap2ldapBinary2StringTestTask-60] INFO  lsc.destination - # Adding new object cn=CN0003,ou=ldap2ldapBinary2StringTestTaskDst,ou=Test Data,dc=lsc-project,dc=org for ldap2ldapBinary2StringTestTask
# Mon Aug 03 11:28:26 UTC 2020
dn: cn=CN0003,ou=ldap2ldapBinary2StringTestTaskDst,ou=Test Data,dc=lsc-project,dc=org
changetype: add
userPassword: secretCN0003
objectClass: pilotPerson
description: Number three's descriptive text
favouriteDrink: 0-3
cn: CN0003
sn: SN0003

11:28:26.908 [ldap2ldapBinary2StringTestTask-56] DEBUG org.lsc.beans.BeanComparator - In object "cn=CN0001,ou=ldap2ldapBinary2StringTestTaskDst,ou=Test Data,dc=lsc-project,dc=org":  Attribute "favouriteDrink" will not be written to the destination
11:28:26.908 [ldap2ldapBinary2StringTestTask-56] DEBUG org.lsc.beans.BeanComparator - In object "cn=CN0001,ou=ldap2ldapBinary2StringTestTaskDst,ou=Test Data,dc=lsc-project,dc=org":  Attribute "cn" is in FORCE status
11:28:26.909 [ldap2ldapBinary2StringTestTask-56] DEBUG org.lsc.beans.BeanComparator - In object "cn=CN0001,ou=ldap2ldapBinary2StringTestTaskDst,ou=Test Data,dc=lsc-project,dc=org":  Attribute "cn" will not be written to the destination
11:28:26.910 [ldap2ldapBinary2StringTestTask-56] DEBUG org.lsc.beans.BeanComparator - In object "cn=CN0001,ou=ldap2ldapBinary2StringTestTaskDst,ou=Test Data,dc=lsc-project,dc=org":  Attribute "sn" is in FORCE status
11:28:26.910 [ldap2ldapBinary2StringTestTask-56] DEBUG org.lsc.beans.BeanComparator - In object "cn=CN0001,ou=ldap2ldapBinary2StringTestTaskDst,ou=Test Data,dc=lsc-project,dc=org":  Attribute "sn" will not be written to the destination
11:28:26.911 [ldap2ldapBinary2StringTestTask-56] DEBUG org.lsc.beans.BeanComparator - In object "cn=CN0001,ou=ldap2ldapBinary2StringTestTaskDst,ou=Test Data,dc=lsc-project,dc=org":  Attribute "seeAlso" is in FORCE status
11:28:26.911 [ldap2ldapBinary2StringTestTask-56] DEBUG org.lsc.beans.BeanComparator - In object "cn=CN0001,ou=ldap2ldapBinary2StringTestTaskDst,ou=Test Data,dc=lsc-project,dc=org":  Deleting attribute  "seeAlso"
11:28:26.913 [ldap2ldapBinary2StringTestTask-56] INFO  lsc.destination - # Updating object cn=CN0001,ou=ldap2ldapBinary2StringTestTaskDst,ou=Test Data,dc=lsc-project,dc=org for ldap2ldapBinary2StringTestTask
# Mon Aug 03 11:28:26 UTC 2020
dn: cn=CN0001,ou=ldap2ldapBinary2StringTestTaskDst,ou=Test Data,dc=lsc-project,dc=org
changetype: modify
replace: userPassword
userPassword: secretCN0001
-
delete: telephoneNumber
-
delete: seeAlso
-

11:28:26.915 [main] INFO  org.lsc.AbstractSynchronize - All entries: 3, to modify entries: 3, successfully modified entries: 3, errors: 0
11:28:26.915 [main] INFO  org.lsc.jndi.JndiServices - Connecting to LDAP server ldap://localhost:33389/dc=lsc-project,dc=org as cn=Directory Manager
11:28:26.925 [main] WARN  org.lsc.jndi.SimpleJndiSrcService - No clean filter has been specified for task=ldap2ldapTestTask. During the clean phase, LSC wouldn't be able to get the right entries and may delete all destination entries !
11:28:26.926 [main] WARN  org.lsc.service.AbstractJdbcService - No clean request has been specified for task=db2ldapTestTask. During the clean phase, LSC wouldn't be able to get the right entries and may delete all destination entries !
11:28:26.927 [main] WARN  org.lsc.jndi.SimpleJndiSrcService - No clean filter has been specified for task=ldap2ldapJmxTestTask. During the clean phase, LSC wouldn't be able to get the right entries and may delete all destination entries !
11:28:26.928 [main] WARN  org.lsc.jndi.SimpleJndiSrcService - No clean filter has been specified for task=ldap2ldapBinary2StringTestTask. During the clean phase, LSC wouldn't be able to get the right entries and may delete all destination entries !
11:28:26.929 [main] WARN  org.lsc.jndi.SimpleJndiSrcService - No clean filter has been specified for task=ldap2ldapSamePivotConversionTestTask. During the clean phase, LSC wouldn't be able to get the right entries and may delete all destination entries !
11:28:26.929 [main] WARN  org.lsc.jndi.SimpleJndiSrcService - No clean filter has been specified for task=ldap2dbTestTask. During the clean phase, LSC wouldn't be able to get the right entries and may delete all destination entries !
11:28:26.930 [main] INFO  lsc.destination - Starting sync for ldap2ldapBinary2StringTestTask
11:28:26.988 [ldap2ldapBinary2StringTestTask-65] DEBUG org.lsc.utils.ScriptingEvaluator - Unsupported scripting engine: Oracle Nashorn
11:28:26.989 [ldap2ldapBinary2StringTestTask-63] DEBUG org.lsc.utils.ScriptingEvaluator - Unsupported scripting engine: Oracle Nashorn
11:28:26.989 [ldap2ldapBinary2StringTestTask-67] DEBUG org.lsc.utils.ScriptingEvaluator - Unsupported scripting engine: Oracle Nashorn
11:28:27.129 [ldap2ldapBinary2StringTestTask-65] DEBUG org.lsc.beans.BeanComparator - In object "cn=CN0002,ou=ldap2ldapBinary2StringTestTaskDst,ou=Test Data,dc=lsc-project,dc=org":  List of attributes considered for writing in destination: [userPassword, telephoneNumber, mail, objectClass, description, favouriteDrink, cn, sn, seeAlso]
11:28:27.129 [ldap2ldapBinary2StringTestTask-65] DEBUG org.lsc.beans.BeanComparator - In object "cn=CN0002,ou=ldap2ldapBinary2StringTestTaskDst,ou=Test Data,dc=lsc-project,dc=org":  Attribute "userPassword" is in FORCE status
11:28:27.132 [ldap2ldapBinary2StringTestTask-63] DEBUG org.lsc.beans.BeanComparator - In object "cn=CN0001,ou=ldap2ldapBinary2StringTestTaskDst,ou=Test Data,dc=lsc-project,dc=org":  List of attributes considered for writing in destination: [userPassword, telephoneNumber, mail, objectClass, description, favouriteDrink, cn, sn, seeAlso]
11:28:27.133 [ldap2ldapBinary2StringTestTask-63] DEBUG org.lsc.beans.BeanComparator - In object "cn=CN0001,ou=ldap2ldapBinary2StringTestTaskDst,ou=Test Data,dc=lsc-project,dc=org":  Attribute "userPassword" is in FORCE status
11:28:27.136 [ldap2ldapBinary2StringTestTask-65] DEBUG org.lsc.beans.BeanComparator - In object "cn=CN0002,ou=ldap2ldapBinary2StringTestTaskDst,ou=Test Data,dc=lsc-project,dc=org":  Replacing attribute "userPassword": source values are [[B@7f070a2d], old values were [[B@476b037a], new values are [secretCN0002]
11:28:27.186 [ldap2ldapBinary2StringTestTask-65] DEBUG org.lsc.beans.BeanComparator - In object "cn=CN0002,ou=ldap2ldapBinary2StringTestTaskDst,ou=Test Data,dc=lsc-project,dc=org":  Attribute "telephoneNumber" is in FORCE status
11:28:27.187 [ldap2ldapBinary2StringTestTask-65] DEBUG org.lsc.beans.BeanComparator - In object "cn=CN0002,ou=ldap2ldapBinary2StringTestTaskDst,ou=Test Data,dc=lsc-project,dc=org":  Adding attribute "telephoneNumber" with values [987987]
11:28:27.189 [ldap2ldapBinary2StringTestTask-65] DEBUG org.lsc.beans.BeanComparator - In object "cn=CN0002,ou=ldap2ldapBinary2StringTestTaskDst,ou=Test Data,dc=lsc-project,dc=org":  Attribute "mail" is in FORCE status
11:28:27.190 [ldap2ldapBinary2StringTestTask-65] DEBUG org.lsc.beans.BeanComparator - In object "cn=CN0002,ou=ldap2ldapBinary2StringTestTaskDst,ou=Test Data,dc=lsc-project,dc=org":  Attribute "mail" will not be written to the destination
11:28:27.191 [ldap2ldapBinary2StringTestTask-63] DEBUG org.lsc.beans.BeanComparator - In object "cn=CN0001,ou=ldap2ldapBinary2StringTestTaskDst,ou=Test Data,dc=lsc-project,dc=org":  Replacing attribute "userPassword": source values are [[B@d2774c9], old values were [[B@3fb910ab], new values are [secretCN0001]
11:28:27.191 [ldap2ldapBinary2StringTestTask-65] DEBUG org.lsc.beans.BeanComparator - In object "cn=CN0002,ou=ldap2ldapBinary2StringTestTaskDst,ou=Test Data,dc=lsc-project,dc=org":  Attribute "objectClass" is in KEEP status
11:28:27.192 [ldap2ldapBinary2StringTestTask-63] DEBUG org.lsc.beans.BeanComparator - In object "cn=CN0001,ou=ldap2ldapBinary2StringTestTaskDst,ou=Test Data,dc=lsc-project,dc=org":  Attribute "telephoneNumber" is in FORCE status
11:28:27.193 [ldap2ldapBinary2StringTestTask-65] DEBUG org.lsc.beans.BeanComparator - In object "cn=CN0002,ou=ldap2ldapBinary2StringTestTaskDst,ou=Test Data,dc=lsc-project,dc=org":  Attribute "description" is in FORCE status
11:28:27.194 [ldap2ldapBinary2StringTestTask-63] DEBUG org.lsc.beans.BeanComparator - In object "cn=CN0001,ou=ldap2ldapBinary2StringTestTaskDst,ou=Test Data,dc=lsc-project,dc=org":  Attribute "telephoneNumber" will not be written to the destination
11:28:27.195 [ldap2ldapBinary2StringTestTask-65] DEBUG org.lsc.beans.BeanComparator - In object "cn=CN0002,ou=ldap2ldapBinary2StringTestTaskDst,ou=Test Data,dc=lsc-project,dc=org":  Adding attribute "description" with values [Number two's descriptive text]
11:28:27.195 [ldap2ldapBinary2StringTestTask-63] DEBUG org.lsc.beans.BeanComparator - In object "cn=CN0001,ou=ldap2ldapBinary2StringTestTaskDst,ou=Test Data,dc=lsc-project,dc=org":  Attribute "mail" is in FORCE status
11:28:27.197 [ldap2ldapBinary2StringTestTask-65] DEBUG org.lsc.beans.BeanComparator - In object "cn=CN0002,ou=ldap2ldapBinary2StringTestTaskDst,ou=Test Data,dc=lsc-project,dc=org":  Attribute "favouriteDrink" is in FORCE status
11:28:27.197 [ldap2ldapBinary2StringTestTask-63] DEBUG org.lsc.beans.BeanComparator - In object "cn=CN0001,ou=ldap2ldapBinary2StringTestTaskDst,ou=Test Data,dc=lsc-project,dc=org":  Attribute "mail" will not be written to the destination
11:28:27.199 [ldap2ldapBinary2StringTestTask-63] DEBUG org.lsc.beans.BeanComparator - In object "cn=CN0001,ou=ldap2ldapBinary2StringTestTaskDst,ou=Test Data,dc=lsc-project,dc=org":  Attribute "objectClass" is in KEEP status
11:28:27.199 [ldap2ldapBinary2StringTestTask-63] DEBUG org.lsc.beans.BeanComparator - In object "cn=CN0001,ou=ldap2ldapBinary2StringTestTaskDst,ou=Test Data,dc=lsc-project,dc=org":  Attribute "description" is in FORCE status
11:28:27.199 [ldap2ldapBinary2StringTestTask-63] DEBUG org.lsc.beans.BeanComparator - In object "cn=CN0001,ou=ldap2ldapBinary2StringTestTaskDst,ou=Test Data,dc=lsc-project,dc=org":  Attribute "description" will not be written to the destination
11:28:27.200 [ldap2ldapBinary2StringTestTask-63] DEBUG org.lsc.beans.BeanComparator - In object "cn=CN0001,ou=ldap2ldapBinary2StringTestTaskDst,ou=Test Data,dc=lsc-project,dc=org":  Attribute "favouriteDrink" is in FORCE status
11:28:27.201 [ldap2ldapBinary2StringTestTask-67] DEBUG org.lsc.beans.BeanComparator - In object "cn=CN0003,ou=ldap2ldapBinary2StringTestTaskDst,ou=Test Data,dc=lsc-project,dc=org":  List of attributes considered for writing in destination: [userPassword, telephoneNumber, mail, objectClass, description, favouriteDrink, cn, sn, seeAlso]
11:28:27.202 [ldap2ldapBinary2StringTestTask-67] DEBUG org.lsc.beans.BeanComparator - In object "cn=CN0003,ou=ldap2ldapBinary2StringTestTaskDst,ou=Test Data,dc=lsc-project,dc=org":  Attribute "userPassword" is in FORCE status
11:28:27.213 [ldap2ldapBinary2StringTestTask-63] DEBUG org.lsc.beans.BeanComparator - In object "cn=CN0001,ou=ldap2ldapBinary2StringTestTaskDst,ou=Test Data,dc=lsc-project,dc=org":  Attribute "favouriteDrink" will not be written to the destination
11:28:27.214 [ldap2ldapBinary2StringTestTask-63] DEBUG org.lsc.beans.BeanComparator - In object "cn=CN0001,ou=ldap2ldapBinary2StringTestTaskDst,ou=Test Data,dc=lsc-project,dc=org":  Attribute "cn" is in FORCE status
11:28:27.214 [ldap2ldapBinary2StringTestTask-63] DEBUG org.lsc.beans.BeanComparator - In object "cn=CN0001,ou=ldap2ldapBinary2StringTestTaskDst,ou=Test Data,dc=lsc-project,dc=org":  Attribute "cn" will not be written to the destination
11:28:27.215 [ldap2ldapBinary2StringTestTask-63] DEBUG org.lsc.beans.BeanComparator - In object "cn=CN0001,ou=ldap2ldapBinary2StringTestTaskDst,ou=Test Data,dc=lsc-project,dc=org":  Attribute "sn" is in FORCE status
11:28:27.215 [ldap2ldapBinary2StringTestTask-63] DEBUG org.lsc.beans.BeanComparator - In object "cn=CN0001,ou=ldap2ldapBinary2StringTestTaskDst,ou=Test Data,dc=lsc-project,dc=org":  Attribute "sn" will not be written to the destination
11:28:27.216 [ldap2ldapBinary2StringTestTask-63] DEBUG org.lsc.beans.BeanComparator - In object "cn=CN0001,ou=ldap2ldapBinary2StringTestTaskDst,ou=Test Data,dc=lsc-project,dc=org":  Attribute "seeAlso" is in FORCE status
11:28:27.216 [ldap2ldapBinary2StringTestTask-67] DEBUG org.lsc.beans.BeanComparator - In object "cn=CN0003,ou=ldap2ldapBinary2StringTestTaskDst,ou=Test Data,dc=lsc-project,dc=org":  Replacing attribute "userPassword": source values are [[B@2bed39a1], old values were [[B@3da80880], new values are [secretCN0003]
11:28:27.216 [ldap2ldapBinary2StringTestTask-63] DEBUG org.lsc.beans.BeanComparator - In object "cn=CN0001,ou=ldap2ldapBinary2StringTestTaskDst,ou=Test Data,dc=lsc-project,dc=org":  Attribute "seeAlso" will not be written to the destination
11:28:27.217 [ldap2ldapBinary2StringTestTask-67] DEBUG org.lsc.beans.BeanComparator - In object "cn=CN0003,ou=ldap2ldapBinary2StringTestTaskDst,ou=Test Data,dc=lsc-project,dc=org":  Attribute "telephoneNumber" is in FORCE status
11:28:27.217 [ldap2ldapBinary2StringTestTask-67] DEBUG org.lsc.beans.BeanComparator - In object "cn=CN0003,ou=ldap2ldapBinary2StringTestTaskDst,ou=Test Data,dc=lsc-project,dc=org":  Attribute "telephoneNumber" will not be written to the destination
11:28:27.218 [ldap2ldapBinary2StringTestTask-67] DEBUG org.lsc.beans.BeanComparator - In object "cn=CN0003,ou=ldap2ldapBinary2StringTestTaskDst,ou=Test Data,dc=lsc-project,dc=org":  Attribute "mail" is in FORCE status
11:28:27.218 [ldap2ldapBinary2StringTestTask-67] DEBUG org.lsc.beans.BeanComparator - In object "cn=CN0003,ou=ldap2ldapBinary2StringTestTaskDst,ou=Test Data,dc=lsc-project,dc=org":  Attribute "mail" will not be written to the destination
11:28:27.218 [ldap2ldapBinary2StringTestTask-63] INFO  lsc.destination - # Updating object cn=CN0001,ou=ldap2ldapBinary2StringTestTaskDst,ou=Test Data,dc=lsc-project,dc=org for ldap2ldapBinary2StringTestTask
11:28:27.218 [ldap2ldapBinary2StringTestTask-67] DEBUG org.lsc.beans.BeanComparator - In object "cn=CN0003,ou=ldap2ldapBinary2StringTestTaskDst,ou=Test Data,dc=lsc-project,dc=org":  Attribute "objectClass" is in KEEP status
# Mon Aug 03 11:28:27 UTC 2020
dn: cn=CN0001,ou=ldap2ldapBinary2StringTestTaskDst,ou=Test Data,dc=lsc-project,dc=org
changetype: modify
replace: userPassword
userPassword: secretCN0001
-

11:28:27.219 [ldap2ldapBinary2StringTestTask-67] DEBUG org.lsc.beans.BeanComparator - In object "cn=CN0003,ou=ldap2ldapBinary2StringTestTaskDst,ou=Test Data,dc=lsc-project,dc=org":  Attribute "description" is in FORCE status
11:28:27.220 [ldap2ldapBinary2StringTestTask-67] DEBUG org.lsc.beans.BeanComparator - In object "cn=CN0003,ou=ldap2ldapBinary2StringTestTaskDst,ou=Test Data,dc=lsc-project,dc=org":  Attribute "description" will not be written to the destination
11:28:27.220 [ldap2ldapBinary2StringTestTask-67] DEBUG org.lsc.beans.BeanComparator - In object "cn=CN0003,ou=ldap2ldapBinary2StringTestTaskDst,ou=Test Data,dc=lsc-project,dc=org":  Attribute "favouriteDrink" is in FORCE status
11:28:27.285 [ldap2ldapBinary2StringTestTask-65] DEBUG org.lsc.beans.BeanComparator - In object "cn=CN0002,ou=ldap2ldapBinary2StringTestTaskDst,ou=Test Data,dc=lsc-project,dc=org":  Attribute "favouriteDrink" will not be written to the destination
11:28:27.286 [ldap2ldapBinary2StringTestTask-65] DEBUG org.lsc.beans.BeanComparator - In object "cn=CN0002,ou=ldap2ldapBinary2StringTestTaskDst,ou=Test Data,dc=lsc-project,dc=org":  Attribute "cn" is in FORCE status
11:28:27.288 [ldap2ldapBinary2StringTestTask-65] DEBUG org.lsc.beans.BeanComparator - In object "cn=CN0002,ou=ldap2ldapBinary2StringTestTaskDst,ou=Test Data,dc=lsc-project,dc=org":  Attribute "cn" will not be written to the destination
11:28:27.289 [ldap2ldapBinary2StringTestTask-65] DEBUG org.lsc.beans.BeanComparator - In object "cn=CN0002,ou=ldap2ldapBinary2StringTestTaskDst,ou=Test Data,dc=lsc-project,dc=org":  Attribute "sn" is in FORCE status
11:28:27.290 [ldap2ldapBinary2StringTestTask-65] DEBUG org.lsc.beans.BeanComparator - In object "cn=CN0002,ou=ldap2ldapBinary2StringTestTaskDst,ou=Test Data,dc=lsc-project,dc=org":  Attribute "sn" will not be written to the destination
11:28:27.291 [ldap2ldapBinary2StringTestTask-65] DEBUG org.lsc.beans.BeanComparator - In object "cn=CN0002,ou=ldap2ldapBinary2StringTestTaskDst,ou=Test Data,dc=lsc-project,dc=org":  Attribute "seeAlso" is in FORCE status
11:28:27.293 [ldap2ldapBinary2StringTestTask-65] DEBUG org.lsc.beans.BeanComparator - In object "cn=CN0002,ou=ldap2ldapBinary2StringTestTaskDst,ou=Test Data,dc=lsc-project,dc=org":  Attribute "seeAlso" will not be written to the destination
11:28:27.296 [ldap2ldapBinary2StringTestTask-65] INFO  lsc.destination - # Updating object cn=CN0002,ou=ldap2ldapBinary2StringTestTaskDst,ou=Test Data,dc=lsc-project,dc=org for ldap2ldapBinary2StringTestTask
# Mon Aug 03 11:28:27 UTC 2020
dn: cn=CN0002,ou=ldap2ldapBinary2StringTestTaskDst,ou=Test Data,dc=lsc-project,dc=org
changetype: modify
replace: userPassword
userPassword: secretCN0002
-
replace: telephoneNumber
telephoneNumber: 987987
-
replace: description
description: Number two's descriptive text
-

11:28:27.304 [ldap2ldapBinary2StringTestTask-67] DEBUG org.lsc.beans.BeanComparator - In object "cn=CN0003,ou=ldap2ldapBinary2StringTestTaskDst,ou=Test Data,dc=lsc-project,dc=org":  Attribute "favouriteDrink" will not be written to the destination
11:28:27.304 [ldap2ldapBinary2StringTestTask-67] DEBUG org.lsc.beans.BeanComparator - In object "cn=CN0003,ou=ldap2ldapBinary2StringTestTaskDst,ou=Test Data,dc=lsc-project,dc=org":  Attribute "cn" is in FORCE status
11:28:27.305 [ldap2ldapBinary2StringTestTask-67] DEBUG org.lsc.beans.BeanComparator - In object "cn=CN0003,ou=ldap2ldapBinary2StringTestTaskDst,ou=Test Data,dc=lsc-project,dc=org":  Attribute "cn" will not be written to the destination
11:28:27.306 [ldap2ldapBinary2StringTestTask-67] DEBUG org.lsc.beans.BeanComparator - In object "cn=CN0003,ou=ldap2ldapBinary2StringTestTaskDst,ou=Test Data,dc=lsc-project,dc=org":  Attribute "sn" is in FORCE status
11:28:27.307 [ldap2ldapBinary2StringTestTask-67] DEBUG org.lsc.beans.BeanComparator - In object "cn=CN0003,ou=ldap2ldapBinary2StringTestTaskDst,ou=Test Data,dc=lsc-project,dc=org":  Attribute "sn" will not be written to the destination
11:28:27.307 [ldap2ldapBinary2StringTestTask-67] DEBUG org.lsc.beans.BeanComparator - In object "cn=CN0003,ou=ldap2ldapBinary2StringTestTaskDst,ou=Test Data,dc=lsc-project,dc=org":  Attribute "seeAlso" is in FORCE status
11:28:27.307 [ldap2ldapBinary2StringTestTask-67] DEBUG org.lsc.beans.BeanComparator - In object "cn=CN0003,ou=ldap2ldapBinary2StringTestTaskDst,ou=Test Data,dc=lsc-project,dc=org":  Attribute "seeAlso" will not be written to the destination
11:28:27.309 [ldap2ldapBinary2StringTestTask-67] INFO  lsc.destination - # Updating object cn=CN0003,ou=ldap2ldapBinary2StringTestTaskDst,ou=Test Data,dc=lsc-project,dc=org for ldap2ldapBinary2StringTestTask
# Mon Aug 03 11:28:27 UTC 2020
dn: cn=CN0003,ou=ldap2ldapBinary2StringTestTaskDst,ou=Test Data,dc=lsc-project,dc=org
changetype: modify
replace: userPassword
userPassword: secretCN0003
-

11:28:27.310 [main] INFO  org.lsc.AbstractSynchronize - All entries: 3, to modify entries: 3, successfully modified entries: 3, errors: 0
11:28:27.310 [main] INFO  org.lsc.jndi.JndiServices - Connecting to LDAP server ldap://localhost:33389/dc=lsc-project,dc=org as cn=Directory Manager
Tests run: 2, Failures: 0, Errors: 0, Skipped: 0, Time elapsed: 1.001 sec - in org.lsc.Ldap2LdapBinaryPivotWithStringConversionSyncTest
Running org.lsc.configuration.XsdForLscComparatorTest
Tests run: 1, Failures: 0, Errors: 0, Skipped: 0, Time elapsed: 0.006 sec - in org.lsc.configuration.XsdForLscComparatorTest
Running org.lsc.configuration.ConfigurationLoaderTest
11:28:27.407 [main] DEBUG o.l.c.JaxbXmlConfigurationHelper - Loading XML configuration from: /tmp/tmpmax4mvf5/lsc/target/test-classes/test.xml
11:28:27.409 [main] DEBUG org.reflections.Reflections - going to scan these urls:
file:/tmp/tmpmax4mvf5/lsc/target/test-classes/
file:/tmp/tmpmax4mvf5/lsc/target/classes/
11:28:27.421 [main] INFO  org.reflections.Reflections - Reflections took 12 ms to scan 2 urls, producing 103 keys and 202 values 
11:28:27.422 [main] DEBUG o.l.c.JaxbXmlConfigurationHelper - Importing XML schema file: schemas/lsc-core-2.2.xsd
11:28:27.454 [main] DEBUG o.l.c.JaxbXmlConfigurationHelper - Loading XML configuration from: /tmp/tmpmax4mvf5/lsc/target/test-classes/test_with_env_variables.xml
11:28:27.455 [main] DEBUG org.reflections.Reflections - going to scan these urls:
file:/tmp/tmpmax4mvf5/lsc/target/test-classes/
file:/tmp/tmpmax4mvf5/lsc/target/classes/
11:28:27.466 [main] INFO  org.reflections.Reflections - Reflections took 11 ms to scan 2 urls, producing 103 keys and 202 values 
11:28:27.467 [main] DEBUG o.l.c.JaxbXmlConfigurationHelper - Importing XML schema file: schemas/lsc-core-2.2.xsd
11:28:27.504 [main] DEBUG o.l.c.JaxbXmlConfigurationHelper - Loading XML configuration from: /tmp/tmpmax4mvf5/lsc/target/test-classes/test_with_env_variables.xml
11:28:27.505 [main] DEBUG org.reflections.Reflections - going to scan these urls:
file:/tmp/tmpmax4mvf5/lsc/target/test-classes/
file:/tmp/tmpmax4mvf5/lsc/target/classes/
11:28:27.516 [main] INFO  org.reflections.Reflections - Reflections took 9 ms to scan 2 urls, producing 103 keys and 202 values 
11:28:27.516 [main] DEBUG o.l.c.JaxbXmlConfigurationHelper - Importing XML schema file: schemas/lsc-core-2.2.xsd
11:28:27.549 [main] DEBUG o.l.c.JaxbXmlConfigurationHelper - Loading XML configuration from: /tmp/tmpmax4mvf5/lsc/target/test-classes/test_with_funky_env_variables.xml
11:28:27.550 [main] DEBUG org.reflections.Reflections - going to scan these urls:
file:/tmp/tmpmax4mvf5/lsc/target/test-classes/
file:/tmp/tmpmax4mvf5/lsc/target/classes/
11:28:27.560 [main] INFO  org.reflections.Reflections - Reflections took 10 ms to scan 2 urls, producing 103 keys and 202 values 
11:28:27.561 [main] DEBUG o.l.c.JaxbXmlConfigurationHelper - Importing XML schema file: schemas/lsc-core-2.2.xsd
11:28:27.590 [main] DEBUG o.l.c.JaxbXmlConfigurationHelper - Loading XML configuration from: /tmp/tmpmax4mvf5/lsc/target/test-classes/test.xml
11:28:27.591 [main] DEBUG org.reflections.Reflections - going to scan these urls:
file:/tmp/tmpmax4mvf5/lsc/target/test-classes/
file:/tmp/tmpmax4mvf5/lsc/target/classes/
11:28:27.601 [main] INFO  org.reflections.Reflections - Reflections took 10 ms to scan 2 urls, producing 103 keys and 202 values 
11:28:27.601 [main] DEBUG o.l.c.JaxbXmlConfigurationHelper - Importing XML schema file: schemas/lsc-core-2.2.xsd
Tests run: 5, Failures: 0, Errors: 0, Skipped: 0, Time elapsed: 0.341 sec - in org.lsc.configuration.ConfigurationLoaderTest
Running org.lsc.configuration.PropertiesConfigurationHelperTest
11:28:27.664 [main] DEBUG org.lsc.Configuration - Loading configuration url: file:/tmp/tmpmax4mvf5/lsc/target/test-classes/etc/lsc-old.properties
11:28:27.699 [main] WARN  o.l.c.PropertiesConfigurationHelper - Unhandled property to set up source service: dateFormat
11:28:27.699 [main] WARN  o.l.c.PropertiesConfigurationHelper - Unhandled property to set up source service: filterId
11:28:27.699 [main] WARN  o.l.c.PropertiesConfigurationHelper - Unhandled property to set up source service: interval
11:28:27.699 [main] WARN  o.l.c.PropertiesConfigurationHelper - Unhandled property to set up source service: attrs
11:28:27.699 [main] WARN  o.l.c.PropertiesConfigurationHelper - Unhandled property to set up source service: baseDn
11:28:27.700 [main] WARN  o.l.c.PropertiesConfigurationHelper - Unhandled property to set up source service: filterAll
11:28:27.700 [main] WARN  o.l.c.PropertiesConfigurationHelper - Unhandled property to set up source service: pivotAttrs
11:28:27.700 [main] WARN  o.l.c.PropertiesConfigurationHelper - Unhandled property to set up source service: filterAsync
11:28:27.700 [main] WARN  o.l.c.PropertiesConfigurationHelper - Unhandled property to set up destination service: filterId
11:28:27.700 [main] WARN  o.l.c.PropertiesConfigurationHelper - Unhandled property to set up destination service: attrs
11:28:27.700 [main] WARN  o.l.c.PropertiesConfigurationHelper - Unhandled property to set up destination service: baseDn
11:28:27.701 [main] WARN  o.l.c.PropertiesConfigurationHelper - Unhandled property to set up destination service: filterAll
11:28:27.701 [main] WARN  o.l.c.PropertiesConfigurationHelper - Unhandled property to set up destination service: pivotAttrs
11:28:27.701 [main] DEBUG o.lsc.configuration.LscConfiguration - Adding 'M' sync type for dataset name telephoneNumber.
11:28:27.701 [main] DEBUG o.lsc.configuration.LscConfiguration - Adding 'M' sync type for dataset name description.
11:28:27.701 [main] DEBUG o.lsc.configuration.LscConfiguration - Adding 'F' sync type for dataset name seeAlso.
11:28:27.701 [main] DEBUG o.lsc.configuration.LscConfiguration - Adding 'M' sync type for dataset name objectclass.
11:28:27.702 [main] DEBUG o.lsc.configuration.LscConfiguration - Adding 'K' sync type for dataset name default.
11:28:27.702 [main] DEBUG o.lsc.configuration.LscConfiguration - Adding 'F' sync type for dataset name userPassword.
11:28:27.702 [main] WARN  o.l.c.PropertiesConfigurationHelper - Unhandled property to set up source service: requestNameForList
11:28:27.702 [main] WARN  o.l.c.PropertiesConfigurationHelper - Unhandled property to set up source service: requestNameForObject
11:28:27.702 [main] WARN  o.l.c.PropertiesConfigurationHelper - Unhandled property to set up destination service: filterId
11:28:27.703 [main] WARN  o.l.c.PropertiesConfigurationHelper - Unhandled property to set up destination service: attrs
11:28:27.703 [main] WARN  o.l.c.PropertiesConfigurationHelper - Unhandled property to set up destination service: baseDn
11:28:27.703 [main] WARN  o.l.c.PropertiesConfigurationHelper - Unhandled property to set up destination service: filterAll
11:28:27.703 [main] WARN  o.l.c.PropertiesConfigurationHelper - Unhandled property to set up destination service: pivotAttrs
11:28:27.703 [main] DEBUG o.lsc.configuration.LscConfiguration - Adding 'M' sync type for dataset name telephoneNumber.
11:28:27.703 [main] DEBUG o.lsc.configuration.LscConfiguration - Adding 'F' sync type for dataset name cn.
11:28:27.704 [main] DEBUG o.lsc.configuration.LscConfiguration - Adding 'M' sync type for dataset name description.
11:28:27.704 [main] DEBUG o.lsc.configuration.LscConfiguration - Adding 'F' sync type for dataset name objectclass.
11:28:27.704 [main] DEBUG o.lsc.configuration.LscConfiguration - Adding 'K' sync type for dataset name default.
11:28:27.704 [main] DEBUG o.lsc.configuration.LscConfiguration - Adding 'F' sync type for dataset name userPassword.
Tests run: 1, Failures: 0, Errors: 0, Skipped: 0, Time elapsed: 0.054 sec - in org.lsc.configuration.PropertiesConfigurationHelperTest
Running org.lsc.jmx.LscJmxTest
11:28:27.754 [main] DEBUG o.l.c.JaxbXmlConfigurationHelper - Loading XML configuration from: /tmp/tmpmax4mvf5/lsc/target/test-classes/etc/lsc.xml
11:28:27.755 [main] DEBUG org.reflections.Reflections - going to scan these urls:
file:/tmp/tmpmax4mvf5/lsc/target/test-classes/
file:/tmp/tmpmax4mvf5/lsc/target/classes/
11:28:27.765 [main] INFO  org.reflections.Reflections - Reflections took 10 ms to scan 2 urls, producing 104 keys and 203 values 
11:28:27.765 [main] DEBUG o.l.c.JaxbXmlConfigurationHelper - Importing XML schema file: schemas/lsc-core-2.2.xsd
11:28:27.802 [main] INFO  org.lsc.Configuration - Logging configuration successfully loaded from /tmp/tmpmax4mvf5/lsc/target/test-classes/etc/logback.xml 
11:28:27.802 [main] INFO  org.lsc.Configuration - LSC configuration successfully loaded from /tmp/tmpmax4mvf5/lsc/target/test-classes/etc/
11:28:27.806 [Thread-19] WARN  org.lsc.jndi.SimpleJndiSrcService - No clean filter has been specified for task=ldap2ldapTestTask. During the clean phase, LSC wouldn't be able to get the right entries and may delete all destination entries !
11:28:27.808 [Thread-19] WARN  org.lsc.service.AbstractJdbcService - No clean request has been specified for task=db2ldapTestTask. During the clean phase, LSC wouldn't be able to get the right entries and may delete all destination entries !
11:28:27.809 [Thread-19] WARN  org.lsc.jndi.SimpleJndiSrcService - No clean filter has been specified for task=ldap2ldapJmxTestTask. During the clean phase, LSC wouldn't be able to get the right entries and may delete all destination entries !
11:28:27.811 [Thread-19] WARN  org.lsc.jndi.SimpleJndiSrcService - No clean filter has been specified for task=ldap2ldapBinary2StringTestTask. During the clean phase, LSC wouldn't be able to get the right entries and may delete all destination entries !
11:28:27.812 [Thread-19] WARN  org.lsc.jndi.SimpleJndiSrcService - No clean filter has been specified for task=ldap2ldapSamePivotConversionTestTask. During the clean phase, LSC wouldn't be able to get the right entries and may delete all destination entries !
11:28:27.813 [Thread-19] WARN  org.lsc.jndi.SimpleJndiSrcService - No clean filter has been specified for task=ldap2dbTestTask. During the clean phase, LSC wouldn't be able to get the right entries and may delete all destination entries !
11:28:27.850 [Thread-19] INFO  org.lsc.jmx.LscJmxTest - The JMX bean has been registered. Synchronizing data ...
11:28:27.850 [Thread-19] WARN  org.lsc.jndi.SimpleJndiSrcService - No clean filter has been specified for task=ldap2ldapTestTask. During the clean phase, LSC wouldn't be able to get the right entries and may delete all destination entries !
11:28:27.851 [Thread-19] WARN  org.lsc.service.AbstractJdbcService - No clean request has been specified for task=db2ldapTestTask. During the clean phase, LSC wouldn't be able to get the right entries and may delete all destination entries !
11:28:27.851 [Thread-19] WARN  org.lsc.jndi.SimpleJndiSrcService - No clean filter has been specified for task=ldap2ldapJmxTestTask. During the clean phase, LSC wouldn't be able to get the right entries and may delete all destination entries !
11:28:27.852 [Thread-19] WARN  org.lsc.jndi.SimpleJndiSrcService - No clean filter has been specified for task=ldap2ldapBinary2StringTestTask. During the clean phase, LSC wouldn't be able to get the right entries and may delete all destination entries !
11:28:27.852 [Thread-19] WARN  org.lsc.jndi.SimpleJndiSrcService - No clean filter has been specified for task=ldap2ldapSamePivotConversionTestTask. During the clean phase, LSC wouldn't be able to get the right entries and may delete all destination entries !
11:28:27.853 [Thread-19] WARN  org.lsc.jndi.SimpleJndiSrcService - No clean filter has been specified for task=ldap2dbTestTask. During the clean phase, LSC wouldn't be able to get the right entries and may delete all destination entries !
11:28:27.853 [Thread-19] INFO  lsc.destination - Starting async for ldap2ldapJmxTestTask
11:28:27.854 [ldap2ldapJmxTestTask] DEBUG org.lsc.AbstractSynchronize - Asynchronous synchronize ldap2ldapJmxTestTask
11:28:27.863 [ldap2ldapJmxTestTask-73] DEBUG org.lsc.utils.ScriptingEvaluator - Unsupported scripting engine: Oracle Nashorn
11:28:27.863 [ldap2ldapJmxTestTask-75] DEBUG org.lsc.utils.ScriptingEvaluator - Unsupported scripting engine: Oracle Nashorn
11:28:27.920 [ldap2ldapJmxTestTask-75] DEBUG org.lsc.beans.BeanComparator - In object "cn=CN0003,ou=ldap2ldapJmxTestTaskDst,ou=Test Data,dc=lsc-project,dc=org":  List of attributes considered for writing in destination: [userPassword, telephoneNumber, mail, objectClass, description, cn, sn, seeAlso]
11:28:27.920 [ldap2ldapJmxTestTask-75] DEBUG org.lsc.beans.BeanComparator - In object "cn=CN0003,ou=ldap2ldapJmxTestTaskDst,ou=Test Data,dc=lsc-project,dc=org":  Attribute "userPassword" is in FORCE status
11:28:27.921 [ldap2ldapJmxTestTask-75] DEBUG org.lsc.beans.BeanComparator - In object "cn=CN0003,ou=ldap2ldapJmxTestTaskDst,ou=Test Data,dc=lsc-project,dc=org":  Attribute "userPassword" will not be written to the destination
11:28:27.921 [ldap2ldapJmxTestTask-75] DEBUG org.lsc.beans.BeanComparator - In object "cn=CN0003,ou=ldap2ldapJmxTestTaskDst,ou=Test Data,dc=lsc-project,dc=org":  Attribute "telephoneNumber" is in FORCE status
11:28:27.921 [ldap2ldapJmxTestTask-75] DEBUG org.lsc.beans.BeanComparator - In object "cn=CN0003,ou=ldap2ldapJmxTestTaskDst,ou=Test Data,dc=lsc-project,dc=org":  Attribute "telephoneNumber" will not be written to the destination
11:28:27.921 [ldap2ldapJmxTestTask-75] DEBUG org.lsc.beans.BeanComparator - In object "cn=CN0003,ou=ldap2ldapJmxTestTaskDst,ou=Test Data,dc=lsc-project,dc=org":  Attribute "mail" is in FORCE status
11:28:27.922 [ldap2ldapJmxTestTask-75] DEBUG org.lsc.beans.BeanComparator - In object "cn=CN0003,ou=ldap2ldapJmxTestTaskDst,ou=Test Data,dc=lsc-project,dc=org":  Attribute "mail" will not be written to the destination
11:28:27.922 [ldap2ldapJmxTestTask-75] DEBUG org.lsc.beans.BeanComparator - In object "cn=CN0003,ou=ldap2ldapJmxTestTaskDst,ou=Test Data,dc=lsc-project,dc=org":  Attribute "objectClass" is in KEEP status
11:28:27.929 [ldap2ldapJmxTestTask-73] WARN  org.lsc.jndi.JndiServices - WARNING: updating the RDN of the entry will cancel other modifications! Relaunch synchronization to complete update.
11:28:27.931 [ldap2ldapJmxTestTask-73] INFO  lsc.destination - # Renaming object cn=CommonName0002,ou=ldap2ldapJmxTestTaskDst,ou=Test Data,dc=lsc-project,dc=org for ldap2ldapJmxTestTask
# Mon Aug 03 11:28:27 UTC 2020
dn: cn=CommonName0002,ou=ldap2ldapJmxTestTaskDst,ou=Test Data,dc=lsc-project,dc=org
changetype: modrdn
newrdn: cn=CN0002
deleteoldrdn: 1
newsuperior: ou=ldap2ldapJmxTestTaskDst,ou=Test Data,dc=lsc-project,dc=org

11:28:27.954 [ldap2ldapJmxTestTask-75] DEBUG org.lsc.beans.BeanComparator - In object "cn=CN0003,ou=ldap2ldapJmxTestTaskDst,ou=Test Data,dc=lsc-project,dc=org":  Adding attribute "objectClass" with values [person, top, organizationalPerson, inetOrgPerson]
11:28:27.954 [ldap2ldapJmxTestTask-75] DEBUG org.lsc.beans.BeanComparator - In object "cn=CN0003,ou=ldap2ldapJmxTestTaskDst,ou=Test Data,dc=lsc-project,dc=org":  Attribute "description" is in FORCE status
11:28:27.955 [ldap2ldapJmxTestTask-75] DEBUG org.lsc.beans.BeanComparator - In object "cn=CN0003,ou=ldap2ldapJmxTestTaskDst,ou=Test Data,dc=lsc-project,dc=org":  Adding attribute "description" with values [Number three's descriptive text]
11:28:27.955 [ldap2ldapJmxTestTask-75] DEBUG org.lsc.beans.BeanComparator - In object "cn=CN0003,ou=ldap2ldapJmxTestTaskDst,ou=Test Data,dc=lsc-project,dc=org":  Attribute "cn" is in FORCE status
11:28:27.995 [ldap2ldapJmxTestTask-75] DEBUG org.lsc.beans.BeanComparator - In object "cn=CN0003,ou=ldap2ldapJmxTestTaskDst,ou=Test Data,dc=lsc-project,dc=org":  Adding attribute "cn" with values [CN0003]
11:28:27.996 [ldap2ldapJmxTestTask-75] DEBUG org.lsc.beans.BeanComparator - In object "cn=CN0003,ou=ldap2ldapJmxTestTaskDst,ou=Test Data,dc=lsc-project,dc=org":  Attribute "sn" is in FORCE status
11:28:27.997 [ldap2ldapJmxTestTask-75] DEBUG org.lsc.beans.BeanComparator - In object "cn=CN0003,ou=ldap2ldapJmxTestTaskDst,ou=Test Data,dc=lsc-project,dc=org":  Adding attribute "sn" with values [SN0003]
11:28:27.998 [ldap2ldapJmxTestTask-75] DEBUG org.lsc.beans.BeanComparator - In object "cn=CN0003,ou=ldap2ldapJmxTestTaskDst,ou=Test Data,dc=lsc-project,dc=org":  Attribute "seeAlso" is in FORCE status
11:28:27.999 [ldap2ldapJmxTestTask-75] DEBUG org.lsc.beans.BeanComparator - In object "cn=CN0003,ou=ldap2ldapJmxTestTaskDst,ou=Test Data,dc=lsc-project,dc=org":  Attribute "seeAlso" will not be written to the destination
11:28:28.001 [ldap2ldapJmxTestTask-75] INFO  lsc.destination - # Adding new object cn=CN0003,ou=ldap2ldapJmxTestTaskDst,ou=Test Data,dc=lsc-project,dc=org for ldap2ldapJmxTestTask
# Mon Aug 03 11:28:28 UTC 2020
dn: cn=CN0003,ou=ldap2ldapJmxTestTaskDst,ou=Test Data,dc=lsc-project,dc=org
changetype: add
objectClass: person
objectClass: top
objectClass: organizationalPerson
objectClass: inetOrgPerson
description: Number three's descriptive text
cn: CN0003
sn: SN0003

11:28:31.314 [main] INFO  org.lsc.jmx.LscAgent - Connecting to remote engine on : service:jmx:rmi:///jndi/rmi://localhost:1099/jmxrmi
11:28:31.326 [main] ERROR org.lsc.jmx.LscAgent - java.io.IOException: Failed to retrieve RMIServer stub: javax.naming.ServiceUnavailableException [Root exception is java.rmi.ConnectException: Connection refused to host: localhost; nested exception is: 
	java.net.ConnectException: Connection refused (Connection refused)]
java.io.IOException: Failed to retrieve RMIServer stub: javax.naming.ServiceUnavailableException [Root exception is java.rmi.ConnectException: Connection refused to host: localhost; nested exception is: 
	java.net.ConnectException: Connection refused (Connection refused)]
	at javax.management.remote.rmi.RMIConnector.connect(RMIConnector.java:369) ~[na:1.8.0_262]
	at javax.management.remote.rmi.RMIConnector.connect(RMIConnector.java:249) ~[na:1.8.0_262]
	at org.lsc.jmx.LscAgent.jmxBind(LscAgent.java:304) [classes/:na]
	at org.lsc.jmx.LscAgent.run(LscAgent.java:137) [classes/:na]
	at org.lsc.jmx.LscJmxTest.test2List(LscJmxTest.java:148) [test-classes/:na]
	at sun.reflect.NativeMethodAccessorImpl.invoke0(Native Method) ~[na:1.8.0_262]
	at sun.reflect.NativeMethodAccessorImpl.invoke(NativeMethodAccessorImpl.java:62) ~[na:1.8.0_262]
	at sun.reflect.DelegatingMethodAccessorImpl.invoke(DelegatingMethodAccessorImpl.java:43) ~[na:1.8.0_262]
	at java.lang.reflect.Method.invoke(Method.java:498) ~[na:1.8.0_262]
	at org.junit.runners.model.FrameworkMethod$1.runReflectiveCall(FrameworkMethod.java:45) [junit-4.10.jar:na]
	at org.junit.internal.runners.model.ReflectiveCallable.run(ReflectiveCallable.java:15) [junit-4.10.jar:na]
	at org.junit.runners.model.FrameworkMethod.invokeExplosively(FrameworkMethod.java:42) [junit-4.10.jar:na]
	at org.junit.internal.runners.statements.InvokeMethod.evaluate(InvokeMethod.java:20) [junit-4.10.jar:na]
	at org.junit.internal.runners.statements.RunBefores.evaluate(RunBefores.java:28) [junit-4.10.jar:na]
	at org.junit.runners.ParentRunner.runLeaf(ParentRunner.java:263) [junit-4.10.jar:na]
	at org.junit.runners.BlockJUnit4ClassRunner.runChild(BlockJUnit4ClassRunner.java:68) [junit-4.10.jar:na]
	at org.junit.runners.BlockJUnit4ClassRunner.runChild(BlockJUnit4ClassRunner.java:47) [junit-4.10.jar:na]
	at org.junit.runners.ParentRunner$3.run(ParentRunner.java:231) [junit-4.10.jar:na]
	at org.junit.runners.ParentRunner$1.schedule(ParentRunner.java:60) [junit-4.10.jar:na]
	at org.junit.runners.ParentRunner.runChildren(ParentRunner.java:229) [junit-4.10.jar:na]
	at org.junit.runners.ParentRunner.access$000(ParentRunner.java:50) [junit-4.10.jar:na]
	at org.junit.runners.ParentRunner$2.evaluate(ParentRunner.java:222) [junit-4.10.jar:na]
	at org.junit.runners.ParentRunner.run(ParentRunner.java:300) [junit-4.10.jar:na]
	at org.apache.maven.surefire.junit4.JUnit4Provider.execute(JUnit4Provider.java:367) [surefire-junit4-2.19.1.jar:2.19.1]
	at org.apache.maven.surefire.junit4.JUnit4Provider.executeWithRerun(JUnit4Provider.java:274) [surefire-junit4-2.19.1.jar:2.19.1]
	at org.apache.maven.surefire.junit4.JUnit4Provider.executeTestSet(JUnit4Provider.java:238) [surefire-junit4-2.19.1.jar:2.19.1]
	at org.apache.maven.surefire.junit4.JUnit4Provider.invoke(JUnit4Provider.java:161) [surefire-junit4-2.19.1.jar:2.19.1]
	at org.apache.maven.surefire.booter.ForkedBooter.invokeProviderInSameClassLoader(ForkedBooter.java:290) [surefire-booter-2.19.1.jar:2.19.1]
	at org.apache.maven.surefire.booter.ForkedBooter.runSuitesInProcess(ForkedBooter.java:242) [surefire-booter-2.19.1.jar:2.19.1]
	at org.apache.maven.surefire.booter.ForkedBooter.main(ForkedBooter.java:121) [surefire-booter-2.19.1.jar:2.19.1]
Caused by: javax.naming.ServiceUnavailableException: null
	at com.sun.jndi.rmi.registry.RegistryContext.lookup(RegistryContext.java:136) ~[na:1.8.0_262]
	at com.sun.jndi.toolkit.url.GenericURLContext.lookup(GenericURLContext.java:205) ~[na:1.8.0_262]
	at javax.naming.InitialContext.lookup(InitialContext.java:417) ~[na:1.8.0_262]
	at javax.management.remote.rmi.RMIConnector.findRMIServerJNDI(RMIConnector.java:1955) ~[na:1.8.0_262]
	at javax.management.remote.rmi.RMIConnector.findRMIServer(RMIConnector.java:1922) ~[na:1.8.0_262]
	at javax.management.remote.rmi.RMIConnector.connect(RMIConnector.java:287) ~[na:1.8.0_262]
	... 29 common frames omitted
Caused by: java.rmi.ConnectException: Connection refused to host: localhost; nested exception is: 
	java.net.ConnectException: Connection refused (Connection refused)
	at sun.rmi.transport.tcp.TCPEndpoint.newSocket(TCPEndpoint.java:623) ~[na:1.8.0_262]
	at sun.rmi.transport.tcp.TCPChannel.createConnection(TCPChannel.java:216) ~[na:1.8.0_262]
	at sun.rmi.transport.tcp.TCPChannel.newConnection(TCPChannel.java:202) ~[na:1.8.0_262]
	at sun.rmi.server.UnicastRef.newCall(UnicastRef.java:343) ~[na:1.8.0_262]
	at sun.rmi.registry.RegistryImpl_Stub.lookup(RegistryImpl_Stub.java:116) ~[na:1.8.0_262]
	at com.sun.jndi.rmi.registry.RegistryContext.lookup(RegistryContext.java:132) ~[na:1.8.0_262]
	... 34 common frames omitted
Caused by: java.net.ConnectException: Connection refused (Connection refused)
	at java.net.PlainSocketImpl.socketConnect(Native Method) ~[na:1.8.0_262]
	at java.net.AbstractPlainSocketImpl.doConnect(AbstractPlainSocketImpl.java:350) ~[na:1.8.0_262]
	at java.net.AbstractPlainSocketImpl.connectToAddress(AbstractPlainSocketImpl.java:206) ~[na:1.8.0_262]
	at java.net.AbstractPlainSocketImpl.connect(AbstractPlainSocketImpl.java:188) ~[na:1.8.0_262]
	at java.net.SocksSocketImpl.connect(SocksSocketImpl.java:392) ~[na:1.8.0_262]
	at java.net.Socket.connect(Socket.java:607) ~[na:1.8.0_262]
	at java.net.Socket.connect(Socket.java:556) ~[na:1.8.0_262]
	at java.net.Socket.<init>(Socket.java:452) ~[na:1.8.0_262]
	at java.net.Socket.<init>(Socket.java:229) ~[na:1.8.0_262]
	at sun.rmi.transport.proxy.RMIDirectSocketFactory.createSocket(RMIDirectSocketFactory.java:40) ~[na:1.8.0_262]
	at sun.rmi.transport.proxy.RMIMasterSocketFactory.createSocket(RMIMasterSocketFactory.java:148) ~[na:1.8.0_262]
	at sun.rmi.transport.tcp.TCPEndpoint.newSocket(TCPEndpoint.java:617) ~[na:1.8.0_262]
	... 39 common frames omitted

Results :

Tests in error: 
  JScriptEvaluatorTest.testList:122 » NullPointer
  JScriptEvaluatorTest.testNk »  Unexpected exception, expected<org.lsc.exceptio...
  JScriptEvaluatorTest.testOk:93 » NullPointer
  JScriptEvaluatorTest.testOk2:109 » NullPointer
  JScriptEvaluatorTest.testOkLdap:157 NoClassDefFound mockit.NonStrictExpectatio...
  GroovyEvaluatorTest.test1:37 ExceptionInInitializer
  LDAPTest.testCanBind:79 » NullPointer
  LdifLayoutTest.init:91 NoClassDefFound mockit.NonStrictExpectations
  LdifLayoutTest.init:91 NoClassDefFound mockit.NonStrictExpectations
  LdifLayoutTest.init:91 NoClassDefFound mockit.NonStrictExpectations

Tests run: 67, Failures: 0, Errors: 10, Skipped: 0

[INFO] ------------------------------------------------------------------------
[INFO] BUILD FAILURE
[INFO] ------------------------------------------------------------------------
[INFO] Total time:  07:31 min
[INFO] Finished at: 2020-08-03T11:28:31Z
[INFO] ------------------------------------------------------------------------
[ERROR] Failed to execute goal org.apache.maven.plugins:maven-surefire-plugin:2.19.1:test (default-test) on project lsc-core: Execution default-test of goal org.apache.maven.plugins:maven-surefire-plugin:2.19.1:test failed: The forked VM terminated without properly saying goodbye. VM crash or System.exit called?
[ERROR] Command was /bin/sh -c cd /tmp/tmpmax4mvf5/lsc && /usr/local/openjdk-8/jre/bin/java -javaagent:/home/jdbl/.m2/repository/org/jacoco/org.jacoco.agent/0.8.5/org.jacoco.agent-0.8.5-runtime.jar=destfile=/tmp/tmpmax4mvf5/lsc/target/jacoco.exec -jar /tmp/tmpmax4mvf5/lsc/target/surefire/surefirebooter5637066858543103181.jar /tmp/tmpmax4mvf5/lsc/target/surefire/surefire3367808397176717734tmp /tmp/tmpmax4mvf5/lsc/target/surefire/surefire_08719160178301819751tmp
[ERROR] -> [Help 1]
org.apache.maven.lifecycle.LifecycleExecutionException: Failed to execute goal org.apache.maven.plugins:maven-surefire-plugin:2.19.1:test (default-test) on project lsc-core: Execution default-test of goal org.apache.maven.plugins:maven-surefire-plugin:2.19.1:test failed: The forked VM terminated without properly saying goodbye. VM crash or System.exit called?
Command was /bin/sh -c cd /tmp/tmpmax4mvf5/lsc && /usr/local/openjdk-8/jre/bin/java -javaagent:/home/jdbl/.m2/repository/org/jacoco/org.jacoco.agent/0.8.5/org.jacoco.agent-0.8.5-runtime.jar=destfile=/tmp/tmpmax4mvf5/lsc/target/jacoco.exec -jar /tmp/tmpmax4mvf5/lsc/target/surefire/surefirebooter5637066858543103181.jar /tmp/tmpmax4mvf5/lsc/target/surefire/surefire3367808397176717734tmp /tmp/tmpmax4mvf5/lsc/target/surefire/surefire_08719160178301819751tmp
    at org.apache.maven.lifecycle.internal.MojoExecutor.execute (MojoExecutor.java:215)
    at org.apache.maven.lifecycle.internal.MojoExecutor.execute (MojoExecutor.java:156)
    at org.apache.maven.lifecycle.internal.MojoExecutor.execute (MojoExecutor.java:148)
    at org.apache.maven.lifecycle.internal.LifecycleModuleBuilder.buildProject (LifecycleModuleBuilder.java:117)
    at org.apache.maven.lifecycle.internal.LifecycleModuleBuilder.buildProject (LifecycleModuleBuilder.java:81)
    at org.apache.maven.lifecycle.internal.builder.singlethreaded.SingleThreadedBuilder.build (SingleThreadedBuilder.java:56)
    at org.apache.maven.lifecycle.internal.LifecycleStarter.execute (LifecycleStarter.java:128)
    at org.apache.maven.DefaultMaven.doExecute (DefaultMaven.java:305)
    at org.apache.maven.DefaultMaven.doExecute (DefaultMaven.java:192)
    at org.apache.maven.DefaultMaven.execute (DefaultMaven.java:105)
    at org.apache.maven.cli.MavenCli.execute (MavenCli.java:957)
    at org.apache.maven.cli.MavenCli.doMain (MavenCli.java:289)
    at org.apache.maven.cli.MavenCli.main (MavenCli.java:193)
    at sun.reflect.NativeMethodAccessorImpl.invoke0 (Native Method)
    at sun.reflect.NativeMethodAccessorImpl.invoke (NativeMethodAccessorImpl.java:62)
    at sun.reflect.DelegatingMethodAccessorImpl.invoke (DelegatingMethodAccessorImpl.java:43)
    at java.lang.reflect.Method.invoke (Method.java:498)
    at org.codehaus.plexus.classworlds.launcher.Launcher.launchEnhanced (Launcher.java:282)
    at org.codehaus.plexus.classworlds.launcher.Launcher.launch (Launcher.java:225)
    at org.codehaus.plexus.classworlds.launcher.Launcher.mainWithExitCode (Launcher.java:406)
    at org.codehaus.plexus.classworlds.launcher.Launcher.main (Launcher.java:347)
Caused by: org.apache.maven.plugin.PluginExecutionException: Execution default-test of goal org.apache.maven.plugins:maven-surefire-plugin:2.19.1:test failed: The forked VM terminated without properly saying goodbye. VM crash or System.exit called?
Command was /bin/sh -c cd /tmp/tmpmax4mvf5/lsc && /usr/local/openjdk-8/jre/bin/java -javaagent:/home/jdbl/.m2/repository/org/jacoco/org.jacoco.agent/0.8.5/org.jacoco.agent-0.8.5-runtime.jar=destfile=/tmp/tmpmax4mvf5/lsc/target/jacoco.exec -jar /tmp/tmpmax4mvf5/lsc/target/surefire/surefirebooter5637066858543103181.jar /tmp/tmpmax4mvf5/lsc/target/surefire/surefire3367808397176717734tmp /tmp/tmpmax4mvf5/lsc/target/surefire/surefire_08719160178301819751tmp
    at org.apache.maven.plugin.DefaultBuildPluginManager.executeMojo (DefaultBuildPluginManager.java:148)
    at org.apache.maven.lifecycle.internal.MojoExecutor.execute (MojoExecutor.java:210)
    at org.apache.maven.lifecycle.internal.MojoExecutor.execute (MojoExecutor.java:156)
    at org.apache.maven.lifecycle.internal.MojoExecutor.execute (MojoExecutor.java:148)
    at org.apache.maven.lifecycle.internal.LifecycleModuleBuilder.buildProject (LifecycleModuleBuilder.java:117)
    at org.apache.maven.lifecycle.internal.LifecycleModuleBuilder.buildProject (LifecycleModuleBuilder.java:81)
    at org.apache.maven.lifecycle.internal.builder.singlethreaded.SingleThreadedBuilder.build (SingleThreadedBuilder.java:56)
    at org.apache.maven.lifecycle.internal.LifecycleStarter.execute (LifecycleStarter.java:128)
    at org.apache.maven.DefaultMaven.doExecute (DefaultMaven.java:305)
    at org.apache.maven.DefaultMaven.doExecute (DefaultMaven.java:192)
    at org.apache.maven.DefaultMaven.execute (DefaultMaven.java:105)
    at org.apache.maven.cli.MavenCli.execute (MavenCli.java:957)
    at org.apache.maven.cli.MavenCli.doMain (MavenCli.java:289)
    at org.apache.maven.cli.MavenCli.main (MavenCli.java:193)
    at sun.reflect.NativeMethodAccessorImpl.invoke0 (Native Method)
    at sun.reflect.NativeMethodAccessorImpl.invoke (NativeMethodAccessorImpl.java:62)
    at sun.reflect.DelegatingMethodAccessorImpl.invoke (DelegatingMethodAccessorImpl.java:43)
    at java.lang.reflect.Method.invoke (Method.java:498)
    at org.codehaus.plexus.classworlds.launcher.Launcher.launchEnhanced (Launcher.java:282)
    at org.codehaus.plexus.classworlds.launcher.Launcher.launch (Launcher.java:225)
    at org.codehaus.plexus.classworlds.launcher.Launcher.mainWithExitCode (Launcher.java:406)
    at org.codehaus.plexus.classworlds.launcher.Launcher.main (Launcher.java:347)
Caused by: java.lang.RuntimeException: The forked VM terminated without properly saying goodbye. VM crash or System.exit called?
Command was /bin/sh -c cd /tmp/tmpmax4mvf5/lsc && /usr/local/openjdk-8/jre/bin/java -javaagent:/home/jdbl/.m2/repository/org/jacoco/org.jacoco.agent/0.8.5/org.jacoco.agent-0.8.5-runtime.jar=destfile=/tmp/tmpmax4mvf5/lsc/target/jacoco.exec -jar /tmp/tmpmax4mvf5/lsc/target/surefire/surefirebooter5637066858543103181.jar /tmp/tmpmax4mvf5/lsc/target/surefire/surefire3367808397176717734tmp /tmp/tmpmax4mvf5/lsc/target/surefire/surefire_08719160178301819751tmp
    at org.apache.maven.plugin.surefire.booterclient.ForkStarter.fork (ForkStarter.java:590)
    at org.apache.maven.plugin.surefire.booterclient.ForkStarter.fork (ForkStarter.java:460)
    at org.apache.maven.plugin.surefire.booterclient.ForkStarter.run (ForkStarter.java:229)
    at org.apache.maven.plugin.surefire.booterclient.ForkStarter.run (ForkStarter.java:201)
    at org.apache.maven.plugin.surefire.AbstractSurefireMojo.executeProvider (AbstractSurefireMojo.java:1026)
    at org.apache.maven.plugin.surefire.AbstractSurefireMojo.executeAfterPreconditionsChecked (AbstractSurefireMojo.java:862)
    at org.apache.maven.plugin.surefire.AbstractSurefireMojo.execute (AbstractSurefireMojo.java:755)
    at org.apache.maven.plugin.DefaultBuildPluginManager.executeMojo (DefaultBuildPluginManager.java:137)
    at org.apache.maven.lifecycle.internal.MojoExecutor.execute (MojoExecutor.java:210)
    at org.apache.maven.lifecycle.internal.MojoExecutor.execute (MojoExecutor.java:156)
    at org.apache.maven.lifecycle.internal.MojoExecutor.execute (MojoExecutor.java:148)
    at org.apache.maven.lifecycle.internal.LifecycleModuleBuilder.buildProject (LifecycleModuleBuilder.java:117)
    at org.apache.maven.lifecycle.internal.LifecycleModuleBuilder.buildProject (LifecycleModuleBuilder.java:81)
    at org.apache.maven.lifecycle.internal.builder.singlethreaded.SingleThreadedBuilder.build (SingleThreadedBuilder.java:56)
    at org.apache.maven.lifecycle.internal.LifecycleStarter.execute (LifecycleStarter.java:128)
    at org.apache.maven.DefaultMaven.doExecute (DefaultMaven.java:305)
    at org.apache.maven.DefaultMaven.doExecute (DefaultMaven.java:192)
    at org.apache.maven.DefaultMaven.execute (DefaultMaven.java:105)
    at org.apache.maven.cli.MavenCli.execute (MavenCli.java:957)
    at org.apache.maven.cli.MavenCli.doMain (MavenCli.java:289)
    at org.apache.maven.cli.MavenCli.main (MavenCli.java:193)
    at sun.reflect.NativeMethodAccessorImpl.invoke0 (Native Method)
    at sun.reflect.NativeMethodAccessorImpl.invoke (NativeMethodAccessorImpl.java:62)
    at sun.reflect.DelegatingMethodAccessorImpl.invoke (DelegatingMethodAccessorImpl.java:43)
    at java.lang.reflect.Method.invoke (Method.java:498)
    at org.codehaus.plexus.classworlds.launcher.Launcher.launchEnhanced (Launcher.java:282)
    at org.codehaus.plexus.classworlds.launcher.Launcher.launch (Launcher.java:225)
    at org.codehaus.plexus.classworlds.launcher.Launcher.mainWithExitCode (Launcher.java:406)
    at org.codehaus.plexus.classworlds.launcher.Launcher.main (Launcher.java:347)
[ERROR] 
[ERROR] Re-run Maven using the -X switch to enable full debug logging.
[ERROR] 
[ERROR] For more information about the errors and possible solutions, please read the following articles:
[ERROR] [Help 1] http://cwiki.apache.org/confluence/display/MAVEN/PluginExecutionException
[INFO] Build failures were ignored.
