[INFO] Error stacktraces are turned on.
[INFO] Scanning for projects...
[INFO] 
[INFO] -----------------------< org.jstryker:jstryker >------------------------
[INFO] Building JStryker 1.0.4-SNAPSHOT
[INFO] --------------------------------[ jar ]---------------------------------
[INFO] 
[INFO] --- jacoco-maven-plugin:0.8.5:prepare-agent (default) @ jstryker ---
[INFO] argLine set to -javaagent:/home/jdbl/.m2/repository/org/jacoco/org.jacoco.agent/0.8.5/org.jacoco.agent-0.8.5-runtime.jar=destfile=/tmp/tmpd9z6f0m1/jstryker/target/jacoco.exec
[INFO] 
[INFO] --- maven-resources-plugin:2.6:resources (default-resources) @ jstryker ---
[INFO] Using 'UTF-8' encoding to copy filtered resources.
[INFO] skip non existing resourceDirectory /tmp/tmpd9z6f0m1/jstryker/src/main/resources
[INFO] 
[INFO] --- maven-compiler-plugin:2.3.2:compile (default-compile) @ jstryker ---
[INFO] Compiling 13 source files to /tmp/tmpd9z6f0m1/jstryker/target/classes
[INFO] 
[INFO] --- maven-resources-plugin:2.6:testResources (default-testResources) @ jstryker ---
[INFO] Using 'UTF-8' encoding to copy filtered resources.
[INFO] Copying 8 resources
[INFO] 
[INFO] --- maven-compiler-plugin:2.3.2:testCompile (default-testCompile) @ jstryker ---
[INFO] Compiling 13 source files to /tmp/tmpd9z6f0m1/jstryker/target/test-classes
[INFO] 
[INFO] --- maven-surefire-plugin:2.19.1:test (default-test) @ jstryker ---
[INFO] Surefire report directory: /tmp/tmpd9z6f0m1/jstryker/target/surefire-reports

-------------------------------------------------------
 T E S T S
-------------------------------------------------------
Running org.jstryker.database.DBUnitHelperTest
SLF4J: The requested version 1.6.99 by your slf4j binding is not compatible with [1.5.5, 1.5.6]
SLF4J: See http://www.slf4j.org/codes.html#version_mismatch for further details.
[main] WARN org.dbunit.dataset.AbstractTableMetaData - Potential problem found: The configured data type factory 'class org.dbunit.dataset.datatype.DefaultDataTypeFactory' might cause problems with the current database 'HSQL Database Engine' (e.g. some datatypes may not be supported properly). In rare cases you might see this message because the list of supported database products is incomplete (list=[derby]). If so please request a java-class update via the forums.If you are using your own IDataTypeFactory extending DefaultDataTypeFactory, ensure that you override getValidDbProducts() to specify the supported database products.
[main] WARN org.dbunit.dataset.AbstractTableMetaData - Potential problem found: The configured data type factory 'class org.dbunit.dataset.datatype.DefaultDataTypeFactory' might cause problems with the current database 'HSQL Database Engine' (e.g. some datatypes may not be supported properly). In rare cases you might see this message because the list of supported database products is incomplete (list=[derby]). If so please request a java-class update via the forums.If you are using your own IDataTypeFactory extending DefaultDataTypeFactory, ensure that you override getValidDbProducts() to specify the supported database products.
[main] ERROR org.dbunit.database.statement.AbstractBatchStatement - getConnection(): 
java.sql.SQLNonTransientConnectionException: connection exception: connection does not exist
	at org.hsqldb.jdbc.JDBCUtil.sqlException(Unknown Source)
	at org.hsqldb.jdbc.JDBCUtil.sqlException(Unknown Source)
	at org.hsqldb.jdbc.JDBCUtil.sqlException(Unknown Source)
	at org.hsqldb.jdbc.JDBCUtil.connectionClosedException(Unknown Source)
	at org.hsqldb.jdbc.JDBCConnection.checkClosed(Unknown Source)
	at org.hsqldb.jdbc.JDBCConnection.createStatement(Unknown Source)
	at org.dbunit.database.statement.AbstractBatchStatement.<init>(AbstractBatchStatement.java:50)
	at org.dbunit.database.statement.SimpleStatement.<init>(SimpleStatement.java:49)
	at org.dbunit.database.statement.PreparedStatementFactory.createBatchStatement(PreparedStatementFactory.java:57)
	at org.dbunit.operation.DeleteAllOperation.execute(DeleteAllOperation.java:85)
	at org.dbunit.operation.CompositeOperation.execute(CompositeOperation.java:79)
	at org.jstryker.database.DBUnitHelper.executeOperation(DBUnitHelper.java:455)
	at org.jstryker.database.DBUnitHelper.execute(DBUnitHelper.java:433)
	at org.jstryker.database.DBUnitHelper.cleanInsert(DBUnitHelper.java:43)
	at org.jstryker.database.DBUnitHelperTest.shouldThrowJStrykerExceptionWhenSQLExceptionOccurs(DBUnitHelperTest.java:151)
	at sun.reflect.NativeMethodAccessorImpl.invoke0(Native Method)
	at sun.reflect.NativeMethodAccessorImpl.invoke(NativeMethodAccessorImpl.java:62)
	at sun.reflect.DelegatingMethodAccessorImpl.invoke(DelegatingMethodAccessorImpl.java:43)
	at java.lang.reflect.Method.invoke(Method.java:498)
	at org.junit.runners.model.FrameworkMethod$1.runReflectiveCall(FrameworkMethod.java:45)
	at org.junit.internal.runners.model.ReflectiveCallable.run(ReflectiveCallable.java:15)
	at org.junit.runners.model.FrameworkMethod.invokeExplosively(FrameworkMethod.java:42)
	at org.junit.internal.runners.statements.InvokeMethod.evaluate(InvokeMethod.java:20)
	at org.junit.internal.runners.statements.RunBefores.evaluate(RunBefores.java:28)
	at org.junit.internal.runners.statements.RunAfters.evaluate(RunAfters.java:30)
	at org.junit.rules.ExpectedException$ExpectedExceptionStatement.evaluate(ExpectedException.java:110)
	at org.junit.rules.RunRules.evaluate(RunRules.java:18)
	at org.junit.runners.ParentRunner.runLeaf(ParentRunner.java:263)
	at org.junit.runners.BlockJUnit4ClassRunner.runChild(BlockJUnit4ClassRunner.java:68)
	at org.junit.runners.BlockJUnit4ClassRunner.runChild(BlockJUnit4ClassRunner.java:47)
	at org.junit.runners.ParentRunner$3.run(ParentRunner.java:231)
	at org.junit.runners.ParentRunner$1.schedule(ParentRunner.java:60)
	at org.junit.runners.ParentRunner.runChildren(ParentRunner.java:229)
	at org.junit.runners.ParentRunner.access$000(ParentRunner.java:50)
	at org.junit.runners.ParentRunner$2.evaluate(ParentRunner.java:222)
	at org.junit.runners.ParentRunner.run(ParentRunner.java:300)
	at org.apache.maven.surefire.junit4.JUnit4Provider.execute(JUnit4Provider.java:367)
	at org.apache.maven.surefire.junit4.JUnit4Provider.executeWithRerun(JUnit4Provider.java:274)
	at org.apache.maven.surefire.junit4.JUnit4Provider.executeTestSet(JUnit4Provider.java:238)
	at org.apache.maven.surefire.junit4.JUnit4Provider.invoke(JUnit4Provider.java:161)
	at org.apache.maven.surefire.booter.ForkedBooter.invokeProviderInSameClassLoader(ForkedBooter.java:290)
	at org.apache.maven.surefire.booter.ForkedBooter.runSuitesInProcess(ForkedBooter.java:242)
	at org.apache.maven.surefire.booter.ForkedBooter.main(ForkedBooter.java:121)
Caused by: org.hsqldb.HsqlException: connection exception: connection does not exist
	at org.hsqldb.error.Error.error(Unknown Source)
	at org.hsqldb.error.Error.error(Unknown Source)
	... 41 more
[main] WARN org.dbunit.dataset.AbstractTableMetaData - Potential problem found: The configured data type factory 'class org.dbunit.dataset.datatype.DefaultDataTypeFactory' might cause problems with the current database 'HSQL Database Engine' (e.g. some datatypes may not be supported properly). In rare cases you might see this message because the list of supported database products is incomplete (list=[derby]). If so please request a java-class update via the forums.If you are using your own IDataTypeFactory extending DefaultDataTypeFactory, ensure that you override getValidDbProducts() to specify the supported database products.
[main] WARN org.dbunit.dataset.AbstractTableMetaData - Potential problem found: The configured data type factory 'class org.dbunit.dataset.datatype.DefaultDataTypeFactory' might cause problems with the current database 'HSQL Database Engine' (e.g. some datatypes may not be supported properly). In rare cases you might see this message because the list of supported database products is incomplete (list=[derby]). If so please request a java-class update via the forums.If you are using your own IDataTypeFactory extending DefaultDataTypeFactory, ensure that you override getValidDbProducts() to specify the supported database products.
[main] WARN org.dbunit.dataset.AbstractTableMetaData - Potential problem found: The configured data type factory 'class org.dbunit.dataset.datatype.DefaultDataTypeFactory' might cause problems with the current database 'HSQL Database Engine' (e.g. some datatypes may not be supported properly). In rare cases you might see this message because the list of supported database products is incomplete (list=[derby]). If so please request a java-class update via the forums.If you are using your own IDataTypeFactory extending DefaultDataTypeFactory, ensure that you override getValidDbProducts() to specify the supported database products.
[main] WARN org.dbunit.dataset.AbstractTableMetaData - Potential problem found: The configured data type factory 'class org.dbunit.dataset.datatype.DefaultDataTypeFactory' might cause problems with the current database 'HSQL Database Engine' (e.g. some datatypes may not be supported properly). In rare cases you might see this message because the list of supported database products is incomplete (list=[derby]). If so please request a java-class update via the forums.If you are using your own IDataTypeFactory extending DefaultDataTypeFactory, ensure that you override getValidDbProducts() to specify the supported database products.
[main] WARN org.dbunit.dataset.AbstractTableMetaData - Potential problem found: The configured data type factory 'class org.dbunit.dataset.datatype.DefaultDataTypeFactory' might cause problems with the current database 'HSQL Database Engine' (e.g. some datatypes may not be supported properly). In rare cases you might see this message because the list of supported database products is incomplete (list=[derby]). If so please request a java-class update via the forums.If you are using your own IDataTypeFactory extending DefaultDataTypeFactory, ensure that you override getValidDbProducts() to specify the supported database products.
[main] WARN org.dbunit.dataset.AbstractTableMetaData - Potential problem found: The configured data type factory 'class org.dbunit.dataset.datatype.DefaultDataTypeFactory' might cause problems with the current database 'HSQL Database Engine' (e.g. some datatypes may not be supported properly). In rare cases you might see this message because the list of supported database products is incomplete (list=[derby]). If so please request a java-class update via the forums.If you are using your own IDataTypeFactory extending DefaultDataTypeFactory, ensure that you override getValidDbProducts() to specify the supported database products.
[main] WARN org.dbunit.dataset.AbstractTableMetaData - Potential problem found: The configured data type factory 'class org.dbunit.dataset.datatype.DefaultDataTypeFactory' might cause problems with the current database 'HSQL Database Engine' (e.g. some datatypes may not be supported properly). In rare cases you might see this message because the list of supported database products is incomplete (list=[derby]). If so please request a java-class update via the forums.If you are using your own IDataTypeFactory extending DefaultDataTypeFactory, ensure that you override getValidDbProducts() to specify the supported database products.
[main] WARN org.dbunit.dataset.AbstractTableMetaData - Potential problem found: The configured data type factory 'class org.dbunit.dataset.datatype.DefaultDataTypeFactory' might cause problems with the current database 'HSQL Database Engine' (e.g. some datatypes may not be supported properly). In rare cases you might see this message because the list of supported database products is incomplete (list=[derby]). If so please request a java-class update via the forums.If you are using your own IDataTypeFactory extending DefaultDataTypeFactory, ensure that you override getValidDbProducts() to specify the supported database products.
[main] WARN org.dbunit.dataset.AbstractTableMetaData - Potential problem found: The configured data type factory 'class org.dbunit.dataset.datatype.DefaultDataTypeFactory' might cause problems with the current database 'HSQL Database Engine' (e.g. some datatypes may not be supported properly). In rare cases you might see this message because the list of supported database products is incomplete (list=[derby]). If so please request a java-class update via the forums.If you are using your own IDataTypeFactory extending DefaultDataTypeFactory, ensure that you override getValidDbProducts() to specify the supported database products.
[main] WARN org.dbunit.dataset.AbstractTableMetaData - Potential problem found: The configured data type factory 'class org.dbunit.dataset.datatype.DefaultDataTypeFactory' might cause problems with the current database 'HSQL Database Engine' (e.g. some datatypes may not be supported properly). In rare cases you might see this message because the list of supported database products is incomplete (list=[derby]). If so please request a java-class update via the forums.If you are using your own IDataTypeFactory extending DefaultDataTypeFactory, ensure that you override getValidDbProducts() to specify the supported database products.
Tests run: 41, Failures: 0, Errors: 15, Skipped: 0, Time elapsed: 1.469 sec <<< FAILURE! - in org.jstryker.database.DBUnitHelperTest
shouldDeleteDataWithEntityObject(org.jstryker.database.DBUnitHelperTest)  Time elapsed: 0.017 sec  <<< ERROR!
org.jstryker.exception.JStrykerException: Line 3: Element type "jstryker" must be followed by either attribute specifications, ">" or "/>".
	at org.jstryker.database.DBUnitHelperTest.shouldDeleteDataWithEntityObject(DBUnitHelperTest.java:582)
Caused by: org.dbunit.dataset.DataSetException: Line 3: Element type "jstryker" must be followed by either attribute specifications, ">" or "/>".
	at org.jstryker.database.DBUnitHelperTest.shouldDeleteDataWithEntityObject(DBUnitHelperTest.java:582)
Caused by: org.xml.sax.SAXParseException: Element type "jstryker" must be followed by either attribute specifications, ">" or "/>".
	at org.jstryker.database.DBUnitHelperTest.shouldDeleteDataWithEntityObject(DBUnitHelperTest.java:582)

shouldInsertEntityObjectWithTransientDataSource(org.jstryker.database.DBUnitHelperTest)  Time elapsed: 0.007 sec  <<< ERROR!
org.jstryker.exception.JStrykerException: Line 3: Element type "jstryker" must be followed by either attribute specifications, ">" or "/>".
	at org.jstryker.database.DBUnitHelperTest.shouldInsertEntityObjectWithTransientDataSource(DBUnitHelperTest.java:421)
Caused by: org.dbunit.dataset.DataSetException: Line 3: Element type "jstryker" must be followed by either attribute specifications, ">" or "/>".
	at org.jstryker.database.DBUnitHelperTest.shouldInsertEntityObjectWithTransientDataSource(DBUnitHelperTest.java:421)
Caused by: org.xml.sax.SAXParseException: Element type "jstryker" must be followed by either attribute specifications, ">" or "/>".
	at org.jstryker.database.DBUnitHelperTest.shouldInsertEntityObjectWithTransientDataSource(DBUnitHelperTest.java:421)

shouldSaveEntityObjectWithTransientDataSourceToDataSetContent(org.jstryker.database.DBUnitHelperTest)  Time elapsed: 0.003 sec  <<< ERROR!
org.jstryker.exception.JStrykerException: Line 3: Element type "jstryker" must be followed by either attribute specifications, ">" or "/>".
	at org.jstryker.database.DBUnitHelperTest.shouldSaveEntityObjectWithTransientDataSourceToDataSetContent(DBUnitHelperTest.java:437)
Caused by: org.dbunit.dataset.DataSetException: Line 3: Element type "jstryker" must be followed by either attribute specifications, ">" or "/>".
	at org.jstryker.database.DBUnitHelperTest.shouldSaveEntityObjectWithTransientDataSourceToDataSetContent(DBUnitHelperTest.java:437)
Caused by: org.xml.sax.SAXParseException: Element type "jstryker" must be followed by either attribute specifications, ">" or "/>".
	at org.jstryker.database.DBUnitHelperTest.shouldSaveEntityObjectWithTransientDataSourceToDataSetContent(DBUnitHelperTest.java:437)

shouldInsertEntityObjectWithTransientDataSourceWithConnectionParameter(org.jstryker.database.DBUnitHelperTest)  Time elapsed: 0.004 sec  <<< ERROR!
org.jstryker.exception.JStrykerException: Line 3: Element type "jstryker" must be followed by either attribute specifications, ">" or "/>".
	at org.jstryker.database.DBUnitHelperTest.shouldInsertEntityObjectWithTransientDataSourceWithConnectionParameter(DBUnitHelperTest.java:453)
Caused by: org.dbunit.dataset.DataSetException: Line 3: Element type "jstryker" must be followed by either attribute specifications, ">" or "/>".
	at org.jstryker.database.DBUnitHelperTest.shouldInsertEntityObjectWithTransientDataSourceWithConnectionParameter(DBUnitHelperTest.java:453)
Caused by: org.xml.sax.SAXParseException: Element type "jstryker" must be followed by either attribute specifications, ">" or "/>".
	at org.jstryker.database.DBUnitHelperTest.shouldInsertEntityObjectWithTransientDataSourceWithConnectionParameter(DBUnitHelperTest.java:453)

shouldSaveEntityObjectWithTransientDataSourceToDataSetContentWithConnectionParameter(org.jstryker.database.DBUnitHelperTest)  Time elapsed: 0.014 sec  <<< ERROR!
org.jstryker.exception.JStrykerException: Line 3: Element type "jstryker" must be followed by either attribute specifications, ">" or "/>".
	at org.jstryker.database.DBUnitHelperTest.shouldSaveEntityObjectWithTransientDataSourceToDataSetContentWithConnectionParameter(DBUnitHelperTest.java:470)
Caused by: org.dbunit.dataset.DataSetException: Line 3: Element type "jstryker" must be followed by either attribute specifications, ">" or "/>".
	at org.jstryker.database.DBUnitHelperTest.shouldSaveEntityObjectWithTransientDataSourceToDataSetContentWithConnectionParameter(DBUnitHelperTest.java:470)
Caused by: org.xml.sax.SAXParseException: Element type "jstryker" must be followed by either attribute specifications, ">" or "/>".
	at org.jstryker.database.DBUnitHelperTest.shouldSaveEntityObjectWithTransientDataSourceToDataSetContentWithConnectionParameter(DBUnitHelperTest.java:470)

shouldSaveEntityObjectWithoutColumnDataSourceToDataSetContent(org.jstryker.database.DBUnitHelperTest)  Time elapsed: 0.004 sec  <<< ERROR!
org.jstryker.exception.JStrykerException: Line 3: Element type "jstryker" must be followed by either attribute specifications, ">" or "/>".
	at org.jstryker.database.DBUnitHelperTest.shouldSaveEntityObjectWithoutColumnDataSourceToDataSetContent(DBUnitHelperTest.java:487)
Caused by: org.dbunit.dataset.DataSetException: Line 3: Element type "jstryker" must be followed by either attribute specifications, ">" or "/>".
	at org.jstryker.database.DBUnitHelperTest.shouldSaveEntityObjectWithoutColumnDataSourceToDataSetContent(DBUnitHelperTest.java:487)
Caused by: org.xml.sax.SAXParseException: Element type "jstryker" must be followed by either attribute specifications, ">" or "/>".
	at org.jstryker.database.DBUnitHelperTest.shouldSaveEntityObjectWithoutColumnDataSourceToDataSetContent(DBUnitHelperTest.java:487)

shouldSaveEntityObjectWithoutColumnDataSourceToDataSetContentWithConnectionParameter(org.jstryker.database.DBUnitHelperTest)  Time elapsed: 0.004 sec  <<< ERROR!
org.jstryker.exception.JStrykerException: Line 3: Element type "jstryker" must be followed by either attribute specifications, ">" or "/>".
	at org.jstryker.database.DBUnitHelperTest.shouldSaveEntityObjectWithoutColumnDataSourceToDataSetContentWithConnectionParameter(DBUnitHelperTest.java:503)
Caused by: org.dbunit.dataset.DataSetException: Line 3: Element type "jstryker" must be followed by either attribute specifications, ">" or "/>".
	at org.jstryker.database.DBUnitHelperTest.shouldSaveEntityObjectWithoutColumnDataSourceToDataSetContentWithConnectionParameter(DBUnitHelperTest.java:503)
Caused by: org.xml.sax.SAXParseException: Element type "jstryker" must be followed by either attribute specifications, ">" or "/>".
	at org.jstryker.database.DBUnitHelperTest.shouldSaveEntityObjectWithoutColumnDataSourceToDataSetContentWithConnectionParameter(DBUnitHelperTest.java:503)

shouldResetDataBaseWithEntityObjectToDataSetContentWithTruncateTable(org.jstryker.database.DBUnitHelperTest)  Time elapsed: 0.005 sec  <<< ERROR!
org.jstryker.exception.JStrykerException: Line 3: Element type "jstryker" must be followed by either attribute specifications, ">" or "/>".
	at org.jstryker.database.DBUnitHelperTest.shouldResetDataBaseWithEntityObjectToDataSetContentWithTruncateTable(DBUnitHelperTest.java:521)
Caused by: org.dbunit.dataset.DataSetException: Line 3: Element type "jstryker" must be followed by either attribute specifications, ">" or "/>".
	at org.jstryker.database.DBUnitHelperTest.shouldResetDataBaseWithEntityObjectToDataSetContentWithTruncateTable(DBUnitHelperTest.java:521)
Caused by: org.xml.sax.SAXParseException: Element type "jstryker" must be followed by either attribute specifications, ">" or "/>".
	at org.jstryker.database.DBUnitHelperTest.shouldResetDataBaseWithEntityObjectToDataSetContentWithTruncateTable(DBUnitHelperTest.java:521)

shouldResetDataBaseWithEntityObjectToDataSetContentWithTruncateTableUsingSpecifiedConnection(org.jstryker.database.DBUnitHelperTest)  Time elapsed: 0.004 sec  <<< ERROR!
org.jstryker.exception.JStrykerException: Line 3: Element type "jstryker" must be followed by either attribute specifications, ">" or "/>".
	at org.jstryker.database.DBUnitHelperTest.shouldResetDataBaseWithEntityObjectToDataSetContentWithTruncateTableUsingSpecifiedConnection(DBUnitHelperTest.java:533)
Caused by: org.dbunit.dataset.DataSetException: Line 3: Element type "jstryker" must be followed by either attribute specifications, ">" or "/>".
	at org.jstryker.database.DBUnitHelperTest.shouldResetDataBaseWithEntityObjectToDataSetContentWithTruncateTableUsingSpecifiedConnection(DBUnitHelperTest.java:533)
Caused by: org.xml.sax.SAXParseException: Element type "jstryker" must be followed by either attribute specifications, ">" or "/>".
	at org.jstryker.database.DBUnitHelperTest.shouldResetDataBaseWithEntityObjectToDataSetContentWithTruncateTableUsingSpecifiedConnection(DBUnitHelperTest.java:533)

shouldResetDataBaseWithListByEntityObjectToDataSetContentWithTruncateTableUsingSpecifiedConnection(org.jstryker.database.DBUnitHelperTest)  Time elapsed: 0.005 sec  <<< ERROR!
org.jstryker.exception.JStrykerException: Line 3: Element type "jstryker" must be followed by either attribute specifications, ">" or "/>".
	at org.jstryker.database.DBUnitHelperTest.shouldResetDataBaseWithListByEntityObjectToDataSetContentWithTruncateTableUsingSpecifiedConnection(DBUnitHelperTest.java:549)
Caused by: org.dbunit.dataset.DataSetException: Line 3: Element type "jstryker" must be followed by either attribute specifications, ">" or "/>".
	at org.jstryker.database.DBUnitHelperTest.shouldResetDataBaseWithListByEntityObjectToDataSetContentWithTruncateTableUsingSpecifiedConnection(DBUnitHelperTest.java:549)
Caused by: org.xml.sax.SAXParseException: Element type "jstryker" must be followed by either attribute specifications, ">" or "/>".
	at org.jstryker.database.DBUnitHelperTest.shouldResetDataBaseWithListByEntityObjectToDataSetContentWithTruncateTableUsingSpecifiedConnection(DBUnitHelperTest.java:549)

shouldTruncateDataWithEntityObject(org.jstryker.database.DBUnitHelperTest)  Time elapsed: 0.004 sec  <<< ERROR!
org.jstryker.exception.JStrykerException: Line 3: Element type "jstryker" must be followed by either attribute specifications, ">" or "/>".
	at org.jstryker.database.DBUnitHelperTest.shouldTruncateDataWithEntityObject(DBUnitHelperTest.java:561)
Caused by: org.dbunit.dataset.DataSetException: Line 3: Element type "jstryker" must be followed by either attribute specifications, ">" or "/>".
	at org.jstryker.database.DBUnitHelperTest.shouldTruncateDataWithEntityObject(DBUnitHelperTest.java:561)
Caused by: org.xml.sax.SAXParseException: Element type "jstryker" must be followed by either attribute specifications, ">" or "/>".
	at org.jstryker.database.DBUnitHelperTest.shouldTruncateDataWithEntityObject(DBUnitHelperTest.java:561)

shouldTruncateDataWithEntityObjectUsingSpecifiedConnection(org.jstryker.database.DBUnitHelperTest)  Time elapsed: 0.004 sec  <<< ERROR!
org.jstryker.exception.JStrykerException: Line 3: Element type "jstryker" must be followed by either attribute specifications, ">" or "/>".
	at org.jstryker.database.DBUnitHelperTest.shouldTruncateDataWithEntityObjectUsingSpecifiedConnection(DBUnitHelperTest.java:571)
Caused by: org.dbunit.dataset.DataSetException: Line 3: Element type "jstryker" must be followed by either attribute specifications, ">" or "/>".
	at org.jstryker.database.DBUnitHelperTest.shouldTruncateDataWithEntityObjectUsingSpecifiedConnection(DBUnitHelperTest.java:571)
Caused by: org.xml.sax.SAXParseException: Element type "jstryker" must be followed by either attribute specifications, ">" or "/>".
	at org.jstryker.database.DBUnitHelperTest.shouldTruncateDataWithEntityObjectUsingSpecifiedConnection(DBUnitHelperTest.java:571)

shouldDeleteDataWithEntityObjectUsingSpecifiedConnection(org.jstryker.database.DBUnitHelperTest)  Time elapsed: 0.004 sec  <<< ERROR!
org.jstryker.exception.JStrykerException: Line 3: Element type "jstryker" must be followed by either attribute specifications, ">" or "/>".
	at org.jstryker.database.DBUnitHelperTest.shouldDeleteDataWithEntityObjectUsingSpecifiedConnection(DBUnitHelperTest.java:593)
Caused by: org.dbunit.dataset.DataSetException: Line 3: Element type "jstryker" must be followed by either attribute specifications, ">" or "/>".
	at org.jstryker.database.DBUnitHelperTest.shouldDeleteDataWithEntityObjectUsingSpecifiedConnection(DBUnitHelperTest.java:593)
Caused by: org.xml.sax.SAXParseException: Element type "jstryker" must be followed by either attribute specifications, ">" or "/>".
	at org.jstryker.database.DBUnitHelperTest.shouldDeleteDataWithEntityObjectUsingSpecifiedConnection(DBUnitHelperTest.java:593)

shouldDeleteAllDataWithEntityObject(org.jstryker.database.DBUnitHelperTest)  Time elapsed: 0.003 sec  <<< ERROR!
org.jstryker.exception.JStrykerException: Line 3: Element type "jstryker" must be followed by either attribute specifications, ">" or "/>".
	at org.jstryker.database.DBUnitHelperTest.shouldDeleteAllDataWithEntityObject(DBUnitHelperTest.java:603)
Caused by: org.dbunit.dataset.DataSetException: Line 3: Element type "jstryker" must be followed by either attribute specifications, ">" or "/>".
	at org.jstryker.database.DBUnitHelperTest.shouldDeleteAllDataWithEntityObject(DBUnitHelperTest.java:603)
Caused by: org.xml.sax.SAXParseException: Element type "jstryker" must be followed by either attribute specifications, ">" or "/>".
	at org.jstryker.database.DBUnitHelperTest.shouldDeleteAllDataWithEntityObject(DBUnitHelperTest.java:603)

shouldDeleteAllDataWithEntityObjectWithSpecifiedConnection(org.jstryker.database.DBUnitHelperTest)  Time elapsed: 0.006 sec  <<< ERROR!
org.jstryker.exception.JStrykerException: Line 3: Element type "jstryker" must be followed by either attribute specifications, ">" or "/>".
	at org.jstryker.database.DBUnitHelperTest.shouldDeleteAllDataWithEntityObjectWithSpecifiedConnection(DBUnitHelperTest.java:621)
Caused by: org.dbunit.dataset.DataSetException: Line 3: Element type "jstryker" must be followed by either attribute specifications, ">" or "/>".
	at org.jstryker.database.DBUnitHelperTest.shouldDeleteAllDataWithEntityObjectWithSpecifiedConnection(DBUnitHelperTest.java:621)
Caused by: org.xml.sax.SAXParseException: Element type "jstryker" must be followed by either attribute specifications, ">" or "/>".
	at org.jstryker.database.DBUnitHelperTest.shouldDeleteAllDataWithEntityObjectWithSpecifiedConnection(DBUnitHelperTest.java:621)

Running org.jstryker.database.connection.JStrykerPropertiesReaderTest
Tests run: 2, Failures: 0, Errors: 0, Skipped: 0, Time elapsed: 0 sec - in org.jstryker.database.connection.JStrykerPropertiesReaderTest
Running org.jstryker.database.connection.HibernatePropertiesReaderTest
Tests run: 2, Failures: 0, Errors: 0, Skipped: 0, Time elapsed: 0 sec - in org.jstryker.database.connection.HibernatePropertiesReaderTest
Running org.jstryker.database.connection.ConnectionPropertiesReaderFactoryTest
Tests run: 3, Failures: 0, Errors: 0, Skipped: 0, Time elapsed: 0 sec - in org.jstryker.database.connection.ConnectionPropertiesReaderFactoryTest
Running org.jstryker.database.HibernateHelperTest
Jul 30, 2020 7:11:27 PM org.hibernate.annotations.common.reflection.java.JavaReflectionManager <clinit>
INFO: HCANN000001: Hibernate Commons Annotations {4.0.4.Final}
Jul 30, 2020 7:11:27 PM org.hibernate.Version logVersion
INFO: HHH000412: Hibernate Core {4.3.0.Final}
Jul 30, 2020 7:11:27 PM org.hibernate.cfg.Environment <clinit>
INFO: HHH000205: Loaded properties from resource hibernate.properties: {hibernate.connection.username=sa, hibernate.connection.password=****, hibernate.connection.url=jdbc:hsqldb:mem:hibernate, hibernate.bytecode.use_reflection_optimizer=false, hibernate.connection.driver_class=org.hsqldb.jdbcDriver, hibernate.hbm2ddl.auto=create}
Jul 30, 2020 7:11:27 PM org.hibernate.cfg.Environment buildBytecodeProvider
INFO: HHH000021: Bytecode provider name : javassist
Jul 30, 2020 7:11:27 PM org.hibernate.cfg.Configuration configure
INFO: HHH000043: Configuring from resource: /hibernate.cfg.xml
Jul 30, 2020 7:11:27 PM org.hibernate.cfg.Configuration getConfigurationInputStream
INFO: HHH000040: Configuration resource: /hibernate.cfg.xml
Jul 30, 2020 7:11:27 PM org.hibernate.internal.util.xml.DTDEntityResolver resolveEntity
WARN: HHH000223: Recognized obsolete hibernate namespace http://hibernate.sourceforge.net/. Use namespace http://www.hibernate.org/dtd/ instead. Refer to Hibernate 3.6 Migration Guide!
Jul 30, 2020 7:11:27 PM org.hibernate.cfg.Configuration doConfigure
INFO: HHH000041: Configured SessionFactory: null
Jul 30, 2020 7:11:27 PM org.hibernate.cfg.Configuration configure
INFO: HHH000043: Configuring from resource: /hibernate.cfg.xml
Jul 30, 2020 7:11:27 PM org.hibernate.cfg.Configuration getConfigurationInputStream
INFO: HHH000040: Configuration resource: /hibernate.cfg.xml
Jul 30, 2020 7:11:27 PM org.hibernate.internal.util.xml.DTDEntityResolver resolveEntity
WARN: HHH000223: Recognized obsolete hibernate namespace http://hibernate.sourceforge.net/. Use namespace http://www.hibernate.org/dtd/ instead. Refer to Hibernate 3.6 Migration Guide!
Jul 30, 2020 7:11:27 PM org.hibernate.cfg.Configuration doConfigure
INFO: HHH000041: Configured SessionFactory: null
Jul 30, 2020 7:11:27 PM org.hibernate.engine.jdbc.connections.internal.DriverManagerConnectionProviderImpl configure
INFO: HHH000402: Using Hibernate built-in connection pool (not for production use!)
Jul 30, 2020 7:11:27 PM org.hibernate.engine.jdbc.connections.internal.DriverManagerConnectionProviderImpl buildCreator
INFO: HHH000401: using driver [org.hsqldb.jdbcDriver] at URL [jdbc:hsqldb:mem:hibernate]
Jul 30, 2020 7:11:27 PM org.hibernate.engine.jdbc.connections.internal.DriverManagerConnectionProviderImpl buildCreator
INFO: HHH000046: Connection properties: {user=sa, password=****}
Jul 30, 2020 7:11:27 PM org.hibernate.engine.jdbc.connections.internal.DriverManagerConnectionProviderImpl buildCreator
INFO: HHH000006: Autocommit mode: false
Jul 30, 2020 7:11:27 PM org.hibernate.engine.jdbc.connections.internal.DriverManagerConnectionProviderImpl configure
INFO: HHH000115: Hibernate connection pool size: 20 (min=1)
Jul 30, 2020 7:11:27 PM org.hibernate.dialect.Dialect <init>
INFO: HHH000400: Using dialect: org.hibernate.dialect.HSQLDialect
Jul 30, 2020 7:11:27 PM org.hibernate.engine.transaction.internal.TransactionFactoryInitiator initiateService
INFO: HHH000399: Using default transaction strategy (direct JDBC transactions)
Jul 30, 2020 7:11:27 PM org.hibernate.hql.internal.ast.ASTQueryTranslatorFactory <init>
INFO: HHH000397: Using ASTQueryTranslatorFactory
Jul 30, 2020 7:11:28 PM org.hibernate.validator.internal.util.Version <clinit>
INFO: HV000001: Hibernate Validator 5.0.2.Final
Jul 30, 2020 7:11:28 PM org.hibernate.tool.hbm2ddl.SchemaExport execute
INFO: HHH000227: Running hbm2ddl schema export
Jul 30, 2020 7:11:28 PM org.hibernate.tool.hbm2ddl.SchemaExport execute
INFO: HHH000230: Schema export complete
Tests run: 6, Failures: 0, Errors: 0, Skipped: 0, Time elapsed: 0.558 sec - in org.jstryker.database.HibernateHelperTest
Running org.jstryker.database.ScriptRunnerTest
Tests run: 5, Failures: 0, Errors: 0, Skipped: 0, Time elapsed: 0.005 sec - in org.jstryker.database.ScriptRunnerTest
Running org.jstryker.database.JPAHelperTest
Jul 30, 2020 7:11:28 PM org.hibernate.ejb.HibernatePersistence logDeprecation
WARN: HHH015016: Encountered a deprecated javax.persistence.spi.PersistenceProvider [org.hibernate.ejb.HibernatePersistence]; use [org.hibernate.jpa.HibernatePersistenceProvider] instead.
Jul 30, 2020 7:11:28 PM org.hibernate.ejb.HibernatePersistence logDeprecation
WARN: HHH015016: Encountered a deprecated javax.persistence.spi.PersistenceProvider [org.hibernate.ejb.HibernatePersistence]; use [org.hibernate.jpa.HibernatePersistenceProvider] instead.
Jul 30, 2020 7:11:28 PM org.hibernate.ejb.HibernatePersistence logDeprecation
WARN: HHH015016: Encountered a deprecated javax.persistence.spi.PersistenceProvider [org.hibernate.ejb.HibernatePersistence]; use [org.hibernate.jpa.HibernatePersistenceProvider] instead.
Jul 30, 2020 7:11:28 PM org.hibernate.jpa.internal.util.LogHelper logPersistenceUnitInformation
INFO: HHH000204: Processing PersistenceUnitInfo [
	name: jstryker
	...]
Jul 30, 2020 7:11:28 PM org.hibernate.engine.jdbc.connections.internal.DriverManagerConnectionProviderImpl configure
INFO: HHH000402: Using Hibernate built-in connection pool (not for production use!)
Jul 30, 2020 7:11:28 PM org.hibernate.engine.jdbc.connections.internal.DriverManagerConnectionProviderImpl buildCreator
INFO: HHH000401: using driver [org.hsqldb.jdbcDriver] at URL [jdbc:hsqldb:mem:jpa]
Jul 30, 2020 7:11:28 PM org.hibernate.engine.jdbc.connections.internal.DriverManagerConnectionProviderImpl buildCreator
INFO: HHH000046: Connection properties: {user=sa, password=****}
Jul 30, 2020 7:11:28 PM org.hibernate.engine.jdbc.connections.internal.DriverManagerConnectionProviderImpl buildCreator
INFO: HHH000006: Autocommit mode: false
Jul 30, 2020 7:11:28 PM org.hibernate.engine.jdbc.connections.internal.DriverManagerConnectionProviderImpl configure
INFO: HHH000115: Hibernate connection pool size: 20 (min=1)
Jul 30, 2020 7:11:28 PM org.hibernate.dialect.Dialect <init>
INFO: HHH000400: Using dialect: org.hibernate.dialect.HSQLDialect
Jul 30, 2020 7:11:28 PM org.hibernate.hql.internal.ast.ASTQueryTranslatorFactory <init>
INFO: HHH000397: Using ASTQueryTranslatorFactory
Jul 30, 2020 7:11:28 PM org.hibernate.tuple.PojoInstantiator <init>
INFO: HHH000182: No default (no-argument) constructor for class: org.jstryker.database.JstrykerEntityWithoutColumn (class must be instantiated by Interceptor)
Jul 30, 2020 7:11:28 PM org.hibernate.tuple.PojoInstantiator <init>
INFO: HHH000182: No default (no-argument) constructor for class: org.jstryker.database.JstrykerEntityWithTransient (class must be instantiated by Interceptor)
Jul 30, 2020 7:11:28 PM org.hibernate.tool.hbm2ddl.SchemaExport execute
INFO: HHH000227: Running hbm2ddl schema export
Jul 30, 2020 7:11:28 PM org.hibernate.tool.hbm2ddl.SchemaExport execute
INFO: HHH000230: Schema export complete
Tests run: 6, Failures: 0, Errors: 0, Skipped: 0, Time elapsed: 0.53 sec - in org.jstryker.database.JPAHelperTest
Running org.jstryker.database.ConnectionHelperTest
Tests run: 2, Failures: 0, Errors: 0, Skipped: 0, Time elapsed: 0.001 sec - in org.jstryker.database.ConnectionHelperTest
Running org.jstryker.reflection.AnnotationTesterTest
Tests run: 10, Failures: 0, Errors: 0, Skipped: 0, Time elapsed: 0 sec - in org.jstryker.reflection.AnnotationTesterTest
Running org.jstryker.reflection.ReflectionHelperTest
Tests run: 15, Failures: 0, Errors: 0, Skipped: 0, Time elapsed: 0.001 sec - in org.jstryker.reflection.ReflectionHelperTest

Results :

Tests in error: 
  DBUnitHelperTest.shouldDeleteAllDataWithEntityObject:603 » JStryker Line 3: El...
  DBUnitHelperTest.shouldDeleteAllDataWithEntityObjectWithSpecifiedConnection:621 » JStryker
  DBUnitHelperTest.shouldDeleteDataWithEntityObject:582 » JStryker Line 3: Eleme...
  DBUnitHelperTest.shouldDeleteDataWithEntityObjectUsingSpecifiedConnection:593 » JStryker
  DBUnitHelperTest.shouldInsertEntityObjectWithTransientDataSource:421 » JStryker
  DBUnitHelperTest.shouldInsertEntityObjectWithTransientDataSourceWithConnectionParameter:453 » JStryker
  DBUnitHelperTest.shouldResetDataBaseWithEntityObjectToDataSetContentWithTruncateTable:521 » JStryker
  DBUnitHelperTest.shouldResetDataBaseWithEntityObjectToDataSetContentWithTruncateTableUsingSpecifiedConnection:533 » JStryker
  DBUnitHelperTest.shouldResetDataBaseWithListByEntityObjectToDataSetContentWithTruncateTableUsingSpecifiedConnection:549 » JStryker
  DBUnitHelperTest.shouldSaveEntityObjectWithTransientDataSourceToDataSetContent:437 » JStryker
  DBUnitHelperTest.shouldSaveEntityObjectWithTransientDataSourceToDataSetContentWithConnectionParameter:470 » JStryker
  DBUnitHelperTest.shouldSaveEntityObjectWithoutColumnDataSourceToDataSetContent:487 » JStryker
  DBUnitHelperTest.shouldSaveEntityObjectWithoutColumnDataSourceToDataSetContentWithConnectionParameter:503 » JStryker
  DBUnitHelperTest.shouldTruncateDataWithEntityObject:561 » JStryker Line 3: Ele...
  DBUnitHelperTest.shouldTruncateDataWithEntityObjectUsingSpecifiedConnection:571 » JStryker

Tests run: 92, Failures: 0, Errors: 15, Skipped: 0

[ERROR] There are test failures.

Please refer to /tmp/tmpd9z6f0m1/jstryker/target/surefire-reports for the individual test results.
[INFO] 
[INFO] --- jacoco-maven-plugin:0.8.5:report (report) @ jstryker ---
[INFO] Loading execution data file /tmp/tmpd9z6f0m1/jstryker/target/jacoco.exec
[INFO] Analyzed bundle 'JStryker' with 40 classes
[INFO] ------------------------------------------------------------------------
[INFO] BUILD SUCCESS
[INFO] ------------------------------------------------------------------------
[INFO] Total time:  8.057 s
[INFO] Finished at: 2020-07-30T19:11:29Z
[INFO] ------------------------------------------------------------------------
