[INFO] Error stacktraces are turned on.
[INFO] Scanning for projects...
[INFO] 
[INFO] -------------< com.intel.hadoop.graphbuilder:graphbuilder >-------------
[INFO] Building graphbuilder 0.0.1-SNAPSHOT
[INFO] --------------------------------[ jar ]---------------------------------
[INFO] 
[INFO] --- jacoco-maven-plugin:0.8.5:prepare-agent (default) @ graphbuilder ---
[INFO] argLine set to -javaagent:/home/jdbl/.m2/repository/org/jacoco/org.jacoco.agent/0.8.5/org.jacoco.agent-0.8.5-runtime.jar=destfile=/tmp/tmpbu_ojluw/graphbuilder/target/jacoco.exec
[INFO] 
[INFO] --- maven-resources-plugin:2.6:resources (default-resources) @ graphbuilder ---
[WARNING] Using platform encoding (UTF-8 actually) to copy filtered resources, i.e. build is platform dependent!
[INFO] skip non existing resourceDirectory /tmp/tmpbu_ojluw/graphbuilder/src/main/resources
[INFO] 
[INFO] --- maven-compiler-plugin:2.3.2:compile (default-compile) @ graphbuilder ---
[WARNING] File encoding has not been set, using platform encoding UTF-8, i.e. build is platform dependent!
[INFO] Compiling 89 source files to /tmp/tmpbu_ojluw/graphbuilder/target/classes
[INFO] 
[INFO] --- build-helper-maven-plugin:1.7:add-test-source (add-test-source) @ graphbuilder ---
[INFO] Test Source directory: /tmp/tmpbu_ojluw/graphbuilder/demoapps added.
[INFO] 
[INFO] --- maven-resources-plugin:2.6:testResources (default-testResources) @ graphbuilder ---
[WARNING] Using platform encoding (UTF-8 actually) to copy filtered resources, i.e. build is platform dependent!
[INFO] skip non existing resourceDirectory /tmp/tmpbu_ojluw/graphbuilder/src/test/resources
[INFO] 
[INFO] --- maven-compiler-plugin:2.3.2:testCompile (default-testCompile) @ graphbuilder ---
[WARNING] File encoding has not been set, using platform encoding UTF-8, i.e. build is platform dependent!
[INFO] Compiling 29 source files to /tmp/tmpbu_ojluw/graphbuilder/target/test-classes
[INFO] 
[INFO] --- maven-surefire-plugin:2.19.1:test (default-test) @ graphbuilder ---
[INFO] Surefire report directory: /tmp/tmpbu_ojluw/graphbuilder/target/surefire-reports

-------------------------------------------------------
 T E S T S
-------------------------------------------------------
Running com.intel.hadoop.graphbuilder.test.experimental.javassist.RuntimeKeyValueTest
Bar
Tests run: 5, Failures: 0, Errors: 1, Skipped: 0, Time elapsed: 1.361 sec <<< FAILURE! - in com.intel.hadoop.graphbuilder.test.experimental.javassist.RuntimeKeyValueTest
modifySelfTest(com.intel.hadoop.graphbuilder.test.experimental.javassist.RuntimeKeyValueTest)  Time elapsed: 0.052 sec  <<< ERROR!
javassist.CannotCompileException: by java.lang.LinkageError: loader (instance of  sun/misc/Launcher$AppClassLoader): attempted  duplicate class definition for name: "com/intel/hadoop/graphbuilder/test/experimental/javassist/Foo"
	at com.intel.hadoop.graphbuilder.test.experimental.javassist.RuntimeKeyValueTest.modifySelfTest(RuntimeKeyValueTest.java:62)
Caused by: java.lang.LinkageError: loader (instance of  sun/misc/Launcher$AppClassLoader): attempted  duplicate class definition for name: "com/intel/hadoop/graphbuilder/test/experimental/javassist/Foo"
	at com.intel.hadoop.graphbuilder.test.experimental.javassist.RuntimeKeyValueTest.modifySelfTest(RuntimeKeyValueTest.java:62)

Running com.intel.hadoop.graphbuilder.test.util.ParallelTest
Tests run: 2, Failures: 0, Errors: 0, Skipped: 0, Time elapsed: 0.411 sec - in com.intel.hadoop.graphbuilder.test.util.ParallelTest
Running com.intel.hadoop.graphbuilder.test.graph.SimpleGraphTest
Tests run: 3, Failures: 0, Errors: 0, Skipped: 0, Time elapsed: 0.045 sec - in com.intel.hadoop.graphbuilder.test.graph.SimpleGraphTest
Running com.intel.hadoop.graphbuilder.test.graph.GLGraphTest
Tests run: 3, Failures: 0, Errors: 0, Skipped: 0, Time elapsed: 2.401 sec - in com.intel.hadoop.graphbuilder.test.graph.GLGraphTest
Running com.intel.hadoop.graphbuilder.test.graph.SparseGraphStructTest
Tests run: 1, Failures: 0, Errors: 0, Skipped: 0, Time elapsed: 0 sec - in com.intel.hadoop.graphbuilder.test.graph.SparseGraphStructTest
Running com.intel.hadoop.graphbuilder.test.graph.VertexRecordTest
Tests run: 3, Failures: 0, Errors: 0, Skipped: 0, Time elapsed: 0.027 sec - in com.intel.hadoop.graphbuilder.test.graph.VertexRecordTest

Results :

Tests in error: 
  RuntimeKeyValueTest.modifySelfTest:62 Â» CannotCompile by java.lang.LinkageErro...

Tests run: 17, Failures: 0, Errors: 1, Skipped: 0

[ERROR] There are test failures.

Please refer to /tmp/tmpbu_ojluw/graphbuilder/target/surefire-reports for the individual test results.
[INFO] 
[INFO] --- jacoco-maven-plugin:0.8.5:report (report) @ graphbuilder ---
[INFO] Loading execution data file /tmp/tmpbu_ojluw/graphbuilder/target/jacoco.exec
[INFO] Analyzed bundle 'graphbuilder' with 116 classes
[INFO] ------------------------------------------------------------------------
[INFO] BUILD SUCCESS
[INFO] ------------------------------------------------------------------------
[INFO] Total time:  23.828 s
[INFO] Finished at: 2020-07-30T20:14:07Z
[INFO] ------------------------------------------------------------------------
