[INFO] Error stacktraces are turned on.
[INFO] Scanning for projects...
[WARNING] 
[WARNING] Some problems were encountered while building the effective model for org.yyx.xf:xf-util:jar:1.0.14-RELEASE
[WARNING] 'dependencies.dependency.systemPath' for org.icepdf:icepdf-core:jar should not point at files within the project directory, ${basedir}/src/main/resources/jar/icepdf-core-4.1.1.jar will be unresolvable by dependent projects @ line 138, column 19
[WARNING] 'build.plugins.plugin.version' for org.apache.maven.plugins:maven-source-plugin is missing. @ line 59, column 15
[WARNING] 
[WARNING] It is highly recommended to fix these problems because they threaten the stability of your build.
[WARNING] 
[WARNING] For this reason, future Maven versions might no longer support building such malformed projects.
[WARNING] 
[INFO] 
[INFO] -------------------------< org.yyx.xf:xf-util >-------------------------
[INFO] Building xf-util 1.0.14-RELEASE
[INFO] --------------------------------[ jar ]---------------------------------
[INFO] 
[INFO] --- jacoco-maven-plugin:0.8.5:prepare-agent (default) @ xf-util ---
[INFO] argLine set to -javaagent:/home/jdbl/.m2/repository/org/jacoco/org.jacoco.agent/0.8.5/org.jacoco.agent-0.8.5-runtime.jar=destfile=/tmp/tmpqm56qzae/util/target/jacoco.exec
[INFO] 
[INFO] --- maven-resources-plugin:2.6:resources (default-resources) @ xf-util ---
[INFO] Using 'UTF-8' encoding to copy filtered resources.
[INFO] Copying 0 resource
[INFO] 
[INFO] --- maven-compiler-plugin:3.7.0:compile (default-compile) @ xf-util ---
[INFO] Changes detected - recompiling the module!
[INFO] Compiling 36 source files to /tmp/tmpqm56qzae/util/target/classes
[INFO] /tmp/tmpqm56qzae/util/src/main/java/org/yyx/xf/tool/document/word/util/UtilExcelImport.java: /tmp/tmpqm56qzae/util/src/main/java/org/yyx/xf/tool/document/word/util/UtilExcelImport.java uses unchecked or unsafe operations.
[INFO] /tmp/tmpqm56qzae/util/src/main/java/org/yyx/xf/tool/document/word/util/UtilExcelImport.java: Recompile with -Xlint:unchecked for details.
[INFO] 
[INFO] --- maven-resources-plugin:2.6:testResources (default-testResources) @ xf-util ---
[INFO] Using 'UTF-8' encoding to copy filtered resources.
[INFO] Copying 1 resource
[INFO] 
[INFO] --- maven-compiler-plugin:3.7.0:testCompile (default-testCompile) @ xf-util ---
[INFO] Changes detected - recompiling the module!
[INFO] Compiling 15 source files to /tmp/tmpqm56qzae/util/target/test-classes
[INFO] /tmp/tmpqm56qzae/util/src/test/java/org/yyx/xf/util/date/UtilDateTest.java: /tmp/tmpqm56qzae/util/src/test/java/org/yyx/xf/util/date/UtilDateTest.java uses or overrides a deprecated API.
[INFO] /tmp/tmpqm56qzae/util/src/test/java/org/yyx/xf/util/date/UtilDateTest.java: Recompile with -Xlint:deprecation for details.
[INFO] /tmp/tmpqm56qzae/util/src/test/java/org/yyx/xf/util/file/poi/UtilExcelImportTest.java: /tmp/tmpqm56qzae/util/src/test/java/org/yyx/xf/util/file/poi/UtilExcelImportTest.java uses unchecked or unsafe operations.
[INFO] /tmp/tmpqm56qzae/util/src/test/java/org/yyx/xf/util/file/poi/UtilExcelImportTest.java: Recompile with -Xlint:unchecked for details.
[INFO] 
[INFO] --- maven-surefire-plugin:2.19.1:test (default-test) @ xf-util ---
[INFO] Surefire report directory: /tmp/tmpqm56qzae/util/target/surefire-reports

-------------------------------------------------------
 T E S T S
-------------------------------------------------------
Running org.yyx.xf.tool.document.file.util.UtilFileTest
Tests run: 1, Failures: 0, Errors: 0, Skipped: 0, Time elapsed: 0.264 sec - in org.yyx.xf.tool.document.file.util.UtilFileTest
Running org.yyx.xf.util.file.poi.UtilExcelImportTest
20:58:41.839 [main] INFO  o.y.x.t.d.word.util.UtilExcelImport - 
	⌜⎓⎓⎓⎓⎓⎓⎓⎓⎓⎓⎓⎓⎓⎓⎓⎓⎓⎓
	├ [当前工作薄中的工作表数量]: 1
	⌞⎓⎓⎓⎓⎓⎓⎓⎓⎓⎓⎓⎓⎓⎓⎓⎓⎓⎓
20:58:41.844 [main] INFO  o.y.x.t.d.word.util.UtilExcelImport - 
	⌜⎓⎓⎓⎓⎓⎓⎓⎓⎓⎓⎓⎓⎓⎓⎓⎓⎓⎓
	├ [当前工作表中行数]: 4
	⌞⎓⎓⎓⎓⎓⎓⎓⎓⎓⎓⎓⎓⎓⎓⎓⎓⎓⎓
20:58:41.845 [main] INFO  o.y.x.t.d.word.util.UtilExcelImport - 
	⌜⎓⎓⎓⎓⎓⎓⎓⎓⎓⎓⎓⎓⎓⎓⎓⎓⎓⎓
	├ [当前行]: 1
	├ [列数量]: 5
	├ [最后一列]:5
	⌞⎓⎓⎓⎓⎓⎓⎓⎓⎓⎓⎓⎓⎓⎓⎓⎓⎓⎓
20:58:41.850 [main] INFO  o.y.x.t.document.word.util.UtilCell - ├ [当前单元格数据类型]: NUMERIC
20:58:41.853 [main] INFO  o.y.x.t.document.word.util.UtilCell - ├ [当前单元格数据类型]: NUMERIC
20:58:41.867 [main] INFO  o.y.x.t.document.word.util.UtilCell - ├ [当前单元格数据类型]: NUMERIC
20:58:41.868 [main] INFO  o.y.x.t.document.word.util.UtilCell - ├ [当前单元格数据类型]: STRING
20:58:41.902 [main] INFO  o.y.x.t.d.word.util.UtilExcelImport - --- [sheet] 1张
20:58:41.904 [main] INFO  o.y.x.t.d.word.util.UtilExcelImport - --- [当前工作表名] 工作表1
20:58:41.904 [main] INFO  o.y.x.t.d.word.util.UtilExcelImport - --- [当前工作表的行数为] 4行
20:58:41.918 [main] INFO  o.y.x.t.document.word.util.UtilCell - ├ [当前单元格数据类型]: STRING
20:58:41.919 [main] INFO  o.y.x.t.document.word.util.UtilCell - ├ [当前单元格数据类型]: STRING
20:58:41.919 [main] INFO  o.y.x.t.document.word.util.UtilCell - ├ [当前单元格数据类型]: STRING
20:58:41.919 [main] INFO  o.y.x.t.document.word.util.UtilCell - ├ [当前单元格数据类型]: STRING
20:58:41.919 [main] INFO  o.y.x.t.document.word.util.UtilCell - ├ [当前单元格数据类型]: STRING
20:58:41.920 [main] INFO  o.y.x.t.document.word.util.UtilCell - ├ [当前单元格数据类型]: NUMERIC
20:58:41.920 [main] INFO  o.y.x.t.document.word.util.UtilCell - ├ [当前单元格数据类型]: NUMERIC
20:58:41.920 [main] INFO  o.y.x.t.document.word.util.UtilCell - ├ [当前单元格数据类型]: NUMERIC
20:58:41.921 [main] INFO  o.y.x.t.document.word.util.UtilCell - ├ [当前单元格数据类型]: STRING
20:58:41.921 [main] INFO  o.y.x.t.document.word.util.UtilCell - ├ [当前单元格数据类型]: STRING
20:58:41.922 [main] INFO  o.y.x.t.document.word.util.UtilCell - ├ [当前单元格数据类型]: NUMERIC
20:58:41.922 [main] INFO  o.y.x.t.document.word.util.UtilCell - ├ [当前单元格数据类型]: NUMERIC
20:58:41.922 [main] INFO  o.y.x.t.document.word.util.UtilCell - ├ [当前单元格数据类型]: NUMERIC
20:58:41.922 [main] INFO  o.y.x.t.document.word.util.UtilCell - ├ [当前单元格数据类型]: STRING
20:58:41.922 [main] INFO  o.y.x.t.document.word.util.UtilCell - ├ [当前单元格数据类型]: STRING
20:58:41.922 [main] INFO  o.y.x.t.document.word.util.UtilCell - ├ [当前单元格数据类型]: NUMERIC
20:58:41.923 [main] INFO  o.y.x.t.document.word.util.UtilCell - ├ [当前单元格数据类型]: NUMERIC
20:58:41.923 [main] INFO  o.y.x.t.document.word.util.UtilCell - ├ [当前单元格数据类型]: NUMERIC
20:58:41.923 [main] INFO  o.y.x.t.document.word.util.UtilCell - ├ [当前单元格数据类型]: STRING
20:58:41.923 [main] INFO  o.y.x.t.document.word.util.UtilCell - ├ [当前单元格数据类型]: STRING
20:58:41.997 [main] INFO  o.y.x.u.file.poi.UtilExcelImportTest - 
	------------------------------------------
	| [导入耗时]: 121毫秒
	------------------------------------------
20:58:41.998 [main] INFO  o.y.x.u.file.poi.UtilExcelImportTest - 
	⌜⎓⎓⎓⎓⎓⎓⎓⎓⎓⎓⎓⎓⎓⎓⎓⎓⎓⎓
	├ [导入数据]: [{"0":1.0,"1":43101.0,"2":43101.0,"3":"zhang3","4":"zhang3的头像"},{"0":2.0,"1":43215.0,"2":43215.0,"3":"li4","4":"li4的头像"},{"0":3.0,"1":43371.0,"2":43371.0,"3":"wang5","4":"wang5的头像"}]
	⌞⎓⎓⎓⎓⎓⎓⎓⎓⎓⎓⎓⎓⎓⎓⎓⎓⎓⎓
Tests run: 2, Failures: 0, Errors: 1, Skipped: 0, Time elapsed: 1.096 sec <<< FAILURE! - in org.yyx.xf.util.file.poi.UtilExcelImportTest
importExcelIntoEntity(org.yyx.xf.util.file.poi.UtilExcelImportTest)  Time elapsed: 0.974 sec  <<< ERROR!
java.lang.IllegalArgumentException: Can not set static [Z field org.yyx.xf.entity.EntityBase.$jacocoData to java.lang.String
	at org.yyx.xf.util.file.poi.UtilExcelImportTest.importExcelIntoEntity(UtilExcelImportTest.java:51)

Running org.yyx.xf.util.file.io.UtilFileTest
Tests run: 3, Failures: 0, Errors: 0, Skipped: 0, Time elapsed: 0 sec - in org.yyx.xf.util.file.io.UtilFileTest
Running org.yyx.xf.util.security.UtilMD5Test
20:58:42.002 [main] INFO  o.yyx.xf.tool.string.util.UtilString - [随机字符串] l7ZDfpP5
20:58:42.003 [main] INFO  o.yyx.xf.tool.string.util.UtilString - [ByteToHex] Success：68c3c139a1f50f7df239eddaf6ea7117
20:58:42.003 [main] INFO  org.yyx.xf.util.security.UtilMD5Test - [密文] 68c3c139a1f50f7df239eddaf6ea7117
Tests run: 1, Failures: 0, Errors: 0, Skipped: 0, Time elapsed: 0.001 sec - in org.yyx.xf.util.security.UtilMD5Test
Running org.yyx.xf.util.string.UtilHtmlTest
20:58:42.005 [main] INFO  org.yyx.xf.util.string.UtilHtmlTest - [clean htmlStr] aaaaaaaaaaaaaaaaaa
Tests run: 1, Failures: 0, Errors: 0, Skipped: 0, Time elapsed: 0.001 sec - in org.yyx.xf.util.string.UtilHtmlTest
Running org.yyx.xf.util.string.UtilStringTest
20:58:42.006 [main] INFO  o.yyx.xf.util.string.UtilStringTest - [startWith] -> [$abc startWith $ ] true
20:58:42.007 [main] INFO  o.yyx.xf.util.string.UtilStringTest - [startWith] -> [unknowABC startWith UN_KNOWN] true
20:58:42.007 [main] INFO  o.yyx.xf.util.string.UtilStringTest - [startWith] -> [sfajljfd startWith $ , UN_KNOWN] false
20:58:42.007 [main] INFO  o.yyx.xf.util.string.UtilStringTest - [startWith] -> [$abc startWith UN_KNOWN $] true
20:58:42.007 [main] INFO  o.yyx.xf.tool.string.util.UtilString - [随机字符串] zG6d
20:58:42.007 [main] INFO  o.yyx.xf.util.string.UtilStringTest - [salt] zG6d
20:58:42.008 [main] INFO  o.yyx.xf.util.string.UtilStringTest - [UUID] 0752bda47296479cb9142df2d8f5e829
20:58:42.008 [main] INFO  o.yyx.xf.tool.string.util.UtilString - [随机字符串] k1829f
20:58:42.008 [main] INFO  o.yyx.xf.util.string.UtilStringTest - [salt] k1829f
20:58:42.008 [main] INFO  o.yyx.xf.util.string.UtilStringTest - [blank] org.yyx.xf.util.string.UtilStringTest
Tests run: 6, Failures: 0, Errors: 0, Skipped: 0, Time elapsed: 0.002 sec - in org.yyx.xf.util.string.UtilStringTest
Running org.yyx.xf.util.string.UtilJsonAndXmlTest
20:58:42.064 [main] INFO  o.y.x.t.string.util.UtilJsonAndXml - [节点名称]  alert
20:58:42.139 [main] INFO  o.y.x.t.string.util.UtilJsonAndXml - [节点名称]  identifier
20:58:42.139 [main] INFO  o.y.x.t.string.util.UtilJsonAndXml - [节点 identifier 值] 41000041600000_20200205105119 
20:58:42.139 [main] INFO  o.y.x.t.string.util.UtilJsonAndXml - [节点名称]  sender
20:58:42.139 [main] INFO  o.y.x.t.string.util.UtilJsonAndXml - [节点 sender 值] 河南省气象局 
20:58:42.140 [main] INFO  o.y.x.t.string.util.UtilJsonAndXml - [节点名称]  senderCode
20:58:42.140 [main] INFO  o.y.x.t.string.util.UtilJsonAndXml - [节点 senderCode 值] 41000041600000 
20:58:42.140 [main] INFO  o.y.x.t.string.util.UtilJsonAndXml - [节点名称]  sendTime
20:58:42.140 [main] INFO  o.y.x.t.string.util.UtilJsonAndXml - [节点 sendTime 值] 2020-02-05 10:45:00+08:00 
20:58:42.140 [main] INFO  o.y.x.t.string.util.UtilJsonAndXml - [节点名称]  status
20:58:42.140 [main] INFO  o.y.x.t.string.util.UtilJsonAndXml - [节点 status 值] Actual 
20:58:42.140 [main] INFO  o.y.x.t.string.util.UtilJsonAndXml - [节点名称]  msgType
20:58:42.140 [main] INFO  o.y.x.t.string.util.UtilJsonAndXml - [节点 msgType 值] Update 
20:58:42.140 [main] INFO  o.y.x.t.string.util.UtilJsonAndXml - [节点名称]  scope
20:58:42.140 [main] INFO  o.y.x.t.string.util.UtilJsonAndXml - [节点 scope 值] Public 
20:58:42.140 [main] INFO  o.y.x.t.string.util.UtilJsonAndXml - [节点名称]  code
20:58:42.140 [main] INFO  o.y.x.t.string.util.UtilJsonAndXml - [节点名称]  method
20:58:42.141 [main] INFO  o.y.x.t.string.util.UtilJsonAndXml - [节点名称]  methodName
20:58:42.141 [main] INFO  o.y.x.t.string.util.UtilJsonAndXml - [节点 methodName 值] SPEAKER 
20:58:42.141 [main] INFO  o.y.x.t.string.util.UtilJsonAndXml - [节点名称]  message
20:58:42.141 [main] INFO  o.y.x.t.string.util.UtilJsonAndXml - [节点 message 值] 河南省气象局2020年02月05日10时53分39秒大风蓝色预警[IV级/一般]全省大部分地区河南省气象台2020年02月05日10时45分继续发布大风蓝色预警：预计未来24小时，全省大部分地区将出现5级左右偏北风，阵风6到7级。请注意防范。 
20:58:42.141 [main] INFO  o.y.x.t.string.util.UtilJsonAndXml - [节点名称]  audienceGrp
20:58:42.141 [main] INFO  o.y.x.t.string.util.UtilJsonAndXml - [节点 audienceGrp 值] 31aec396-ba79-46fe-9958-a0787dcfd030, 
20:58:42.141 [main] INFO  o.y.x.t.string.util.UtilJsonAndXml - [节点名称]  audenceprt
20:58:42.141 [main] INFO  o.y.x.t.string.util.UtilJsonAndXml - [节点 audenceprt 值] , 
20:58:42.141 [main] INFO  o.y.x.t.string.util.UtilJsonAndXml - [节点名称]  method
20:58:42.141 [main] INFO  o.y.x.t.string.util.UtilJsonAndXml - [节点名称]  methodName
20:58:42.141 [main] INFO  o.y.x.t.string.util.UtilJsonAndXml - [节点 methodName 值] SMS 
20:58:42.141 [main] INFO  o.y.x.t.string.util.UtilJsonAndXml - [节点名称]  message
20:58:42.141 [main] INFO  o.y.x.t.string.util.UtilJsonAndXml - [节点 message 值] 河南省气象台2020年02月05日10时45分继续发布大风蓝色预警：预计未来24小时，全省大部分地区将出现5级左右偏北风，阵风6到7级。请注意防范。 
20:58:42.142 [main] INFO  o.y.x.t.string.util.UtilJsonAndXml - [节点名称]  audienceGrp
20:58:42.142 [main] INFO  o.y.x.t.string.util.UtilJsonAndXml - [节点 audienceGrp 值] d90a8856-1183-47b0-8d8d-29b0dbee6216,5080d87d-fd9e-4016-8d8d-2a86df9ab50a, 
20:58:42.142 [main] INFO  o.y.x.t.string.util.UtilJsonAndXml - [节点名称]  audenceprt
20:58:42.142 [main] INFO  o.y.x.t.string.util.UtilJsonAndXml - [节点 audenceprt 值] , 
20:58:42.142 [main] INFO  o.y.x.t.string.util.UtilJsonAndXml - [节点名称]  method
20:58:42.142 [main] INFO  o.y.x.t.string.util.UtilJsonAndXml - [节点名称]  methodName
20:58:42.142 [main] INFO  o.y.x.t.string.util.UtilJsonAndXml - [节点 methodName 值] WEB 
20:58:42.142 [main] INFO  o.y.x.t.string.util.UtilJsonAndXml - [节点名称]  message
20:58:42.142 [main] INFO  o.y.x.t.string.util.UtilJsonAndXml - [节点 message 值] 河南省气象局2020年02月05日10时53分发布大风蓝色预警[IV级/一般]河南省气象台2020年02月05日10时45分继续发布大风蓝色预警：预计未来24小时，全省大部分地区将出现5级左右偏北风，阵风6到7级。请注意防范。 
20:58:42.142 [main] INFO  o.y.x.t.string.util.UtilJsonAndXml - [节点名称]  audienceGrp
20:58:42.142 [main] INFO  o.y.x.t.string.util.UtilJsonAndXml - [节点 audienceGrp 值]  
20:58:42.142 [main] INFO  o.y.x.t.string.util.UtilJsonAndXml - [节点名称]  audenceprt
20:58:42.142 [main] INFO  o.y.x.t.string.util.UtilJsonAndXml - [节点 audenceprt 值] , 
20:58:42.142 [main] INFO  o.y.x.t.string.util.UtilJsonAndXml - [节点名称]  secClassification
20:58:42.143 [main] INFO  o.y.x.t.string.util.UtilJsonAndXml - [节点 secClassification 值] None 
20:58:42.143 [main] INFO  o.y.x.t.string.util.UtilJsonAndXml - [节点名称]  note
20:58:42.143 [main] INFO  o.y.x.t.string.util.UtilJsonAndXml - [节点 note 值]  
20:58:42.143 [main] INFO  o.y.x.t.string.util.UtilJsonAndXml - [节点名称]  references
20:58:42.143 [main] INFO  o.y.x.t.string.util.UtilJsonAndXml - [节点 references 值] 41000041600000_20200204121842 
20:58:42.143 [main] INFO  o.y.x.t.string.util.UtilJsonAndXml - [节点名称]  info
20:58:42.143 [main] INFO  o.y.x.t.string.util.UtilJsonAndXml - [节点名称]  language
20:58:42.143 [main] INFO  o.y.x.t.string.util.UtilJsonAndXml - [节点 language 值] zh-CN 
20:58:42.143 [main] INFO  o.y.x.t.string.util.UtilJsonAndXml - [节点名称]  eventType
20:58:42.143 [main] INFO  o.y.x.t.string.util.UtilJsonAndXml - [节点 eventType 值] 11B06 
20:58:42.143 [main] INFO  o.y.x.t.string.util.UtilJsonAndXml - [节点名称]  urgency
20:58:42.143 [main] INFO  o.y.x.t.string.util.UtilJsonAndXml - [节点 urgency 值] Unknown 
20:58:42.143 [main] INFO  o.y.x.t.string.util.UtilJsonAndXml - [节点名称]  severity
20:58:42.143 [main] INFO  o.y.x.t.string.util.UtilJsonAndXml - [节点 severity 值] Blue 
20:58:42.144 [main] INFO  o.y.x.t.string.util.UtilJsonAndXml - [节点名称]  certainty
20:58:42.144 [main] INFO  o.y.x.t.string.util.UtilJsonAndXml - [节点 certainty 值] Unknown 
20:58:42.144 [main] INFO  o.y.x.t.string.util.UtilJsonAndXml - [节点名称]  effective
20:58:42.144 [main] INFO  o.y.x.t.string.util.UtilJsonAndXml - [节点 effective 值] 2020-02-05 10:57:42+08:00 
20:58:42.144 [main] INFO  o.y.x.t.string.util.UtilJsonAndXml - [节点名称]  onset
20:58:42.144 [main] INFO  o.y.x.t.string.util.UtilJsonAndXml - [节点 onset 值]  
20:58:42.144 [main] INFO  o.y.x.t.string.util.UtilJsonAndXml - [节点名称]  expires
20:58:42.144 [main] INFO  o.y.x.t.string.util.UtilJsonAndXml - [节点 expires 值]  
20:58:42.144 [main] INFO  o.y.x.t.string.util.UtilJsonAndXml - [节点名称]  senderName
20:58:42.144 [main] INFO  o.y.x.t.string.util.UtilJsonAndXml - [节点 senderName 值] 李飞 
20:58:42.144 [main] INFO  o.y.x.t.string.util.UtilJsonAndXml - [节点名称]  headline
20:58:42.144 [main] INFO  o.y.x.t.string.util.UtilJsonAndXml - [节点 headline 值] 河南省气象局发布大风蓝色预警[IV级/一般] 
20:58:42.144 [main] INFO  o.y.x.t.string.util.UtilJsonAndXml - [节点名称]  description
20:58:42.144 [main] INFO  o.y.x.t.string.util.UtilJsonAndXml - [节点 description 值] 河南省气象台2020年02月05日10时45分继续发布大风蓝色预警：预计未来24小时，全省大部分地区将出现5级左右偏北风，阵风6到7级。请注意防范。 
20:58:42.144 [main] INFO  o.y.x.t.string.util.UtilJsonAndXml - [节点名称]  instruction
20:58:42.145 [main] INFO  o.y.x.t.string.util.UtilJsonAndXml - [节点 instruction 值]  
20:58:42.145 [main] INFO  o.y.x.t.string.util.UtilJsonAndXml - [节点名称]  web
20:58:42.145 [main] INFO  o.y.x.t.string.util.UtilJsonAndXml - [节点 web 值]  
20:58:42.145 [main] INFO  o.y.x.t.string.util.UtilJsonAndXml - [节点名称]  area
20:58:42.145 [main] INFO  o.y.x.t.string.util.UtilJsonAndXml - [节点名称]  areaDesc
20:58:42.145 [main] INFO  o.y.x.t.string.util.UtilJsonAndXml - [节点 areaDesc 值] 河南省,河南省 
20:58:42.145 [main] INFO  o.y.x.t.string.util.UtilJsonAndXml - [节点名称]  polygon
20:58:42.145 [main] INFO  o.y.x.t.string.util.UtilJsonAndXml - [节点 polygon 值]  
20:58:42.145 [main] INFO  o.y.x.t.string.util.UtilJsonAndXml - [节点名称]  circle
20:58:42.145 [main] INFO  o.y.x.t.string.util.UtilJsonAndXml - [节点 circle 值]  
20:58:42.145 [main] INFO  o.y.x.t.string.util.UtilJsonAndXml - [节点名称]  geocode
20:58:42.145 [main] INFO  o.y.x.t.string.util.UtilJsonAndXml - [节点 geocode 值] 410000000000,410000000000 
20:58:42.147 [main] INFO  o.y.x.util.string.UtilJsonAndXmlTest - [json] {"alert":[{"identifier":"41000041600000_20200205105119"},{"sender":"河南省气象局"},{"senderCode":"41000041600000"},{"sendTime":"2020-02-05 10:45:00+08:00"},{"status":"Actual"},{"msgType":"Update"},{"scope":"Public"},{"code":[{"method":[{"methodName":"SPEAKER"},{"message":"河南省气象局2020年02月05日10时53分39秒大风蓝色预警[IV级/一般]全省大部分地区河南省气象台2020年02月05日10时45分继续发布大风蓝色预警：预计未来24小时，全省大部分地区将出现5级左右偏北风，阵风6到7级。请注意防范。"},{"audienceGrp":"31aec396-ba79-46fe-9958-a0787dcfd030,"},{"audenceprt":","}]},{"method":[{"methodName":"SMS"},{"message":"河南省气象台2020年02月05日10时45分继续发布大风蓝色预警：预计未来24小时，全省大部分地区将出现5级左右偏北风，阵风6到7级。请注意防范。"},{"audienceGrp":"d90a8856-1183-47b0-8d8d-29b0dbee6216,5080d87d-fd9e-4016-8d8d-2a86df9ab50a,"},{"audenceprt":","}]},{"method":[{"methodName":"WEB"},{"message":"河南省气象局2020年02月05日10时53分发布大风蓝色预警[IV级/一般]河南省气象台2020年02月05日10时45分继续发布大风蓝色预警：预计未来24小时，全省大部分地区将出现5级左右偏北风，阵风6到7级。请注意防范。"},{"audienceGrp":""},{"audenceprt":","}]}]},{"secClassification":"None"},{"note":""},{"references":"41000041600000_20200204121842"},{"info":[{"language":"zh-CN"},{"eventType":"11B06"},{"urgency":"Unknown"},{"severity":"Blue"},{"certainty":"Unknown"},{"effective":"2020-02-05 10:57:42+08:00"},{"onset":""},{"expires":""},{"senderName":"李飞"},{"headline":"河南省气象局发布大风蓝色预警[IV级/一般]"},{"description":"河南省气象台2020年02月05日10时45分继续发布大风蓝色预警：预计未来24小时，全省大部分地区将出现5级左右偏北风，阵风6到7级。请注意防范。"},{"instruction":""},{"web":""},{"area":[{"areaDesc":"河南省,河南省"},{"polygon":""},{"circle":""},{"geocode":"410000000000,410000000000"}]}]}]}
20:58:42.200 [main] INFO  o.y.x.util.string.UtilJsonAndXmlTest - [xml] <?xml version="1.0" encoding="UTF-8"?>
<xml><heading>Reminder</heading><from>John</from><to>George</to><body>Don't forget the meeting!</body></xml>
Tests run: 2, Failures: 0, Errors: 0, Skipped: 0, Time elapsed: 0.134 sec - in org.yyx.xf.util.string.UtilJsonAndXmlTest
Running org.yyx.xf.util.maven.UtilMavenTest
Tests run: 1, Failures: 0, Errors: 0, Skipped: 0, Time elapsed: 0.019 sec - in org.yyx.xf.util.maven.UtilMavenTest
Running org.yyx.xf.util.date.UtilDateTest
20:58:42.281 [main] INFO  org.yyx.xf.util.date.UtilDateTest - [sql] 2020-07-30
20:58:42.282 [main] INFO  org.yyx.xf.util.date.UtilDateTest - [util-date] Thu Jan 01 03:05:11 UTC 1970
20:58:42.286 [main] INFO  org.yyx.xf.util.date.UtilDateTest - [str] 2020:07:30 20-58-042
20:58:42.286 [main] INFO  org.yyx.xf.util.date.UtilDateTest - [date] Wed Jan 24 18:54:00 UTC 2018
20:58:42.287 [main] INFO  org.yyx.xf.util.date.UtilDateTest - [str] 2020-07-30 20:58:287
20:58:42.287 [main] INFO  org.yyx.xf.util.date.UtilDateTest - [sql-date] 2020-07-30
20:58:42.288 [main] INFO  org.yyx.xf.util.date.UtilDateTest - [date] Wed Jan 24 00:00:00 UTC 2018
Tests run: 7, Failures: 0, Errors: 0, Skipped: 0, Time elapsed: 0.066 sec - in org.yyx.xf.util.date.UtilDateTest

Results :

Tests in error: 
  UtilExcelImportTest.importExcelIntoEntity:51 » IllegalArgument Can not set sta...

Tests run: 24, Failures: 0, Errors: 1, Skipped: 0

[ERROR] There are test failures.

Please refer to /tmp/tmpqm56qzae/util/target/surefire-reports for the individual test results.
[INFO] 
[INFO] --- jacoco-maven-plugin:0.8.5:report (report) @ xf-util ---
[INFO] Loading execution data file /tmp/tmpqm56qzae/util/target/jacoco.exec
[INFO] Analyzed bundle 'xf-util' with 290 classes
[INFO] ------------------------------------------------------------------------
[INFO] BUILD SUCCESS
[INFO] ------------------------------------------------------------------------
[INFO] Total time:  59.663 s
[INFO] Finished at: 2020-07-30T20:58:44Z
[INFO] ------------------------------------------------------------------------
