[INFO] Error stacktraces are turned on.
[INFO] Scanning for projects...
[INFO] 
[INFO] -----------------------< com.jisolate:jisolate >------------------------
[INFO] Building jisolate 0.0.1-SNAPSHOT
[INFO] --------------------------------[ jar ]---------------------------------
[INFO] 
[INFO] --- jacoco-maven-plugin:0.8.5:prepare-agent (default) @ jisolate ---
[INFO] argLine set to -javaagent:/home/jdbl/.m2/repository/org/jacoco/org.jacoco.agent/0.8.5/org.jacoco.agent-0.8.5-runtime.jar=destfile=/tmp/tmprof2_g7i/jisolate/target/jacoco.exec
[INFO] 
[INFO] --- maven-resources-plugin:2.6:resources (default-resources) @ jisolate ---
[INFO] Using 'UTF-8' encoding to copy filtered resources.
[INFO] skip non existing resourceDirectory /tmp/tmprof2_g7i/jisolate/src/main/resources
[INFO] 
[INFO] --- maven-compiler-plugin:3.1:compile (default-compile) @ jisolate ---
[INFO] Changes detected - recompiling the module!
[INFO] Compiling 9 source files to /tmp/tmprof2_g7i/jisolate/target/classes
[INFO] 
[INFO] --- maven-resources-plugin:2.6:testResources (default-testResources) @ jisolate ---
[INFO] Using 'UTF-8' encoding to copy filtered resources.
[INFO] Copying 1 resource
[INFO] 
[INFO] --- maven-compiler-plugin:3.1:testCompile (default-testCompile) @ jisolate ---
[INFO] Changes detected - recompiling the module!
[INFO] Compiling 6 source files to /tmp/tmprof2_g7i/jisolate/target/test-classes
[INFO] 
[INFO] --- maven-surefire-plugin:2.19.1:test (default-test) @ jisolate ---
[INFO] Surefire report directory: /tmp/tmprof2_g7i/jisolate/target/surefire-reports

-------------------------------------------------------
 T E S T S
-------------------------------------------------------
Running com.jisolate.classloader.ChildFirstUrlClassLoaderTest
Tests run: 5, Failures: 0, Errors: 0, Skipped: 0, Time elapsed: 1.927 sec - in com.jisolate.classloader.ChildFirstUrlClassLoaderTest
Running com.jisolate.properties.ThreadLocalPropertiesTest
21:24:11.406 [Thread-1] INFO  c.j.properties.ThreadLocalProperties - Activated thread-local system properties
21:24:11.411 [Thread-2] INFO  c.j.p.ThreadLocalPropertiesTest - Setting system property SystemPropertyIsolationTest.1596144251198=25
21:24:11.413 [Thread-1] INFO  c.j.p.ThreadLocalPropertiesTest - Setting system property SystemPropertyIsolationTest.1596144251198=24
Tests run: 1, Failures: 0, Errors: 0, Skipped: 0, Time elapsed: 0.473 sec - in com.jisolate.properties.ThreadLocalPropertiesTest
Running com.jisolate.JisolateTest
21:24:12.163 [Isolater-1] INFO  c.j.classloader.ClassLoaderIsolater - Loaded isolated class com.jisolate.IsolatedClass in 402ms
21:24:12.290 [Isolater-1] INFO  com.jisolate.IsolatedClass - hello null
21:24:12.294 [Isolater-1] INFO  c.j.classloader.ClassLoaderIsolater - Invoked com.jisolate.IsolatedClass#main in 130ms
21:24:13.837 [main] INFO  com.jisolate.jvm.JvmIsolater - Performed JVM isolation of com.jisolate.IsolatedClass
21:24:14.482 [StreamGobbler-1-stdout] INFO  com.jisolate.jvm.JvmIsolater - 21:24:14.479 [main] INFO  com.jisolate.IsolatedClass - hello world
Tests run: 2, Failures: 0, Errors: 1, Skipped: 0, Time elapsed: 2.847 sec <<< FAILURE! - in com.jisolate.JisolateTest
classLoaderIsolation(com.jisolate.JisolateTest)  Time elapsed: 2.082 sec  <<< ERROR!
com.jayway.awaitility.core.ConditionTimeoutException: Condition with com.jisolate.JisolateTest was not fulfilled within 2 seconds.
	at com.jisolate.JisolateTest.assertIsolationWorks(JisolateTest.java:68)
	at com.jisolate.JisolateTest.classLoaderIsolation(JisolateTest.java:52)


Results :

Tests in error: 
  JisolateTest.classLoaderIsolation:52->assertIsolationWorks:68 Â» ConditionTimeout

Tests run: 8, Failures: 0, Errors: 1, Skipped: 0

[ERROR] There are test failures.

Please refer to /tmp/tmprof2_g7i/jisolate/target/surefire-reports for the individual test results.
[INFO] 
[INFO] --- jacoco-maven-plugin:0.8.5:report (report) @ jisolate ---
[INFO] Loading execution data file /tmp/tmprof2_g7i/jisolate/target/jacoco.exec
[INFO] Analyzed bundle 'jisolate' with 133 classes
[INFO] ------------------------------------------------------------------------
[INFO] BUILD SUCCESS
[INFO] ------------------------------------------------------------------------
[INFO] Total time:  16.784 s
[INFO] Finished at: 2020-07-30T21:24:17Z
[INFO] ------------------------------------------------------------------------
