[INFO] Error stacktraces are turned on.
[INFO] Scanning for projects...
[INFO] Inspecting build with total of 1 modules...
[INFO] Installing Nexus Staging features:
[INFO]   ... total of 1 executions of maven-deploy-plugin replaced with nexus-staging-maven-plugin
[INFO] 
[INFO] --------------< de.mpg.mpi-inf.ambiversenlu:ambiversenlu >--------------
[INFO] Building AmbiverseNLU 1.1.1-SNAPSHOT
[INFO] --------------------------------[ jar ]---------------------------------
[WARNING] Could not validate integrity of download from https://repo.maven.apache.org/maven2/com/savoirtech/savoir-parent/1.0.3/savoir-parent-1.0.3.pom: Checksum validation failed, expected e940917e4028afd773ab3f78b76d8c4c10907336 but is abb5048755d19145cbd9907c0fec0a616a5b1625
[INFO] 
[INFO] --- jacoco-maven-plugin:0.8.5:prepare-agent (default) @ ambiversenlu ---
[INFO] argLine set to -javaagent:/home/jdbl/.m2/repository/org/jacoco/org.jacoco.agent/0.8.5/org.jacoco.agent-0.8.5-runtime.jar=destfile=/tmp/tmppvek9ed7/ambiverse-nlu/target/jacoco.exec
[INFO] 
[INFO] --- maven-resources-plugin:2.6:resources (default-resources) @ ambiversenlu ---
[INFO] Using 'UTF-8' encoding to copy filtered resources.
[INFO] Copying 43 resources
[INFO] Copying 74 resources
[INFO] 
[INFO] --- maven-compiler-plugin:3.1:compile (default-compile) @ ambiversenlu ---
[INFO] Changes detected - recompiling the module!
[INFO] Compiling 791 source files to /tmp/tmppvek9ed7/ambiverse-nlu/target/classes
[WARNING] /tmp/tmppvek9ed7/ambiverse-nlu/src/main/java/de/mpg/mpi_inf/ambiversenlu/nlu/entitylinking/similarity/EstimateParameterWeightsFromScores.java: Some input files use or override a deprecated API.
[WARNING] /tmp/tmppvek9ed7/ambiverse-nlu/src/main/java/de/mpg/mpi_inf/ambiversenlu/nlu/entitylinking/similarity/EstimateParameterWeightsFromScores.java: Recompile with -Xlint:deprecation for details.
[WARNING] /tmp/tmppvek9ed7/ambiverse-nlu/src/main/java/de/mpg/mpi_inf/ambiversenlu/nlu/ner/NerTrainingConfig.java: Some input files use unchecked or unsafe operations.
[WARNING] /tmp/tmppvek9ed7/ambiverse-nlu/src/main/java/de/mpg/mpi_inf/ambiversenlu/nlu/ner/NerTrainingConfig.java: Recompile with -Xlint:unchecked for details.
[INFO] 
[INFO] --- maven-resources-plugin:2.6:testResources (default-testResources) @ ambiversenlu ---
[INFO] Using 'UTF-8' encoding to copy filtered resources.
[INFO] Copying 53 resources
[INFO] 
[INFO] --- maven-compiler-plugin:3.1:testCompile (default-testCompile) @ ambiversenlu ---
[INFO] Changes detected - recompiling the module!
[INFO] Compiling 50 source files to /tmp/tmppvek9ed7/ambiverse-nlu/target/test-classes
[WARNING] /tmp/tmppvek9ed7/ambiverse-nlu/src/test/java/de/mpg/mpi_inf/ambiversenlu/nlu/entitylinking/access/EncoderDecoderKryoTest.java: Some input files use unchecked or unsafe operations.
[WARNING] /tmp/tmppvek9ed7/ambiverse-nlu/src/test/java/de/mpg/mpi_inf/ambiversenlu/nlu/entitylinking/access/EncoderDecoderKryoTest.java: Recompile with -Xlint:unchecked for details.
[INFO] 
[INFO] --- maven-surefire-plugin:2.19.1:test (default-test) @ ambiversenlu ---
[INFO] Surefire report directory: /tmp/tmppvek9ed7/ambiverse-nlu/target/surefire-reports

-------------------------------------------------------
 T E S T S
-------------------------------------------------------
Running de.mpg.mpi_inf.ambiversenlu.nlu.entitylinking.model.ExternalEntitiesContextTest
2020-08-03 11:36:18,724 [main] INFO  entitylinking.processor.DocumentProcessor:112  - Initializing DocumentProcessor for type 'TOKENIZATION'.
Tests run: 1, Failures: 0, Errors: 0, Skipped: 0, Time elapsed: 15.857 sec - in de.mpg.mpi_inf.ambiversenlu.nlu.entitylinking.model.ExternalEntitiesContextTest
Running de.mpg.mpi_inf.ambiversenlu.nlu.entitylinking.model.ResultProcessorTest
2020-08-03 11:36:34,314 [main] INFO  entitylinking.processor.DocumentProcessor:112  - Initializing DocumentProcessor for type 'DISAMBIGUATION_STANFORD'.
Tests run: 1, Failures: 0, Errors: 1, Skipped: 0, Time elapsed: 71.704 sec <<< FAILURE! - in de.mpg.mpi_inf.ambiversenlu.nlu.entitylinking.model.ResultProcessorTest
test(de.mpg.mpi_inf.ambiversenlu.nlu.entitylinking.model.ResultProcessorTest)  Time elapsed: 71.704 sec  <<< ERROR!
java.lang.OutOfMemoryError: GC overhead limit exceeded

Running de.mpg.mpi_inf.ambiversenlu.nlu.entitylinking.model.PreparedInputTest
Tests run: 1, Failures: 0, Errors: 0, Skipped: 0, Time elapsed: 0.162 sec - in de.mpg.mpi_inf.ambiversenlu.nlu.entitylinking.model.PreparedInputTest
Running de.mpg.mpi_inf.ambiversenlu.nlu.entitylinking.model.ContextTest
Tests run: 2, Failures: 0, Errors: 0, Skipped: 0, Time elapsed: 0.006 sec - in de.mpg.mpi_inf.ambiversenlu.nlu.entitylinking.model.ContextTest
Running de.mpg.mpi_inf.ambiversenlu.nlu.entitylinking.datapreparation.YagoEntityKeyphraseCooccurrenceDataProviderIteratorTest
Tests run: 1, Failures: 0, Errors: 0, Skipped: 0, Time elapsed: 0.001 sec - in de.mpg.mpi_inf.ambiversenlu.nlu.entitylinking.datapreparation.YagoEntityKeyphraseCooccurrenceDataProviderIteratorTest
Running de.mpg.mpi_inf.ambiversenlu.nlu.entitylinking.datapreparation.yago.yago3.util.YAGO3SplittingTsvFileReaderTest
2020-08-03 11:37:46,214 [main] INFO  yago3.util.YAGO3SplittingTsvFileReader:60  - Splitting YAGO3 file to single-relation files.
2020-08-03 11:37:46,228 [main] INFO  yago3.util.YAGO3SplittingTsvFileReader:164  - Reading 10 facts for rdf:type
2020-08-03 11:37:46,229 [main] INFO  yago3.util.YAGO3SplittingTsvFileReader:152  - rdf:type read 1 times.
2020-08-03 11:37:46,229 [main] INFO  yago3.util.YAGO3SplittingTsvFileReader:164  - Reading 1 facts for <hasGloss>
2020-08-03 11:37:46,229 [main] INFO  yago3.util.YAGO3SplittingTsvFileReader:152  - <hasGloss> read 1 times.
2020-08-03 11:37:46,230 [main] INFO  yago3.util.YAGO3SplittingTsvFileReader:164  - Reading 9 facts for <hasInternalWikipediaLinkTo>
2020-08-03 11:37:46,230 [main] INFO  yago3.util.YAGO3SplittingTsvFileReader:152  - <hasInternalWikipediaLinkTo> read 1 times.
2020-08-03 11:37:46,230 [main] INFO  yago3.util.YAGO3SplittingTsvFileReader:164  - Reading 1 facts for <hasFamilyName>
2020-08-03 11:37:46,230 [main] INFO  yago3.util.YAGO3SplittingTsvFileReader:152  - <hasFamilyName> read 1 times.
2020-08-03 11:37:46,230 [main] INFO  yago3.util.YAGO3SplittingTsvFileReader:164  - Reading 1 facts for <hasFamilyName>
2020-08-03 11:37:46,231 [main] INFO  yago3.util.YAGO3SplittingTsvFileReader:152  - <hasFamilyName> read 2 times.
Tests run: 1, Failures: 0, Errors: 0, Skipped: 0, Time elapsed: 0.029 sec - in de.mpg.mpi_inf.ambiversenlu.nlu.entitylinking.datapreparation.yago.yago3.util.YAGO3SplittingTsvFileReaderTest
Running de.mpg.mpi_inf.ambiversenlu.nlu.entitylinking.config.settings.DocumentAnnotationsTest
Aug 03, 2020 11:37:48 AM org.apache.uima.analysis_engine.impl.PrimitiveAnalysisEngine_impl callAnalysisComponentProcess(434)
SEVERE: Exception occurred
org.apache.uima.analysis_engine.AnalysisEngineProcessException: Annotator processing failed.    
	at org.apache.uima.analysis_engine.impl.PrimitiveAnalysisEngine_impl.callAnalysisComponentProcess(PrimitiveAnalysisEngine_impl.java:416)
	at org.apache.uima.analysis_engine.impl.PrimitiveAnalysisEngine_impl.processAndOutputNewCASes(PrimitiveAnalysisEngine_impl.java:318)
	at org.apache.uima.analysis_engine.asb.impl.ASB_impl$AggregateCasIterator.processUntilNextOutputCas(ASB_impl.java:570)
	at org.apache.uima.analysis_engine.asb.impl.ASB_impl$AggregateCasIterator.<init>(ASB_impl.java:412)
	at org.apache.uima.analysis_engine.asb.impl.ASB_impl.process(ASB_impl.java:344)
	at org.apache.uima.analysis_engine.impl.AggregateAnalysisEngine_impl.processAndOutputNewCASes(AggregateAnalysisEngine_impl.java:271)
	at org.apache.uima.analysis_engine.impl.AnalysisEngineImplBase.process(AnalysisEngineImplBase.java:269)
	at org.apache.uima.analysis_engine.impl.AnalysisEngineImplBase.process(AnalysisEngineImplBase.java:284)
	at de.mpg.mpi_inf.ambiversenlu.nlu.entitylinking.processor.DocumentProcessor.process(DocumentProcessor.java:98)
	at de.mpg.mpi_inf.ambiversenlu.nlu.entitylinking.processor.DocumentProcessor.processDev(DocumentProcessor.java:85)
	at de.mpg.mpi_inf.ambiversenlu.nlu.entitylinking.config.settings.DocumentAnnotationsTest.testManualAnnotations(DocumentAnnotationsTest.java:43)
	at sun.reflect.NativeMethodAccessorImpl.invoke0(Native Method)
	at sun.reflect.NativeMethodAccessorImpl.invoke(NativeMethodAccessorImpl.java:62)
	at sun.reflect.DelegatingMethodAccessorImpl.invoke(DelegatingMethodAccessorImpl.java:43)
	at java.lang.reflect.Method.invoke(Method.java:498)
	at org.junit.runners.model.FrameworkMethod$1.runReflectiveCall(FrameworkMethod.java:47)
	at org.junit.internal.runners.model.ReflectiveCallable.run(ReflectiveCallable.java:12)
	at org.junit.runners.model.FrameworkMethod.invokeExplosively(FrameworkMethod.java:44)
	at org.junit.internal.runners.statements.InvokeMethod.evaluate(InvokeMethod.java:17)
	at org.junit.internal.runners.statements.RunBefores.evaluate(RunBefores.java:26)
	at org.junit.runners.ParentRunner.runLeaf(ParentRunner.java:271)
	at org.junit.runners.BlockJUnit4ClassRunner.runChild(BlockJUnit4ClassRunner.java:70)
	at org.junit.runners.BlockJUnit4ClassRunner.runChild(BlockJUnit4ClassRunner.java:50)
	at org.junit.runners.ParentRunner$3.run(ParentRunner.java:238)
	at org.junit.runners.ParentRunner$1.schedule(ParentRunner.java:63)
	at org.junit.runners.ParentRunner.runChildren(ParentRunner.java:236)
	at org.junit.runners.ParentRunner.access$000(ParentRunner.java:53)
	at org.junit.runners.ParentRunner$2.evaluate(ParentRunner.java:229)
	at org.junit.runners.ParentRunner.run(ParentRunner.java:309)
	at org.apache.maven.surefire.junit4.JUnit4Provider.execute(JUnit4Provider.java:367)
	at org.apache.maven.surefire.junit4.JUnit4Provider.executeWithRerun(JUnit4Provider.java:274)
	at org.apache.maven.surefire.junit4.JUnit4Provider.executeTestSet(JUnit4Provider.java:238)
	at org.apache.maven.surefire.junit4.JUnit4Provider.invoke(JUnit4Provider.java:161)
	at org.apache.maven.surefire.booter.ForkedBooter.invokeProviderInSameClassLoader(ForkedBooter.java:290)
	at org.apache.maven.surefire.booter.ForkedBooter.runSuitesInProcess(ForkedBooter.java:242)
	at org.apache.maven.surefire.booter.ForkedBooter.main(ForkedBooter.java:121)
Caused by: java.lang.NullPointerException
	at de.tudarmstadt.ukp.dkpro.core.stanfordnlp.StanfordNamedEntityRecognizer.process(StanfordNamedEntityRecognizer.java:200)
	at org.apache.uima.analysis_component.JCasAnnotator_ImplBase.process(JCasAnnotator_ImplBase.java:48)
	at org.apache.uima.analysis_engine.impl.PrimitiveAnalysisEngine_impl.callAnalysisComponentProcess(PrimitiveAnalysisEngine_impl.java:401)
	... 35 more

Aug 03, 2020 11:37:48 AM org.apache.uima.analysis_engine.impl.AggregateAnalysisEngine_impl processAndOutputNewCASes(279)
SEVERE: Exception occurred
org.apache.uima.analysis_engine.AnalysisEngineProcessException: Annotator processing failed.    
	at org.apache.uima.analysis_engine.impl.PrimitiveAnalysisEngine_impl.callAnalysisComponentProcess(PrimitiveAnalysisEngine_impl.java:416)
	at org.apache.uima.analysis_engine.impl.PrimitiveAnalysisEngine_impl.processAndOutputNewCASes(PrimitiveAnalysisEngine_impl.java:318)
	at org.apache.uima.analysis_engine.asb.impl.ASB_impl$AggregateCasIterator.processUntilNextOutputCas(ASB_impl.java:570)
	at org.apache.uima.analysis_engine.asb.impl.ASB_impl$AggregateCasIterator.<init>(ASB_impl.java:412)
	at org.apache.uima.analysis_engine.asb.impl.ASB_impl.process(ASB_impl.java:344)
	at org.apache.uima.analysis_engine.impl.AggregateAnalysisEngine_impl.processAndOutputNewCASes(AggregateAnalysisEngine_impl.java:271)
	at org.apache.uima.analysis_engine.impl.AnalysisEngineImplBase.process(AnalysisEngineImplBase.java:269)
	at org.apache.uima.analysis_engine.impl.AnalysisEngineImplBase.process(AnalysisEngineImplBase.java:284)
	at de.mpg.mpi_inf.ambiversenlu.nlu.entitylinking.processor.DocumentProcessor.process(DocumentProcessor.java:98)
	at de.mpg.mpi_inf.ambiversenlu.nlu.entitylinking.processor.DocumentProcessor.processDev(DocumentProcessor.java:85)
	at de.mpg.mpi_inf.ambiversenlu.nlu.entitylinking.config.settings.DocumentAnnotationsTest.testManualAnnotations(DocumentAnnotationsTest.java:43)
	at sun.reflect.NativeMethodAccessorImpl.invoke0(Native Method)
	at sun.reflect.NativeMethodAccessorImpl.invoke(NativeMethodAccessorImpl.java:62)
	at sun.reflect.DelegatingMethodAccessorImpl.invoke(DelegatingMethodAccessorImpl.java:43)
	at java.lang.reflect.Method.invoke(Method.java:498)
	at org.junit.runners.model.FrameworkMethod$1.runReflectiveCall(FrameworkMethod.java:47)
	at org.junit.internal.runners.model.ReflectiveCallable.run(ReflectiveCallable.java:12)
	at org.junit.runners.model.FrameworkMethod.invokeExplosively(FrameworkMethod.java:44)
	at org.junit.internal.runners.statements.InvokeMethod.evaluate(InvokeMethod.java:17)
	at org.junit.internal.runners.statements.RunBefores.evaluate(RunBefores.java:26)
	at org.junit.runners.ParentRunner.runLeaf(ParentRunner.java:271)
	at org.junit.runners.BlockJUnit4ClassRunner.runChild(BlockJUnit4ClassRunner.java:70)
	at org.junit.runners.BlockJUnit4ClassRunner.runChild(BlockJUnit4ClassRunner.java:50)
	at org.junit.runners.ParentRunner$3.run(ParentRunner.java:238)
	at org.junit.runners.ParentRunner$1.schedule(ParentRunner.java:63)
	at org.junit.runners.ParentRunner.runChildren(ParentRunner.java:236)
	at org.junit.runners.ParentRunner.access$000(ParentRunner.java:53)
	at org.junit.runners.ParentRunner$2.evaluate(ParentRunner.java:229)
	at org.junit.runners.ParentRunner.run(ParentRunner.java:309)
	at org.apache.maven.surefire.junit4.JUnit4Provider.execute(JUnit4Provider.java:367)
	at org.apache.maven.surefire.junit4.JUnit4Provider.executeWithRerun(JUnit4Provider.java:274)
	at org.apache.maven.surefire.junit4.JUnit4Provider.executeTestSet(JUnit4Provider.java:238)
	at org.apache.maven.surefire.junit4.JUnit4Provider.invoke(JUnit4Provider.java:161)
	at org.apache.maven.surefire.booter.ForkedBooter.invokeProviderInSameClassLoader(ForkedBooter.java:290)
	at org.apache.maven.surefire.booter.ForkedBooter.runSuitesInProcess(ForkedBooter.java:242)
	at org.apache.maven.surefire.booter.ForkedBooter.main(ForkedBooter.java:121)
Caused by: java.lang.NullPointerException
	at de.tudarmstadt.ukp.dkpro.core.stanfordnlp.StanfordNamedEntityRecognizer.process(StanfordNamedEntityRecognizer.java:200)
	at org.apache.uima.analysis_component.JCasAnnotator_ImplBase.process(JCasAnnotator_ImplBase.java:48)
	at org.apache.uima.analysis_engine.impl.PrimitiveAnalysisEngine_impl.callAnalysisComponentProcess(PrimitiveAnalysisEngine_impl.java:401)
	... 35 more

Tests run: 1, Failures: 0, Errors: 1, Skipped: 0, Time elapsed: 2.149 sec <<< FAILURE! - in de.mpg.mpi_inf.ambiversenlu.nlu.entitylinking.config.settings.DocumentAnnotationsTest
testManualAnnotations(de.mpg.mpi_inf.ambiversenlu.nlu.entitylinking.config.settings.DocumentAnnotationsTest)  Time elapsed: 2.149 sec  <<< ERROR!
org.apache.uima.analysis_engine.AnalysisEngineProcessException: Annotator processing failed.    
	at de.mpg.mpi_inf.ambiversenlu.nlu.entitylinking.config.settings.DocumentAnnotationsTest.testManualAnnotations(DocumentAnnotationsTest.java:43)
Caused by: java.lang.NullPointerException
	at de.mpg.mpi_inf.ambiversenlu.nlu.entitylinking.config.settings.DocumentAnnotationsTest.testManualAnnotations(DocumentAnnotationsTest.java:43)

Running de.mpg.mpi_inf.ambiversenlu.nlu.entitylinking.EntityLinkingManagerTest
2020-08-03 11:37:48,351 [main] INFO  entitylinking.processor.DocumentProcessor:112  - Initializing DocumentProcessor for type 'DUMMY'.
Tests run: 1, Failures: 0, Errors: 1, Skipped: 0, Time elapsed: 5.529 sec <<< FAILURE! - in de.mpg.mpi_inf.ambiversenlu.nlu.entitylinking.EntityLinkingManagerTest
dropMentionsBelowOccurrenceCount(de.mpg.mpi_inf.ambiversenlu.nlu.entitylinking.EntityLinkingManagerTest)  Time elapsed: 5.529 sec  <<< ERROR!
java.lang.OutOfMemoryError: Java heap space
	at de.mpg.mpi_inf.ambiversenlu.nlu.entitylinking.EntityLinkingManagerTest.dropMentionsBelowOccurrenceCount(EntityLinkingManagerTest.java:40)

Running de.mpg.mpi_inf.ambiversenlu.nlu.entitylinking.util.CompressionUtilsTest
Tests run: 1, Failures: 0, Errors: 0, Skipped: 0, Time elapsed: 0.014 sec - in de.mpg.mpi_inf.ambiversenlu.nlu.entitylinking.util.CompressionUtilsTest
Running de.mpg.mpi_inf.ambiversenlu.nlu.entitylinking.util.StringUtilsTest
Tests run: 2, Failures: 0, Errors: 0, Skipped: 0, Time elapsed: 0 sec - in de.mpg.mpi_inf.ambiversenlu.nlu.entitylinking.util.StringUtilsTest
Running de.mpg.mpi_inf.ambiversenlu.nlu.entitylinking.util.DateTimeUtilsTest
Tests run: 2, Failures: 0, Errors: 0, Skipped: 0, Time elapsed: 0.004 sec - in de.mpg.mpi_inf.ambiversenlu.nlu.entitylinking.util.DateTimeUtilsTest
Running de.mpg.mpi_inf.ambiversenlu.nlu.entitylinking.util.MathUtilTest
Tests run: 2, Failures: 0, Errors: 0, Skipped: 0, Time elapsed: 0 sec - in de.mpg.mpi_inf.ambiversenlu.nlu.entitylinking.util.MathUtilTest
Running de.mpg.mpi_inf.ambiversenlu.nlu.entitylinking.util.filereading.TsvChunksTest
Tests run: 4, Failures: 0, Errors: 0, Skipped: 0, Time elapsed: 1.962 sec - in de.mpg.mpi_inf.ambiversenlu.nlu.entitylinking.util.filereading.TsvChunksTest
Running de.mpg.mpi_inf.ambiversenlu.nlu.entitylinking.util.filereading.TsvEntriesTest
Tests run: 2, Failures: 0, Errors: 0, Skipped: 0, Time elapsed: 0.002 sec - in de.mpg.mpi_inf.ambiversenlu.nlu.entitylinking.util.filereading.TsvEntriesTest
Running de.mpg.mpi_inf.ambiversenlu.nlu.entitylinking.util.filereading.FileEntriesTest
Tests run: 2, Failures: 0, Errors: 0, Skipped: 0, Time elapsed: 0 sec - in de.mpg.mpi_inf.ambiversenlu.nlu.entitylinking.util.filereading.FileEntriesTest
Running de.mpg.mpi_inf.ambiversenlu.nlu.entitylinking.util.Yago3UtilTest
Tests run: 1, Failures: 1, Errors: 0, Skipped: 0, Time elapsed: 0.003 sec <<< FAILURE! - in de.mpg.mpi_inf.ambiversenlu.nlu.entitylinking.util.Yago3UtilTest
test(de.mpg.mpi_inf.ambiversenlu.nlu.entitylinking.util.Yago3UtilTest)  Time elapsed: 0.003 sec  <<< FAILURE!
org.junit.ComparisonFailure: expected:<[]test> but was:<[de%2F]test>
	at de.mpg.mpi_inf.ambiversenlu.nlu.entitylinking.util.Yago3UtilTest.test(Yago3UtilTest.java:27)

Running de.mpg.mpi_inf.ambiversenlu.nlu.entitylinking.util.textmanipulation.WhiteSpaceTest
Tests run: 1, Failures: 0, Errors: 0, Skipped: 0, Time elapsed: 0 sec - in de.mpg.mpi_inf.ambiversenlu.nlu.entitylinking.util.textmanipulation.WhiteSpaceTest
Running de.mpg.mpi_inf.ambiversenlu.nlu.entitylinking.util.CollectionUtilsTest
Tests run: 6, Failures: 0, Errors: 0, Skipped: 0, Time elapsed: 2.344 sec - in de.mpg.mpi_inf.ambiversenlu.nlu.entitylinking.util.CollectionUtilsTest
Running de.mpg.mpi_inf.ambiversenlu.nlu.entitylinking.access.EncoderDecoderKryoTest
Tests run: 1, Failures: 0, Errors: 0, Skipped: 0, Time elapsed: 2.247 sec - in de.mpg.mpi_inf.ambiversenlu.nlu.entitylinking.access.EncoderDecoderKryoTest
Running de.mpg.mpi_inf.ambiversenlu.nlu.entitylinking.access.EncoderDecoderIntsTest
Tests run: 1, Failures: 0, Errors: 0, Skipped: 0, Time elapsed: 0 sec - in de.mpg.mpi_inf.ambiversenlu.nlu.entitylinking.access.EncoderDecoderIntsTest
Running de.mpg.mpi_inf.ambiversenlu.nlu.entitylinking.DisambiguatorTest
Aug 03, 2020 11:38:02 AM org.apache.uima.analysis_engine.impl.PrimitiveAnalysisEngine_impl callAnalysisComponentProcess(434)
SEVERE: Exception occurred
org.apache.uima.analysis_engine.AnalysisEngineProcessException: Annotator processing failed.    
	at org.apache.uima.analysis_engine.impl.PrimitiveAnalysisEngine_impl.callAnalysisComponentProcess(PrimitiveAnalysisEngine_impl.java:416)
	at org.apache.uima.analysis_engine.impl.PrimitiveAnalysisEngine_impl.processAndOutputNewCASes(PrimitiveAnalysisEngine_impl.java:318)
	at org.apache.uima.analysis_engine.asb.impl.ASB_impl$AggregateCasIterator.processUntilNextOutputCas(ASB_impl.java:570)
	at org.apache.uima.analysis_engine.asb.impl.ASB_impl$AggregateCasIterator.<init>(ASB_impl.java:412)
	at org.apache.uima.analysis_engine.asb.impl.ASB_impl.process(ASB_impl.java:344)
	at org.apache.uima.analysis_engine.impl.AggregateAnalysisEngine_impl.processAndOutputNewCASes(AggregateAnalysisEngine_impl.java:271)
	at org.apache.uima.analysis_engine.impl.AnalysisEngineImplBase.process(AnalysisEngineImplBase.java:269)
	at org.apache.uima.analysis_engine.impl.AnalysisEngineImplBase.process(AnalysisEngineImplBase.java:284)
	at de.mpg.mpi_inf.ambiversenlu.nlu.entitylinking.processor.DocumentProcessor.process(DocumentProcessor.java:98)
	at de.mpg.mpi_inf.ambiversenlu.nlu.entitylinking.processor.DocumentProcessor.processDev(DocumentProcessor.java:85)
	at de.mpg.mpi_inf.ambiversenlu.nlu.entitylinking.DisambiguatorTest.testNoMaxEntityRank(DisambiguatorTest.java:97)
	at sun.reflect.NativeMethodAccessorImpl.invoke0(Native Method)
	at sun.reflect.NativeMethodAccessorImpl.invoke(NativeMethodAccessorImpl.java:62)
	at sun.reflect.DelegatingMethodAccessorImpl.invoke(DelegatingMethodAccessorImpl.java:43)
	at java.lang.reflect.Method.invoke(Method.java:498)
	at org.junit.runners.model.FrameworkMethod$1.runReflectiveCall(FrameworkMethod.java:47)
	at org.junit.internal.runners.model.ReflectiveCallable.run(ReflectiveCallable.java:12)
	at org.junit.runners.model.FrameworkMethod.invokeExplosively(FrameworkMethod.java:44)
	at org.junit.internal.runners.statements.InvokeMethod.evaluate(InvokeMethod.java:17)
	at org.junit.internal.runners.statements.RunBefores.evaluate(RunBefores.java:26)
	at org.junit.runners.ParentRunner.runLeaf(ParentRunner.java:271)
	at org.junit.runners.BlockJUnit4ClassRunner.runChild(BlockJUnit4ClassRunner.java:70)
	at org.junit.runners.BlockJUnit4ClassRunner.runChild(BlockJUnit4ClassRunner.java:50)
	at org.junit.runners.ParentRunner$3.run(ParentRunner.java:238)
	at org.junit.runners.ParentRunner$1.schedule(ParentRunner.java:63)
	at org.junit.runners.ParentRunner.runChildren(ParentRunner.java:236)
	at org.junit.runners.ParentRunner.access$000(ParentRunner.java:53)
	at org.junit.runners.ParentRunner$2.evaluate(ParentRunner.java:229)
	at org.junit.runners.ParentRunner.run(ParentRunner.java:309)
	at org.apache.maven.surefire.junit4.JUnit4Provider.execute(JUnit4Provider.java:367)
	at org.apache.maven.surefire.junit4.JUnit4Provider.executeWithRerun(JUnit4Provider.java:274)
	at org.apache.maven.surefire.junit4.JUnit4Provider.executeTestSet(JUnit4Provider.java:238)
	at org.apache.maven.surefire.junit4.JUnit4Provider.invoke(JUnit4Provider.java:161)
	at org.apache.maven.surefire.booter.ForkedBooter.invokeProviderInSameClassLoader(ForkedBooter.java:290)
	at org.apache.maven.surefire.booter.ForkedBooter.runSuitesInProcess(ForkedBooter.java:242)
	at org.apache.maven.surefire.booter.ForkedBooter.main(ForkedBooter.java:121)
Caused by: java.lang.NullPointerException
	at de.tudarmstadt.ukp.dkpro.core.stanfordnlp.StanfordNamedEntityRecognizer.process(StanfordNamedEntityRecognizer.java:200)
	at org.apache.uima.analysis_component.JCasAnnotator_ImplBase.process(JCasAnnotator_ImplBase.java:48)
	at org.apache.uima.analysis_engine.impl.PrimitiveAnalysisEngine_impl.callAnalysisComponentProcess(PrimitiveAnalysisEngine_impl.java:401)
	... 35 more

Aug 03, 2020 11:38:02 AM org.apache.uima.analysis_engine.impl.AggregateAnalysisEngine_impl processAndOutputNewCASes(279)
SEVERE: Exception occurred
org.apache.uima.analysis_engine.AnalysisEngineProcessException: Annotator processing failed.    
	at org.apache.uima.analysis_engine.impl.PrimitiveAnalysisEngine_impl.callAnalysisComponentProcess(PrimitiveAnalysisEngine_impl.java:416)
	at org.apache.uima.analysis_engine.impl.PrimitiveAnalysisEngine_impl.processAndOutputNewCASes(PrimitiveAnalysisEngine_impl.java:318)
	at org.apache.uima.analysis_engine.asb.impl.ASB_impl$AggregateCasIterator.processUntilNextOutputCas(ASB_impl.java:570)
	at org.apache.uima.analysis_engine.asb.impl.ASB_impl$AggregateCasIterator.<init>(ASB_impl.java:412)
	at org.apache.uima.analysis_engine.asb.impl.ASB_impl.process(ASB_impl.java:344)
	at org.apache.uima.analysis_engine.impl.AggregateAnalysisEngine_impl.processAndOutputNewCASes(AggregateAnalysisEngine_impl.java:271)
	at org.apache.uima.analysis_engine.impl.AnalysisEngineImplBase.process(AnalysisEngineImplBase.java:269)
	at org.apache.uima.analysis_engine.impl.AnalysisEngineImplBase.process(AnalysisEngineImplBase.java:284)
	at de.mpg.mpi_inf.ambiversenlu.nlu.entitylinking.processor.DocumentProcessor.process(DocumentProcessor.java:98)
	at de.mpg.mpi_inf.ambiversenlu.nlu.entitylinking.processor.DocumentProcessor.processDev(DocumentProcessor.java:85)
	at de.mpg.mpi_inf.ambiversenlu.nlu.entitylinking.DisambiguatorTest.testNoMaxEntityRank(DisambiguatorTest.java:97)
	at sun.reflect.NativeMethodAccessorImpl.invoke0(Native Method)
	at sun.reflect.NativeMethodAccessorImpl.invoke(NativeMethodAccessorImpl.java:62)
	at sun.reflect.DelegatingMethodAccessorImpl.invoke(DelegatingMethodAccessorImpl.java:43)
	at java.lang.reflect.Method.invoke(Method.java:498)
	at org.junit.runners.model.FrameworkMethod$1.runReflectiveCall(FrameworkMethod.java:47)
	at org.junit.internal.runners.model.ReflectiveCallable.run(ReflectiveCallable.java:12)
	at org.junit.runners.model.FrameworkMethod.invokeExplosively(FrameworkMethod.java:44)
	at org.junit.internal.runners.statements.InvokeMethod.evaluate(InvokeMethod.java:17)
	at org.junit.internal.runners.statements.RunBefores.evaluate(RunBefores.java:26)
	at org.junit.runners.ParentRunner.runLeaf(ParentRunner.java:271)
	at org.junit.runners.BlockJUnit4ClassRunner.runChild(BlockJUnit4ClassRunner.java:70)
	at org.junit.runners.BlockJUnit4ClassRunner.runChild(BlockJUnit4ClassRunner.java:50)
	at org.junit.runners.ParentRunner$3.run(ParentRunner.java:238)
	at org.junit.runners.ParentRunner$1.schedule(ParentRunner.java:63)
	at org.junit.runners.ParentRunner.runChildren(ParentRunner.java:236)
	at org.junit.runners.ParentRunner.access$000(ParentRunner.java:53)
	at org.junit.runners.ParentRunner$2.evaluate(ParentRunner.java:229)
	at org.junit.runners.ParentRunner.run(ParentRunner.java:309)
	at org.apache.maven.surefire.junit4.JUnit4Provider.execute(JUnit4Provider.java:367)
	at org.apache.maven.surefire.junit4.JUnit4Provider.executeWithRerun(JUnit4Provider.java:274)
	at org.apache.maven.surefire.junit4.JUnit4Provider.executeTestSet(JUnit4Provider.java:238)
	at org.apache.maven.surefire.junit4.JUnit4Provider.invoke(JUnit4Provider.java:161)
	at org.apache.maven.surefire.booter.ForkedBooter.invokeProviderInSameClassLoader(ForkedBooter.java:290)
	at org.apache.maven.surefire.booter.ForkedBooter.runSuitesInProcess(ForkedBooter.java:242)
	at org.apache.maven.surefire.booter.ForkedBooter.main(ForkedBooter.java:121)
Caused by: java.lang.NullPointerException
	at de.tudarmstadt.ukp.dkpro.core.stanfordnlp.StanfordNamedEntityRecognizer.process(StanfordNamedEntityRecognizer.java:200)
	at org.apache.uima.analysis_component.JCasAnnotator_ImplBase.process(JCasAnnotator_ImplBase.java:48)
	at org.apache.uima.analysis_engine.impl.PrimitiveAnalysisEngine_impl.callAnalysisComponentProcess(PrimitiveAnalysisEngine_impl.java:401)
	... 35 more

Aug 03, 2020 11:38:04 AM org.apache.uima.analysis_engine.impl.PrimitiveAnalysisEngine_impl callAnalysisComponentProcess(434)
SEVERE: Exception occurred
org.apache.uima.analysis_engine.AnalysisEngineProcessException: Annotator processing failed.    
	at org.apache.uima.analysis_engine.impl.PrimitiveAnalysisEngine_impl.callAnalysisComponentProcess(PrimitiveAnalysisEngine_impl.java:416)
	at org.apache.uima.analysis_engine.impl.PrimitiveAnalysisEngine_impl.processAndOutputNewCASes(PrimitiveAnalysisEngine_impl.java:318)
	at org.apache.uima.analysis_engine.asb.impl.ASB_impl$AggregateCasIterator.processUntilNextOutputCas(ASB_impl.java:570)
	at org.apache.uima.analysis_engine.asb.impl.ASB_impl$AggregateCasIterator.<init>(ASB_impl.java:412)
	at org.apache.uima.analysis_engine.asb.impl.ASB_impl.process(ASB_impl.java:344)
	at org.apache.uima.analysis_engine.impl.AggregateAnalysisEngine_impl.processAndOutputNewCASes(AggregateAnalysisEngine_impl.java:271)
	at org.apache.uima.analysis_engine.impl.AnalysisEngineImplBase.process(AnalysisEngineImplBase.java:269)
	at org.apache.uima.analysis_engine.impl.AnalysisEngineImplBase.process(AnalysisEngineImplBase.java:284)
	at de.mpg.mpi_inf.ambiversenlu.nlu.entitylinking.processor.DocumentProcessor.process(DocumentProcessor.java:98)
	at de.mpg.mpi_inf.ambiversenlu.nlu.entitylinking.processor.DocumentProcessor.processDev(DocumentProcessor.java:85)
	at de.mpg.mpi_inf.ambiversenlu.nlu.entitylinking.DisambiguatorTest.testPageKashmir(DisambiguatorTest.java:57)
	at sun.reflect.NativeMethodAccessorImpl.invoke0(Native Method)
	at sun.reflect.NativeMethodAccessorImpl.invoke(NativeMethodAccessorImpl.java:62)
	at sun.reflect.DelegatingMethodAccessorImpl.invoke(DelegatingMethodAccessorImpl.java:43)
	at java.lang.reflect.Method.invoke(Method.java:498)
	at org.junit.runners.model.FrameworkMethod$1.runReflectiveCall(FrameworkMethod.java:47)
	at org.junit.internal.runners.model.ReflectiveCallable.run(ReflectiveCallable.java:12)
	at org.junit.runners.model.FrameworkMethod.invokeExplosively(FrameworkMethod.java:44)
	at org.junit.internal.runners.statements.InvokeMethod.evaluate(InvokeMethod.java:17)
	at org.junit.internal.runners.statements.RunBefores.evaluate(RunBefores.java:26)
	at org.junit.runners.ParentRunner.runLeaf(ParentRunner.java:271)
	at org.junit.runners.BlockJUnit4ClassRunner.runChild(BlockJUnit4ClassRunner.java:70)
	at org.junit.runners.BlockJUnit4ClassRunner.runChild(BlockJUnit4ClassRunner.java:50)
	at org.junit.runners.ParentRunner$3.run(ParentRunner.java:238)
	at org.junit.runners.ParentRunner$1.schedule(ParentRunner.java:63)
	at org.junit.runners.ParentRunner.runChildren(ParentRunner.java:236)
	at org.junit.runners.ParentRunner.access$000(ParentRunner.java:53)
	at org.junit.runners.ParentRunner$2.evaluate(ParentRunner.java:229)
	at org.junit.runners.ParentRunner.run(ParentRunner.java:309)
	at org.apache.maven.surefire.junit4.JUnit4Provider.execute(JUnit4Provider.java:367)
	at org.apache.maven.surefire.junit4.JUnit4Provider.executeWithRerun(JUnit4Provider.java:274)
	at org.apache.maven.surefire.junit4.JUnit4Provider.executeTestSet(JUnit4Provider.java:238)
	at org.apache.maven.surefire.junit4.JUnit4Provider.invoke(JUnit4Provider.java:161)
	at org.apache.maven.surefire.booter.ForkedBooter.invokeProviderInSameClassLoader(ForkedBooter.java:290)
	at org.apache.maven.surefire.booter.ForkedBooter.runSuitesInProcess(ForkedBooter.java:242)
	at org.apache.maven.surefire.booter.ForkedBooter.main(ForkedBooter.java:121)
Caused by: java.lang.NullPointerException
	at de.tudarmstadt.ukp.dkpro.core.stanfordnlp.StanfordNamedEntityRecognizer.process(StanfordNamedEntityRecognizer.java:200)
	at org.apache.uima.analysis_component.JCasAnnotator_ImplBase.process(JCasAnnotator_ImplBase.java:48)
	at org.apache.uima.analysis_engine.impl.PrimitiveAnalysisEngine_impl.callAnalysisComponentProcess(PrimitiveAnalysisEngine_impl.java:401)
	... 35 more

Aug 03, 2020 11:38:04 AM org.apache.uima.analysis_engine.impl.AggregateAnalysisEngine_impl processAndOutputNewCASes(279)
SEVERE: Exception occurred
org.apache.uima.analysis_engine.AnalysisEngineProcessException: Annotator processing failed.    
	at org.apache.uima.analysis_engine.impl.PrimitiveAnalysisEngine_impl.callAnalysisComponentProcess(PrimitiveAnalysisEngine_impl.java:416)
	at org.apache.uima.analysis_engine.impl.PrimitiveAnalysisEngine_impl.processAndOutputNewCASes(PrimitiveAnalysisEngine_impl.java:318)
	at org.apache.uima.analysis_engine.asb.impl.ASB_impl$AggregateCasIterator.processUntilNextOutputCas(ASB_impl.java:570)
	at org.apache.uima.analysis_engine.asb.impl.ASB_impl$AggregateCasIterator.<init>(ASB_impl.java:412)
	at org.apache.uima.analysis_engine.asb.impl.ASB_impl.process(ASB_impl.java:344)
	at org.apache.uima.analysis_engine.impl.AggregateAnalysisEngine_impl.processAndOutputNewCASes(AggregateAnalysisEngine_impl.java:271)
	at org.apache.uima.analysis_engine.impl.AnalysisEngineImplBase.process(AnalysisEngineImplBase.java:269)
	at org.apache.uima.analysis_engine.impl.AnalysisEngineImplBase.process(AnalysisEngineImplBase.java:284)
	at de.mpg.mpi_inf.ambiversenlu.nlu.entitylinking.processor.DocumentProcessor.process(DocumentProcessor.java:98)
	at de.mpg.mpi_inf.ambiversenlu.nlu.entitylinking.processor.DocumentProcessor.processDev(DocumentProcessor.java:85)
	at de.mpg.mpi_inf.ambiversenlu.nlu.entitylinking.DisambiguatorTest.testPageKashmir(DisambiguatorTest.java:57)
	at sun.reflect.NativeMethodAccessorImpl.invoke0(Native Method)
	at sun.reflect.NativeMethodAccessorImpl.invoke(NativeMethodAccessorImpl.java:62)
	at sun.reflect.DelegatingMethodAccessorImpl.invoke(DelegatingMethodAccessorImpl.java:43)
	at java.lang.reflect.Method.invoke(Method.java:498)
	at org.junit.runners.model.FrameworkMethod$1.runReflectiveCall(FrameworkMethod.java:47)
	at org.junit.internal.runners.model.ReflectiveCallable.run(ReflectiveCallable.java:12)
	at org.junit.runners.model.FrameworkMethod.invokeExplosively(FrameworkMethod.java:44)
	at org.junit.internal.runners.statements.InvokeMethod.evaluate(InvokeMethod.java:17)
	at org.junit.internal.runners.statements.RunBefores.evaluate(RunBefores.java:26)
	at org.junit.runners.ParentRunner.runLeaf(ParentRunner.java:271)
	at org.junit.runners.BlockJUnit4ClassRunner.runChild(BlockJUnit4ClassRunner.java:70)
	at org.junit.runners.BlockJUnit4ClassRunner.runChild(BlockJUnit4ClassRunner.java:50)
	at org.junit.runners.ParentRunner$3.run(ParentRunner.java:238)
	at org.junit.runners.ParentRunner$1.schedule(ParentRunner.java:63)
	at org.junit.runners.ParentRunner.runChildren(ParentRunner.java:236)
	at org.junit.runners.ParentRunner.access$000(ParentRunner.java:53)
	at org.junit.runners.ParentRunner$2.evaluate(ParentRunner.java:229)
	at org.junit.runners.ParentRunner.run(ParentRunner.java:309)
	at org.apache.maven.surefire.junit4.JUnit4Provider.execute(JUnit4Provider.java:367)
	at org.apache.maven.surefire.junit4.JUnit4Provider.executeWithRerun(JUnit4Provider.java:274)
	at org.apache.maven.surefire.junit4.JUnit4Provider.executeTestSet(JUnit4Provider.java:238)
	at org.apache.maven.surefire.junit4.JUnit4Provider.invoke(JUnit4Provider.java:161)
	at org.apache.maven.surefire.booter.ForkedBooter.invokeProviderInSameClassLoader(ForkedBooter.java:290)
	at org.apache.maven.surefire.booter.ForkedBooter.runSuitesInProcess(ForkedBooter.java:242)
	at org.apache.maven.surefire.booter.ForkedBooter.main(ForkedBooter.java:121)
Caused by: java.lang.NullPointerException
	at de.tudarmstadt.ukp.dkpro.core.stanfordnlp.StanfordNamedEntityRecognizer.process(StanfordNamedEntityRecognizer.java:200)
	at org.apache.uima.analysis_component.JCasAnnotator_ImplBase.process(JCasAnnotator_ImplBase.java:48)
	at org.apache.uima.analysis_engine.impl.PrimitiveAnalysisEngine_impl.callAnalysisComponentProcess(PrimitiveAnalysisEngine_impl.java:401)
	... 35 more

Tests run: 2, Failures: 0, Errors: 2, Skipped: 0, Time elapsed: 4.089 sec <<< FAILURE! - in de.mpg.mpi_inf.ambiversenlu.nlu.entitylinking.DisambiguatorTest
testNoMaxEntityRank(de.mpg.mpi_inf.ambiversenlu.nlu.entitylinking.DisambiguatorTest)  Time elapsed: 2.122 sec  <<< ERROR!
org.apache.uima.analysis_engine.AnalysisEngineProcessException: Annotator processing failed.    
	at de.mpg.mpi_inf.ambiversenlu.nlu.entitylinking.DisambiguatorTest.testNoMaxEntityRank(DisambiguatorTest.java:97)
Caused by: java.lang.NullPointerException
	at de.mpg.mpi_inf.ambiversenlu.nlu.entitylinking.DisambiguatorTest.testNoMaxEntityRank(DisambiguatorTest.java:97)

testPageKashmir(de.mpg.mpi_inf.ambiversenlu.nlu.entitylinking.DisambiguatorTest)  Time elapsed: 1.967 sec  <<< ERROR!
org.apache.uima.analysis_engine.AnalysisEngineProcessException: Annotator processing failed.    
	at de.mpg.mpi_inf.ambiversenlu.nlu.entitylinking.DisambiguatorTest.testPageKashmir(DisambiguatorTest.java:57)
Caused by: java.lang.NullPointerException
	at de.mpg.mpi_inf.ambiversenlu.nlu.entitylinking.DisambiguatorTest.testPageKashmir(DisambiguatorTest.java:57)

Running de.mpg.mpi_inf.ambiversenlu.nlu.entitylinking.preparation.chunking.FixedLengthDocumentChunkerTest
Aug 03, 2020 11:38:06 AM org.apache.uima.analysis_engine.impl.PrimitiveAnalysisEngine_impl callAnalysisComponentProcess(434)
SEVERE: Exception occurred
org.apache.uima.analysis_engine.AnalysisEngineProcessException: Annotator processing failed.    
	at org.apache.uima.analysis_engine.impl.PrimitiveAnalysisEngine_impl.callAnalysisComponentProcess(PrimitiveAnalysisEngine_impl.java:416)
	at org.apache.uima.analysis_engine.impl.PrimitiveAnalysisEngine_impl.processAndOutputNewCASes(PrimitiveAnalysisEngine_impl.java:318)
	at org.apache.uima.analysis_engine.asb.impl.ASB_impl$AggregateCasIterator.processUntilNextOutputCas(ASB_impl.java:570)
	at org.apache.uima.analysis_engine.asb.impl.ASB_impl$AggregateCasIterator.<init>(ASB_impl.java:412)
	at org.apache.uima.analysis_engine.asb.impl.ASB_impl.process(ASB_impl.java:344)
	at org.apache.uima.analysis_engine.impl.AggregateAnalysisEngine_impl.processAndOutputNewCASes(AggregateAnalysisEngine_impl.java:271)
	at org.apache.uima.analysis_engine.impl.AnalysisEngineImplBase.process(AnalysisEngineImplBase.java:269)
	at org.apache.uima.analysis_engine.impl.AnalysisEngineImplBase.process(AnalysisEngineImplBase.java:284)
	at de.mpg.mpi_inf.ambiversenlu.nlu.entitylinking.processor.DocumentProcessor.process(DocumentProcessor.java:98)
	at de.mpg.mpi_inf.ambiversenlu.nlu.entitylinking.processor.DocumentProcessor.processDev(DocumentProcessor.java:85)
	at de.mpg.mpi_inf.ambiversenlu.nlu.entitylinking.preparation.chunking.FixedLengthDocumentChunkerTest.splitTextIntoFixedLengthChunks(FixedLengthDocumentChunkerTest.java:40)
	at sun.reflect.NativeMethodAccessorImpl.invoke0(Native Method)
	at sun.reflect.NativeMethodAccessorImpl.invoke(NativeMethodAccessorImpl.java:62)
	at sun.reflect.DelegatingMethodAccessorImpl.invoke(DelegatingMethodAccessorImpl.java:43)
	at java.lang.reflect.Method.invoke(Method.java:498)
	at org.junit.runners.model.FrameworkMethod$1.runReflectiveCall(FrameworkMethod.java:47)
	at org.junit.internal.runners.model.ReflectiveCallable.run(ReflectiveCallable.java:12)
	at org.junit.runners.model.FrameworkMethod.invokeExplosively(FrameworkMethod.java:44)
	at org.junit.internal.runners.statements.InvokeMethod.evaluate(InvokeMethod.java:17)
	at org.junit.internal.runners.statements.RunBefores.evaluate(RunBefores.java:26)
	at org.junit.runners.ParentRunner.runLeaf(ParentRunner.java:271)
	at org.junit.runners.BlockJUnit4ClassRunner.runChild(BlockJUnit4ClassRunner.java:70)
	at org.junit.runners.BlockJUnit4ClassRunner.runChild(BlockJUnit4ClassRunner.java:50)
	at org.junit.runners.ParentRunner$3.run(ParentRunner.java:238)
	at org.junit.runners.ParentRunner$1.schedule(ParentRunner.java:63)
	at org.junit.runners.ParentRunner.runChildren(ParentRunner.java:236)
	at org.junit.runners.ParentRunner.access$000(ParentRunner.java:53)
	at org.junit.runners.ParentRunner$2.evaluate(ParentRunner.java:229)
	at org.junit.runners.ParentRunner.run(ParentRunner.java:309)
	at org.apache.maven.surefire.junit4.JUnit4Provider.execute(JUnit4Provider.java:367)
	at org.apache.maven.surefire.junit4.JUnit4Provider.executeWithRerun(JUnit4Provider.java:274)
	at org.apache.maven.surefire.junit4.JUnit4Provider.executeTestSet(JUnit4Provider.java:238)
	at org.apache.maven.surefire.junit4.JUnit4Provider.invoke(JUnit4Provider.java:161)
	at org.apache.maven.surefire.booter.ForkedBooter.invokeProviderInSameClassLoader(ForkedBooter.java:290)
	at org.apache.maven.surefire.booter.ForkedBooter.runSuitesInProcess(ForkedBooter.java:242)
	at org.apache.maven.surefire.booter.ForkedBooter.main(ForkedBooter.java:121)
Caused by: java.lang.NullPointerException
	at de.tudarmstadt.ukp.dkpro.core.stanfordnlp.StanfordNamedEntityRecognizer.process(StanfordNamedEntityRecognizer.java:200)
	at org.apache.uima.analysis_component.JCasAnnotator_ImplBase.process(JCasAnnotator_ImplBase.java:48)
	at org.apache.uima.analysis_engine.impl.PrimitiveAnalysisEngine_impl.callAnalysisComponentProcess(PrimitiveAnalysisEngine_impl.java:401)
	... 35 more

Aug 03, 2020 11:38:06 AM org.apache.uima.analysis_engine.impl.AggregateAnalysisEngine_impl processAndOutputNewCASes(279)
SEVERE: Exception occurred
org.apache.uima.analysis_engine.AnalysisEngineProcessException: Annotator processing failed.    
	at org.apache.uima.analysis_engine.impl.PrimitiveAnalysisEngine_impl.callAnalysisComponentProcess(PrimitiveAnalysisEngine_impl.java:416)
	at org.apache.uima.analysis_engine.impl.PrimitiveAnalysisEngine_impl.processAndOutputNewCASes(PrimitiveAnalysisEngine_impl.java:318)
	at org.apache.uima.analysis_engine.asb.impl.ASB_impl$AggregateCasIterator.processUntilNextOutputCas(ASB_impl.java:570)
	at org.apache.uima.analysis_engine.asb.impl.ASB_impl$AggregateCasIterator.<init>(ASB_impl.java:412)
	at org.apache.uima.analysis_engine.asb.impl.ASB_impl.process(ASB_impl.java:344)
	at org.apache.uima.analysis_engine.impl.AggregateAnalysisEngine_impl.processAndOutputNewCASes(AggregateAnalysisEngine_impl.java:271)
	at org.apache.uima.analysis_engine.impl.AnalysisEngineImplBase.process(AnalysisEngineImplBase.java:269)
	at org.apache.uima.analysis_engine.impl.AnalysisEngineImplBase.process(AnalysisEngineImplBase.java:284)
	at de.mpg.mpi_inf.ambiversenlu.nlu.entitylinking.processor.DocumentProcessor.process(DocumentProcessor.java:98)
	at de.mpg.mpi_inf.ambiversenlu.nlu.entitylinking.processor.DocumentProcessor.processDev(DocumentProcessor.java:85)
	at de.mpg.mpi_inf.ambiversenlu.nlu.entitylinking.preparation.chunking.FixedLengthDocumentChunkerTest.splitTextIntoFixedLengthChunks(FixedLengthDocumentChunkerTest.java:40)
	at sun.reflect.NativeMethodAccessorImpl.invoke0(Native Method)
	at sun.reflect.NativeMethodAccessorImpl.invoke(NativeMethodAccessorImpl.java:62)
	at sun.reflect.DelegatingMethodAccessorImpl.invoke(DelegatingMethodAccessorImpl.java:43)
	at java.lang.reflect.Method.invoke(Method.java:498)
	at org.junit.runners.model.FrameworkMethod$1.runReflectiveCall(FrameworkMethod.java:47)
	at org.junit.internal.runners.model.ReflectiveCallable.run(ReflectiveCallable.java:12)
	at org.junit.runners.model.FrameworkMethod.invokeExplosively(FrameworkMethod.java:44)
	at org.junit.internal.runners.statements.InvokeMethod.evaluate(InvokeMethod.java:17)
	at org.junit.internal.runners.statements.RunBefores.evaluate(RunBefores.java:26)
	at org.junit.runners.ParentRunner.runLeaf(ParentRunner.java:271)
	at org.junit.runners.BlockJUnit4ClassRunner.runChild(BlockJUnit4ClassRunner.java:70)
	at org.junit.runners.BlockJUnit4ClassRunner.runChild(BlockJUnit4ClassRunner.java:50)
	at org.junit.runners.ParentRunner$3.run(ParentRunner.java:238)
	at org.junit.runners.ParentRunner$1.schedule(ParentRunner.java:63)
	at org.junit.runners.ParentRunner.runChildren(ParentRunner.java:236)
	at org.junit.runners.ParentRunner.access$000(ParentRunner.java:53)
	at org.junit.runners.ParentRunner$2.evaluate(ParentRunner.java:229)
	at org.junit.runners.ParentRunner.run(ParentRunner.java:309)
	at org.apache.maven.surefire.junit4.JUnit4Provider.execute(JUnit4Provider.java:367)
	at org.apache.maven.surefire.junit4.JUnit4Provider.executeWithRerun(JUnit4Provider.java:274)
	at org.apache.maven.surefire.junit4.JUnit4Provider.executeTestSet(JUnit4Provider.java:238)
	at org.apache.maven.surefire.junit4.JUnit4Provider.invoke(JUnit4Provider.java:161)
	at org.apache.maven.surefire.booter.ForkedBooter.invokeProviderInSameClassLoader(ForkedBooter.java:290)
	at org.apache.maven.surefire.booter.ForkedBooter.runSuitesInProcess(ForkedBooter.java:242)
	at org.apache.maven.surefire.booter.ForkedBooter.main(ForkedBooter.java:121)
Caused by: java.lang.NullPointerException
	at de.tudarmstadt.ukp.dkpro.core.stanfordnlp.StanfordNamedEntityRecognizer.process(StanfordNamedEntityRecognizer.java:200)
	at org.apache.uima.analysis_component.JCasAnnotator_ImplBase.process(JCasAnnotator_ImplBase.java:48)
	at org.apache.uima.analysis_engine.impl.PrimitiveAnalysisEngine_impl.callAnalysisComponentProcess(PrimitiveAnalysisEngine_impl.java:401)
	... 35 more

Tests run: 1, Failures: 0, Errors: 1, Skipped: 0, Time elapsed: 2.286 sec <<< FAILURE! - in de.mpg.mpi_inf.ambiversenlu.nlu.entitylinking.preparation.chunking.FixedLengthDocumentChunkerTest
splitTextIntoFixedLengthChunks(de.mpg.mpi_inf.ambiversenlu.nlu.entitylinking.preparation.chunking.FixedLengthDocumentChunkerTest)  Time elapsed: 2.286 sec  <<< ERROR!
org.apache.uima.analysis_engine.AnalysisEngineProcessException: Annotator processing failed.    
	at de.mpg.mpi_inf.ambiversenlu.nlu.entitylinking.preparation.chunking.FixedLengthDocumentChunkerTest.splitTextIntoFixedLengthChunks(FixedLengthDocumentChunkerTest.java:40)
Caused by: java.lang.NullPointerException
	at de.mpg.mpi_inf.ambiversenlu.nlu.entitylinking.preparation.chunking.FixedLengthDocumentChunkerTest.splitTextIntoFixedLengthChunks(FixedLengthDocumentChunkerTest.java:40)

Running de.mpg.mpi_inf.ambiversenlu.nlu.entitylinking.graph.algorithms.CocktailPartySizeConstrainedTest
Aug 03, 2020 11:38:06 AM org.apache.uima.analysis_engine.impl.PrimitiveAnalysisEngine_impl callAnalysisComponentProcess(434)
SEVERE: Exception occurred
org.apache.uima.analysis_engine.AnalysisEngineProcessException: Annotator processing failed.    
	at org.apache.uima.analysis_engine.impl.PrimitiveAnalysisEngine_impl.callAnalysisComponentProcess(PrimitiveAnalysisEngine_impl.java:416)
	at org.apache.uima.analysis_engine.impl.PrimitiveAnalysisEngine_impl.processAndOutputNewCASes(PrimitiveAnalysisEngine_impl.java:318)
	at org.apache.uima.analysis_engine.asb.impl.ASB_impl$AggregateCasIterator.processUntilNextOutputCas(ASB_impl.java:570)
	at org.apache.uima.analysis_engine.asb.impl.ASB_impl$AggregateCasIterator.<init>(ASB_impl.java:412)
	at org.apache.uima.analysis_engine.asb.impl.ASB_impl.process(ASB_impl.java:344)
	at org.apache.uima.analysis_engine.impl.AggregateAnalysisEngine_impl.processAndOutputNewCASes(AggregateAnalysisEngine_impl.java:271)
	at org.apache.uima.analysis_engine.impl.AnalysisEngineImplBase.process(AnalysisEngineImplBase.java:269)
	at org.apache.uima.analysis_engine.impl.AnalysisEngineImplBase.process(AnalysisEngineImplBase.java:284)
	at de.mpg.mpi_inf.ambiversenlu.nlu.entitylinking.processor.DocumentProcessor.process(DocumentProcessor.java:98)
	at de.mpg.mpi_inf.ambiversenlu.nlu.entitylinking.processor.DocumentProcessor.process(DocumentProcessor.java:70)
	at de.mpg.mpi_inf.ambiversenlu.nlu.entitylinking.graph.algorithms.CocktailPartySizeConstrainedTest.testCocktailParty(CocktailPartySizeConstrainedTest.java:46)
	at sun.reflect.NativeMethodAccessorImpl.invoke0(Native Method)
	at sun.reflect.NativeMethodAccessorImpl.invoke(NativeMethodAccessorImpl.java:62)
	at sun.reflect.DelegatingMethodAccessorImpl.invoke(DelegatingMethodAccessorImpl.java:43)
	at java.lang.reflect.Method.invoke(Method.java:498)
	at org.junit.runners.model.FrameworkMethod$1.runReflectiveCall(FrameworkMethod.java:47)
	at org.junit.internal.runners.model.ReflectiveCallable.run(ReflectiveCallable.java:12)
	at org.junit.runners.model.FrameworkMethod.invokeExplosively(FrameworkMethod.java:44)
	at org.junit.internal.runners.statements.InvokeMethod.evaluate(InvokeMethod.java:17)
	at org.junit.internal.runners.statements.RunBefores.evaluate(RunBefores.java:26)
	at org.junit.runners.ParentRunner.runLeaf(ParentRunner.java:271)
	at org.junit.runners.BlockJUnit4ClassRunner.runChild(BlockJUnit4ClassRunner.java:70)
	at org.junit.runners.BlockJUnit4ClassRunner.runChild(BlockJUnit4ClassRunner.java:50)
	at org.junit.runners.ParentRunner$3.run(ParentRunner.java:238)
	at org.junit.runners.ParentRunner$1.schedule(ParentRunner.java:63)
	at org.junit.runners.ParentRunner.runChildren(ParentRunner.java:236)
	at org.junit.runners.ParentRunner.access$000(ParentRunner.java:53)
	at org.junit.runners.ParentRunner$2.evaluate(ParentRunner.java:229)
	at org.junit.runners.ParentRunner.run(ParentRunner.java:309)
	at org.apache.maven.surefire.junit4.JUnit4Provider.execute(JUnit4Provider.java:367)
	at org.apache.maven.surefire.junit4.JUnit4Provider.executeWithRerun(JUnit4Provider.java:274)
	at org.apache.maven.surefire.junit4.JUnit4Provider.executeTestSet(JUnit4Provider.java:238)
	at org.apache.maven.surefire.junit4.JUnit4Provider.invoke(JUnit4Provider.java:161)
	at org.apache.maven.surefire.booter.ForkedBooter.invokeProviderInSameClassLoader(ForkedBooter.java:290)
	at org.apache.maven.surefire.booter.ForkedBooter.runSuitesInProcess(ForkedBooter.java:242)
	at org.apache.maven.surefire.booter.ForkedBooter.main(ForkedBooter.java:121)
Caused by: java.lang.NullPointerException
	at de.tudarmstadt.ukp.dkpro.core.stanfordnlp.StanfordNamedEntityRecognizer.process(StanfordNamedEntityRecognizer.java:200)
	at org.apache.uima.analysis_component.JCasAnnotator_ImplBase.process(JCasAnnotator_ImplBase.java:48)
	at org.apache.uima.analysis_engine.impl.PrimitiveAnalysisEngine_impl.callAnalysisComponentProcess(PrimitiveAnalysisEngine_impl.java:401)
	... 35 more

Aug 03, 2020 11:38:06 AM org.apache.uima.analysis_engine.impl.AggregateAnalysisEngine_impl processAndOutputNewCASes(279)
SEVERE: Exception occurred
org.apache.uima.analysis_engine.AnalysisEngineProcessException: Annotator processing failed.    
	at org.apache.uima.analysis_engine.impl.PrimitiveAnalysisEngine_impl.callAnalysisComponentProcess(PrimitiveAnalysisEngine_impl.java:416)
	at org.apache.uima.analysis_engine.impl.PrimitiveAnalysisEngine_impl.processAndOutputNewCASes(PrimitiveAnalysisEngine_impl.java:318)
	at org.apache.uima.analysis_engine.asb.impl.ASB_impl$AggregateCasIterator.processUntilNextOutputCas(ASB_impl.java:570)
	at org.apache.uima.analysis_engine.asb.impl.ASB_impl$AggregateCasIterator.<init>(ASB_impl.java:412)
	at org.apache.uima.analysis_engine.asb.impl.ASB_impl.process(ASB_impl.java:344)
	at org.apache.uima.analysis_engine.impl.AggregateAnalysisEngine_impl.processAndOutputNewCASes(AggregateAnalysisEngine_impl.java:271)
	at org.apache.uima.analysis_engine.impl.AnalysisEngineImplBase.process(AnalysisEngineImplBase.java:269)
	at org.apache.uima.analysis_engine.impl.AnalysisEngineImplBase.process(AnalysisEngineImplBase.java:284)
	at de.mpg.mpi_inf.ambiversenlu.nlu.entitylinking.processor.DocumentProcessor.process(DocumentProcessor.java:98)
	at de.mpg.mpi_inf.ambiversenlu.nlu.entitylinking.processor.DocumentProcessor.process(DocumentProcessor.java:70)
	at de.mpg.mpi_inf.ambiversenlu.nlu.entitylinking.graph.algorithms.CocktailPartySizeConstrainedTest.testCocktailParty(CocktailPartySizeConstrainedTest.java:46)
	at sun.reflect.NativeMethodAccessorImpl.invoke0(Native Method)
	at sun.reflect.NativeMethodAccessorImpl.invoke(NativeMethodAccessorImpl.java:62)
	at sun.reflect.DelegatingMethodAccessorImpl.invoke(DelegatingMethodAccessorImpl.java:43)
	at java.lang.reflect.Method.invoke(Method.java:498)
	at org.junit.runners.model.FrameworkMethod$1.runReflectiveCall(FrameworkMethod.java:47)
	at org.junit.internal.runners.model.ReflectiveCallable.run(ReflectiveCallable.java:12)
	at org.junit.runners.model.FrameworkMethod.invokeExplosively(FrameworkMethod.java:44)
	at org.junit.internal.runners.statements.InvokeMethod.evaluate(InvokeMethod.java:17)
	at org.junit.internal.runners.statements.RunBefores.evaluate(RunBefores.java:26)
	at org.junit.runners.ParentRunner.runLeaf(ParentRunner.java:271)
	at org.junit.runners.BlockJUnit4ClassRunner.runChild(BlockJUnit4ClassRunner.java:70)
	at org.junit.runners.BlockJUnit4ClassRunner.runChild(BlockJUnit4ClassRunner.java:50)
	at org.junit.runners.ParentRunner$3.run(ParentRunner.java:238)
	at org.junit.runners.ParentRunner$1.schedule(ParentRunner.java:63)
	at org.junit.runners.ParentRunner.runChildren(ParentRunner.java:236)
	at org.junit.runners.ParentRunner.access$000(ParentRunner.java:53)
	at org.junit.runners.ParentRunner$2.evaluate(ParentRunner.java:229)
	at org.junit.runners.ParentRunner.run(ParentRunner.java:309)
	at org.apache.maven.surefire.junit4.JUnit4Provider.execute(JUnit4Provider.java:367)
	at org.apache.maven.surefire.junit4.JUnit4Provider.executeWithRerun(JUnit4Provider.java:274)
	at org.apache.maven.surefire.junit4.JUnit4Provider.executeTestSet(JUnit4Provider.java:238)
	at org.apache.maven.surefire.junit4.JUnit4Provider.invoke(JUnit4Provider.java:161)
	at org.apache.maven.surefire.booter.ForkedBooter.invokeProviderInSameClassLoader(ForkedBooter.java:290)
	at org.apache.maven.surefire.booter.ForkedBooter.runSuitesInProcess(ForkedBooter.java:242)
	at org.apache.maven.surefire.booter.ForkedBooter.main(ForkedBooter.java:121)
Caused by: java.lang.NullPointerException
	at de.tudarmstadt.ukp.dkpro.core.stanfordnlp.StanfordNamedEntityRecognizer.process(StanfordNamedEntityRecognizer.java:200)
	at org.apache.uima.analysis_component.JCasAnnotator_ImplBase.process(JCasAnnotator_ImplBase.java:48)
	at org.apache.uima.analysis_engine.impl.PrimitiveAnalysisEngine_impl.callAnalysisComponentProcess(PrimitiveAnalysisEngine_impl.java:401)
	... 35 more

Tests run: 1, Failures: 0, Errors: 1, Skipped: 0, Time elapsed: 0.045 sec <<< FAILURE! - in de.mpg.mpi_inf.ambiversenlu.nlu.entitylinking.graph.algorithms.CocktailPartySizeConstrainedTest
testCocktailParty(de.mpg.mpi_inf.ambiversenlu.nlu.entitylinking.graph.algorithms.CocktailPartySizeConstrainedTest)  Time elapsed: 0.045 sec  <<< ERROR!
de.mpg.mpi_inf.ambiversenlu.nlu.entitylinking.processor.UnprocessableDocumentException
	at de.mpg.mpi_inf.ambiversenlu.nlu.entitylinking.graph.algorithms.CocktailPartySizeConstrainedTest.testCocktailParty(CocktailPartySizeConstrainedTest.java:46)

Running de.mpg.mpi_inf.ambiversenlu.nlu.entitylinking.graph.algorithms.CocktailPartyTest
Aug 03, 2020 11:38:06 AM org.apache.uima.analysis_engine.impl.PrimitiveAnalysisEngine_impl callAnalysisComponentProcess(434)
SEVERE: Exception occurred
org.apache.uima.analysis_engine.AnalysisEngineProcessException: Annotator processing failed.    
	at org.apache.uima.analysis_engine.impl.PrimitiveAnalysisEngine_impl.callAnalysisComponentProcess(PrimitiveAnalysisEngine_impl.java:416)
	at org.apache.uima.analysis_engine.impl.PrimitiveAnalysisEngine_impl.processAndOutputNewCASes(PrimitiveAnalysisEngine_impl.java:318)
	at org.apache.uima.analysis_engine.asb.impl.ASB_impl$AggregateCasIterator.processUntilNextOutputCas(ASB_impl.java:570)
	at org.apache.uima.analysis_engine.asb.impl.ASB_impl$AggregateCasIterator.<init>(ASB_impl.java:412)
	at org.apache.uima.analysis_engine.asb.impl.ASB_impl.process(ASB_impl.java:344)
	at org.apache.uima.analysis_engine.impl.AggregateAnalysisEngine_impl.processAndOutputNewCASes(AggregateAnalysisEngine_impl.java:271)
	at org.apache.uima.analysis_engine.impl.AnalysisEngineImplBase.process(AnalysisEngineImplBase.java:269)
	at org.apache.uima.analysis_engine.impl.AnalysisEngineImplBase.process(AnalysisEngineImplBase.java:284)
	at de.mpg.mpi_inf.ambiversenlu.nlu.entitylinking.processor.DocumentProcessor.process(DocumentProcessor.java:98)
	at de.mpg.mpi_inf.ambiversenlu.nlu.entitylinking.processor.DocumentProcessor.process(DocumentProcessor.java:70)
	at de.mpg.mpi_inf.ambiversenlu.nlu.entitylinking.graph.algorithms.CocktailPartyTest.testCocktailPartyConfidence(CocktailPartyTest.java:49)
	at sun.reflect.NativeMethodAccessorImpl.invoke0(Native Method)
	at sun.reflect.NativeMethodAccessorImpl.invoke(NativeMethodAccessorImpl.java:62)
	at sun.reflect.DelegatingMethodAccessorImpl.invoke(DelegatingMethodAccessorImpl.java:43)
	at java.lang.reflect.Method.invoke(Method.java:498)
	at org.junit.runners.model.FrameworkMethod$1.runReflectiveCall(FrameworkMethod.java:47)
	at org.junit.internal.runners.model.ReflectiveCallable.run(ReflectiveCallable.java:12)
	at org.junit.runners.model.FrameworkMethod.invokeExplosively(FrameworkMethod.java:44)
	at org.junit.internal.runners.statements.InvokeMethod.evaluate(InvokeMethod.java:17)
	at org.junit.internal.runners.statements.RunBefores.evaluate(RunBefores.java:26)
	at org.junit.runners.ParentRunner.runLeaf(ParentRunner.java:271)
	at org.junit.runners.BlockJUnit4ClassRunner.runChild(BlockJUnit4ClassRunner.java:70)
	at org.junit.runners.BlockJUnit4ClassRunner.runChild(BlockJUnit4ClassRunner.java:50)
	at org.junit.runners.ParentRunner$3.run(ParentRunner.java:238)
	at org.junit.runners.ParentRunner$1.schedule(ParentRunner.java:63)
	at org.junit.runners.ParentRunner.runChildren(ParentRunner.java:236)
	at org.junit.runners.ParentRunner.access$000(ParentRunner.java:53)
	at org.junit.runners.ParentRunner$2.evaluate(ParentRunner.java:229)
	at org.junit.runners.ParentRunner.run(ParentRunner.java:309)
	at org.apache.maven.surefire.junit4.JUnit4Provider.execute(JUnit4Provider.java:367)
	at org.apache.maven.surefire.junit4.JUnit4Provider.executeWithRerun(JUnit4Provider.java:274)
	at org.apache.maven.surefire.junit4.JUnit4Provider.executeTestSet(JUnit4Provider.java:238)
	at org.apache.maven.surefire.junit4.JUnit4Provider.invoke(JUnit4Provider.java:161)
	at org.apache.maven.surefire.booter.ForkedBooter.invokeProviderInSameClassLoader(ForkedBooter.java:290)
	at org.apache.maven.surefire.booter.ForkedBooter.runSuitesInProcess(ForkedBooter.java:242)
	at org.apache.maven.surefire.booter.ForkedBooter.main(ForkedBooter.java:121)
Caused by: java.lang.NullPointerException
	at de.tudarmstadt.ukp.dkpro.core.stanfordnlp.StanfordNamedEntityRecognizer.process(StanfordNamedEntityRecognizer.java:200)
	at org.apache.uima.analysis_component.JCasAnnotator_ImplBase.process(JCasAnnotator_ImplBase.java:48)
	at org.apache.uima.analysis_engine.impl.PrimitiveAnalysisEngine_impl.callAnalysisComponentProcess(PrimitiveAnalysisEngine_impl.java:401)
	... 35 more

Aug 03, 2020 11:38:06 AM org.apache.uima.analysis_engine.impl.AggregateAnalysisEngine_impl processAndOutputNewCASes(279)
SEVERE: Exception occurred
org.apache.uima.analysis_engine.AnalysisEngineProcessException: Annotator processing failed.    
	at org.apache.uima.analysis_engine.impl.PrimitiveAnalysisEngine_impl.callAnalysisComponentProcess(PrimitiveAnalysisEngine_impl.java:416)
	at org.apache.uima.analysis_engine.impl.PrimitiveAnalysisEngine_impl.processAndOutputNewCASes(PrimitiveAnalysisEngine_impl.java:318)
	at org.apache.uima.analysis_engine.asb.impl.ASB_impl$AggregateCasIterator.processUntilNextOutputCas(ASB_impl.java:570)
	at org.apache.uima.analysis_engine.asb.impl.ASB_impl$AggregateCasIterator.<init>(ASB_impl.java:412)
	at org.apache.uima.analysis_engine.asb.impl.ASB_impl.process(ASB_impl.java:344)
	at org.apache.uima.analysis_engine.impl.AggregateAnalysisEngine_impl.processAndOutputNewCASes(AggregateAnalysisEngine_impl.java:271)
	at org.apache.uima.analysis_engine.impl.AnalysisEngineImplBase.process(AnalysisEngineImplBase.java:269)
	at org.apache.uima.analysis_engine.impl.AnalysisEngineImplBase.process(AnalysisEngineImplBase.java:284)
	at de.mpg.mpi_inf.ambiversenlu.nlu.entitylinking.processor.DocumentProcessor.process(DocumentProcessor.java:98)
	at de.mpg.mpi_inf.ambiversenlu.nlu.entitylinking.processor.DocumentProcessor.process(DocumentProcessor.java:70)
	at de.mpg.mpi_inf.ambiversenlu.nlu.entitylinking.graph.algorithms.CocktailPartyTest.testCocktailPartyConfidence(CocktailPartyTest.java:49)
	at sun.reflect.NativeMethodAccessorImpl.invoke0(Native Method)
	at sun.reflect.NativeMethodAccessorImpl.invoke(NativeMethodAccessorImpl.java:62)
	at sun.reflect.DelegatingMethodAccessorImpl.invoke(DelegatingMethodAccessorImpl.java:43)
	at java.lang.reflect.Method.invoke(Method.java:498)
	at org.junit.runners.model.FrameworkMethod$1.runReflectiveCall(FrameworkMethod.java:47)
	at org.junit.internal.runners.model.ReflectiveCallable.run(ReflectiveCallable.java:12)
	at org.junit.runners.model.FrameworkMethod.invokeExplosively(FrameworkMethod.java:44)
	at org.junit.internal.runners.statements.InvokeMethod.evaluate(InvokeMethod.java:17)
	at org.junit.internal.runners.statements.RunBefores.evaluate(RunBefores.java:26)
	at org.junit.runners.ParentRunner.runLeaf(ParentRunner.java:271)
	at org.junit.runners.BlockJUnit4ClassRunner.runChild(BlockJUnit4ClassRunner.java:70)
	at org.junit.runners.BlockJUnit4ClassRunner.runChild(BlockJUnit4ClassRunner.java:50)
	at org.junit.runners.ParentRunner$3.run(ParentRunner.java:238)
	at org.junit.runners.ParentRunner$1.schedule(ParentRunner.java:63)
	at org.junit.runners.ParentRunner.runChildren(ParentRunner.java:236)
	at org.junit.runners.ParentRunner.access$000(ParentRunner.java:53)
	at org.junit.runners.ParentRunner$2.evaluate(ParentRunner.java:229)
	at org.junit.runners.ParentRunner.run(ParentRunner.java:309)
	at org.apache.maven.surefire.junit4.JUnit4Provider.execute(JUnit4Provider.java:367)
	at org.apache.maven.surefire.junit4.JUnit4Provider.executeWithRerun(JUnit4Provider.java:274)
	at org.apache.maven.surefire.junit4.JUnit4Provider.executeTestSet(JUnit4Provider.java:238)
	at org.apache.maven.surefire.junit4.JUnit4Provider.invoke(JUnit4Provider.java:161)
	at org.apache.maven.surefire.booter.ForkedBooter.invokeProviderInSameClassLoader(ForkedBooter.java:290)
	at org.apache.maven.surefire.booter.ForkedBooter.runSuitesInProcess(ForkedBooter.java:242)
	at org.apache.maven.surefire.booter.ForkedBooter.main(ForkedBooter.java:121)
Caused by: java.lang.NullPointerException
	at de.tudarmstadt.ukp.dkpro.core.stanfordnlp.StanfordNamedEntityRecognizer.process(StanfordNamedEntityRecognizer.java:200)
	at org.apache.uima.analysis_component.JCasAnnotator_ImplBase.process(JCasAnnotator_ImplBase.java:48)
	at org.apache.uima.analysis_engine.impl.PrimitiveAnalysisEngine_impl.callAnalysisComponentProcess(PrimitiveAnalysisEngine_impl.java:401)
	... 35 more

Tests run: 1, Failures: 0, Errors: 1, Skipped: 0, Time elapsed: 0.013 sec <<< FAILURE! - in de.mpg.mpi_inf.ambiversenlu.nlu.entitylinking.graph.algorithms.CocktailPartyTest
testCocktailPartyConfidence(de.mpg.mpi_inf.ambiversenlu.nlu.entitylinking.graph.algorithms.CocktailPartyTest)  Time elapsed: 0.013 sec  <<< ERROR!
de.mpg.mpi_inf.ambiversenlu.nlu.entitylinking.processor.UnprocessableDocumentException
	at de.mpg.mpi_inf.ambiversenlu.nlu.entitylinking.graph.algorithms.CocktailPartyTest.testCocktailPartyConfidence(CocktailPartyTest.java:49)

Running de.mpg.mpi_inf.ambiversenlu.nlu.entitylinking.graph.similarity.measure.MilneWittenEntityEntitySimilarityTest
Tests run: 1, Failures: 0, Errors: 0, Skipped: 0, Time elapsed: 1.965 sec - in de.mpg.mpi_inf.ambiversenlu.nlu.entitylinking.graph.similarity.measure.MilneWittenEntityEntitySimilarityTest
Running de.mpg.mpi_inf.ambiversenlu.nlu.entitylinking.graph.similarity.measure.WeightComputationTest
Tests run: 1, Failures: 0, Errors: 0, Skipped: 0, Time elapsed: 0 sec - in de.mpg.mpi_inf.ambiversenlu.nlu.entitylinking.graph.similarity.measure.WeightComputationTest
Running de.mpg.mpi_inf.ambiversenlu.nlu.entitylinking.graph.similarity.measure.KLDivergenceCalculatorTest
Tests run: 1, Failures: 0, Errors: 0, Skipped: 0, Time elapsed: 0 sec - in de.mpg.mpi_inf.ambiversenlu.nlu.entitylinking.graph.similarity.measure.KLDivergenceCalculatorTest
Running de.mpg.mpi_inf.ambiversenlu.nlu.entitylinking.graph.similarity.PriorProbabilityTest
Tests run: 1, Failures: 0, Errors: 0, Skipped: 0, Time elapsed: 0.011 sec - in de.mpg.mpi_inf.ambiversenlu.nlu.entitylinking.graph.similarity.PriorProbabilityTest
Running de.mpg.mpi_inf.ambiversenlu.nlu.entitylinking.uima.UimaTokenizerTest
Tests run: 1, Failures: 0, Errors: 1, Skipped: 0, Time elapsed: 0.113 sec <<< FAILURE! - in de.mpg.mpi_inf.ambiversenlu.nlu.entitylinking.uima.UimaTokenizerTest
testTokenizer(de.mpg.mpi_inf.ambiversenlu.nlu.entitylinking.uima.UimaTokenizerTest)  Time elapsed: 0.113 sec  <<< ERROR!
de.mpg.mpi_inf.ambiversenlu.nlu.language.AidaUnsupportedLanguageException: Language es is not supported or not recognized. Please provide 2 or 3 letter encoding
	at de.mpg.mpi_inf.ambiversenlu.nlu.entitylinking.uima.UimaTokenizerTest.testTokenizer(UimaTokenizerTest.java:36)

Running de.mpg.mpi_inf.ambiversenlu.nlu.entitylinking.uima.pipelines.DepPipelineTest
Tests run: 1, Failures: 0, Errors: 1, Skipped: 0, Time elapsed: 0 sec <<< FAILURE! - in de.mpg.mpi_inf.ambiversenlu.nlu.entitylinking.uima.pipelines.DepPipelineTest
testDepPipepilineGerman(de.mpg.mpi_inf.ambiversenlu.nlu.entitylinking.uima.pipelines.DepPipelineTest)  Time elapsed: 0 sec  <<< ERROR!
de.mpg.mpi_inf.ambiversenlu.nlu.language.AidaUnsupportedLanguageException: Language de is not supported or not recognized. Please provide 2 or 3 letter encoding
	at de.mpg.mpi_inf.ambiversenlu.nlu.entitylinking.uima.pipelines.DepPipelineTest.testDepPipepilineGerman(DepPipelineTest.java:31)

Running de.mpg.mpi_inf.ambiversenlu.nlu.entitylinking.uima.custom.readers.Conll2003AidaReaderTest
Aug 03, 2020 11:38:11 AM de.tudarmstadt.ukp.dkpro.core.api.io.ResourceCollectionReaderBase scan(422)
INFO: Scanning [file:/tmp/tmppvek9ed7/ambiverse-nlu/src/test/resources/ner/test_collections/]
Aug 03, 2020 11:38:11 AM de.tudarmstadt.ukp.dkpro.core.api.io.ResourceCollectionReaderBase initialize(248)
INFO: Found [1] resources to be read
Aug 03, 2020 11:38:11 AM de.tudarmstadt.ukp.dkpro.core.api.io.ResourceCollectionReaderBase nextFile(347)
INFO: 0 of 1: file:/tmp/tmppvek9ed7/ambiverse-nlu/src/test/resources/ner/test_collections/CoNLL-YAGO_ext_small_en.tsv
Aug 03, 2020 11:38:13 AM de.tudarmstadt.ukp.dkpro.core.api.io.ResourceCollectionReaderBase scan(422)
INFO: Scanning [file:/tmp/tmppvek9ed7/ambiverse-nlu/src/test/resources/ner/test_collections/]
Aug 03, 2020 11:38:13 AM de.tudarmstadt.ukp.dkpro.core.api.io.ResourceCollectionReaderBase initialize(248)
INFO: Found [1] resources to be read
Aug 03, 2020 11:38:13 AM de.tudarmstadt.ukp.dkpro.core.api.io.ResourceCollectionReaderBase nextFile(347)
INFO: 0 of 1: file:/tmp/tmppvek9ed7/ambiverse-nlu/src/test/resources/ner/test_collections/CoNLL-YAGO_ext_small_en.tsv
Aug 03, 2020 11:38:15 AM de.tudarmstadt.ukp.dkpro.core.api.io.ResourceCollectionReaderBase scan(422)
INFO: Scanning [file:/tmp/tmppvek9ed7/ambiverse-nlu/src/test/resources/ner/test_collections/]
Aug 03, 2020 11:38:15 AM de.tudarmstadt.ukp.dkpro.core.api.io.ResourceCollectionReaderBase initialize(248)
INFO: Found [1] resources to be read
Aug 03, 2020 11:38:15 AM de.tudarmstadt.ukp.dkpro.core.api.io.ResourceCollectionReaderBase nextFile(347)
INFO: 0 of 1: file:/tmp/tmppvek9ed7/ambiverse-nlu/src/test/resources/ner/test_collections/CoNLL-YAGO_ext_small_en.tsv
Aug 03, 2020 11:38:18 AM de.tudarmstadt.ukp.dkpro.core.api.io.ResourceCollectionReaderBase scan(422)
INFO: Scanning [file:/tmp/tmppvek9ed7/ambiverse-nlu/src/test/resources/ner/test_collections/]
Aug 03, 2020 11:38:18 AM de.tudarmstadt.ukp.dkpro.core.api.io.ResourceCollectionReaderBase initialize(248)
INFO: Found [1] resources to be read
Aug 03, 2020 11:38:18 AM de.tudarmstadt.ukp.dkpro.core.api.io.ResourceCollectionReaderBase nextFile(347)
INFO: 0 of 1: file:/tmp/tmppvek9ed7/ambiverse-nlu/src/test/resources/ner/test_collections/CoNLL-YAGO_ext_small_en.tsv
Aug 03, 2020 11:38:20 AM de.tudarmstadt.ukp.dkpro.core.api.io.ResourceCollectionReaderBase scan(422)
INFO: Scanning [file:/tmp/tmppvek9ed7/ambiverse-nlu/src/test/resources/ner/test_collections/]
Aug 03, 2020 11:38:20 AM de.tudarmstadt.ukp.dkpro.core.api.io.ResourceCollectionReaderBase initialize(248)
INFO: Found [1] resources to be read
Aug 03, 2020 11:38:21 AM de.tudarmstadt.ukp.dkpro.core.api.io.ResourceCollectionReaderBase nextFile(347)
INFO: 0 of 1: file:/tmp/tmppvek9ed7/ambiverse-nlu/src/test/resources/ner/test_collections/CoNLL-YAGO_ext_small_en.tsv
Tests run: 1, Failures: 0, Errors: 0, Skipped: 0, Time elapsed: 12.024 sec - in de.mpg.mpi_inf.ambiversenlu.nlu.entitylinking.uima.custom.readers.Conll2003AidaReaderTest
Running de.mpg.mpi_inf.ambiversenlu.nlu.lsh.LSHTest
2020-08-03 11:38:21,161 [main] INFO  nlu.lsh.LSH:42  - 8 items, 4, 6
Tests run: 1, Failures: 0, Errors: 0, Skipped: 0, Time elapsed: 0.006 sec - in de.mpg.mpi_inf.ambiversenlu.nlu.lsh.LSHTest
Running de.mpg.mpi_inf.ambiversenlu.nlu.language.LanguageTest
2020-08-03 11:38:21,163 [main] INFO  entitylinking.processor.DocumentProcessor:112  - Initializing DocumentProcessor for type 'LANGUAGE_DETECTION'.
2020-08-03 11:38:29,221 [main] INFO  entitylinking.processor.DocumentProcessor:112  - Initializing DocumentProcessor for type 'LANGUAGE_DETECTION'.
Tests run: 2, Failures: 0, Errors: 2, Skipped: 0, Time elapsed: 8.051 sec <<< FAILURE! - in de.mpg.mpi_inf.ambiversenlu.nlu.language.LanguageTest
testLanguage(de.mpg.mpi_inf.ambiversenlu.nlu.language.LanguageTest)  Time elapsed: 8.048 sec  <<< ERROR!
java.lang.OutOfMemoryError: Java heap space

testLanguageException(de.mpg.mpi_inf.ambiversenlu.nlu.language.LanguageTest)  Time elapsed: 0.002 sec  <<< ERROR!
java.lang.Exception: Unexpected exception, expected<de.mpg.mpi_inf.ambiversenlu.nlu.entitylinking.processor.UnprocessableDocumentException> but was<org.apache.uima.UIMARuntimeException>
	at de.mpg.mpi_inf.ambiversenlu.nlu.language.LanguageTest.testLanguageException(LanguageTest.java:32)

Running de.mpg.mpi_inf.ambiversenlu.nlu.openie.clausie.ClausIETest
2020-08-03 11:38:29,228 [main] INFO  entitylinking.processor.DocumentProcessor:112  - Initializing DocumentProcessor for type 'OPENIE_EN'.
[SUREFIRE] std/in stream corrupted
java.io.IOException: Stream closed
	at java.io.BufferedInputStream.getBufIfOpen(BufferedInputStream.java:170)
	at java.io.BufferedInputStream.read(BufferedInputStream.java:269)
	at java.io.DataInputStream.readInt(DataInputStream.java:387)
	at org.apache.maven.surefire.booter.MasterProcessCommand.decode(MasterProcessCommand.java:117)
	at org.apache.maven.surefire.booter.CommandReader$CommandRunnable.run(CommandReader.java:360)
	at java.lang.Thread.run(Thread.java:748)

Results :

Failed tests: 
  Yago3UtilTest.test:27 expected:<[]test> but was:<[de%2F]test>
Tests in error: 
  DisambiguatorTest.testNoMaxEntityRank:97 » AnalysisEngineProcess Annotator pro...
  DisambiguatorTest.testPageKashmir:57 » AnalysisEngineProcess Annotator process...
  EntityLinkingManagerTest.dropMentionsBelowOccurrenceCount:40 » OutOfMemory Jav...
  DocumentAnnotationsTest.testManualAnnotations:43 » AnalysisEngineProcess Annot...
  CocktailPartySizeConstrainedTest.testCocktailParty:46 » UnprocessableDocument
  CocktailPartyTest.testCocktailPartyConfidence:49 » UnprocessableDocument
  ResultProcessorTest.test » OutOfMemory GC overhead limit exceeded
  FixedLengthDocumentChunkerTest.splitTextIntoFixedLengthChunks:40 » AnalysisEngineProcess
  UimaTokenizerTest.testTokenizer:36 » AidaUnsupportedLanguage Language es is no...
  DepPipelineTest.testDepPipepilineGerman:31 » AidaUnsupportedLanguage Language ...
  LanguageTest.testLanguage » OutOfMemory Java heap space
  LanguageTest.testLanguageException »  Unexpected exception, expected<de.mpg.mp...

Tests run: 49, Failures: 1, Errors: 12, Skipped: 0

[INFO] ------------------------------------------------------------------------
[INFO] BUILD FAILURE
[INFO] ------------------------------------------------------------------------
[INFO] Total time:  15:21 min
[INFO] Finished at: 2020-08-03T11:38:59Z
[INFO] ------------------------------------------------------------------------
[ERROR] Failed to execute goal org.apache.maven.plugins:maven-surefire-plugin:2.19.1:test (default-test) on project ambiversenlu: Execution default-test of goal org.apache.maven.plugins:maven-surefire-plugin:2.19.1:test failed: The forked VM terminated without properly saying goodbye. VM crash or System.exit called?
[ERROR] Command was /bin/sh -c cd /tmp/tmppvek9ed7/ambiverse-nlu && /usr/local/openjdk-8/jre/bin/java -javaagent:/home/jdbl/.m2/repository/org/jacoco/org.jacoco.agent/0.8.5/org.jacoco.agent-0.8.5-runtime.jar=destfile=/tmp/tmppvek9ed7/ambiverse-nlu/target/jacoco.exec -jar /tmp/tmppvek9ed7/ambiverse-nlu/target/surefire/surefirebooter5400230972381703015.jar /tmp/tmppvek9ed7/ambiverse-nlu/target/surefire/surefire6739050357586582817tmp /tmp/tmppvek9ed7/ambiverse-nlu/target/surefire/surefire_08905946756289278481tmp
[ERROR] -> [Help 1]
org.apache.maven.lifecycle.LifecycleExecutionException: Failed to execute goal org.apache.maven.plugins:maven-surefire-plugin:2.19.1:test (default-test) on project ambiversenlu: Execution default-test of goal org.apache.maven.plugins:maven-surefire-plugin:2.19.1:test failed: The forked VM terminated without properly saying goodbye. VM crash or System.exit called?
Command was /bin/sh -c cd /tmp/tmppvek9ed7/ambiverse-nlu && /usr/local/openjdk-8/jre/bin/java -javaagent:/home/jdbl/.m2/repository/org/jacoco/org.jacoco.agent/0.8.5/org.jacoco.agent-0.8.5-runtime.jar=destfile=/tmp/tmppvek9ed7/ambiverse-nlu/target/jacoco.exec -jar /tmp/tmppvek9ed7/ambiverse-nlu/target/surefire/surefirebooter5400230972381703015.jar /tmp/tmppvek9ed7/ambiverse-nlu/target/surefire/surefire6739050357586582817tmp /tmp/tmppvek9ed7/ambiverse-nlu/target/surefire/surefire_08905946756289278481tmp
    at org.apache.maven.lifecycle.internal.MojoExecutor.execute (MojoExecutor.java:215)
    at org.apache.maven.lifecycle.internal.MojoExecutor.execute (MojoExecutor.java:156)
    at org.apache.maven.lifecycle.internal.MojoExecutor.execute (MojoExecutor.java:148)
    at org.apache.maven.lifecycle.internal.LifecycleModuleBuilder.buildProject (LifecycleModuleBuilder.java:117)
    at org.apache.maven.lifecycle.internal.LifecycleModuleBuilder.buildProject (LifecycleModuleBuilder.java:81)
    at org.apache.maven.lifecycle.internal.builder.singlethreaded.SingleThreadedBuilder.build (SingleThreadedBuilder.java:56)
    at org.apache.maven.lifecycle.internal.LifecycleStarter.execute (LifecycleStarter.java:128)
    at org.apache.maven.DefaultMaven.doExecute (DefaultMaven.java:305)
    at org.apache.maven.DefaultMaven.doExecute (DefaultMaven.java:192)
    at org.apache.maven.DefaultMaven.execute (DefaultMaven.java:105)
    at org.apache.maven.cli.MavenCli.execute (MavenCli.java:957)
    at org.apache.maven.cli.MavenCli.doMain (MavenCli.java:289)
    at org.apache.maven.cli.MavenCli.main (MavenCli.java:193)
    at sun.reflect.NativeMethodAccessorImpl.invoke0 (Native Method)
    at sun.reflect.NativeMethodAccessorImpl.invoke (NativeMethodAccessorImpl.java:62)
    at sun.reflect.DelegatingMethodAccessorImpl.invoke (DelegatingMethodAccessorImpl.java:43)
    at java.lang.reflect.Method.invoke (Method.java:498)
    at org.codehaus.plexus.classworlds.launcher.Launcher.launchEnhanced (Launcher.java:282)
    at org.codehaus.plexus.classworlds.launcher.Launcher.launch (Launcher.java:225)
    at org.codehaus.plexus.classworlds.launcher.Launcher.mainWithExitCode (Launcher.java:406)
    at org.codehaus.plexus.classworlds.launcher.Launcher.main (Launcher.java:347)
Caused by: org.apache.maven.plugin.PluginExecutionException: Execution default-test of goal org.apache.maven.plugins:maven-surefire-plugin:2.19.1:test failed: The forked VM terminated without properly saying goodbye. VM crash or System.exit called?
Command was /bin/sh -c cd /tmp/tmppvek9ed7/ambiverse-nlu && /usr/local/openjdk-8/jre/bin/java -javaagent:/home/jdbl/.m2/repository/org/jacoco/org.jacoco.agent/0.8.5/org.jacoco.agent-0.8.5-runtime.jar=destfile=/tmp/tmppvek9ed7/ambiverse-nlu/target/jacoco.exec -jar /tmp/tmppvek9ed7/ambiverse-nlu/target/surefire/surefirebooter5400230972381703015.jar /tmp/tmppvek9ed7/ambiverse-nlu/target/surefire/surefire6739050357586582817tmp /tmp/tmppvek9ed7/ambiverse-nlu/target/surefire/surefire_08905946756289278481tmp
    at org.apache.maven.plugin.DefaultBuildPluginManager.executeMojo (DefaultBuildPluginManager.java:148)
    at org.apache.maven.lifecycle.internal.MojoExecutor.execute (MojoExecutor.java:210)
    at org.apache.maven.lifecycle.internal.MojoExecutor.execute (MojoExecutor.java:156)
    at org.apache.maven.lifecycle.internal.MojoExecutor.execute (MojoExecutor.java:148)
    at org.apache.maven.lifecycle.internal.LifecycleModuleBuilder.buildProject (LifecycleModuleBuilder.java:117)
    at org.apache.maven.lifecycle.internal.LifecycleModuleBuilder.buildProject (LifecycleModuleBuilder.java:81)
    at org.apache.maven.lifecycle.internal.builder.singlethreaded.SingleThreadedBuilder.build (SingleThreadedBuilder.java:56)
    at org.apache.maven.lifecycle.internal.LifecycleStarter.execute (LifecycleStarter.java:128)
    at org.apache.maven.DefaultMaven.doExecute (DefaultMaven.java:305)
    at org.apache.maven.DefaultMaven.doExecute (DefaultMaven.java:192)
    at org.apache.maven.DefaultMaven.execute (DefaultMaven.java:105)
    at org.apache.maven.cli.MavenCli.execute (MavenCli.java:957)
    at org.apache.maven.cli.MavenCli.doMain (MavenCli.java:289)
    at org.apache.maven.cli.MavenCli.main (MavenCli.java:193)
    at sun.reflect.NativeMethodAccessorImpl.invoke0 (Native Method)
    at sun.reflect.NativeMethodAccessorImpl.invoke (NativeMethodAccessorImpl.java:62)
    at sun.reflect.DelegatingMethodAccessorImpl.invoke (DelegatingMethodAccessorImpl.java:43)
    at java.lang.reflect.Method.invoke (Method.java:498)
    at org.codehaus.plexus.classworlds.launcher.Launcher.launchEnhanced (Launcher.java:282)
    at org.codehaus.plexus.classworlds.launcher.Launcher.launch (Launcher.java:225)
    at org.codehaus.plexus.classworlds.launcher.Launcher.mainWithExitCode (Launcher.java:406)
    at org.codehaus.plexus.classworlds.launcher.Launcher.main (Launcher.java:347)
Caused by: java.lang.RuntimeException: The forked VM terminated without properly saying goodbye. VM crash or System.exit called?
Command was /bin/sh -c cd /tmp/tmppvek9ed7/ambiverse-nlu && /usr/local/openjdk-8/jre/bin/java -javaagent:/home/jdbl/.m2/repository/org/jacoco/org.jacoco.agent/0.8.5/org.jacoco.agent-0.8.5-runtime.jar=destfile=/tmp/tmppvek9ed7/ambiverse-nlu/target/jacoco.exec -jar /tmp/tmppvek9ed7/ambiverse-nlu/target/surefire/surefirebooter5400230972381703015.jar /tmp/tmppvek9ed7/ambiverse-nlu/target/surefire/surefire6739050357586582817tmp /tmp/tmppvek9ed7/ambiverse-nlu/target/surefire/surefire_08905946756289278481tmp
    at org.apache.maven.plugin.surefire.booterclient.ForkStarter.fork (ForkStarter.java:590)
    at org.apache.maven.plugin.surefire.booterclient.ForkStarter.fork (ForkStarter.java:460)
    at org.apache.maven.plugin.surefire.booterclient.ForkStarter.run (ForkStarter.java:229)
    at org.apache.maven.plugin.surefire.booterclient.ForkStarter.run (ForkStarter.java:201)
    at org.apache.maven.plugin.surefire.AbstractSurefireMojo.executeProvider (AbstractSurefireMojo.java:1026)
    at org.apache.maven.plugin.surefire.AbstractSurefireMojo.executeAfterPreconditionsChecked (AbstractSurefireMojo.java:862)
    at org.apache.maven.plugin.surefire.AbstractSurefireMojo.execute (AbstractSurefireMojo.java:755)
    at org.apache.maven.plugin.DefaultBuildPluginManager.executeMojo (DefaultBuildPluginManager.java:137)
    at org.apache.maven.lifecycle.internal.MojoExecutor.execute (MojoExecutor.java:210)
    at org.apache.maven.lifecycle.internal.MojoExecutor.execute (MojoExecutor.java:156)
    at org.apache.maven.lifecycle.internal.MojoExecutor.execute (MojoExecutor.java:148)
    at org.apache.maven.lifecycle.internal.LifecycleModuleBuilder.buildProject (LifecycleModuleBuilder.java:117)
    at org.apache.maven.lifecycle.internal.LifecycleModuleBuilder.buildProject (LifecycleModuleBuilder.java:81)
    at org.apache.maven.lifecycle.internal.builder.singlethreaded.SingleThreadedBuilder.build (SingleThreadedBuilder.java:56)
    at org.apache.maven.lifecycle.internal.LifecycleStarter.execute (LifecycleStarter.java:128)
    at org.apache.maven.DefaultMaven.doExecute (DefaultMaven.java:305)
    at org.apache.maven.DefaultMaven.doExecute (DefaultMaven.java:192)
    at org.apache.maven.DefaultMaven.execute (DefaultMaven.java:105)
    at org.apache.maven.cli.MavenCli.execute (MavenCli.java:957)
    at org.apache.maven.cli.MavenCli.doMain (MavenCli.java:289)
    at org.apache.maven.cli.MavenCli.main (MavenCli.java:193)
    at sun.reflect.NativeMethodAccessorImpl.invoke0 (Native Method)
    at sun.reflect.NativeMethodAccessorImpl.invoke (NativeMethodAccessorImpl.java:62)
    at sun.reflect.DelegatingMethodAccessorImpl.invoke (DelegatingMethodAccessorImpl.java:43)
    at java.lang.reflect.Method.invoke (Method.java:498)
    at org.codehaus.plexus.classworlds.launcher.Launcher.launchEnhanced (Launcher.java:282)
    at org.codehaus.plexus.classworlds.launcher.Launcher.launch (Launcher.java:225)
    at org.codehaus.plexus.classworlds.launcher.Launcher.mainWithExitCode (Launcher.java:406)
    at org.codehaus.plexus.classworlds.launcher.Launcher.main (Launcher.java:347)
[ERROR] 
[ERROR] Re-run Maven using the -X switch to enable full debug logging.
[ERROR] 
[ERROR] For more information about the errors and possible solutions, please read the following articles:
[ERROR] [Help 1] http://cwiki.apache.org/confluence/display/MAVEN/PluginExecutionException
[INFO] Build failures were ignored.
