[INFO] Error stacktraces are turned on.
[INFO] Scanning for projects...
[INFO] 
[INFO] --< com.google.code.maven-scm-provider-svnjava:maven-scm-provider-svnjava >--
[INFO] Building Maven SCM Subversion Provider - Java Impl. 2.1.5-SNAPSHOT
[INFO] --------------------------------[ jar ]---------------------------------
[INFO] 
[INFO] --- maven-enforcer-plugin:1.2:enforce (enforce-maven) @ maven-scm-provider-svnjava ---
[INFO] 
[INFO] --- jacoco-maven-plugin:0.8.5:prepare-agent (default) @ maven-scm-provider-svnjava ---
[INFO] argLine set to -javaagent:/home/jdbl/.m2/repository/org/jacoco/org.jacoco.agent/0.8.5/org.jacoco.agent-0.8.5-runtime.jar=destfile=/tmp/tmp79y4txje/maven-scm-provider-svnjava/target/jacoco.exec
[INFO] 
[INFO] --- maven-resources-plugin:2.6:resources (default-resources) @ maven-scm-provider-svnjava ---
[INFO] Using 'UTF-8' encoding to copy filtered resources.
[INFO] Copying 1 resource
[INFO] 
[INFO] --- maven-compiler-plugin:3.5.1:compile (default-compile) @ maven-scm-provider-svnjava ---
[INFO] Changes detected - recompiling the module!
[INFO] Compiling 21 source files to /tmp/tmp79y4txje/maven-scm-provider-svnjava/target/classes
[INFO] /tmp/tmp79y4txje/maven-scm-provider-svnjava/src/main/java/org/apache/maven/scm/provider/svn/svnjava/command/changelog/SvnJavaChangeLogCommand.java: Some input files use or override a deprecated API.
[INFO] /tmp/tmp79y4txje/maven-scm-provider-svnjava/src/main/java/org/apache/maven/scm/provider/svn/svnjava/command/changelog/SvnJavaChangeLogCommand.java: Recompile with -Xlint:deprecation for details.
[INFO] 
[INFO] --- plexus-component-metadata:1.5.4:generate-metadata (default) @ maven-scm-provider-svnjava ---
[INFO] Discovered 1 component descriptors(s)
[INFO] 
[INFO] --- maven-resources-plugin:2.6:testResources (default-testResources) @ maven-scm-provider-svnjava ---
[INFO] Using 'UTF-8' encoding to copy filtered resources.
[INFO] skip non existing resourceDirectory /tmp/tmp79y4txje/maven-scm-provider-svnjava/src/test/resources
[INFO] 
[INFO] --- maven-compiler-plugin:3.5.1:testCompile (default-testCompile) @ maven-scm-provider-svnjava ---
[INFO] Changes detected - recompiling the module!
[INFO] Compiling 11 source files to /tmp/tmp79y4txje/maven-scm-provider-svnjava/target/test-classes
[INFO] /tmp/tmp79y4txje/maven-scm-provider-svnjava/src/test/java/org/apache/maven/scm/provider/svn/svnjava/SvnJavaScmTestUtils.java: /tmp/tmp79y4txje/maven-scm-provider-svnjava/src/test/java/org/apache/maven/scm/provider/svn/svnjava/SvnJavaScmTestUtils.java uses or overrides a deprecated API.
[INFO] /tmp/tmp79y4txje/maven-scm-provider-svnjava/src/test/java/org/apache/maven/scm/provider/svn/svnjava/SvnJavaScmTestUtils.java: Recompile with -Xlint:deprecation for details.
[INFO] 
[INFO] --- maven-surefire-plugin:2.19.1:test (default-test) @ maven-scm-provider-svnjava ---
[INFO] Surefire report directory: /tmp/tmp79y4txje/maven-scm-provider-svnjava/target/surefire-reports

-------------------------------------------------------
 T E S T S
-------------------------------------------------------
Running org.apache.maven.scm.provider.svn.svnjava.repository.SvnScmProviderRepositoryTest
Tests run: 11, Failures: 0, Errors: 1, Skipped: 0, Time elapsed: 1.122 sec <<< FAILURE! - in org.apache.maven.scm.provider.svn.svnjava.repository.SvnScmProviderRepositoryTest
testSvnFromPath(org.apache.maven.scm.provider.svn.svnjava.repository.SvnScmProviderRepositoryTest)  Time elapsed: 0.027 sec  <<< ERROR!
org.apache.maven.scm.repository.ScmRepositoryException: The scm url is invalid: svn: E125002: Malformed URL 'null'
	at org.apache.maven.scm.provider.svn.svnjava.repository.SvnScmProviderRepositoryTest.prepareCopy(SvnScmProviderRepositoryTest.java:143)
	at org.apache.maven.scm.provider.svn.svnjava.repository.SvnScmProviderRepositoryTest.testSvnFromPath(SvnScmProviderRepositoryTest.java:150)

Running org.apache.maven.scm.provider.svn.svnjava.command.remoteinfo.SvnJavaRemoteInfoCommandTest
r:RemoteInfoScmResult{branches={=http://svn.apache.org/repos/asf/maven/scm/branches, trygvis=http://svn.apache.org/repos/asf/maven/scm/branches/trygvis, scm-1.1.x=http://svn.apache.org/repos/asf/maven/scm/branches/scm-1.1.x, evenisse=http://svn.apache.org/repos/asf/maven/scm/branches/evenisse, APACHE=http://svn.apache.org/repos/asf/maven/scm/branches/APACHE}, tags={=http://svn.apache.org/repos/asf/maven/scm/tags, maven-scm-1.0-481343=http://svn.apache.org/repos/asf/maven/scm/tags/maven-scm-1.0-481343, maven-scm-1.8=http://svn.apache.org/repos/asf/maven/scm/tags/maven-scm-1.8, maven-scm-1.7=http://svn.apache.org/repos/asf/maven/scm/tags/maven-scm-1.7, scm-1.0-alpha-1=http://svn.apache.org/repos/asf/maven/scm/tags/scm-1.0-alpha-1, maven-scm-1.0-beta-1=http://svn.apache.org/repos/asf/maven/scm/tags/maven-scm-1.0-beta-1, maven-scm-1.2=http://svn.apache.org/repos/asf/maven/scm/tags/maven-scm-1.2, start=http://svn.apache.org/repos/asf/maven/scm/tags/start, maven-scm-1.0-beta-2=http://svn.apache.org/repos/asf/maven/scm/tags/maven-scm-1.0-beta-2, maven-scm-1.1=http://svn.apache.org/repos/asf/maven/scm/tags/maven-scm-1.1, maven-scm-1.0=http://svn.apache.org/repos/asf/maven/scm/tags/maven-scm-1.0, maven-scm-1.0-beta-3=http://svn.apache.org/repos/asf/maven/scm/tags/maven-scm-1.0-beta-3, maven-scm-1.0-beta-4=http://svn.apache.org/repos/asf/maven/scm/tags/maven-scm-1.0-beta-4, maven-scm-1.6=http://svn.apache.org/repos/asf/maven/scm/tags/maven-scm-1.6, maven-scm-1.5=http://svn.apache.org/repos/asf/maven/scm/tags/maven-scm-1.5, maven-scm-1.4=http://svn.apache.org/repos/asf/maven/scm/tags/maven-scm-1.4, maven-scm-1.3=http://svn.apache.org/repos/asf/maven/scm/tags/maven-scm-1.3, INIT=http://svn.apache.org/repos/asf/maven/scm/tags/INIT, maven-scm-1.0-alpha-3=http://svn.apache.org/repos/asf/maven/scm/tags/maven-scm-1.0-alpha-3, maven-scm-1.0-alpha-4=http://svn.apache.org/repos/asf/maven/scm/tags/maven-scm-1.0-alpha-4, maven-scm-2.0-alpha-2=http://svn.apache.org/repos/asf/maven/scm/tags/maven-scm-2.0-alpha-2, maven-scm-1.0-rc1=http://svn.apache.org/repos/asf/maven/scm/tags/maven-scm-1.0-rc1}}
Tests run: 3, Failures: 0, Errors: 0, Skipped: 0, Time elapsed: 6.2 sec - in org.apache.maven.scm.provider.svn.svnjava.command.remoteinfo.SvnJavaRemoteInfoCommandTest
Running org.apache.maven.scm.provider.svn.svnjava.command.diff.SvnJavaDiffCommandTckTest
[INFO] SVN checkout directory: /tmp/tmp79y4txje/maven-scm-provider-svnjava/target/scm-test/working-copy
[INFO] SVN diff directory: /tmp/tmp79y4txje/maven-scm-provider-svnjava/target/scm-test/working-copy
Tests run: 1, Failures: 0, Errors: 0, Skipped: 0, Time elapsed: 2.566 sec - in org.apache.maven.scm.provider.svn.svnjava.command.diff.SvnJavaDiffCommandTckTest
Running org.apache.maven.scm.provider.svn.svnjava.command.update.SvnJavaUpdateCommandTckTest
[INFO] SVN checkout directory: /tmp/tmp79y4txje/maven-scm-provider-svnjava/target/scm-test/working-copy
[INFO] SVN checkout directory: /tmp/tmp79y4txje/maven-scm-provider-svnjava/target/scm-test/updating-copy
[INFO] SVN commit directory: /tmp/tmp79y4txje/maven-scm-provider-svnjava/target/scm-test/working-copy
[INFO] SVN update directory: /tmp/tmp79y4txje/maven-scm-provider-svnjava/target/scm-test/updating-copy
	<changelog-entry>
		<date pattern="yyyy-MM-dd">2020-07-30</date>
		<time pattern="HH:mm:ss">22:05:28</time>
		<author><![CDATA[jdbl]]></author>
		<file>
			<name>/trunk/src/main/java/org/Foo.java</name>
			<revision>9</revision>
		</file>
		<file>
			<name>/trunk/project.xml</name>
			<revision>9</revision>
		</file>
		<file>
			<name>/trunk/src/main/java/org</name>
			<revision>9</revision>
		</file>
		<file>
			<name>/trunk/readme.txt</name>
			<revision>9</revision>
		</file>
		<file>
			<name>/trunk/src/test/java/org</name>
			<revision>9</revision>
		</file>
		<msg><![CDATA[No msg]]></msg>
	</changelog-entry>

Tests run: 1, Failures: 0, Errors: 0, Skipped: 0, Time elapsed: 9.766 sec - in org.apache.maven.scm.provider.svn.svnjava.command.update.SvnJavaUpdateCommandTckTest
Running org.apache.maven.scm.provider.svn.svnjava.command.status.SvnJavaStatusCommandTckTest
[INFO] SVN checkout directory: /tmp/tmp79y4txje/maven-scm-provider-svnjava/target/scm-test/working-copy
[INFO] SVN checkout directory: /tmp/tmp79y4txje/maven-scm-provider-svnjava/target/scm-test/updating-copy
[INFO] SVN status directory: /tmp/tmp79y4txje/maven-scm-provider-svnjava/target/scm-test/updating-copy
changedFiles: [[foo.xml:unknown], [pom.xml:modified]]
expectedPath: pom.xml,actualPath:pom.xml
expectedPath: foo.xml,actualPath:foo.xml
[INFO] SVN checkout directory: /tmp/tmp79y4txje/maven-scm-provider-svnjava/target/scm-test/working-copy
[INFO] SVN checkout directory: /tmp/tmp79y4txje/maven-scm-provider-svnjava/target/scm-test/updating-copy
[INFO] SVN commit directory: /tmp/tmp79y4txje/maven-scm-provider-svnjava/target/scm-test/working-copy
[INFO] SVN status directory: /tmp/tmp79y4txje/maven-scm-provider-svnjava/target/scm-test/updating-copy
Tests run: 2, Failures: 0, Errors: 0, Skipped: 0, Time elapsed: 6.029 sec - in org.apache.maven.scm.provider.svn.svnjava.command.status.SvnJavaStatusCommandTckTest
Running org.apache.maven.scm.provider.svn.svnjava.command.list.SvnJavaListCommandTest
Tests run: 1, Failures: 0, Errors: 1, Skipped: 0, Time elapsed: 0.003 sec <<< FAILURE! - in org.apache.maven.scm.provider.svn.svnjava.command.list.SvnJavaListCommandTest
testList(org.apache.maven.scm.provider.svn.svnjava.command.list.SvnJavaListCommandTest)  Time elapsed: 0.003 sec  <<< ERROR!
org.tmatesoft.svn.core.SVNException: svn: E125002: URL cannot be NULL
	at org.apache.maven.scm.provider.svn.svnjava.command.list.SvnJavaListCommandTest.testList(SvnJavaListCommandTest.java:51)

Running org.apache.maven.scm.provider.svn.svnjava.command.checkout.SvnJavaCheckOutCommandTckTest
[INFO] SVN checkout directory: /tmp/tmp79y4txje/maven-scm-provider-svnjava/target/scm-test/working-copy
[INFO] SVN checkout directory: /tmp/tmp79y4txje/maven-scm-provider-svnjava/target/scm-test/working-copy
Tests run: 1, Failures: 0, Errors: 0, Skipped: 0, Time elapsed: 2.922 sec - in org.apache.maven.scm.provider.svn.svnjava.command.checkout.SvnJavaCheckOutCommandTckTest
Running org.apache.maven.scm.provider.svn.svnjava.command.tag.SvnJavaTagCommandTckTest
[INFO] SVN checkout directory: /tmp/tmp79y4txje/maven-scm-provider-svnjava/target/scm-test/working-copy
[INFO] SVN checkout directory: /tmp/tmp79y4txje/maven-scm-provider-svnjava/target/scm-test/working-copy
[INFO] SVN commit directory: /tmp/tmp79y4txje/maven-scm-provider-svnjava/target/scm-test/working-copy
[INFO] SVN checkout directory: /tmp/tmp79y4txje/maven-scm-provider-svnjava/target/scm-test/assertion-copy
[INFO] SVN checkout directory: /tmp/tmp79y4txje/maven-scm-provider-svnjava/target/scm-test/assertion-copy
Tests run: 1, Failures: 0, Errors: 0, Skipped: 0, Time elapsed: 4.041 sec - in org.apache.maven.scm.provider.svn.svnjava.command.tag.SvnJavaTagCommandTckTest
Running org.apache.maven.scm.provider.svn.svnjava.command.checkin.SvnJavaCheckInCommandTckTest
[INFO] SVN checkout directory: /tmp/tmp79y4txje/maven-scm-provider-svnjava/target/scm-test/working-copy
[INFO] SVN commit directory: /tmp/tmp79y4txje/maven-scm-provider-svnjava/target/scm-test/working-copy
[INFO] SVN checkout directory: /tmp/tmp79y4txje/maven-scm-provider-svnjava/target/scm-test/assertion-copy
[INFO] SVN checkout directory: /tmp/tmp79y4txje/maven-scm-provider-svnjava/target/scm-test/working-copy
[INFO] SVN commit directory: /tmp/tmp79y4txje/maven-scm-provider-svnjava/target/scm-test/working-copy
[INFO] SVN checkout directory: /tmp/tmp79y4txje/maven-scm-provider-svnjava/target/scm-test/assertion-copy
Tests run: 2, Failures: 0, Errors: 0, Skipped: 0, Time elapsed: 6.957 sec - in org.apache.maven.scm.provider.svn.svnjava.command.checkin.SvnJavaCheckInCommandTckTest
Running org.apache.maven.scm.provider.svn.svnjava.command.info.SvnJavaInfoCommandTest
Tests run: 2, Failures: 0, Errors: 2, Skipped: 0, Time elapsed: 0.008 sec <<< FAILURE! - in org.apache.maven.scm.provider.svn.svnjava.command.info.SvnJavaInfoCommandTest
testInfoLocale(org.apache.maven.scm.provider.svn.svnjava.command.info.SvnJavaInfoCommandTest)  Time elapsed: 0.004 sec  <<< ERROR!
org.apache.maven.scm.repository.ScmRepositoryException: The scm url is invalid: svn: E125002: Malformed URL 'null'
	at org.apache.maven.scm.provider.svn.svnjava.command.info.SvnJavaInfoCommandTest.prepareCopy(SvnJavaInfoCommandTest.java:62)
	at org.apache.maven.scm.provider.svn.svnjava.command.info.SvnJavaInfoCommandTest.testInfoLocale(SvnJavaInfoCommandTest.java:97)

testInfo(org.apache.maven.scm.provider.svn.svnjava.command.info.SvnJavaInfoCommandTest)  Time elapsed: 0.004 sec  <<< ERROR!
org.apache.maven.scm.repository.ScmRepositoryException: The scm url is invalid: svn: E125002: Malformed URL 'null'
	at org.apache.maven.scm.provider.svn.svnjava.command.info.SvnJavaInfoCommandTest.prepareCopy(SvnJavaInfoCommandTest.java:62)
	at org.apache.maven.scm.provider.svn.svnjava.command.info.SvnJavaInfoCommandTest.testInfo(SvnJavaInfoCommandTest.java:70)


Results :

Tests in error: 
  SvnJavaInfoCommandTest.testInfo:70->prepareCopy:62 » ScmRepository The scm url...
  SvnJavaInfoCommandTest.testInfoLocale:97->prepareCopy:62 » ScmRepository The s...
  SvnJavaListCommandTest.testList:51 » SVN svn: E125002: URL cannot be NULL
  SvnScmProviderRepositoryTest.testSvnFromPath:150->prepareCopy:143 » ScmRepository

Tests run: 25, Failures: 0, Errors: 4, Skipped: 0

[ERROR] There are test failures.

Please refer to /tmp/tmp79y4txje/maven-scm-provider-svnjava/target/surefire-reports for the individual test results.
[INFO] 
[INFO] --- jacoco-maven-plugin:0.8.5:report (report) @ maven-scm-provider-svnjava ---
[INFO] Loading execution data file /tmp/tmp79y4txje/maven-scm-provider-svnjava/target/jacoco.exec
[INFO] Analyzed bundle 'Maven SCM Subversion Provider - Java Impl.' with 129 classes
[INFO] ------------------------------------------------------------------------
[INFO] BUILD SUCCESS
[INFO] ------------------------------------------------------------------------
[INFO] Total time:  49.595 s
[INFO] Finished at: 2020-07-30T22:05:55Z
[INFO] ------------------------------------------------------------------------
